<?xml version="1.0" encoding="UTF-8"?>
<robot generator="Robot 6.1.1 (Python 3.11.5 on win32)" generated="20231101 16:58:18.396" rpa="false" schemaversion="4">
<suite id="s1" name="SAP" source="d:\proyectos-vc\AutomationSAP\SAP\TestCases\SAP.robot">
<test id="s1-t1" name="RPA Validación Stock y Traslado del material" line="53">
<kw name="abrir_sap" library="abrirSAP">
<kw name="Windows Run" library="RPA.Windows">
<arg>saplogon.exe</arg>
<tag>window</tag>
<doc>Use Windows Run window to launch an application.</doc>
<msg timestamp="20231101 16:58:20.823" level="INFO">Sending keys '{Win}r' to element: &lt;module 'uiautomation' from 'C:\\Users\\pinillaj\\AppData\\Local\\Programs\\Python\\Python311\\Lib\\site-packages\\uiautomation\\__init__.py'&gt;</msg>
<msg timestamp="20231101 16:58:21.383" level="INFO">Sending keys 'saplogon.exe' to element: &lt;module 'uiautomation' from 'C:\\Users\\pinillaj\\AppData\\Local\\Programs\\Python\\Python311\\Lib\\site-packages\\uiautomation\\__init__.py'&gt;</msg>
<msg timestamp="20231101 16:58:22.016" level="INFO">Sending keys '{Enter}' to element: &lt;module 'uiautomation' from 'C:\\Users\\pinillaj\\AppData\\Local\\Programs\\Python\\Python311\\Lib\\site-packages\\uiautomation\\__init__.py'&gt;</msg>
<status status="PASS" starttime="20231101 16:58:20.822" endtime="20231101 16:58:25.542"/>
</kw>
<status status="PASS" starttime="20231101 16:58:20.821" endtime="20231101 16:58:25.543"/>
</kw>
<kw name="login_sap" library="loginSAP">
<for flavor="IN RANGE">
<var>${Conteo}</var>
<value>0</value>
<value>99999999</value>
<iter>
<var name="${Conteo}">0</var>
<kw name="Run Keyword And Return Status" library="BuiltIn">
<var>${Login}</var>
<arg>RPA.SAP.Connect To Session</arg>
<doc>Runs the given keyword with given arguments and returns the status as a Boolean value.</doc>
<kw name="Connect To Session" library="RPA.SAP">
<doc>Connects to an open session SAP.</doc>
<status status="PASS" starttime="20231101 16:58:27.354" endtime="20231101 16:58:27.390"/>
</kw>
<msg timestamp="20231101 16:58:27.390" level="INFO">${Login} = True</msg>
<status status="PASS" starttime="20231101 16:58:27.353" endtime="20231101 16:58:27.390"/>
</kw>
<if>
<branch type="IF" condition="${Login}== True">
<break>
<status status="PASS" starttime="20231101 16:58:27.391" endtime="20231101 16:58:27.391"/>
</break>
<status status="PASS" starttime="20231101 16:58:27.391" endtime="20231101 16:58:27.392"/>
</branch>
<status status="PASS" starttime="20231101 16:58:27.391" endtime="20231101 16:58:27.392"/>
</if>
<status status="PASS" starttime="20231101 16:58:27.352" endtime="20231101 16:58:27.392"/>
</iter>
<status status="PASS" starttime="20231101 16:58:25.544" endtime="20231101 16:58:27.392"/>
</for>
<kw name="Open Connection" library="RPA.SAP">
<arg>SAP EQA</arg>
<doc>Opens a connection to the given connection name. Be sure to provide the full connection name, including the bracket part.</doc>
<status status="PASS" starttime="20231101 16:58:27.393" endtime="20231101 16:58:28.518"/>
</kw>
<kw name="Input Text" library="RPA.SAP">
<arg>${nvaLoginSAP}${txtUsuario}</arg>
<arg>${usuarioSAP}</arg>
<doc>Inserts the given text into the text field identified by locator.
Use keyword `input password` to insert a password in a text field.</doc>
<msg timestamp="20231101 16:58:28.585" level="INFO">Typing text 'CO_HITSS' into text field '/app/con[0]/ses[0]/wnd[0]/usr/txtRSYST-BNAME'.</msg>
<status status="PASS" starttime="20231101 16:58:28.519" endtime="20231101 16:58:28.586"/>
</kw>
<kw name="CapturaPantalla" library="Script">
<kw name="Sleep" library="BuiltIn">
<arg>1s</arg>
<doc>Pauses the test executed for the given time.</doc>
<msg timestamp="20231101 16:58:29.589" level="INFO">Slept 1 second</msg>
<status status="PASS" starttime="20231101 16:58:28.588" endtime="20231101 16:58:29.593"/>
</kw>
<kw name="Take Screenshot" library="Screenshot">
<doc>Takes a screenshot in JPEG format and embeds it into the log file.</doc>
<msg timestamp="20231101 16:58:31.150" level="INFO" html="true">&lt;a href="Images/screenshot_23.jpg"&gt;&lt;img src="Images/screenshot_23.jpg" width="800px"&gt;&lt;/a&gt;</msg>
<status status="PASS" starttime="20231101 16:58:29.593" endtime="20231101 16:58:31.151"/>
</kw>
<status status="PASS" starttime="20231101 16:58:28.587" endtime="20231101 16:58:31.151"/>
</kw>
<kw name="Input Password" library="RPA.SAP">
<arg>${nvaLoginSAP}${txtClave}</arg>
<arg>${claveSAP}</arg>
<doc>Inserts the given password into the text field identified by locator.
The password is not recorded in the log.</doc>
<msg timestamp="20231101 16:58:31.168" level="INFO">Typing password into text field '/app/con[0]/ses[0]/wnd[0]/usr/pwdRSYST-BCODE'.</msg>
<status status="PASS" starttime="20231101 16:58:31.152" endtime="20231101 16:58:31.168"/>
</kw>
<kw name="CapturaPantalla" library="Script">
<kw name="Sleep" library="BuiltIn">
<arg>1s</arg>
<doc>Pauses the test executed for the given time.</doc>
<msg timestamp="20231101 16:58:32.170" level="INFO">Slept 1 second</msg>
<status status="PASS" starttime="20231101 16:58:31.169" endtime="20231101 16:58:32.171"/>
</kw>
<kw name="Take Screenshot" library="Screenshot">
<doc>Takes a screenshot in JPEG format and embeds it into the log file.</doc>
<msg timestamp="20231101 16:58:32.223" level="INFO" html="true">&lt;a href="Images/screenshot_24.jpg"&gt;&lt;img src="Images/screenshot_24.jpg" width="800px"&gt;&lt;/a&gt;</msg>
<status status="PASS" starttime="20231101 16:58:32.171" endtime="20231101 16:58:32.224"/>
</kw>
<status status="PASS" starttime="20231101 16:58:31.168" endtime="20231101 16:58:32.224"/>
</kw>
<kw name="Click Element" library="RPA.SAP">
<arg>${nvaLoginSAP}${btnLogin}</arg>
<doc>Performs a single click on a given element. Used only for buttons, tabs and menu items.</doc>
<status status="PASS" starttime="20231101 16:58:32.224" endtime="20231101 16:58:32.649"/>
</kw>
<kw name="Run Keyword And Return Status" library="BuiltIn">
<var>${ElementoPresente}</var>
<arg>Element Should Be Present</arg>
<arg>${vnaSesionAbierta}</arg>
<doc>Runs the given keyword with given arguments and returns the status as a Boolean value.</doc>
<kw name="Element Should Be Present" library="RPA.SAP">
<arg>${vnaSesionAbierta}</arg>
<doc>Checks whether an element is present on the screen.</doc>
<status status="PASS" starttime="20231101 16:58:32.651" endtime="20231101 16:58:32.658"/>
</kw>
<msg timestamp="20231101 16:58:32.659" level="INFO">${ElementoPresente} = True</msg>
<status status="PASS" starttime="20231101 16:58:32.650" endtime="20231101 16:58:32.659"/>
</kw>
<if>
<branch type="IF" condition="${ElementoPresente} == $True">
<kw name="CapturaPantalla" library="Script">
<kw name="Sleep" library="BuiltIn">
<arg>1s</arg>
<doc>Pauses the test executed for the given time.</doc>
<msg timestamp="20231101 16:58:33.666" level="INFO">Slept 1 second</msg>
<status status="PASS" starttime="20231101 16:58:32.665" endtime="20231101 16:58:33.666"/>
</kw>
<kw name="Take Screenshot" library="Screenshot">
<doc>Takes a screenshot in JPEG format and embeds it into the log file.</doc>
<msg timestamp="20231101 16:58:33.715" level="INFO" html="true">&lt;a href="Images/screenshot_25.jpg"&gt;&lt;img src="Images/screenshot_25.jpg" width="800px"&gt;&lt;/a&gt;</msg>
<status status="PASS" starttime="20231101 16:58:33.667" endtime="20231101 16:58:33.716"/>
</kw>
<status status="PASS" starttime="20231101 16:58:32.664" endtime="20231101 16:58:33.716"/>
</kw>
<kw name="Select Radio Button" library="RPA.SAP">
<arg>${vnaSesionAbierta}${rbtnOpcionDos}</arg>
<doc>Sets radio button to the specified value.</doc>
<status status="PASS" starttime="20231101 16:58:33.717" endtime="20231101 16:58:33.737"/>
</kw>
<kw name="CapturaPantalla" library="Script">
<kw name="Sleep" library="BuiltIn">
<arg>1s</arg>
<doc>Pauses the test executed for the given time.</doc>
<msg timestamp="20231101 16:58:34.739" level="INFO">Slept 1 second</msg>
<status status="PASS" starttime="20231101 16:58:33.738" endtime="20231101 16:58:34.740"/>
</kw>
<kw name="Take Screenshot" library="Screenshot">
<doc>Takes a screenshot in JPEG format and embeds it into the log file.</doc>
<msg timestamp="20231101 16:58:34.795" level="INFO" html="true">&lt;a href="Images/screenshot_26.jpg"&gt;&lt;img src="Images/screenshot_26.jpg" width="800px"&gt;&lt;/a&gt;</msg>
<status status="PASS" starttime="20231101 16:58:34.741" endtime="20231101 16:58:34.796"/>
</kw>
<status status="PASS" starttime="20231101 16:58:33.738" endtime="20231101 16:58:34.796"/>
</kw>
<kw name="Click Element" library="RPA.SAP">
<arg>${vnaSesionAbierta}${btnCheckOK}</arg>
<doc>Performs a single click on a given element. Used only for buttons, tabs and menu items.</doc>
<status status="PASS" starttime="20231101 16:58:34.796" endtime="20231101 16:58:35.920"/>
</kw>
<kw name="CapturaPantalla" library="Script">
<kw name="Sleep" library="BuiltIn">
<arg>1s</arg>
<doc>Pauses the test executed for the given time.</doc>
<msg timestamp="20231101 16:58:36.923" level="INFO">Slept 1 second</msg>
<status status="PASS" starttime="20231101 16:58:35.921" endtime="20231101 16:58:36.923"/>
</kw>
<kw name="Take Screenshot" library="Screenshot">
<doc>Takes a screenshot in JPEG format and embeds it into the log file.</doc>
<msg timestamp="20231101 16:58:36.974" level="INFO" html="true">&lt;a href="Images/screenshot_27.jpg"&gt;&lt;img src="Images/screenshot_27.jpg" width="800px"&gt;&lt;/a&gt;</msg>
<status status="PASS" starttime="20231101 16:58:36.923" endtime="20231101 16:58:36.975"/>
</kw>
<status status="PASS" starttime="20231101 16:58:35.921" endtime="20231101 16:58:36.975"/>
</kw>
<status status="PASS" starttime="20231101 16:58:32.660" endtime="20231101 16:58:36.975"/>
</branch>
<status status="PASS" starttime="20231101 16:58:32.659" endtime="20231101 16:58:36.975"/>
</if>
<status status="PASS" starttime="20231101 16:58:25.544" endtime="20231101 16:58:36.975"/>
</kw>
<kw name="RPA Validación y Proceso de traslado del material" library="rpa_validacion_traslado_material">
<arg>70046968</arg>
<arg>C108</arg>
<arg>CO06</arg>
<arg>T09</arg>
<arg>CO15</arg>
<arg>2</arg>
<arg>C127</arg>
<kw name="Send Keys" library="RPA.Windows">
<arg>keys=${transaccionMB52}</arg>
<tag>action</tag>
<tag>keyboard</tag>
<doc>Send keys to desktop, current window or to Control element
defined by given locator.</doc>
<msg timestamp="20231101 16:58:36.979" level="INFO">Sending keys 'MB52' to element: &lt;module 'uiautomation' from 'C:\\Users\\pinillaj\\AppData\\Local\\Programs\\Python\\Python311\\Lib\\site-packages\\uiautomation\\__init__.py'&gt;</msg>
<status status="PASS" starttime="20231101 16:58:36.978" endtime="20231101 16:58:37.526"/>
</kw>
<kw name="Sleep" library="BuiltIn">
<arg>1</arg>
<doc>Pauses the test executed for the given time.</doc>
<msg timestamp="20231101 16:58:38.528" level="INFO">Slept 1 second</msg>
<status status="PASS" starttime="20231101 16:58:37.527" endtime="20231101 16:58:38.528"/>
</kw>
<kw name="Click Element" library="RPA.SAP">
<arg>${btnCheckTransaccion}</arg>
<doc>Performs a single click on a given element. Used only for buttons, tabs and menu items.</doc>
<status status="PASS" starttime="20231101 16:58:38.528" endtime="20231101 16:58:39.078"/>
</kw>
<kw name="CapturaPantalla" library="Script">
<kw name="Sleep" library="BuiltIn">
<arg>1s</arg>
<doc>Pauses the test executed for the given time.</doc>
<msg timestamp="20231101 16:58:40.083" level="INFO">Slept 1 second</msg>
<status status="PASS" starttime="20231101 16:58:39.081" endtime="20231101 16:58:40.083"/>
</kw>
<kw name="Take Screenshot" library="Screenshot">
<doc>Takes a screenshot in JPEG format and embeds it into the log file.</doc>
<msg timestamp="20231101 16:58:40.123" level="INFO" html="true">&lt;a href="Images/screenshot_28.jpg"&gt;&lt;img src="Images/screenshot_28.jpg" width="800px"&gt;&lt;/a&gt;</msg>
<status status="PASS" starttime="20231101 16:58:40.084" endtime="20231101 16:58:40.124"/>
</kw>
<status status="PASS" starttime="20231101 16:58:39.078" endtime="20231101 16:58:40.124"/>
</kw>
<kw name="Input Text" library="RPA.SAP">
<arg>${txtMaterialMb52}</arg>
<arg>${codigoMaterial}</arg>
<doc>Inserts the given text into the text field identified by locator.
Use keyword `input password` to insert a password in a text field.</doc>
<msg timestamp="20231101 16:58:40.149" level="INFO">Typing text '70046968' into text field '/app/con[0]/ses[0]/wnd[0]/usr/ctxtMATNR-LOW'.</msg>
<status status="PASS" starttime="20231101 16:58:40.124" endtime="20231101 16:58:40.149"/>
</kw>
<kw name="Sleep" library="BuiltIn">
<arg>1</arg>
<doc>Pauses the test executed for the given time.</doc>
<msg timestamp="20231101 16:58:41.150" level="INFO">Slept 1 second</msg>
<status status="PASS" starttime="20231101 16:58:40.149" endtime="20231101 16:58:41.150"/>
</kw>
<kw name="Input Text" library="RPA.SAP">
<arg>${txtCentroMb52}</arg>
<arg>${centroOrigenMaterial}</arg>
<doc>Inserts the given text into the text field identified by locator.
Use keyword `input password` to insert a password in a text field.</doc>
<msg timestamp="20231101 16:58:41.168" level="INFO">Typing text 'C108' into text field '/app/con[0]/ses[0]/wnd[0]/usr/ctxtWERKS-LOW'.</msg>
<status status="PASS" starttime="20231101 16:58:41.151" endtime="20231101 16:58:41.168"/>
</kw>
<kw name="Sleep" library="BuiltIn">
<arg>1</arg>
<doc>Pauses the test executed for the given time.</doc>
<msg timestamp="20231101 16:58:42.169" level="INFO">Slept 1 second</msg>
<status status="PASS" starttime="20231101 16:58:41.168" endtime="20231101 16:58:42.169"/>
</kw>
<kw name="Click Element" library="RPA.SAP">
<arg>${btnValidarStock}</arg>
<doc>Performs a single click on a given element. Used only for buttons, tabs and menu items.</doc>
<status status="PASS" starttime="20231101 16:58:42.170" endtime="20231101 16:58:42.687"/>
</kw>
<kw name="CapturaPantalla" library="Script">
<kw name="Sleep" library="BuiltIn">
<arg>1s</arg>
<doc>Pauses the test executed for the given time.</doc>
<msg timestamp="20231101 16:58:43.689" level="INFO">Slept 1 second</msg>
<status status="PASS" starttime="20231101 16:58:42.688" endtime="20231101 16:58:43.689"/>
</kw>
<kw name="Take Screenshot" library="Screenshot">
<doc>Takes a screenshot in JPEG format and embeds it into the log file.</doc>
<msg timestamp="20231101 16:58:43.739" level="INFO" html="true">&lt;a href="Images/screenshot_29.jpg"&gt;&lt;img src="Images/screenshot_29.jpg" width="800px"&gt;&lt;/a&gt;</msg>
<status status="PASS" starttime="20231101 16:58:43.690" endtime="20231101 16:58:43.739"/>
</kw>
<status status="PASS" starttime="20231101 16:58:42.688" endtime="20231101 16:58:43.739"/>
</kw>
<kw name="Sleep" library="BuiltIn">
<arg>1</arg>
<doc>Pauses the test executed for the given time.</doc>
<msg timestamp="20231101 16:58:44.741" level="INFO">Slept 1 second</msg>
<status status="PASS" starttime="20231101 16:58:43.740" endtime="20231101 16:58:44.741"/>
</kw>
<kw name="Get Value" library="RPA.SAP">
<var>${txtLibreUtilizacion}</var>
<arg>${txtLibreUtilizado}</arg>
<doc>Gets the value of the given element. The possible return values depend on the type of element (see Return values).</doc>
<msg timestamp="20231101 16:58:44.834" level="INFO">${txtLibreUtilizacion} =             63</msg>
<status status="PASS" starttime="20231101 16:58:44.742" endtime="20231101 16:58:44.834"/>
</kw>
<if>
<branch type="IF" condition="${txtLibreUtilizacion} != &quot;0&quot;">
<kw name="CANTIDAD_CLICK_ELEMENTO_RPA_SAP" library="funciones">
<arg>2</arg>
<arg>${btnAtras}</arg>
<for flavor="IN RANGE">
<var>${i}</var>
<value>0</value>
<value>${cantClicks}</value>
<iter>
<var name="${i}">0</var>
<kw name="Click Element" library="RPA.SAP">
<arg>${rutaElemento}</arg>
<doc>Performs a single click on a given element. Used only for buttons, tabs and menu items.</doc>
<status status="PASS" starttime="20231101 16:58:44.838" endtime="20231101 16:58:45.122"/>
</kw>
<kw name="Sleep" library="BuiltIn">
<arg>1s</arg>
<doc>Pauses the test executed for the given time.</doc>
<msg timestamp="20231101 16:58:46.125" level="INFO">Slept 1 second</msg>
<status status="PASS" starttime="20231101 16:58:45.123" endtime="20231101 16:58:46.129"/>
</kw>
<if>
<branch type="IF" condition="${i} == ${CantClicks}">
<break>
<status status="NOT RUN" starttime="20231101 16:58:46.131" endtime="20231101 16:58:46.131"/>
</break>
<status status="NOT RUN" starttime="20231101 16:58:46.130" endtime="20231101 16:58:46.131"/>
</branch>
<status status="PASS" starttime="20231101 16:58:46.130" endtime="20231101 16:58:46.132"/>
</if>
<status status="PASS" starttime="20231101 16:58:44.838" endtime="20231101 16:58:46.132"/>
</iter>
<iter>
<var name="${i}">1</var>
<kw name="Click Element" library="RPA.SAP">
<arg>${rutaElemento}</arg>
<doc>Performs a single click on a given element. Used only for buttons, tabs and menu items.</doc>
<status status="PASS" starttime="20231101 16:58:46.132" endtime="20231101 16:58:46.537"/>
</kw>
<kw name="Sleep" library="BuiltIn">
<arg>1s</arg>
<doc>Pauses the test executed for the given time.</doc>
<msg timestamp="20231101 16:58:47.539" level="INFO">Slept 1 second</msg>
<status status="PASS" starttime="20231101 16:58:46.537" endtime="20231101 16:58:47.539"/>
</kw>
<if>
<branch type="IF" condition="${i} == ${CantClicks}">
<break>
<status status="NOT RUN" starttime="20231101 16:58:47.540" endtime="20231101 16:58:47.541"/>
</break>
<status status="NOT RUN" starttime="20231101 16:58:47.540" endtime="20231101 16:58:47.541"/>
</branch>
<status status="PASS" starttime="20231101 16:58:47.540" endtime="20231101 16:58:47.541"/>
</if>
<status status="PASS" starttime="20231101 16:58:46.132" endtime="20231101 16:58:47.541"/>
</iter>
<status status="PASS" starttime="20231101 16:58:44.836" endtime="20231101 16:58:47.542"/>
</for>
<status status="PASS" starttime="20231101 16:58:44.836" endtime="20231101 16:58:47.542"/>
</kw>
<kw name="Send Keys" library="RPA.Windows">
<arg>keys=${transaccionME21N}</arg>
<tag>action</tag>
<tag>keyboard</tag>
<doc>Send keys to desktop, current window or to Control element
defined by given locator.</doc>
<msg timestamp="20231101 16:58:47.543" level="INFO">Sending keys 'ME21N' to element: &lt;module 'uiautomation' from 'C:\\Users\\pinillaj\\AppData\\Local\\Programs\\Python\\Python311\\Lib\\site-packages\\uiautomation\\__init__.py'&gt;</msg>
<status status="PASS" starttime="20231101 16:58:47.542" endtime="20231101 16:58:48.101"/>
</kw>
<kw name="Click Element" library="RPA.SAP">
<arg>${btnCheckTransaccion}</arg>
<doc>Performs a single click on a given element. Used only for buttons, tabs and menu items.</doc>
<status status="PASS" starttime="20231101 16:58:48.101" endtime="20231101 16:58:49.255"/>
</kw>
<kw name="CapturaPantalla" library="Script">
<kw name="Sleep" library="BuiltIn">
<arg>1s</arg>
<doc>Pauses the test executed for the given time.</doc>
<msg timestamp="20231101 16:58:50.257" level="INFO">Slept 1 second</msg>
<status status="PASS" starttime="20231101 16:58:49.256" endtime="20231101 16:58:50.257"/>
</kw>
<kw name="Take Screenshot" library="Screenshot">
<doc>Takes a screenshot in JPEG format and embeds it into the log file.</doc>
<msg timestamp="20231101 16:58:50.306" level="INFO" html="true">&lt;a href="Images/screenshot_30.jpg"&gt;&lt;img src="Images/screenshot_30.jpg" width="800px"&gt;&lt;/a&gt;</msg>
<status status="PASS" starttime="20231101 16:58:50.258" endtime="20231101 16:58:50.306"/>
</kw>
<status status="PASS" starttime="20231101 16:58:49.256" endtime="20231101 16:58:50.306"/>
</kw>
<kw name="Sleep" library="BuiltIn">
<arg>2</arg>
<doc>Pauses the test executed for the given time.</doc>
<msg timestamp="20231101 16:58:52.307" level="INFO">Slept 2 seconds</msg>
<status status="PASS" starttime="20231101 16:58:50.307" endtime="20231101 16:58:52.307"/>
</kw>
<kw name="Select From List By Label" library="RPA.SAP">
<arg>${pedidoTrasladoME21N}</arg>
<arg>${pedidoTraslado}</arg>
<doc>Selects the specified option from the selection list.</doc>
<status status="PASS" starttime="20231101 16:58:52.308" endtime="20231101 16:58:52.627"/>
</kw>
<kw name="Sleep" library="BuiltIn">
<arg>1</arg>
<doc>Pauses the test executed for the given time.</doc>
<msg timestamp="20231101 16:58:53.630" level="INFO">Slept 1 second</msg>
<status status="PASS" starttime="20231101 16:58:52.628" endtime="20231101 16:58:53.631"/>
</kw>
<kw name="Input Text" library="RPA.SAP">
<arg>${centroSuministradoME21N}</arg>
<arg>${centroOrigenMaterial}</arg>
<doc>Inserts the given text into the text field identified by locator.
Use keyword `input password` to insert a password in a text field.</doc>
<msg timestamp="20231101 16:58:53.646" level="INFO">Typing text 'C108' into text field '/app/con[0]/ses[0]/wnd[0]/usr/subSUB0:SAPLMEGUI:0013/subSUB0:SAPLMEGUI:0030/subSUB1:SAPLMEGUI:1105/ctxtMEPO_TOPLINE-SUPERFIELD'.</msg>
<status status="PASS" starttime="20231101 16:58:53.631" endtime="20231101 16:58:53.646"/>
</kw>
<kw name="Send Keys" library="RPA.Windows">
<arg>keys={ENTER}</arg>
<tag>action</tag>
<tag>keyboard</tag>
<doc>Send keys to desktop, current window or to Control element
defined by given locator.</doc>
<msg timestamp="20231101 16:58:53.648" level="INFO">Sending keys '{ENTER}' to element: &lt;module 'uiautomation' from 'C:\\Users\\pinillaj\\AppData\\Local\\Programs\\Python\\Python311\\Lib\\site-packages\\uiautomation\\__init__.py'&gt;</msg>
<status status="PASS" starttime="20231101 16:58:53.646" endtime="20231101 16:58:54.170"/>
</kw>
<kw name="CapturaPantalla" library="Script">
<kw name="Sleep" library="BuiltIn">
<arg>1s</arg>
<doc>Pauses the test executed for the given time.</doc>
<msg timestamp="20231101 16:58:55.171" level="INFO">Slept 1 second</msg>
<status status="PASS" starttime="20231101 16:58:54.171" endtime="20231101 16:58:55.171"/>
</kw>
<kw name="Take Screenshot" library="Screenshot">
<doc>Takes a screenshot in JPEG format and embeds it into the log file.</doc>
<msg timestamp="20231101 16:58:55.220" level="INFO" html="true">&lt;a href="Images/screenshot_31.jpg"&gt;&lt;img src="Images/screenshot_31.jpg" width="800px"&gt;&lt;/a&gt;</msg>
<status status="PASS" starttime="20231101 16:58:55.172" endtime="20231101 16:58:55.221"/>
</kw>
<status status="PASS" starttime="20231101 16:58:54.171" endtime="20231101 16:58:55.221"/>
</kw>
<kw name="Sleep" library="BuiltIn">
<arg>1</arg>
<doc>Pauses the test executed for the given time.</doc>
<msg timestamp="20231101 16:58:56.223" level="INFO">Slept 1 second</msg>
<status status="PASS" starttime="20231101 16:58:55.221" endtime="20231101 16:58:56.223"/>
</kw>
<kw name="Input Text" library="RPA.SAP">
<arg>${orgCompraME21N}</arg>
<arg>${orgCompras}</arg>
<doc>Inserts the given text into the text field identified by locator.
Use keyword `input password` to insert a password in a text field.</doc>
<msg timestamp="20231101 16:58:56.251" level="INFO">Typing text 'CO06' into text field '/app/con[0]/ses[0]/wnd[0]/usr/subSUB0:SAPLMEGUI:0013/subSUB1:SAPLMEVIEWS:1100/subSUB2:SAPLMEVIEWS:1200/subSUB1:SAPLMEGUI:1102/tabsHEADER_DETAIL/tabpTABHDT9/ssubTABSTRIPCONTROL2SUB:SAPLMEGUI:1221/ctxtMEPO1222-EKORG'.</msg>
<status status="PASS" starttime="20231101 16:58:56.224" endtime="20231101 16:58:56.251"/>
</kw>
<kw name="Sleep" library="BuiltIn">
<arg>1</arg>
<doc>Pauses the test executed for the given time.</doc>
<msg timestamp="20231101 16:58:57.253" level="INFO">Slept 1 second</msg>
<status status="PASS" starttime="20231101 16:58:56.252" endtime="20231101 16:58:57.254"/>
</kw>
<kw name="Input Text" library="RPA.SAP">
<arg>${grupoComprasME21N}</arg>
<arg>${grupoCompras}</arg>
<doc>Inserts the given text into the text field identified by locator.
Use keyword `input password` to insert a password in a text field.</doc>
<msg timestamp="20231101 16:58:57.273" level="INFO">Typing text 'T09' into text field '/app/con[0]/ses[0]/wnd[0]/usr/subSUB0:SAPLMEGUI:0013/subSUB1:SAPLMEVIEWS:1100/subSUB2:SAPLMEVIEWS:1200/subSUB1:SAPLMEGUI:1102/tabsHEADER_DETAIL/tabpTABHDT9/ssubTABSTRIPCONTROL2SUB:SAPLMEGUI:1221/ctxtMEPO1222-EKGRP'.</msg>
<status status="PASS" starttime="20231101 16:58:57.254" endtime="20231101 16:58:57.274"/>
</kw>
<kw name="Sleep" library="BuiltIn">
<arg>1</arg>
<doc>Pauses the test executed for the given time.</doc>
<msg timestamp="20231101 16:58:58.276" level="INFO">Slept 1 second</msg>
<status status="PASS" starttime="20231101 16:58:57.275" endtime="20231101 16:58:58.277"/>
</kw>
<kw name="Input Text" library="RPA.SAP">
<arg>${sociedadME21N}</arg>
<arg>${sociedad}</arg>
<doc>Inserts the given text into the text field identified by locator.
Use keyword `input password` to insert a password in a text field.</doc>
<msg timestamp="20231101 16:58:58.306" level="INFO">Typing text 'CO15' into text field '/app/con[0]/ses[0]/wnd[0]/usr/subSUB0:SAPLMEGUI:0013/subSUB1:SAPLMEVIEWS:1100/subSUB2:SAPLMEVIEWS:1200/subSUB1:SAPLMEGUI:1102/tabsHEADER_DETAIL/tabpTABHDT9/ssubTABSTRIPCONTROL2SUB:SAPLMEGUI:1221/ctxtMEPO1222-BUKRS'.</msg>
<status status="PASS" starttime="20231101 16:58:58.278" endtime="20231101 16:58:58.323"/>
</kw>
<kw name="Sleep" library="BuiltIn">
<arg>1</arg>
<doc>Pauses the test executed for the given time.</doc>
<msg timestamp="20231101 16:58:59.331" level="INFO">Slept 1 second</msg>
<status status="PASS" starttime="20231101 16:58:58.324" endtime="20231101 16:58:59.331"/>
</kw>
<kw name="Send Keys" library="RPA.Windows">
<arg>keys={ENTER}</arg>
<tag>action</tag>
<tag>keyboard</tag>
<doc>Send keys to desktop, current window or to Control element
defined by given locator.</doc>
<msg timestamp="20231101 16:58:59.332" level="INFO">Sending keys '{ENTER}' to element: &lt;module 'uiautomation' from 'C:\\Users\\pinillaj\\AppData\\Local\\Programs\\Python\\Python311\\Lib\\site-packages\\uiautomation\\__init__.py'&gt;</msg>
<status status="PASS" starttime="20231101 16:58:59.331" endtime="20231101 16:58:59.858"/>
</kw>
<kw name="CapturaPantalla" library="Script">
<kw name="Sleep" library="BuiltIn">
<arg>1s</arg>
<doc>Pauses the test executed for the given time.</doc>
<msg timestamp="20231101 16:59:00.862" level="INFO">Slept 1 second</msg>
<status status="PASS" starttime="20231101 16:58:59.860" endtime="20231101 16:59:00.862"/>
</kw>
<kw name="Take Screenshot" library="Screenshot">
<doc>Takes a screenshot in JPEG format and embeds it into the log file.</doc>
<msg timestamp="20231101 16:59:00.925" level="INFO" html="true">&lt;a href="Images/screenshot_32.jpg"&gt;&lt;img src="Images/screenshot_32.jpg" width="800px"&gt;&lt;/a&gt;</msg>
<status status="PASS" starttime="20231101 16:59:00.863" endtime="20231101 16:59:00.926"/>
</kw>
<status status="PASS" starttime="20231101 16:58:59.859" endtime="20231101 16:59:00.926"/>
</kw>
<kw name="Get Value" library="RPA.SAP">
<var>${textoOrgCompra}</var>
<arg>${valorOrgCompraME21N}</arg>
<doc>Gets the value of the given element. The possible return values depend on the type of element (see Return values).</doc>
<msg timestamp="20231101 16:59:00.992" level="INFO">${textoOrgCompra} = Comunicación Celular</msg>
<status status="PASS" starttime="20231101 16:59:00.927" endtime="20231101 16:59:00.993"/>
</kw>
<kw name="Get Value" library="RPA.SAP">
<var>${textoGrupoCompra}</var>
<arg>${valorGrupoComprasME21N}</arg>
<doc>Gets the value of the given element. The possible return values depend on the type of element (see Return values).</doc>
<msg timestamp="20231101 16:59:01.033" level="INFO">${textoGrupoCompra} = EQUIPO VENTA</msg>
<status status="PASS" starttime="20231101 16:59:00.993" endtime="20231101 16:59:01.033"/>
</kw>
<kw name="Get Value" library="RPA.SAP">
<var>${textoSociedad}</var>
<arg>${valorSociedadME21N}</arg>
<doc>Gets the value of the given element. The possible return values depend on the type of element (see Return values).</doc>
<msg timestamp="20231101 16:59:01.072" level="INFO">${textoSociedad} = Comunicación Celular, S.A</msg>
<status status="PASS" starttime="20231101 16:59:01.033" endtime="20231101 16:59:01.072"/>
</kw>
<kw name="Input Text" library="RPA.SAP">
<arg>${filaCodigoMaterial}</arg>
<arg>${codigoMaterial}</arg>
<doc>Inserts the given text into the text field identified by locator.
Use keyword `input password` to insert a password in a text field.</doc>
<msg timestamp="20231101 16:59:01.143" level="INFO">Typing text '70046968' into text field '/app/con[0]/ses[0]/wnd[0]/usr/subSUB0:SAPLMEGUI:0013/subSUB2:SAPLMEVIEWS:1100/subSUB2:SAPLMEVIEWS:1200/subSUB1:SAPLMEGUI:1211/tblSAPLMEGUITC_1211/ctxtMEPO1211-EMATN[4,0]'.</msg>
<status status="PASS" starttime="20231101 16:59:01.072" endtime="20231101 16:59:01.143"/>
</kw>
<kw name="Sleep" library="BuiltIn">
<arg>1</arg>
<doc>Pauses the test executed for the given time.</doc>
<msg timestamp="20231101 16:59:02.144" level="INFO">Slept 1 second</msg>
<status status="PASS" starttime="20231101 16:59:01.143" endtime="20231101 16:59:02.144"/>
</kw>
<kw name="Input Text" library="RPA.SAP">
<arg>${filaCantidadPedido}</arg>
<arg>${cantidadPedidoMaterial}</arg>
<doc>Inserts the given text into the text field identified by locator.
Use keyword `input password` to insert a password in a text field.</doc>
<msg timestamp="20231101 16:59:02.230" level="INFO">Typing text '2' into text field '/app/con[0]/ses[0]/wnd[0]/usr/subSUB0:SAPLMEGUI:0013/subSUB2:SAPLMEVIEWS:1100/subSUB2:SAPLMEVIEWS:1200/subSUB1:SAPLMEGUI:1211/tblSAPLMEGUITC_1211/txtMEPO1211-MENGE[6,0]'.</msg>
<status status="PASS" starttime="20231101 16:59:02.144" endtime="20231101 16:59:02.230"/>
</kw>
<kw name="Sleep" library="BuiltIn">
<arg>1</arg>
<doc>Pauses the test executed for the given time.</doc>
<msg timestamp="20231101 16:59:03.232" level="INFO">Slept 1 second</msg>
<status status="PASS" starttime="20231101 16:59:02.231" endtime="20231101 16:59:03.232"/>
</kw>
<kw name="Input Text" library="RPA.SAP">
<arg>${filaLote}</arg>
<arg>${lote}</arg>
<doc>Inserts the given text into the text field identified by locator.
Use keyword `input password` to insert a password in a text field.</doc>
<msg timestamp="20231101 16:59:03.348" level="INFO">Typing text 'VALORADO' into text field '/app/con[0]/ses[0]/wnd[0]/usr/subSUB0:SAPLMEGUI:0013/subSUB2:SAPLMEVIEWS:1100/subSUB2:SAPLMEVIEWS:1200/subSUB1:SAPLMEGUI:1211/tblSAPLMEGUITC_1211/ctxtMEPO1211-CHARG[8,0]'.</msg>
<status status="PASS" starttime="20231101 16:59:03.233" endtime="20231101 16:59:03.349"/>
</kw>
<kw name="Sleep" library="BuiltIn">
<arg>1</arg>
<doc>Pauses the test executed for the given time.</doc>
<msg timestamp="20231101 16:59:04.350" level="INFO">Slept 1 second</msg>
<status status="PASS" starttime="20231101 16:59:03.349" endtime="20231101 16:59:04.350"/>
</kw>
<kw name="Input Text" library="RPA.SAP">
<arg>${filaCavDestino}</arg>
<arg>${centroDestinoMaterial}</arg>
<doc>Inserts the given text into the text field identified by locator.
Use keyword `input password` to insert a password in a text field.</doc>
<msg timestamp="20231101 16:59:04.450" level="INFO">Typing text 'C127' into text field '/app/con[0]/ses[0]/wnd[0]/usr/subSUB0:SAPLMEGUI:0013/subSUB2:SAPLMEVIEWS:1100/subSUB2:SAPLMEVIEWS:1200/subSUB1:SAPLMEGUI:1211/tblSAPLMEGUITC_1211/ctxtMEPO1211-NAME1[10,0]'.</msg>
<status status="PASS" starttime="20231101 16:59:04.350" endtime="20231101 16:59:04.451"/>
</kw>
<kw name="Sleep" library="BuiltIn">
<arg>1</arg>
<doc>Pauses the test executed for the given time.</doc>
<msg timestamp="20231101 16:59:05.452" level="INFO">Slept 1 second</msg>
<status status="PASS" starttime="20231101 16:59:04.451" endtime="20231101 16:59:05.452"/>
</kw>
<kw name="Input Text" library="RPA.SAP">
<arg>${filaAlmacen}</arg>
<arg>${almacen}</arg>
<doc>Inserts the given text into the text field identified by locator.
Use keyword `input password` to insert a password in a text field.</doc>
<msg timestamp="20231101 16:59:05.562" level="INFO">Typing text 'H001' into text field '/app/con[0]/ses[0]/wnd[0]/usr/subSUB0:SAPLMEGUI:0013/subSUB2:SAPLMEVIEWS:1100/subSUB2:SAPLMEVIEWS:1200/subSUB1:SAPLMEGUI:1211/tblSAPLMEGUITC_1211/ctxtMEPO1211-LGOBE[11,0]'.</msg>
<status status="PASS" starttime="20231101 16:59:05.453" endtime="20231101 16:59:05.563"/>
</kw>
<kw name="Sleep" library="BuiltIn">
<arg>1</arg>
<doc>Pauses the test executed for the given time.</doc>
<msg timestamp="20231101 16:59:06.564" level="INFO">Slept 1 second</msg>
<status status="PASS" starttime="20231101 16:59:05.563" endtime="20231101 16:59:06.565"/>
</kw>
<kw name="Send Keys" library="RPA.Windows">
<arg>keys={ENTER}</arg>
<tag>action</tag>
<tag>keyboard</tag>
<doc>Send keys to desktop, current window or to Control element
defined by given locator.</doc>
<msg timestamp="20231101 16:59:06.567" level="INFO">Sending keys '{ENTER}' to element: &lt;module 'uiautomation' from 'C:\\Users\\pinillaj\\AppData\\Local\\Programs\\Python\\Python311\\Lib\\site-packages\\uiautomation\\__init__.py'&gt;</msg>
<status status="PASS" starttime="20231101 16:59:06.565" endtime="20231101 16:59:07.090"/>
</kw>
<kw name="CapturaPantalla" library="Script">
<kw name="Sleep" library="BuiltIn">
<arg>1s</arg>
<doc>Pauses the test executed for the given time.</doc>
<msg timestamp="20231101 16:59:08.092" level="INFO">Slept 1 second</msg>
<status status="PASS" starttime="20231101 16:59:07.092" endtime="20231101 16:59:08.092"/>
</kw>
<kw name="Take Screenshot" library="Screenshot">
<doc>Takes a screenshot in JPEG format and embeds it into the log file.</doc>
<msg timestamp="20231101 16:59:08.135" level="INFO" html="true">&lt;a href="Images/screenshot_33.jpg"&gt;&lt;img src="Images/screenshot_33.jpg" width="800px"&gt;&lt;/a&gt;</msg>
<status status="PASS" starttime="20231101 16:59:08.092" endtime="20231101 16:59:08.135"/>
</kw>
<status status="PASS" starttime="20231101 16:59:07.090" endtime="20231101 16:59:08.135"/>
</kw>
<kw name="Sleep" library="BuiltIn">
<arg>2</arg>
<doc>Pauses the test executed for the given time.</doc>
<msg timestamp="20231101 16:59:10.137" level="INFO">Slept 2 seconds</msg>
<status status="PASS" starttime="20231101 16:59:08.136" endtime="20231101 16:59:10.137"/>
</kw>
<kw name="Run Keyword And Return Status" library="BuiltIn">
<var>${ElementoDireccionPresente}</var>
<arg>Element Should Be Present</arg>
<arg>${opcionDireccionEntregaME21N}</arg>
<doc>Runs the given keyword with given arguments and returns the status as a Boolean value.</doc>
<kw name="Element Should Be Present" library="RPA.SAP">
<arg>${opcionDireccionEntregaME21N}</arg>
<doc>Checks whether an element is present on the screen.</doc>
<status status="PASS" starttime="20231101 16:59:10.139" endtime="20231101 16:59:10.148"/>
</kw>
<msg timestamp="20231101 16:59:10.148" level="INFO">${ElementoDireccionPresente} = True</msg>
<status status="PASS" starttime="20231101 16:59:10.138" endtime="20231101 16:59:10.148"/>
</kw>
<if>
<branch type="IF" condition="${ElementoDireccionPresente} == $True">
<kw name="Click Element" library="RPA.SAP">
<arg>${opcionDireccionEntregaME21N}</arg>
<doc>Performs a single click on a given element. Used only for buttons, tabs and menu items.</doc>
<status status="PASS" starttime="20231101 16:59:10.150" endtime="20231101 16:59:10.259"/>
</kw>
<kw name="Get Value" library="RPA.SAP">
<var>${textoCavDestino}</var>
<arg>${filaDireccionCavDestino}</arg>
<doc>Gets the value of the given element. The possible return values depend on the type of element (see Return values).</doc>
<msg timestamp="20231101 16:59:10.292" level="INFO">${textoCavDestino} = CAV SAN ANDRES</msg>
<status status="PASS" starttime="20231101 16:59:10.260" endtime="20231101 16:59:10.292"/>
</kw>
<kw name="CapturaPantalla" library="Script">
<kw name="Sleep" library="BuiltIn">
<arg>1s</arg>
<doc>Pauses the test executed for the given time.</doc>
<msg timestamp="20231101 16:59:11.293" level="INFO">Slept 1 second</msg>
<status status="PASS" starttime="20231101 16:59:10.293" endtime="20231101 16:59:11.293"/>
</kw>
<kw name="Take Screenshot" library="Screenshot">
<doc>Takes a screenshot in JPEG format and embeds it into the log file.</doc>
<msg timestamp="20231101 16:59:11.354" level="INFO" html="true">&lt;a href="Images/screenshot_34.jpg"&gt;&lt;img src="Images/screenshot_34.jpg" width="800px"&gt;&lt;/a&gt;</msg>
<status status="PASS" starttime="20231101 16:59:11.294" endtime="20231101 16:59:11.354"/>
</kw>
<status status="PASS" starttime="20231101 16:59:10.292" endtime="20231101 16:59:11.355"/>
</kw>
<status status="PASS" starttime="20231101 16:59:10.149" endtime="20231101 16:59:11.355"/>
</branch>
<status status="PASS" starttime="20231101 16:59:10.149" endtime="20231101 16:59:11.355"/>
</if>
<kw name="Click Element" library="RPA.SAP">
<arg>${btnGrabarTransaccion}</arg>
<doc>Performs a single click on a given element. Used only for buttons, tabs and menu items.</doc>
<status status="PASS" starttime="20231101 16:59:11.355" endtime="20231101 16:59:11.859"/>
</kw>
<kw name="CapturaPantalla" library="Script">
<kw name="Sleep" library="BuiltIn">
<arg>1s</arg>
<doc>Pauses the test executed for the given time.</doc>
<msg timestamp="20231101 16:59:12.861" level="INFO">Slept 1 second</msg>
<status status="PASS" starttime="20231101 16:59:11.861" endtime="20231101 16:59:12.862"/>
</kw>
<kw name="Take Screenshot" library="Screenshot">
<doc>Takes a screenshot in JPEG format and embeds it into the log file.</doc>
<msg timestamp="20231101 16:59:12.920" level="INFO" html="true">&lt;a href="Images/screenshot_35.jpg"&gt;&lt;img src="Images/screenshot_35.jpg" width="800px"&gt;&lt;/a&gt;</msg>
<status status="PASS" starttime="20231101 16:59:12.862" endtime="20231101 16:59:12.920"/>
</kw>
<status status="PASS" starttime="20231101 16:59:11.860" endtime="20231101 16:59:12.920"/>
</kw>
<kw name="Get Value" library="RPA.SAP">
<var>${nombreBtnGrabar}</var>
<arg>${btnGrabarRetenerME21N}</arg>
<doc>Gets the value of the given element. The possible return values depend on the type of element (see Return values).</doc>
<msg timestamp="20231101 16:59:12.948" level="INFO">${nombreBtnGrabar} = Grabar</msg>
<status status="PASS" starttime="20231101 16:59:12.921" endtime="20231101 16:59:12.948"/>
</kw>
<if>
<branch type="IF" condition="&quot;${nombreBtnGrabar}&quot; == &quot;Reten.&quot;">
<kw name="Click Element" library="RPA.SAP">
<arg>${btnGrabarTratarME21N}</arg>
<doc>Performs a single click on a given element. Used only for buttons, tabs and menu items.</doc>
<status status="NOT RUN" starttime="20231101 16:59:12.949" endtime="20231101 16:59:12.950"/>
</kw>
<kw name="CapturaPantalla" library="Script">
<status status="NOT RUN" starttime="20231101 16:59:12.950" endtime="20231101 16:59:12.950"/>
</kw>
<kw name="Sleep" library="BuiltIn">
<arg>2</arg>
<doc>Pauses the test executed for the given time.</doc>
<status status="NOT RUN" starttime="20231101 16:59:12.950" endtime="20231101 16:59:12.950"/>
</kw>
<kw name="Click Element" library="RPA.SAP">
<arg>${btnGrabarTratarAceptarME21N}</arg>
<doc>Performs a single click on a given element. Used only for buttons, tabs and menu items.</doc>
<status status="NOT RUN" starttime="20231101 16:59:12.951" endtime="20231101 16:59:12.951"/>
</kw>
<kw name="Sleep" library="BuiltIn">
<arg>1</arg>
<doc>Pauses the test executed for the given time.</doc>
<status status="NOT RUN" starttime="20231101 16:59:12.951" endtime="20231101 16:59:12.951"/>
</kw>
<kw name="CapturaPantalla" library="Script">
<status status="NOT RUN" starttime="20231101 16:59:12.952" endtime="20231101 16:59:12.952"/>
</kw>
<kw name="CERRAR_APLICATIVO_SAP" library="funciones">
<status status="NOT RUN" starttime="20231101 16:59:12.952" endtime="20231101 16:59:12.952"/>
</kw>
<kw name="Create File" library="RPA.FileSystem">
<arg>..\\SAP\\Resources\\rpa_validacion_traslado.txt</arg>
<arg>content=Validación Stock traslado - ${transaccionMB52}\n CódigoMaterial: ${codigoMaterial}\n CAV: ${centroOrigenMaterial}\n LibreUtilización: ${txtLibreUtilizacion}\n\n\nInicio traslado material - ${transaccionME21N}\n\n FALLIDO!</arg>
<arg>encoding=utf-8</arg>
<arg>overwrite=True</arg>
<doc>Creates a new text file, and writes content if any is given.</doc>
<status status="NOT RUN" starttime="20231101 16:59:12.953" endtime="20231101 16:59:12.953"/>
</kw>
<status status="NOT RUN" starttime="20231101 16:59:12.949" endtime="20231101 16:59:12.953"/>
</branch>
<branch type="ELSE">
<kw name="CapturaPantalla" library="Script">
<kw name="Sleep" library="BuiltIn">
<arg>1s</arg>
<doc>Pauses the test executed for the given time.</doc>
<msg timestamp="20231101 16:59:13.956" level="INFO">Slept 1 second</msg>
<status status="PASS" starttime="20231101 16:59:12.954" endtime="20231101 16:59:13.957"/>
</kw>
<kw name="Take Screenshot" library="Screenshot">
<doc>Takes a screenshot in JPEG format and embeds it into the log file.</doc>
<msg timestamp="20231101 16:59:14.002" level="INFO" html="true">&lt;a href="Images/screenshot_36.jpg"&gt;&lt;img src="Images/screenshot_36.jpg" width="800px"&gt;&lt;/a&gt;</msg>
<status status="PASS" starttime="20231101 16:59:13.958" endtime="20231101 16:59:14.003"/>
</kw>
<status status="PASS" starttime="20231101 16:59:12.954" endtime="20231101 16:59:14.004"/>
</kw>
<kw name="Send Keys" library="RPA.Windows">
<arg>keys={ENTER}</arg>
<tag>action</tag>
<tag>keyboard</tag>
<doc>Send keys to desktop, current window or to Control element
defined by given locator.</doc>
<msg timestamp="20231101 16:59:14.005" level="INFO">Sending keys '{ENTER}' to element: &lt;module 'uiautomation' from 'C:\\Users\\pinillaj\\AppData\\Local\\Programs\\Python\\Python311\\Lib\\site-packages\\uiautomation\\__init__.py'&gt;</msg>
<status status="PASS" starttime="20231101 16:59:14.004" endtime="20231101 16:59:14.531"/>
</kw>
<kw name="Sleep" library="BuiltIn">
<arg>2</arg>
<doc>Pauses the test executed for the given time.</doc>
<msg timestamp="20231101 16:59:16.532" level="INFO">Slept 2 seconds</msg>
<status status="PASS" starttime="20231101 16:59:14.532" endtime="20231101 16:59:16.532"/>
</kw>
<kw name="Get Value" library="RPA.SAP">
<var>${txtNumeroPedidoSAP}</var>
<arg>${panelNumeroPedidoSAP}</arg>
<doc>Gets the value of the given element. The possible return values depend on the type of element (see Return values).</doc>
<msg timestamp="20231101 16:59:17.987" level="INFO">${txtNumeroPedidoSAP} = PEDIDO DE TRASLADO creado bajo el número 4201367472</msg>
<status status="PASS" starttime="20231101 16:59:16.533" endtime="20231101 16:59:17.988"/>
</kw>
<kw name="Press Keys" library="RPA.Desktop">
<arg>shift</arg>
<arg>F5</arg>
<doc>Press multiple keys down simultaneously.</doc>
<msg timestamp="20231101 16:59:17.989" level="INFO">Pressing keys: Key.shift, Key.f5</msg>
<status status="PASS" starttime="20231101 16:59:17.988" endtime="20231101 16:59:17.991"/>
</kw>
<kw name="CapturaPantalla" library="Script">
<kw name="Sleep" library="BuiltIn">
<arg>1s</arg>
<doc>Pauses the test executed for the given time.</doc>
<msg timestamp="20231101 16:59:18.996" level="INFO">Slept 1 second</msg>
<status status="PASS" starttime="20231101 16:59:17.993" endtime="20231101 16:59:18.996"/>
</kw>
<kw name="Take Screenshot" library="Screenshot">
<doc>Takes a screenshot in JPEG format and embeds it into the log file.</doc>
<msg timestamp="20231101 16:59:19.053" level="INFO" html="true">&lt;a href="Images/screenshot_37.jpg"&gt;&lt;img src="Images/screenshot_37.jpg" width="800px"&gt;&lt;/a&gt;</msg>
<status status="PASS" starttime="20231101 16:59:18.996" endtime="20231101 16:59:19.054"/>
</kw>
<status status="PASS" starttime="20231101 16:59:17.992" endtime="20231101 16:59:19.054"/>
</kw>
<kw name="Sleep" library="BuiltIn">
<arg>2</arg>
<doc>Pauses the test executed for the given time.</doc>
<msg timestamp="20231101 16:59:21.056" level="INFO">Slept 2 seconds</msg>
<status status="PASS" starttime="20231101 16:59:19.055" endtime="20231101 16:59:21.056"/>
</kw>
<kw name="Get Value" library="RPA.SAP">
<var>${txtIdNumeroPedidoSAPME21N}</var>
<arg>${numIdPedidoSAP}</arg>
<doc>Gets the value of the given element. The possible return values depend on the type of element (see Return values).</doc>
<msg timestamp="20231101 16:59:21.083" level="INFO">${txtIdNumeroPedidoSAPME21N} = 4201367472</msg>
<status status="PASS" starttime="20231101 16:59:21.056" endtime="20231101 16:59:21.083"/>
</kw>
<kw name="Press Keys" library="RPA.Desktop">
<arg>alt</arg>
<arg>F4</arg>
<doc>Press multiple keys down simultaneously.</doc>
<msg timestamp="20231101 16:59:21.084" level="INFO">Pressing keys: Key.alt, Key.f4</msg>
<status status="PASS" starttime="20231101 16:59:21.083" endtime="20231101 16:59:21.086"/>
</kw>
<kw name="Sleep" library="BuiltIn">
<arg>1</arg>
<doc>Pauses the test executed for the given time.</doc>
<msg timestamp="20231101 16:59:22.088" level="INFO">Slept 1 second</msg>
<status status="PASS" starttime="20231101 16:59:21.086" endtime="20231101 16:59:22.089"/>
</kw>
<kw name="CANTIDAD_CLICK_ELEMENTO_RPA_SAP" library="funciones">
<arg>2</arg>
<arg>${btnAtras}</arg>
<for flavor="IN RANGE">
<var>${i}</var>
<value>0</value>
<value>${cantClicks}</value>
<iter>
<var name="${i}">0</var>
<kw name="Click Element" library="RPA.SAP">
<arg>${rutaElemento}</arg>
<doc>Performs a single click on a given element. Used only for buttons, tabs and menu items.</doc>
<status status="PASS" starttime="20231101 16:59:22.091" endtime="20231101 16:59:23.283"/>
</kw>
<kw name="Sleep" library="BuiltIn">
<arg>1s</arg>
<doc>Pauses the test executed for the given time.</doc>
<msg timestamp="20231101 16:59:24.284" level="INFO">Slept 1 second</msg>
<status status="PASS" starttime="20231101 16:59:23.283" endtime="20231101 16:59:24.284"/>
</kw>
<if>
<branch type="IF" condition="${i} == ${CantClicks}">
<break>
<status status="NOT RUN" starttime="20231101 16:59:24.285" endtime="20231101 16:59:24.285"/>
</break>
<status status="NOT RUN" starttime="20231101 16:59:24.285" endtime="20231101 16:59:24.286"/>
</branch>
<status status="PASS" starttime="20231101 16:59:24.285" endtime="20231101 16:59:24.286"/>
</if>
<status status="PASS" starttime="20231101 16:59:22.091" endtime="20231101 16:59:24.286"/>
</iter>
<iter>
<var name="${i}">1</var>
<kw name="Click Element" library="RPA.SAP">
<arg>${rutaElemento}</arg>
<doc>Performs a single click on a given element. Used only for buttons, tabs and menu items.</doc>
<status status="PASS" starttime="20231101 16:59:24.287" endtime="20231101 16:59:24.305"/>
</kw>
<kw name="Sleep" library="BuiltIn">
<arg>1s</arg>
<doc>Pauses the test executed for the given time.</doc>
<msg timestamp="20231101 16:59:25.307" level="INFO">Slept 1 second</msg>
<status status="PASS" starttime="20231101 16:59:24.305" endtime="20231101 16:59:25.307"/>
</kw>
<if>
<branch type="IF" condition="${i} == ${CantClicks}">
<break>
<status status="NOT RUN" starttime="20231101 16:59:25.308" endtime="20231101 16:59:25.309"/>
</break>
<status status="NOT RUN" starttime="20231101 16:59:25.308" endtime="20231101 16:59:25.309"/>
</branch>
<status status="PASS" starttime="20231101 16:59:25.308" endtime="20231101 16:59:25.309"/>
</if>
<status status="PASS" starttime="20231101 16:59:24.286" endtime="20231101 16:59:25.309"/>
</iter>
<status status="PASS" starttime="20231101 16:59:22.090" endtime="20231101 16:59:25.309"/>
</for>
<status status="PASS" starttime="20231101 16:59:22.090" endtime="20231101 16:59:25.310"/>
</kw>
<kw name="Send Keys" library="RPA.Windows">
<arg>keys=${transaccionVL10B}</arg>
<tag>action</tag>
<tag>keyboard</tag>
<doc>Send keys to desktop, current window or to Control element
defined by given locator.</doc>
<msg timestamp="20231101 16:59:25.311" level="INFO">Sending keys 'VL10B' to element: &lt;module 'uiautomation' from 'C:\\Users\\pinillaj\\AppData\\Local\\Programs\\Python\\Python311\\Lib\\site-packages\\uiautomation\\__init__.py'&gt;</msg>
<status status="PASS" starttime="20231101 16:59:25.310" endtime="20231101 16:59:25.868"/>
</kw>
<kw name="CapturaPantalla" library="Script">
<kw name="Sleep" library="BuiltIn">
<arg>1s</arg>
<doc>Pauses the test executed for the given time.</doc>
<msg timestamp="20231101 16:59:26.871" level="INFO">Slept 1 second</msg>
<status status="PASS" starttime="20231101 16:59:25.870" endtime="20231101 16:59:26.872"/>
</kw>
<kw name="Take Screenshot" library="Screenshot">
<doc>Takes a screenshot in JPEG format and embeds it into the log file.</doc>
<msg timestamp="20231101 16:59:26.939" level="INFO" html="true">&lt;a href="Images/screenshot_38.jpg"&gt;&lt;img src="Images/screenshot_38.jpg" width="800px"&gt;&lt;/a&gt;</msg>
<status status="PASS" starttime="20231101 16:59:26.872" endtime="20231101 16:59:26.939"/>
</kw>
<status status="PASS" starttime="20231101 16:59:25.869" endtime="20231101 16:59:26.939"/>
</kw>
<kw name="Sleep" library="BuiltIn">
<arg>1</arg>
<doc>Pauses the test executed for the given time.</doc>
<msg timestamp="20231101 16:59:27.940" level="INFO">Slept 1 second</msg>
<status status="PASS" starttime="20231101 16:59:26.940" endtime="20231101 16:59:27.940"/>
</kw>
<kw name="Click Element" library="RPA.SAP">
<arg>${btnCheckTransaccion}</arg>
<doc>Performs a single click on a given element. Used only for buttons, tabs and menu items.</doc>
<status status="PASS" starttime="20231101 16:59:27.941" endtime="20231101 16:59:28.657"/>
</kw>
<kw name="Input Text" library="RPA.SAP">
<arg>${txtPtoExpedicPtoRecepcionVL10B}</arg>
<arg>${centroOrigenMaterial}</arg>
<doc>Inserts the given text into the text field identified by locator.
Use keyword `input password` to insert a password in a text field.</doc>
<msg timestamp="20231101 16:59:28.734" level="INFO">Typing text 'C108' into text field '/app/con[0]/ses[0]/wnd[0]/usr/ctxtST_VSTEL-LOW'.</msg>
<status status="PASS" starttime="20231101 16:59:28.658" endtime="20231101 16:59:28.734"/>
</kw>
<kw name="Sleep" library="BuiltIn">
<arg>1</arg>
<doc>Pauses the test executed for the given time.</doc>
<msg timestamp="20231101 16:59:29.735" level="INFO">Slept 1 second</msg>
<status status="PASS" starttime="20231101 16:59:28.734" endtime="20231101 16:59:29.735"/>
</kw>
<kw name="CapturaPantalla" library="Script">
<kw name="Sleep" library="BuiltIn">
<arg>1s</arg>
<doc>Pauses the test executed for the given time.</doc>
<msg timestamp="20231101 16:59:30.738" level="INFO">Slept 1 second</msg>
<status status="PASS" starttime="20231101 16:59:29.737" endtime="20231101 16:59:30.738"/>
</kw>
<kw name="Take Screenshot" library="Screenshot">
<doc>Takes a screenshot in JPEG format and embeds it into the log file.</doc>
<msg timestamp="20231101 16:59:30.787" level="INFO" html="true">&lt;a href="Images/screenshot_39.jpg"&gt;&lt;img src="Images/screenshot_39.jpg" width="800px"&gt;&lt;/a&gt;</msg>
<status status="PASS" starttime="20231101 16:59:30.739" endtime="20231101 16:59:30.788"/>
</kw>
<status status="PASS" starttime="20231101 16:59:29.736" endtime="20231101 16:59:30.788"/>
</kw>
<kw name="Click Element" library="RPA.SAP">
<arg>${tablaPedidosComprasVL10B}</arg>
<doc>Performs a single click on a given element. Used only for buttons, tabs and menu items.</doc>
<status status="PASS" starttime="20231101 16:59:30.789" endtime="20231101 16:59:30.967"/>
</kw>
<kw name="Sleep" library="BuiltIn">
<arg>1</arg>
<doc>Pauses the test executed for the given time.</doc>
<msg timestamp="20231101 16:59:31.968" level="INFO">Slept 1 second</msg>
<status status="PASS" starttime="20231101 16:59:30.968" endtime="20231101 16:59:31.968"/>
</kw>
<kw name="Input Text" library="RPA.SAP">
<arg>${txtDocumentoComprasVL10B}</arg>
<arg>${txtIdNumeroPedidoSAPME21N}</arg>
<doc>Inserts the given text into the text field identified by locator.
Use keyword `input password` to insert a password in a text field.</doc>
<msg timestamp="20231101 16:59:31.987" level="INFO">Typing text '4201367472' into text field '/app/con[0]/ses[0]/wnd[0]/usr/tabsTABSTRIP_ORDER_CRITERIA/tabpS0S_TAB5/ssub%_SUBSCREEN_ORDER_CRITERIA:RVV50R10C:1030/ctxtST_EBELN-LOW'.</msg>
<status status="PASS" starttime="20231101 16:59:31.969" endtime="20231101 16:59:31.987"/>
</kw>
<kw name="Click Element" library="RPA.SAP">
<arg>${btnValidarStock}</arg>
<doc>Performs a single click on a given element. Used only for buttons, tabs and menu items.</doc>
<status status="PASS" starttime="20231101 16:59:31.989" endtime="20231101 16:59:32.600"/>
</kw>
<kw name="CapturaPantalla" library="Script">
<kw name="Sleep" library="BuiltIn">
<arg>1s</arg>
<doc>Pauses the test executed for the given time.</doc>
<msg timestamp="20231101 16:59:33.601" level="INFO">Slept 1 second</msg>
<status status="PASS" starttime="20231101 16:59:32.601" endtime="20231101 16:59:33.602"/>
</kw>
<kw name="Take Screenshot" library="Screenshot">
<doc>Takes a screenshot in JPEG format and embeds it into the log file.</doc>
<msg timestamp="20231101 16:59:33.650" level="INFO" html="true">&lt;a href="Images/screenshot_40.jpg"&gt;&lt;img src="Images/screenshot_40.jpg" width="800px"&gt;&lt;/a&gt;</msg>
<status status="PASS" starttime="20231101 16:59:33.602" endtime="20231101 16:59:33.650"/>
</kw>
<status status="PASS" starttime="20231101 16:59:32.600" endtime="20231101 16:59:33.651"/>
</kw>
<kw name="Sleep" library="BuiltIn">
<arg>1</arg>
<doc>Pauses the test executed for the given time.</doc>
<msg timestamp="20231101 16:59:34.653" level="INFO">Slept 1 second</msg>
<status status="PASS" starttime="20231101 16:59:33.651" endtime="20231101 16:59:34.653"/>
</kw>
<kw name="Click" library="RPA.Desktop">
<arg>coordinates:27,179</arg>
<arg>click</arg>
<doc>Click at the element indicated by locator.</doc>
<msg timestamp="20231101 16:59:34.656" level="INFO">Resolving locator: coordinates:27,179</msg>
<msg timestamp="20231101 16:59:34.656" level="INFO">Moving mouse to (27, 179)</msg>
<msg timestamp="20231101 16:59:34.757" level="INFO">Performing mouse action: Action.click</msg>
<status status="PASS" starttime="20231101 16:59:34.654" endtime="20231101 16:59:34.772"/>
</kw>
<kw name="Click Element" library="RPA.SAP">
<arg>${btnFondoVL10B}</arg>
<doc>Performs a single click on a given element. Used only for buttons, tabs and menu items.</doc>
<status status="PASS" starttime="20231101 16:59:34.773" endtime="20231101 16:59:36.358"/>
</kw>
<kw name="Sleep" library="BuiltIn">
<arg>2</arg>
<doc>Pauses the test executed for the given time.</doc>
<msg timestamp="20231101 16:59:38.359" level="INFO">Slept 2 seconds</msg>
<status status="PASS" starttime="20231101 16:59:36.359" endtime="20231101 16:59:38.360"/>
</kw>
<kw name="Press Keys" library="RPA.Desktop">
<arg>alt</arg>
<arg>F4</arg>
<doc>Press multiple keys down simultaneously.</doc>
<msg timestamp="20231101 16:59:38.361" level="INFO">Pressing keys: Key.alt, Key.f4</msg>
<status status="PASS" starttime="20231101 16:59:38.361" endtime="20231101 16:59:38.366"/>
</kw>
<kw name="Click Element" library="RPA.SAP">
<arg>${btnVisualizarSuprimirEntregasVL10B}</arg>
<doc>Performs a single click on a given element. Used only for buttons, tabs and menu items.</doc>
<status status="PASS" starttime="20231101 16:59:38.366" endtime="20231101 16:59:39.416"/>
</kw>
<kw name="CapturaPantalla" library="Script">
<kw name="Sleep" library="BuiltIn">
<arg>1s</arg>
<doc>Pauses the test executed for the given time.</doc>
<msg timestamp="20231101 16:59:40.423" level="INFO">Slept 1 second</msg>
<status status="PASS" starttime="20231101 16:59:39.421" endtime="20231101 16:59:40.423"/>
</kw>
<kw name="Take Screenshot" library="Screenshot">
<doc>Takes a screenshot in JPEG format and embeds it into the log file.</doc>
<msg timestamp="20231101 16:59:40.478" level="INFO" html="true">&lt;a href="Images/screenshot_41.jpg"&gt;&lt;img src="Images/screenshot_41.jpg" width="800px"&gt;&lt;/a&gt;</msg>
<status status="PASS" starttime="20231101 16:59:40.424" endtime="20231101 16:59:40.478"/>
</kw>
<status status="PASS" starttime="20231101 16:59:39.416" endtime="20231101 16:59:40.479"/>
</kw>
<kw name="Sleep" library="BuiltIn">
<arg>2</arg>
<doc>Pauses the test executed for the given time.</doc>
<msg timestamp="20231101 16:59:42.480" level="INFO">Slept 2 seconds</msg>
<status status="PASS" starttime="20231101 16:59:40.479" endtime="20231101 16:59:42.480"/>
</kw>
<kw name="Click" library="RPA.Desktop">
<arg>coordinates:598,179</arg>
<arg>click</arg>
<doc>Click at the element indicated by locator.</doc>
<msg timestamp="20231101 16:59:42.482" level="INFO">Resolving locator: coordinates:598,179</msg>
<msg timestamp="20231101 16:59:42.483" level="INFO">Moving mouse to (598, 179)</msg>
<msg timestamp="20231101 16:59:42.583" level="INFO">Performing mouse action: Action.click</msg>
<status status="PASS" starttime="20231101 16:59:42.481" endtime="20231101 16:59:42.602"/>
</kw>
<kw name="Sleep" library="BuiltIn">
<arg>1</arg>
<doc>Pauses the test executed for the given time.</doc>
<msg timestamp="20231101 16:59:43.603" level="INFO">Slept 1 second</msg>
<status status="PASS" starttime="20231101 16:59:42.603" endtime="20231101 16:59:43.603"/>
</kw>
<kw name="Get Value" library="RPA.SAP">
<var>${obtenerIdNumeroVL10B}</var>
<arg>${idTransaccionVL10B}</arg>
<doc>Gets the value of the given element. The possible return values depend on the type of element (see Return values).</doc>
<msg timestamp="20231101 16:59:43.630" level="INFO">${obtenerIdNumeroVL10B} = 2101621282</msg>
<status status="PASS" starttime="20231101 16:59:43.603" endtime="20231101 16:59:43.631"/>
</kw>
<kw name="CapturaPantalla" library="Script">
<kw name="Sleep" library="BuiltIn">
<arg>1s</arg>
<doc>Pauses the test executed for the given time.</doc>
<msg timestamp="20231101 16:59:44.633" level="INFO">Slept 1 second</msg>
<status status="PASS" starttime="20231101 16:59:43.632" endtime="20231101 16:59:44.633"/>
</kw>
<kw name="Take Screenshot" library="Screenshot">
<doc>Takes a screenshot in JPEG format and embeds it into the log file.</doc>
<msg timestamp="20231101 16:59:44.677" level="INFO" html="true">&lt;a href="Images/screenshot_42.jpg"&gt;&lt;img src="Images/screenshot_42.jpg" width="800px"&gt;&lt;/a&gt;</msg>
<status status="PASS" starttime="20231101 16:59:44.634" endtime="20231101 16:59:44.677"/>
</kw>
<status status="PASS" starttime="20231101 16:59:43.631" endtime="20231101 16:59:44.677"/>
</kw>
<kw name="CANTIDAD_CLICK_ELEMENTO_RPA_SAP" library="funciones">
<arg>3</arg>
<arg>${btnAtras}</arg>
<for flavor="IN RANGE">
<var>${i}</var>
<value>0</value>
<value>${cantClicks}</value>
<iter>
<var name="${i}">0</var>
<kw name="Click Element" library="RPA.SAP">
<arg>${rutaElemento}</arg>
<doc>Performs a single click on a given element. Used only for buttons, tabs and menu items.</doc>
<status status="PASS" starttime="20231101 16:59:44.679" endtime="20231101 16:59:45.023"/>
</kw>
<kw name="Sleep" library="BuiltIn">
<arg>1s</arg>
<doc>Pauses the test executed for the given time.</doc>
<msg timestamp="20231101 16:59:46.025" level="INFO">Slept 1 second</msg>
<status status="PASS" starttime="20231101 16:59:45.023" endtime="20231101 16:59:46.025"/>
</kw>
<if>
<branch type="IF" condition="${i} == ${CantClicks}">
<break>
<status status="NOT RUN" starttime="20231101 16:59:46.026" endtime="20231101 16:59:46.027"/>
</break>
<status status="NOT RUN" starttime="20231101 16:59:46.026" endtime="20231101 16:59:46.027"/>
</branch>
<status status="PASS" starttime="20231101 16:59:46.026" endtime="20231101 16:59:46.027"/>
</if>
<status status="PASS" starttime="20231101 16:59:44.678" endtime="20231101 16:59:46.027"/>
</iter>
<iter>
<var name="${i}">1</var>
<kw name="Click Element" library="RPA.SAP">
<arg>${rutaElemento}</arg>
<doc>Performs a single click on a given element. Used only for buttons, tabs and menu items.</doc>
<status status="PASS" starttime="20231101 16:59:46.028" endtime="20231101 16:59:46.461"/>
</kw>
<kw name="Sleep" library="BuiltIn">
<arg>1s</arg>
<doc>Pauses the test executed for the given time.</doc>
<msg timestamp="20231101 16:59:47.461" level="INFO">Slept 1 second</msg>
<status status="PASS" starttime="20231101 16:59:46.461" endtime="20231101 16:59:47.462"/>
</kw>
<if>
<branch type="IF" condition="${i} == ${CantClicks}">
<break>
<status status="NOT RUN" starttime="20231101 16:59:47.463" endtime="20231101 16:59:47.464"/>
</break>
<status status="NOT RUN" starttime="20231101 16:59:47.463" endtime="20231101 16:59:47.464"/>
</branch>
<status status="PASS" starttime="20231101 16:59:47.462" endtime="20231101 16:59:47.464"/>
</if>
<status status="PASS" starttime="20231101 16:59:46.028" endtime="20231101 16:59:47.464"/>
</iter>
<iter>
<var name="${i}">2</var>
<kw name="Click Element" library="RPA.SAP">
<arg>${rutaElemento}</arg>
<doc>Performs a single click on a given element. Used only for buttons, tabs and menu items.</doc>
<status status="PASS" starttime="20231101 16:59:47.465" endtime="20231101 16:59:47.829"/>
</kw>
<kw name="Sleep" library="BuiltIn">
<arg>1s</arg>
<doc>Pauses the test executed for the given time.</doc>
<msg timestamp="20231101 16:59:48.832" level="INFO">Slept 1 second</msg>
<status status="PASS" starttime="20231101 16:59:47.830" endtime="20231101 16:59:48.832"/>
</kw>
<if>
<branch type="IF" condition="${i} == ${CantClicks}">
<break>
<status status="NOT RUN" starttime="20231101 16:59:48.834" endtime="20231101 16:59:48.834"/>
</break>
<status status="NOT RUN" starttime="20231101 16:59:48.833" endtime="20231101 16:59:48.834"/>
</branch>
<status status="PASS" starttime="20231101 16:59:48.833" endtime="20231101 16:59:48.834"/>
</if>
<status status="PASS" starttime="20231101 16:59:47.464" endtime="20231101 16:59:48.834"/>
</iter>
<status status="PASS" starttime="20231101 16:59:44.678" endtime="20231101 16:59:48.835"/>
</for>
<status status="PASS" starttime="20231101 16:59:44.678" endtime="20231101 16:59:48.835"/>
</kw>
<kw name="Send Keys" library="RPA.Windows">
<arg>keys=${transaccionVL02N}</arg>
<tag>action</tag>
<tag>keyboard</tag>
<doc>Send keys to desktop, current window or to Control element
defined by given locator.</doc>
<msg timestamp="20231101 16:59:48.836" level="INFO">Sending keys 'VL02N' to element: &lt;module 'uiautomation' from 'C:\\Users\\pinillaj\\AppData\\Local\\Programs\\Python\\Python311\\Lib\\site-packages\\uiautomation\\__init__.py'&gt;</msg>
<status status="PASS" starttime="20231101 16:59:48.835" endtime="20231101 16:59:49.399"/>
</kw>
<kw name="Sleep" library="BuiltIn">
<arg>1</arg>
<doc>Pauses the test executed for the given time.</doc>
<msg timestamp="20231101 16:59:50.402" level="INFO">Slept 1 second</msg>
<status status="PASS" starttime="20231101 16:59:49.400" endtime="20231101 16:59:50.403"/>
</kw>
<kw name="CapturaPantalla" library="Script">
<kw name="Sleep" library="BuiltIn">
<arg>1s</arg>
<doc>Pauses the test executed for the given time.</doc>
<msg timestamp="20231101 16:59:51.405" level="INFO">Slept 1 second</msg>
<status status="PASS" starttime="20231101 16:59:50.403" endtime="20231101 16:59:51.405"/>
</kw>
<kw name="Take Screenshot" library="Screenshot">
<doc>Takes a screenshot in JPEG format and embeds it into the log file.</doc>
<msg timestamp="20231101 16:59:51.464" level="INFO" html="true">&lt;a href="Images/screenshot_43.jpg"&gt;&lt;img src="Images/screenshot_43.jpg" width="800px"&gt;&lt;/a&gt;</msg>
<status status="PASS" starttime="20231101 16:59:51.405" endtime="20231101 16:59:51.464"/>
</kw>
<status status="PASS" starttime="20231101 16:59:50.403" endtime="20231101 16:59:51.464"/>
</kw>
<kw name="Click Element" library="RPA.SAP">
<arg>${btnCheckTransaccion}</arg>
<doc>Performs a single click on a given element. Used only for buttons, tabs and menu items.</doc>
<status status="PASS" starttime="20231101 16:59:51.465" endtime="20231101 16:59:52.250"/>
</kw>
<kw name="Input Text" library="RPA.SAP">
<arg>${txtEntregaSalidaVL02N}</arg>
<arg>${obtenerIdNumeroVL10B}</arg>
<doc>Inserts the given text into the text field identified by locator.
Use keyword `input password` to insert a password in a text field.</doc>
<msg timestamp="20231101 16:59:52.327" level="INFO">Typing text '2101621282' into text field '/app/con[0]/ses[0]/wnd[0]/usr/ctxtLIKP-VBELN'.</msg>
<status status="PASS" starttime="20231101 16:59:52.250" endtime="20231101 16:59:52.327"/>
</kw>
<kw name="CapturaPantalla" library="Script">
<kw name="Sleep" library="BuiltIn">
<arg>1s</arg>
<doc>Pauses the test executed for the given time.</doc>
<msg timestamp="20231101 16:59:53.330" level="INFO">Slept 1 second</msg>
<status status="PASS" starttime="20231101 16:59:52.328" endtime="20231101 16:59:53.330"/>
</kw>
<kw name="Take Screenshot" library="Screenshot">
<doc>Takes a screenshot in JPEG format and embeds it into the log file.</doc>
<msg timestamp="20231101 16:59:53.374" level="INFO" html="true">&lt;a href="Images/screenshot_44.jpg"&gt;&lt;img src="Images/screenshot_44.jpg" width="800px"&gt;&lt;/a&gt;</msg>
<status status="PASS" starttime="20231101 16:59:53.333" endtime="20231101 16:59:53.374"/>
</kw>
<status status="PASS" starttime="20231101 16:59:52.328" endtime="20231101 16:59:53.375"/>
</kw>
<kw name="Send Keys" library="RPA.Windows">
<arg>keys={ENTER}</arg>
<tag>action</tag>
<tag>keyboard</tag>
<doc>Send keys to desktop, current window or to Control element
defined by given locator.</doc>
<msg timestamp="20231101 16:59:53.376" level="INFO">Sending keys '{ENTER}' to element: &lt;module 'uiautomation' from 'C:\\Users\\pinillaj\\AppData\\Local\\Programs\\Python\\Python311\\Lib\\site-packages\\uiautomation\\__init__.py'&gt;</msg>
<status status="PASS" starttime="20231101 16:59:53.375" endtime="20231101 16:59:53.899"/>
</kw>
<kw name="Sleep" library="BuiltIn">
<arg>1</arg>
<doc>Pauses the test executed for the given time.</doc>
<msg timestamp="20231101 16:59:54.901" level="INFO">Slept 1 second</msg>
<status status="PASS" starttime="20231101 16:59:53.900" endtime="20231101 16:59:54.901"/>
</kw>
<kw name="Click" library="RPA.Desktop">
<arg>coordinates:32,379</arg>
<arg>click</arg>
<doc>Click at the element indicated by locator.</doc>
<msg timestamp="20231101 16:59:54.902" level="INFO">Resolving locator: coordinates:32,379</msg>
<msg timestamp="20231101 16:59:54.903" level="INFO">Moving mouse to (32, 379)</msg>
<msg timestamp="20231101 16:59:55.004" level="INFO">Performing mouse action: Action.click</msg>
<status status="PASS" starttime="20231101 16:59:54.902" endtime="20231101 16:59:55.017"/>
</kw>
<kw name="CapturaPantalla" library="Script">
<kw name="Sleep" library="BuiltIn">
<arg>1s</arg>
<doc>Pauses the test executed for the given time.</doc>
<msg timestamp="20231101 16:59:56.020" level="INFO">Slept 1 second</msg>
<status status="PASS" starttime="20231101 16:59:55.019" endtime="20231101 16:59:56.021"/>
</kw>
<kw name="Take Screenshot" library="Screenshot">
<doc>Takes a screenshot in JPEG format and embeds it into the log file.</doc>
<msg timestamp="20231101 16:59:56.082" level="INFO" html="true">&lt;a href="Images/screenshot_45.jpg"&gt;&lt;img src="Images/screenshot_45.jpg" width="800px"&gt;&lt;/a&gt;</msg>
<status status="PASS" starttime="20231101 16:59:56.021" endtime="20231101 16:59:56.083"/>
</kw>
<status status="PASS" starttime="20231101 16:59:55.018" endtime="20231101 16:59:56.083"/>
</kw>
<kw name="CANTIDAD_CLICK_ELEMENTO_RPA_DESKTOP" library="funciones">
<arg>1</arg>
<arg>up</arg>
<for flavor="IN RANGE">
<var>${i}</var>
<value>0</value>
<value>${cantEnviados}</value>
<iter>
<var name="${i}">0</var>
<kw name="Press Keys" library="RPA.Desktop">
<arg>${teclado}</arg>
<doc>Press multiple keys down simultaneously.</doc>
<msg timestamp="20231101 16:59:56.085" level="INFO">Pressing keys: Key.up</msg>
<status status="PASS" starttime="20231101 16:59:56.085" endtime="20231101 16:59:56.087"/>
</kw>
<kw name="Sleep" library="BuiltIn">
<arg>1s</arg>
<doc>Pauses the test executed for the given time.</doc>
<msg timestamp="20231101 16:59:57.088" level="INFO">Slept 1 second</msg>
<status status="PASS" starttime="20231101 16:59:56.087" endtime="20231101 16:59:57.089"/>
</kw>
<if>
<branch type="IF" condition="${i} == ${CantEnviados}">
<break>
<status status="NOT RUN" starttime="20231101 16:59:57.090" endtime="20231101 16:59:57.091"/>
</break>
<status status="NOT RUN" starttime="20231101 16:59:57.090" endtime="20231101 16:59:57.091"/>
</branch>
<status status="PASS" starttime="20231101 16:59:57.089" endtime="20231101 16:59:57.091"/>
</if>
<status status="PASS" starttime="20231101 16:59:56.085" endtime="20231101 16:59:57.091"/>
</iter>
<status status="PASS" starttime="20231101 16:59:56.084" endtime="20231101 16:59:57.092"/>
</for>
<status status="PASS" starttime="20231101 16:59:56.084" endtime="20231101 16:59:57.092"/>
</kw>
<kw name="CANTIDAD_CLICK_ELEMENTO_RPA_DESKTOP" library="funciones">
<arg>12</arg>
<arg>tab</arg>
<for flavor="IN RANGE">
<var>${i}</var>
<value>0</value>
<value>${cantEnviados}</value>
<iter>
<var name="${i}">0</var>
<kw name="Press Keys" library="RPA.Desktop">
<arg>${teclado}</arg>
<doc>Press multiple keys down simultaneously.</doc>
<msg timestamp="20231101 16:59:57.094" level="INFO">Pressing keys: Key.tab</msg>
<status status="PASS" starttime="20231101 16:59:57.094" endtime="20231101 16:59:57.095"/>
</kw>
<kw name="Sleep" library="BuiltIn">
<arg>1s</arg>
<doc>Pauses the test executed for the given time.</doc>
<msg timestamp="20231101 16:59:58.098" level="INFO">Slept 1 second</msg>
<status status="PASS" starttime="20231101 16:59:57.096" endtime="20231101 16:59:58.099"/>
</kw>
<if>
<branch type="IF" condition="${i} == ${CantEnviados}">
<break>
<status status="NOT RUN" starttime="20231101 16:59:58.100" endtime="20231101 16:59:58.100"/>
</break>
<status status="NOT RUN" starttime="20231101 16:59:58.100" endtime="20231101 16:59:58.100"/>
</branch>
<status status="PASS" starttime="20231101 16:59:58.099" endtime="20231101 16:59:58.101"/>
</if>
<status status="PASS" starttime="20231101 16:59:57.093" endtime="20231101 16:59:58.101"/>
</iter>
<iter>
<var name="${i}">1</var>
<kw name="Press Keys" library="RPA.Desktop">
<arg>${teclado}</arg>
<doc>Press multiple keys down simultaneously.</doc>
<msg timestamp="20231101 16:59:58.102" level="INFO">Pressing keys: Key.tab</msg>
<status status="PASS" starttime="20231101 16:59:58.102" endtime="20231101 16:59:58.104"/>
</kw>
<kw name="Sleep" library="BuiltIn">
<arg>1s</arg>
<doc>Pauses the test executed for the given time.</doc>
<msg timestamp="20231101 16:59:59.107" level="INFO">Slept 1 second</msg>
<status status="PASS" starttime="20231101 16:59:58.105" endtime="20231101 16:59:59.107"/>
</kw>
<if>
<branch type="IF" condition="${i} == ${CantEnviados}">
<break>
<status status="NOT RUN" starttime="20231101 16:59:59.107" endtime="20231101 16:59:59.108"/>
</break>
<status status="NOT RUN" starttime="20231101 16:59:59.107" endtime="20231101 16:59:59.108"/>
</branch>
<status status="PASS" starttime="20231101 16:59:59.107" endtime="20231101 16:59:59.108"/>
</if>
<status status="PASS" starttime="20231101 16:59:58.101" endtime="20231101 16:59:59.108"/>
</iter>
<iter>
<var name="${i}">2</var>
<kw name="Press Keys" library="RPA.Desktop">
<arg>${teclado}</arg>
<doc>Press multiple keys down simultaneously.</doc>
<msg timestamp="20231101 16:59:59.109" level="INFO">Pressing keys: Key.tab</msg>
<status status="PASS" starttime="20231101 16:59:59.109" endtime="20231101 16:59:59.111"/>
</kw>
<kw name="Sleep" library="BuiltIn">
<arg>1s</arg>
<doc>Pauses the test executed for the given time.</doc>
<msg timestamp="20231101 17:00:00.115" level="INFO">Slept 1 second</msg>
<status status="PASS" starttime="20231101 16:59:59.113" endtime="20231101 17:00:00.116"/>
</kw>
<if>
<branch type="IF" condition="${i} == ${CantEnviados}">
<break>
<status status="NOT RUN" starttime="20231101 17:00:00.117" endtime="20231101 17:00:00.117"/>
</break>
<status status="NOT RUN" starttime="20231101 17:00:00.116" endtime="20231101 17:00:00.117"/>
</branch>
<status status="PASS" starttime="20231101 17:00:00.116" endtime="20231101 17:00:00.117"/>
</if>
<status status="PASS" starttime="20231101 16:59:59.109" endtime="20231101 17:00:00.117"/>
</iter>
<iter>
<var name="${i}">3</var>
<kw name="Press Keys" library="RPA.Desktop">
<arg>${teclado}</arg>
<doc>Press multiple keys down simultaneously.</doc>
<msg timestamp="20231101 17:00:00.119" level="INFO">Pressing keys: Key.tab</msg>
<status status="PASS" starttime="20231101 17:00:00.118" endtime="20231101 17:00:00.119"/>
</kw>
<kw name="Sleep" library="BuiltIn">
<arg>1s</arg>
<doc>Pauses the test executed for the given time.</doc>
<msg timestamp="20231101 17:00:01.121" level="INFO">Slept 1 second</msg>
<status status="PASS" starttime="20231101 17:00:00.120" endtime="20231101 17:00:01.122"/>
</kw>
<if>
<branch type="IF" condition="${i} == ${CantEnviados}">
<break>
<status status="NOT RUN" starttime="20231101 17:00:01.123" endtime="20231101 17:00:01.123"/>
</break>
<status status="NOT RUN" starttime="20231101 17:00:01.122" endtime="20231101 17:00:01.124"/>
</branch>
<status status="PASS" starttime="20231101 17:00:01.122" endtime="20231101 17:00:01.124"/>
</if>
<status status="PASS" starttime="20231101 17:00:00.118" endtime="20231101 17:00:01.124"/>
</iter>
<iter>
<var name="${i}">4</var>
<kw name="Press Keys" library="RPA.Desktop">
<arg>${teclado}</arg>
<doc>Press multiple keys down simultaneously.</doc>
<msg timestamp="20231101 17:00:01.125" level="INFO">Pressing keys: Key.tab</msg>
<status status="PASS" starttime="20231101 17:00:01.125" endtime="20231101 17:00:01.127"/>
</kw>
<kw name="Sleep" library="BuiltIn">
<arg>1s</arg>
<doc>Pauses the test executed for the given time.</doc>
<msg timestamp="20231101 17:00:02.130" level="INFO">Slept 1 second</msg>
<status status="PASS" starttime="20231101 17:00:01.128" endtime="20231101 17:00:02.131"/>
</kw>
<if>
<branch type="IF" condition="${i} == ${CantEnviados}">
<break>
<status status="NOT RUN" starttime="20231101 17:00:02.132" endtime="20231101 17:00:02.132"/>
</break>
<status status="NOT RUN" starttime="20231101 17:00:02.132" endtime="20231101 17:00:02.133"/>
</branch>
<status status="PASS" starttime="20231101 17:00:02.132" endtime="20231101 17:00:02.133"/>
</if>
<status status="PASS" starttime="20231101 17:00:01.124" endtime="20231101 17:00:02.133"/>
</iter>
<iter>
<var name="${i}">5</var>
<kw name="Press Keys" library="RPA.Desktop">
<arg>${teclado}</arg>
<doc>Press multiple keys down simultaneously.</doc>
<msg timestamp="20231101 17:00:02.134" level="INFO">Pressing keys: Key.tab</msg>
<status status="PASS" starttime="20231101 17:00:02.134" endtime="20231101 17:00:02.136"/>
</kw>
<kw name="Sleep" library="BuiltIn">
<arg>1s</arg>
<doc>Pauses the test executed for the given time.</doc>
<msg timestamp="20231101 17:00:03.139" level="INFO">Slept 1 second</msg>
<status status="PASS" starttime="20231101 17:00:02.137" endtime="20231101 17:00:03.139"/>
</kw>
<if>
<branch type="IF" condition="${i} == ${CantEnviados}">
<break>
<status status="NOT RUN" starttime="20231101 17:00:03.141" endtime="20231101 17:00:03.141"/>
</break>
<status status="NOT RUN" starttime="20231101 17:00:03.140" endtime="20231101 17:00:03.141"/>
</branch>
<status status="PASS" starttime="20231101 17:00:03.140" endtime="20231101 17:00:03.141"/>
</if>
<status status="PASS" starttime="20231101 17:00:02.133" endtime="20231101 17:00:03.141"/>
</iter>
<iter>
<var name="${i}">6</var>
<kw name="Press Keys" library="RPA.Desktop">
<arg>${teclado}</arg>
<doc>Press multiple keys down simultaneously.</doc>
<msg timestamp="20231101 17:00:03.143" level="INFO">Pressing keys: Key.tab</msg>
<status status="PASS" starttime="20231101 17:00:03.142" endtime="20231101 17:00:03.144"/>
</kw>
<kw name="Sleep" library="BuiltIn">
<arg>1s</arg>
<doc>Pauses the test executed for the given time.</doc>
<msg timestamp="20231101 17:00:04.147" level="INFO">Slept 1 second</msg>
<status status="PASS" starttime="20231101 17:00:03.145" endtime="20231101 17:00:04.148"/>
</kw>
<if>
<branch type="IF" condition="${i} == ${CantEnviados}">
<break>
<status status="NOT RUN" starttime="20231101 17:00:04.149" endtime="20231101 17:00:04.149"/>
</break>
<status status="NOT RUN" starttime="20231101 17:00:04.148" endtime="20231101 17:00:04.149"/>
</branch>
<status status="PASS" starttime="20231101 17:00:04.148" endtime="20231101 17:00:04.149"/>
</if>
<status status="PASS" starttime="20231101 17:00:03.142" endtime="20231101 17:00:04.150"/>
</iter>
<iter>
<var name="${i}">7</var>
<kw name="Press Keys" library="RPA.Desktop">
<arg>${teclado}</arg>
<doc>Press multiple keys down simultaneously.</doc>
<msg timestamp="20231101 17:00:04.151" level="INFO">Pressing keys: Key.tab</msg>
<status status="PASS" starttime="20231101 17:00:04.150" endtime="20231101 17:00:04.153"/>
</kw>
<kw name="Sleep" library="BuiltIn">
<arg>1s</arg>
<doc>Pauses the test executed for the given time.</doc>
<msg timestamp="20231101 17:00:05.156" level="INFO">Slept 1 second</msg>
<status status="PASS" starttime="20231101 17:00:04.154" endtime="20231101 17:00:05.156"/>
</kw>
<if>
<branch type="IF" condition="${i} == ${CantEnviados}">
<break>
<status status="NOT RUN" starttime="20231101 17:00:05.158" endtime="20231101 17:00:05.158"/>
</break>
<status status="NOT RUN" starttime="20231101 17:00:05.157" endtime="20231101 17:00:05.158"/>
</branch>
<status status="PASS" starttime="20231101 17:00:05.157" endtime="20231101 17:00:05.158"/>
</if>
<status status="PASS" starttime="20231101 17:00:04.150" endtime="20231101 17:00:05.158"/>
</iter>
<iter>
<var name="${i}">8</var>
<kw name="Press Keys" library="RPA.Desktop">
<arg>${teclado}</arg>
<doc>Press multiple keys down simultaneously.</doc>
<msg timestamp="20231101 17:00:05.159" level="INFO">Pressing keys: Key.tab</msg>
<status status="PASS" starttime="20231101 17:00:05.159" endtime="20231101 17:00:05.160"/>
</kw>
<kw name="Sleep" library="BuiltIn">
<arg>1s</arg>
<doc>Pauses the test executed for the given time.</doc>
<msg timestamp="20231101 17:00:06.162" level="INFO">Slept 1 second</msg>
<status status="PASS" starttime="20231101 17:00:05.161" endtime="20231101 17:00:06.162"/>
</kw>
<if>
<branch type="IF" condition="${i} == ${CantEnviados}">
<break>
<status status="NOT RUN" starttime="20231101 17:00:06.164" endtime="20231101 17:00:06.165"/>
</break>
<status status="NOT RUN" starttime="20231101 17:00:06.164" endtime="20231101 17:00:06.165"/>
</branch>
<status status="PASS" starttime="20231101 17:00:06.163" endtime="20231101 17:00:06.165"/>
</if>
<status status="PASS" starttime="20231101 17:00:05.159" endtime="20231101 17:00:06.165"/>
</iter>
<iter>
<var name="${i}">9</var>
<kw name="Press Keys" library="RPA.Desktop">
<arg>${teclado}</arg>
<doc>Press multiple keys down simultaneously.</doc>
<msg timestamp="20231101 17:00:06.166" level="INFO">Pressing keys: Key.tab</msg>
<status status="PASS" starttime="20231101 17:00:06.166" endtime="20231101 17:00:06.168"/>
</kw>
<kw name="Sleep" library="BuiltIn">
<arg>1s</arg>
<doc>Pauses the test executed for the given time.</doc>
<msg timestamp="20231101 17:00:07.170" level="INFO">Slept 1 second</msg>
<status status="PASS" starttime="20231101 17:00:06.169" endtime="20231101 17:00:07.170"/>
</kw>
<if>
<branch type="IF" condition="${i} == ${CantEnviados}">
<break>
<status status="NOT RUN" starttime="20231101 17:00:07.172" endtime="20231101 17:00:07.172"/>
</break>
<status status="NOT RUN" starttime="20231101 17:00:07.171" endtime="20231101 17:00:07.172"/>
</branch>
<status status="PASS" starttime="20231101 17:00:07.171" endtime="20231101 17:00:07.173"/>
</if>
<status status="PASS" starttime="20231101 17:00:06.166" endtime="20231101 17:00:07.173"/>
</iter>
<iter>
<var name="${i}">10</var>
<kw name="Press Keys" library="RPA.Desktop">
<arg>${teclado}</arg>
<doc>Press multiple keys down simultaneously.</doc>
<msg timestamp="20231101 17:00:07.174" level="INFO">Pressing keys: Key.tab</msg>
<status status="PASS" starttime="20231101 17:00:07.173" endtime="20231101 17:00:07.175"/>
</kw>
<kw name="Sleep" library="BuiltIn">
<arg>1s</arg>
<doc>Pauses the test executed for the given time.</doc>
<msg timestamp="20231101 17:00:08.177" level="INFO">Slept 1 second</msg>
<status status="PASS" starttime="20231101 17:00:07.176" endtime="20231101 17:00:08.177"/>
</kw>
<if>
<branch type="IF" condition="${i} == ${CantEnviados}">
<break>
<status status="NOT RUN" starttime="20231101 17:00:08.178" endtime="20231101 17:00:08.178"/>
</break>
[...]
<status status="PASS" starttime="20231101 17:00:38.546" endtime="20231101 17:00:38.606"/>
</kw>
<status status="PASS" starttime="20231101 17:00:37.545" endtime="20231101 17:00:38.607"/>
</kw>
<kw name="Sleep" library="BuiltIn">
<arg>1</arg>
<doc>Pauses the test executed for the given time.</doc>
<msg timestamp="20231101 17:00:39.609" level="INFO">Slept 1 second</msg>
<status status="PASS" starttime="20231101 17:00:38.608" endtime="20231101 17:00:39.609"/>
</kw>
<kw name="Select Checkbox" library="RPA.SAP">
<arg>${chPosicionOkMIGO}</arg>
<doc>Selects checkbox identified by locator.
Does nothing if the checkbox is already selected.</doc>
<status status="PASS" starttime="20231101 17:00:39.610" endtime="20231101 17:00:39.629"/>
</kw>
<kw name="Sleep" library="BuiltIn">
<arg>1</arg>
<doc>Pauses the test executed for the given time.</doc>
<msg timestamp="20231101 17:00:40.631" level="INFO">Slept 1 second</msg>
<status status="PASS" starttime="20231101 17:00:39.629" endtime="20231101 17:00:40.632"/>
</kw>
<kw name="Click Element" library="RPA.SAP">
<arg>${btnContabilizarMIGO}</arg>
<doc>Performs a single click on a given element. Used only for buttons, tabs and menu items.</doc>
<status status="PASS" starttime="20231101 17:00:40.632" endtime="20231101 17:00:42.318"/>
</kw>
<kw name="Get Value" library="RPA.SAP">
<var>${numDocumentoMaterialMigo}</var>
<arg>${numeroDocumentoMaterialMIGO}</arg>
<doc>Gets the value of the given element. The possible return values depend on the type of element (see Return values).</doc>
<msg timestamp="20231101 17:00:42.473" level="INFO">${numDocumentoMaterialMigo} = Documento material 5003281305 contabilizado</msg>
<status status="PASS" starttime="20231101 17:00:42.319" endtime="20231101 17:00:42.473"/>
</kw>
<kw name="CANTIDAD_CLICK_ELEMENTO_RPA_SAP" library="funciones">
<arg>1</arg>
<arg>${btnAtras}</arg>
<for flavor="IN RANGE">
<var>${i}</var>
<value>0</value>
<value>${cantClicks}</value>
<iter>
<var name="${i}">0</var>
<kw name="Click Element" library="RPA.SAP">
<arg>${rutaElemento}</arg>
<doc>Performs a single click on a given element. Used only for buttons, tabs and menu items.</doc>
<status status="PASS" starttime="20231101 17:00:42.476" endtime="20231101 17:00:42.841"/>
</kw>
<kw name="Sleep" library="BuiltIn">
<arg>1s</arg>
<doc>Pauses the test executed for the given time.</doc>
<msg timestamp="20231101 17:00:43.842" level="INFO">Slept 1 second</msg>
<status status="PASS" starttime="20231101 17:00:42.842" endtime="20231101 17:00:43.843"/>
</kw>
<if>
<branch type="IF" condition="${i} == ${CantClicks}">
<break>
<status status="NOT RUN" starttime="20231101 17:00:43.844" endtime="20231101 17:00:43.844"/>
</break>
<status status="NOT RUN" starttime="20231101 17:00:43.843" endtime="20231101 17:00:43.844"/>
</branch>
<status status="PASS" starttime="20231101 17:00:43.843" endtime="20231101 17:00:43.845"/>
</if>
<status status="PASS" starttime="20231101 17:00:42.475" endtime="20231101 17:00:43.845"/>
</iter>
<status status="PASS" starttime="20231101 17:00:42.475" endtime="20231101 17:00:43.845"/>
</for>
<status status="PASS" starttime="20231101 17:00:42.474" endtime="20231101 17:00:43.846"/>
</kw>
<kw name="Send Keys" library="RPA.Windows">
<arg>keys=${transaccionIQ09}</arg>
<tag>action</tag>
<tag>keyboard</tag>
<doc>Send keys to desktop, current window or to Control element
defined by given locator.</doc>
<msg timestamp="20231101 17:00:43.847" level="INFO">Sending keys 'IQ09' to element: &lt;module 'uiautomation' from 'C:\\Users\\pinillaj\\AppData\\Local\\Programs\\Python\\Python311\\Lib\\site-packages\\uiautomation\\__init__.py'&gt;</msg>
<status status="PASS" starttime="20231101 17:00:43.846" endtime="20231101 17:00:44.393"/>
</kw>
<kw name="CapturaPantalla" library="Script">
<kw name="Sleep" library="BuiltIn">
<arg>1s</arg>
<doc>Pauses the test executed for the given time.</doc>
<msg timestamp="20231101 17:00:45.395" level="INFO">Slept 1 second</msg>
<status status="PASS" starttime="20231101 17:00:44.394" endtime="20231101 17:00:45.395"/>
</kw>
<kw name="Take Screenshot" library="Screenshot">
<doc>Takes a screenshot in JPEG format and embeds it into the log file.</doc>
<msg timestamp="20231101 17:00:45.450" level="INFO" html="true">&lt;a href="Images/screenshot_54.jpg"&gt;&lt;img src="Images/screenshot_54.jpg" width="800px"&gt;&lt;/a&gt;</msg>
<status status="PASS" starttime="20231101 17:00:45.396" endtime="20231101 17:00:45.450"/>
</kw>
<status status="PASS" starttime="20231101 17:00:44.393" endtime="20231101 17:00:45.451"/>
</kw>
<kw name="Sleep" library="BuiltIn">
<arg>1</arg>
<doc>Pauses the test executed for the given time.</doc>
<msg timestamp="20231101 17:00:46.453" level="INFO">Slept 1 second</msg>
<status status="PASS" starttime="20231101 17:00:45.451" endtime="20231101 17:00:46.453"/>
</kw>
<kw name="Click Element" library="RPA.SAP">
<arg>${btnCheckTransaccion}</arg>
<doc>Performs a single click on a given element. Used only for buttons, tabs and menu items.</doc>
<status status="PASS" starttime="20231101 17:00:46.454" endtime="20231101 17:00:46.984"/>
</kw>
<kw name="Sleep" library="BuiltIn">
<arg>1</arg>
<doc>Pauses the test executed for the given time.</doc>
<msg timestamp="20231101 17:00:47.986" level="INFO">Slept 1 second</msg>
<status status="PASS" starttime="20231101 17:00:46.985" endtime="20231101 17:00:47.987"/>
</kw>
<kw name="Click Element" library="RPA.SAP">
<arg>${btnNumeroSerieIQ09}</arg>
<doc>Performs a single click on a given element. Used only for buttons, tabs and menu items.</doc>
<status status="PASS" starttime="20231101 17:00:47.988" endtime="20231101 17:00:48.431"/>
</kw>
<kw name="Open Workbook" library="RPA.Excel.Files">
<arg>${pathExcel}</arg>
<doc>Open an existing Excel workbook.</doc>
<msg timestamp="20231101 17:00:48.444" level="INFO">Opened workbook: &lt;RPA.Excel.Files.XlsxWorkbook object at 0x000001E493EC3310&gt;</msg>
<status status="PASS" starttime="20231101 17:00:48.432" endtime="20231101 17:00:48.444"/>
</kw>
<kw name="Read Worksheet" library="RPA.Excel.Files">
<var>${row}</var>
<arg>header=true</arg>
<doc>Read the content of a worksheet into a list of dictionaries.</doc>
<msg timestamp="20231101 17:00:48.445" level="INFO">${row} = [{'Imeis': '863268050609451'}, {'Imeis': '863268050609683'}]</msg>
<status status="PASS" starttime="20231101 17:00:48.445" endtime="20231101 17:00:48.446"/>
</kw>
<kw name="Find Empty Row" library="RPA.Excel.Files">
<var>${next}</var>
<doc>Find the first empty row after existing content,
and return the row number.</doc>
<msg timestamp="20231101 17:00:48.446" level="INFO">${next} = 4</msg>
<status status="PASS" starttime="20231101 17:00:48.446" endtime="20231101 17:00:48.447"/>
</kw>
<kw name="Log" library="BuiltIn">
<arg>${row}</arg>
<arg>console=True</arg>
<doc>Logs the given message with the given level.</doc>
<msg timestamp="20231101 17:00:48.448" level="INFO">[{'Imeis': '863268050609451'}, {'Imeis': '863268050609683'}]</msg>
<status status="PASS" starttime="20231101 17:00:48.447" endtime="20231101 17:00:48.449"/>
</kw>
<for flavor="IN RANGE">
<var>${counter}</var>
<value>2</value>
<value>${next}</value>
<iter>
<var name="${counter}">2</var>
<kw name="Get Cell Value" library="RPA.Excel.Files">
<var>${column}</var>
<arg>${counter}</arg>
<arg>A</arg>
<doc>Get a cell value in the given worksheet.</doc>
<msg timestamp="20231101 17:00:48.451" level="INFO">${column} = 863268050609451</msg>
<status status="PASS" starttime="20231101 17:00:48.450" endtime="20231101 17:00:48.452"/>
</kw>
<kw name="Input Text" library="RPA.SAP">
<arg>/app/con[0]/ses[0]/wnd[1]/usr/tabsTAB_STRIP/tabpSIVA/ssubSCREEN_HEADER:SAPLALDB:3010/tblSAPLALDBSINGLE/txtRSCSEL_255-SLOW_I[1,${counter-2}]</arg>
<arg>${column}</arg>
<doc>Inserts the given text into the text field identified by locator.
Use keyword `input password` to insert a password in a text field.</doc>
<msg timestamp="20231101 17:00:48.577" level="INFO">Typing text '863268050609451' into text field '/app/con[0]/ses[0]/wnd[1]/usr/tabsTAB_STRIP/tabpSIVA/ssubSCREEN_HEADER:SAPLALDB:3010/tblSAPLALDBSINGLE/txtRSCSEL_255-SLOW_I[1,0]'.</msg>
<status status="PASS" starttime="20231101 17:00:48.452" endtime="20231101 17:00:48.578"/>
</kw>
<status status="PASS" starttime="20231101 17:00:48.450" endtime="20231101 17:00:48.578"/>
</iter>
<iter>
<var name="${counter}">3</var>
<kw name="Get Cell Value" library="RPA.Excel.Files">
<var>${column}</var>
<arg>${counter}</arg>
<arg>A</arg>
<doc>Get a cell value in the given worksheet.</doc>
<msg timestamp="20231101 17:00:48.580" level="INFO">${column} = 863268050609683</msg>
<status status="PASS" starttime="20231101 17:00:48.579" endtime="20231101 17:00:48.580"/>
</kw>
<kw name="Input Text" library="RPA.SAP">
<arg>/app/con[0]/ses[0]/wnd[1]/usr/tabsTAB_STRIP/tabpSIVA/ssubSCREEN_HEADER:SAPLALDB:3010/tblSAPLALDBSINGLE/txtRSCSEL_255-SLOW_I[1,${counter-2}]</arg>
<arg>${column}</arg>
<doc>Inserts the given text into the text field identified by locator.
Use keyword `input password` to insert a password in a text field.</doc>
<msg timestamp="20231101 17:00:48.598" level="INFO">Typing text '863268050609683' into text field '/app/con[0]/ses[0]/wnd[1]/usr/tabsTAB_STRIP/tabpSIVA/ssubSCREEN_HEADER:SAPLALDB:3010/tblSAPLALDBSINGLE/txtRSCSEL_255-SLOW_I[1,1]'.</msg>
<status status="PASS" starttime="20231101 17:00:48.580" endtime="20231101 17:00:48.598"/>
</kw>
<status status="PASS" starttime="20231101 17:00:48.578" endtime="20231101 17:00:48.598"/>
</iter>
<status status="PASS" starttime="20231101 17:00:48.449" endtime="20231101 17:00:48.599"/>
</for>
<kw name="CapturaPantalla" library="Script">
<kw name="Sleep" library="BuiltIn">
<arg>1s</arg>
<doc>Pauses the test executed for the given time.</doc>
<msg timestamp="20231101 17:00:49.600" level="INFO">Slept 1 second</msg>
<status status="PASS" starttime="20231101 17:00:48.600" endtime="20231101 17:00:49.600"/>
</kw>
<kw name="Take Screenshot" library="Screenshot">
<doc>Takes a screenshot in JPEG format and embeds it into the log file.</doc>
<msg timestamp="20231101 17:00:49.646" level="INFO" html="true">&lt;a href="Images/screenshot_55.jpg"&gt;&lt;img src="Images/screenshot_55.jpg" width="800px"&gt;&lt;/a&gt;</msg>
<status status="PASS" starttime="20231101 17:00:49.601" endtime="20231101 17:00:49.646"/>
</kw>
<status status="PASS" starttime="20231101 17:00:48.599" endtime="20231101 17:00:49.647"/>
</kw>
<kw name="Sleep" library="BuiltIn">
<arg>1</arg>
<doc>Pauses the test executed for the given time.</doc>
<msg timestamp="20231101 17:00:50.648" level="INFO">Slept 1 second</msg>
<status status="PASS" starttime="20231101 17:00:49.647" endtime="20231101 17:00:50.649"/>
</kw>
<kw name="Click Element" library="RPA.SAP">
<arg>${btnGuardarNumerosSerieIQ09}</arg>
<doc>Performs a single click on a given element. Used only for buttons, tabs and menu items.</doc>
<status status="PASS" starttime="20231101 17:00:50.649" endtime="20231101 17:00:51.167"/>
</kw>
<kw name="Sleep" library="BuiltIn">
<arg>1</arg>
<doc>Pauses the test executed for the given time.</doc>
<msg timestamp="20231101 17:00:52.168" level="INFO">Slept 1 second</msg>
<status status="PASS" starttime="20231101 17:00:51.168" endtime="20231101 17:00:52.168"/>
</kw>
<kw name="Click Element" library="RPA.SAP">
<arg>${btnValidarStock}</arg>
<doc>Performs a single click on a given element. Used only for buttons, tabs and menu items.</doc>
<status status="PASS" starttime="20231101 17:00:52.169" endtime="20231101 17:00:52.762"/>
</kw>
<kw name="Sleep" library="BuiltIn">
<arg>1</arg>
<doc>Pauses the test executed for the given time.</doc>
<msg timestamp="20231101 17:00:53.764" level="INFO">Slept 1 second</msg>
<status status="PASS" starttime="20231101 17:00:52.763" endtime="20231101 17:00:53.764"/>
</kw>
<kw name="CapturaPantalla" library="Script">
<kw name="Sleep" library="BuiltIn">
<arg>1s</arg>
<doc>Pauses the test executed for the given time.</doc>
<msg timestamp="20231101 17:00:54.766" level="INFO">Slept 1 second</msg>
<status status="PASS" starttime="20231101 17:00:53.765" endtime="20231101 17:00:54.767"/>
</kw>
<kw name="Take Screenshot" library="Screenshot">
<doc>Takes a screenshot in JPEG format and embeds it into the log file.</doc>
<msg timestamp="20231101 17:00:54.834" level="INFO" html="true">&lt;a href="Images/screenshot_56.jpg"&gt;&lt;img src="Images/screenshot_56.jpg" width="800px"&gt;&lt;/a&gt;</msg>
<status status="PASS" starttime="20231101 17:00:54.767" endtime="20231101 17:00:54.835"/>
</kw>
<status status="PASS" starttime="20231101 17:00:53.765" endtime="20231101 17:00:54.836"/>
</kw>
<kw name="CANTIDAD_CLICK_ELEMENTO_RPA_SAP" library="funciones">
<arg>2</arg>
<arg>${btnAtras}</arg>
<for flavor="IN RANGE">
<var>${i}</var>
<value>0</value>
<value>${cantClicks}</value>
<iter>
<var name="${i}">0</var>
<kw name="Click Element" library="RPA.SAP">
<arg>${rutaElemento}</arg>
<doc>Performs a single click on a given element. Used only for buttons, tabs and menu items.</doc>
<status status="PASS" starttime="20231101 17:00:54.839" endtime="20231101 17:00:55.609"/>
</kw>
<kw name="Sleep" library="BuiltIn">
<arg>1s</arg>
<doc>Pauses the test executed for the given time.</doc>
<msg timestamp="20231101 17:00:56.611" level="INFO">Slept 1 second</msg>
<status status="PASS" starttime="20231101 17:00:55.609" endtime="20231101 17:00:56.611"/>
</kw>
<if>
<branch type="IF" condition="${i} == ${CantClicks}">
<break>
<status status="NOT RUN" starttime="20231101 17:00:56.612" endtime="20231101 17:00:56.613"/>
</break>
<status status="NOT RUN" starttime="20231101 17:00:56.612" endtime="20231101 17:00:56.613"/>
</branch>
<status status="PASS" starttime="20231101 17:00:56.612" endtime="20231101 17:00:56.613"/>
</if>
<status status="PASS" starttime="20231101 17:00:54.838" endtime="20231101 17:00:56.613"/>
</iter>
<iter>
<var name="${i}">1</var>
<kw name="Click Element" library="RPA.SAP">
<arg>${rutaElemento}</arg>
<doc>Performs a single click on a given element. Used only for buttons, tabs and menu items.</doc>
<status status="PASS" starttime="20231101 17:00:56.614" endtime="20231101 17:00:56.892"/>
</kw>
<kw name="Sleep" library="BuiltIn">
<arg>1s</arg>
<doc>Pauses the test executed for the given time.</doc>
<msg timestamp="20231101 17:00:57.895" level="INFO">Slept 1 second</msg>
<status status="PASS" starttime="20231101 17:00:56.893" endtime="20231101 17:00:57.895"/>
</kw>
<if>
<branch type="IF" condition="${i} == ${CantClicks}">
<break>
<status status="NOT RUN" starttime="20231101 17:00:57.895" endtime="20231101 17:00:57.895"/>
</break>
<status status="NOT RUN" starttime="20231101 17:00:57.895" endtime="20231101 17:00:57.896"/>
</branch>
<status status="PASS" starttime="20231101 17:00:57.895" endtime="20231101 17:00:57.896"/>
</if>
<status status="PASS" starttime="20231101 17:00:56.613" endtime="20231101 17:00:57.896"/>
</iter>
<status status="PASS" starttime="20231101 17:00:54.838" endtime="20231101 17:00:57.896"/>
</for>
<status status="PASS" starttime="20231101 17:00:54.836" endtime="20231101 17:00:57.897"/>
</kw>
<kw name="Create File" library="RPA.FileSystem">
<arg>..\\SAP\\Resources\\rpa_validacion_traslado.txt</arg>
<arg>content=Validación Stock traslado - ${transaccionMB52}\n CódigoMaterial: ${codigoMaterial}\n CAV: ${centroOrigenMaterial}\n LibreUtilización: ${txtLibreUtilizacion}\n\n\nInicio traslado material - ${transaccionME21N}\n Centro Origen: ${centroOrigenMaterial}\n Org.Compras: ${orgCompras} - ${textoOrgCompra}\n GrupoCompras: ${grupoCompras} - ${textoGrupoCompra}\n Sociedad: ${sociedad} - ${textoSociedad}\n\n Centro Destino: ${centroDestinoMaterial} - ${textoCavDestino}\n CodigoMaterial: ${codigoMaterial}\n CantidadPedidoMaterial: ${cantidadPedidoMaterial}\n\n ${txtNumeroPedidoSAP}\n\n\n Inicio Pedidos De Compras - ${transaccionVL10B}\n Pto.expedic/Pto.recepción: ${centroOrigenMaterial}\n DocumentoCompra: ${txtIdNumeroPedidoSAPME21N}\n\n NÚMERO DOCUMENTO COMERCIAL: ${obtenerIdNumeroVL10B}\n\n\n Entr.Traslado ${obtenerIdNumeroVL10B} - ${transaccionVL02N}\n ${txtNumeroTrasladoVL02N}\n\n\n Transacción ${transaccionMIGO}\n ${numDocumentoMaterialMigo}</arg>
<arg>encoding=utf-8</arg>
<arg>overwrite=True</arg>
<doc>Creates a new text file, and writes content if any is given.</doc>
<status status="PASS" starttime="20231101 17:00:57.897" endtime="20231101 17:00:57.902"/>
</kw>
<kw name="CERRAR_APLICATIVO_SAP" library="funciones">
<kw name="Press Keys" library="RPA.Desktop">
<arg>alt</arg>
<arg>F4</arg>
<doc>Press multiple keys down simultaneously.</doc>
<msg timestamp="20231101 17:00:57.904" level="INFO">Pressing keys: Key.alt, Key.f4</msg>
<status status="PASS" starttime="20231101 17:00:57.904" endtime="20231101 17:00:57.906"/>
</kw>
<kw name="Press Keys" library="RPA.Desktop">
<arg>tab</arg>
<doc>Press multiple keys down simultaneously.</doc>
<msg timestamp="20231101 17:00:57.908" level="INFO">Pressing keys: Key.tab</msg>
<status status="PASS" starttime="20231101 17:00:57.907" endtime="20231101 17:00:58.016"/>
</kw>
<kw name="Sleep" library="BuiltIn">
<arg>2s</arg>
<doc>Pauses the test executed for the given time.</doc>
<msg timestamp="20231101 17:01:00.020" level="INFO">Slept 2 seconds</msg>
<status status="PASS" starttime="20231101 17:00:58.017" endtime="20231101 17:01:00.020"/>
</kw>
<kw name="Press Keys" library="RPA.Desktop">
<arg>tab</arg>
<doc>Press multiple keys down simultaneously.</doc>
<msg timestamp="20231101 17:01:00.021" level="INFO">Pressing keys: Key.tab</msg>
<status status="PASS" starttime="20231101 17:01:00.021" endtime="20231101 17:01:00.023"/>
</kw>
<kw name="Press Keys" library="RPA.Desktop">
<arg>enter</arg>
<doc>Press multiple keys down simultaneously.</doc>
<msg timestamp="20231101 17:01:00.026" level="INFO">Pressing keys: Key.enter</msg>
<status status="PASS" starttime="20231101 17:01:00.024" endtime="20231101 17:01:00.124"/>
</kw>
<status status="PASS" starttime="20231101 17:00:57.903" endtime="20231101 17:01:00.125"/>
</kw>
<status status="PASS" starttime="20231101 16:59:12.954" endtime="20231101 17:01:00.126"/>
</branch>
<status status="PASS" starttime="20231101 16:59:12.949" endtime="20231101 17:01:00.126"/>
</if>
<status status="PASS" starttime="20231101 16:58:44.835" endtime="20231101 17:01:00.126"/>
</branch>
<branch type="ELSE">
<kw name="Create File" library="RPA.FileSystem">
<arg>..\\SAP\\Resources\\rpa_validacion_traslado.txt</arg>
<arg>content=Validación Stock traslado - ${transaccionMB52}\n CódigoMaterial: ${codigoMaterial}\n CAV: ${centroOrigenMaterial}\n LibreUtilización: ${txtLibreUtilizacion}\n\nMaterial sin STOCK!</arg>
<arg>encoding=utf-8</arg>
<arg>overwrite=True</arg>
<doc>Creates a new text file, and writes content if any is given.</doc>
<status status="NOT RUN" starttime="20231101 17:01:00.127" endtime="20231101 17:01:00.128"/>
</kw>
<kw name="CERRAR_APLICATIVO_SAP" library="funciones">
<status status="NOT RUN" starttime="20231101 17:01:00.128" endtime="20231101 17:01:00.129"/>
</kw>
<kw name="Sleep" library="BuiltIn">
<arg>1</arg>
<doc>Pauses the test executed for the given time.</doc>
<status status="NOT RUN" starttime="20231101 17:01:00.130" endtime="20231101 17:01:00.130"/>
</kw>
<status status="NOT RUN" starttime="20231101 17:01:00.127" endtime="20231101 17:01:00.130"/>
</branch>
<status status="PASS" starttime="20231101 16:58:44.835" endtime="20231101 17:01:00.130"/>
</if>
<status status="PASS" starttime="20231101 16:58:36.976" endtime="20231101 17:01:00.131"/>
</kw>
<status status="PASS" starttime="20231101 16:58:20.820" endtime="20231101 17:01:00.132"/>
</test>
<status status="PASS" starttime="20231101 16:58:18.443" endtime="20231101 17:01:00.141"/>
</suite>
<statistics>
<total>
<stat pass="1" fail="0" skip="0">All Tests</stat>
</total>
<tag>
</tag>
<suite>
<stat pass="1" fail="0" skip="0" id="s1" name="SAP">SAP</stat>
</suite>
</statistics>
<errors>
</errors>
</robot>
