<?xml version="1.0" encoding="UTF-8"?>
<robot generator="Robot 6.1.1 (Python 3.11.5 on win32)" generated="20231109 11:24:27.527" rpa="false" schemaversion="4">
<suite id="s1" name="Ejecucion Iq09" source="d:\proyectos-vc\AutomationSAP\SAP\TestCases\ejecucion_iq09.robot">
<test id="s1-t1" name="Transaccion IQ09 Confirmación Imeis Excel" line="29">
<kw name="abrir_sap" library="abrirSAP">
<kw name="Windows Run" library="RPA.Windows">
<arg>saplogon.exe</arg>
<tag>window</tag>
<doc>Use Windows Run window to launch an application.</doc>
<msg timestamp="20231109 11:24:29.811" level="INFO">Sending keys '{Win}r' to element: &lt;module 'uiautomation' from 'C:\\Users\\pinillaj\\AppData\\Local\\Programs\\Python\\Python311\\Lib\\site-packages\\uiautomation\\__init__.py'&gt;</msg>
<msg timestamp="20231109 11:24:30.377" level="INFO">Sending keys 'saplogon.exe' to element: &lt;module 'uiautomation' from 'C:\\Users\\pinillaj\\AppData\\Local\\Programs\\Python\\Python311\\Lib\\site-packages\\uiautomation\\__init__.py'&gt;</msg>
<msg timestamp="20231109 11:24:31.010" level="INFO">Sending keys '{Enter}' to element: &lt;module 'uiautomation' from 'C:\\Users\\pinillaj\\AppData\\Local\\Programs\\Python\\Python311\\Lib\\site-packages\\uiautomation\\__init__.py'&gt;</msg>
<status status="PASS" starttime="20231109 11:24:29.810" endtime="20231109 11:24:34.536"/>
</kw>
<status status="PASS" starttime="20231109 11:24:29.809" endtime="20231109 11:24:34.537"/>
</kw>
<kw name="login_sap" library="loginSAP">
<for flavor="IN RANGE">
<var>${Conteo}</var>
<value>0</value>
<value>99999999</value>
<iter>
<var name="${Conteo}">0</var>
<kw name="Run Keyword And Return Status" library="BuiltIn">
<var>${Login}</var>
<arg>RPA.SAP.Connect To Session</arg>
<doc>Runs the given keyword with given arguments and returns the status as a Boolean value.</doc>
<kw name="Connect To Session" library="RPA.SAP">
<doc>Connects to an open session SAP.</doc>
<status status="PASS" starttime="20231109 11:24:36.323" endtime="20231109 11:24:36.363"/>
</kw>
<msg timestamp="20231109 11:24:36.364" level="INFO">${Login} = True</msg>
<status status="PASS" starttime="20231109 11:24:36.322" endtime="20231109 11:24:36.364"/>
</kw>
<if>
<branch type="IF" condition="${Login}== True">
<break>
<status status="PASS" starttime="20231109 11:24:36.365" endtime="20231109 11:24:36.365"/>
</break>
<status status="PASS" starttime="20231109 11:24:36.364" endtime="20231109 11:24:36.365"/>
</branch>
<status status="PASS" starttime="20231109 11:24:36.364" endtime="20231109 11:24:36.366"/>
</if>
<status status="PASS" starttime="20231109 11:24:36.322" endtime="20231109 11:24:36.366"/>
</iter>
<status status="PASS" starttime="20231109 11:24:34.539" endtime="20231109 11:24:36.366"/>
</for>
<kw name="Open Connection" library="RPA.SAP">
<arg>SAP EQA</arg>
<doc>Opens a connection to the given connection name. Be sure to provide the full connection name, including the bracket part.</doc>
<status status="PASS" starttime="20231109 11:24:36.367" endtime="20231109 11:24:37.557"/>
</kw>
<kw name="Input Text" library="RPA.SAP">
<arg>${nvaLoginSAP}${txtUsuario}</arg>
<arg>${usuarioSAP}</arg>
<doc>Inserts the given text into the text field identified by locator.
Use keyword `input password` to insert a password in a text field.</doc>
<msg timestamp="20231109 11:24:37.619" level="INFO">Typing text 'CO_HITSS' into text field '/app/con[0]/ses[0]/wnd[0]/usr/txtRSYST-BNAME'.</msg>
<status status="PASS" starttime="20231109 11:24:37.558" endtime="20231109 11:24:37.621"/>
</kw>
<kw name="CapturaPantalla" library="Script">
<kw name="Sleep" library="BuiltIn">
<arg>1s</arg>
<doc>Pauses the test executed for the given time.</doc>
<msg timestamp="20231109 11:24:38.624" level="INFO">Slept 1 second</msg>
<status status="PASS" starttime="20231109 11:24:37.622" endtime="20231109 11:24:38.627"/>
</kw>
<kw name="Take Screenshot" library="Screenshot">
<doc>Takes a screenshot in JPEG format and embeds it into the log file.</doc>
<msg timestamp="20231109 11:24:40.182" level="INFO" html="true">&lt;a href="Images/screenshot_1.jpg"&gt;&lt;img src="Images/screenshot_1.jpg" width="800px"&gt;&lt;/a&gt;</msg>
<status status="PASS" starttime="20231109 11:24:38.628" endtime="20231109 11:24:40.183"/>
</kw>
<status status="PASS" starttime="20231109 11:24:37.621" endtime="20231109 11:24:40.183"/>
</kw>
<kw name="Input Password" library="RPA.SAP">
<arg>${nvaLoginSAP}${txtClave}</arg>
<arg>${claveSAP}</arg>
<doc>Inserts the given password into the text field identified by locator.
The password is not recorded in the log.</doc>
<msg timestamp="20231109 11:24:40.199" level="INFO">Typing password into text field '/app/con[0]/ses[0]/wnd[0]/usr/pwdRSYST-BCODE'.</msg>
<status status="PASS" starttime="20231109 11:24:40.183" endtime="20231109 11:24:40.200"/>
</kw>
<kw name="CapturaPantalla" library="Script">
<kw name="Sleep" library="BuiltIn">
<arg>1s</arg>
<doc>Pauses the test executed for the given time.</doc>
<msg timestamp="20231109 11:24:41.201" level="INFO">Slept 1 second</msg>
<status status="PASS" starttime="20231109 11:24:40.200" endtime="20231109 11:24:41.201"/>
</kw>
<kw name="Take Screenshot" library="Screenshot">
<doc>Takes a screenshot in JPEG format and embeds it into the log file.</doc>
<msg timestamp="20231109 11:24:41.276" level="INFO" html="true">&lt;a href="Images/screenshot_2.jpg"&gt;&lt;img src="Images/screenshot_2.jpg" width="800px"&gt;&lt;/a&gt;</msg>
<status status="PASS" starttime="20231109 11:24:41.202" endtime="20231109 11:24:41.277"/>
</kw>
<status status="PASS" starttime="20231109 11:24:40.200" endtime="20231109 11:24:41.277"/>
</kw>
<kw name="Click Element" library="RPA.SAP">
<arg>${nvaLoginSAP}${btnLogin}</arg>
<doc>Performs a single click on a given element. Used only for buttons, tabs and menu items.</doc>
<status status="PASS" starttime="20231109 11:24:41.278" endtime="20231109 11:24:41.669"/>
</kw>
<kw name="Run Keyword And Return Status" library="BuiltIn">
<var>${ElementoPresente}</var>
<arg>Element Should Be Present</arg>
<arg>${vnaSesionAbierta}</arg>
<doc>Runs the given keyword with given arguments and returns the status as a Boolean value.</doc>
<kw name="Element Should Be Present" library="RPA.SAP">
<arg>${vnaSesionAbierta}</arg>
<doc>Checks whether an element is present on the screen.</doc>
<status status="PASS" starttime="20231109 11:24:41.671" endtime="20231109 11:24:41.685"/>
</kw>
<msg timestamp="20231109 11:24:41.685" level="INFO">${ElementoPresente} = True</msg>
<status status="PASS" starttime="20231109 11:24:41.670" endtime="20231109 11:24:41.685"/>
</kw>
<if>
<branch type="IF" condition="${ElementoPresente} == $True">
<kw name="CapturaPantalla" library="Script">
<kw name="Sleep" library="BuiltIn">
<arg>1s</arg>
<doc>Pauses the test executed for the given time.</doc>
<msg timestamp="20231109 11:24:42.691" level="INFO">Slept 1 second</msg>
<status status="PASS" starttime="20231109 11:24:41.690" endtime="20231109 11:24:42.692"/>
</kw>
<kw name="Take Screenshot" library="Screenshot">
<doc>Takes a screenshot in JPEG format and embeds it into the log file.</doc>
<msg timestamp="20231109 11:24:42.747" level="INFO" html="true">&lt;a href="Images/screenshot_3.jpg"&gt;&lt;img src="Images/screenshot_3.jpg" width="800px"&gt;&lt;/a&gt;</msg>
<status status="PASS" starttime="20231109 11:24:42.692" endtime="20231109 11:24:42.748"/>
</kw>
<status status="PASS" starttime="20231109 11:24:41.690" endtime="20231109 11:24:42.748"/>
</kw>
<kw name="Select Radio Button" library="RPA.SAP">
<arg>${vnaSesionAbierta}${rbtnOpcionDos}</arg>
<doc>Sets radio button to the specified value.</doc>
<status status="PASS" starttime="20231109 11:24:42.749" endtime="20231109 11:24:42.767"/>
</kw>
<kw name="CapturaPantalla" library="Script">
<kw name="Sleep" library="BuiltIn">
<arg>1s</arg>
<doc>Pauses the test executed for the given time.</doc>
<msg timestamp="20231109 11:24:43.770" level="INFO">Slept 1 second</msg>
<status status="PASS" starttime="20231109 11:24:42.769" endtime="20231109 11:24:43.770"/>
</kw>
<kw name="Take Screenshot" library="Screenshot">
<doc>Takes a screenshot in JPEG format and embeds it into the log file.</doc>
<msg timestamp="20231109 11:24:43.809" level="INFO" html="true">&lt;a href="Images/screenshot_4.jpg"&gt;&lt;img src="Images/screenshot_4.jpg" width="800px"&gt;&lt;/a&gt;</msg>
<status status="PASS" starttime="20231109 11:24:43.771" endtime="20231109 11:24:43.810"/>
</kw>
<status status="PASS" starttime="20231109 11:24:42.768" endtime="20231109 11:24:43.810"/>
</kw>
<kw name="Click Element" library="RPA.SAP">
<arg>${vnaSesionAbierta}${btnCheckOK}</arg>
<doc>Performs a single click on a given element. Used only for buttons, tabs and menu items.</doc>
<status status="PASS" starttime="20231109 11:24:43.810" endtime="20231109 11:24:45.389"/>
</kw>
<kw name="CapturaPantalla" library="Script">
<kw name="Sleep" library="BuiltIn">
<arg>1s</arg>
<doc>Pauses the test executed for the given time.</doc>
<msg timestamp="20231109 11:24:46.392" level="INFO">Slept 1 second</msg>
<status status="PASS" starttime="20231109 11:24:45.390" endtime="20231109 11:24:46.393"/>
</kw>
<kw name="Take Screenshot" library="Screenshot">
<doc>Takes a screenshot in JPEG format and embeds it into the log file.</doc>
<msg timestamp="20231109 11:24:46.450" level="INFO" html="true">&lt;a href="Images/screenshot_5.jpg"&gt;&lt;img src="Images/screenshot_5.jpg" width="800px"&gt;&lt;/a&gt;</msg>
<status status="PASS" starttime="20231109 11:24:46.393" endtime="20231109 11:24:46.450"/>
</kw>
<status status="PASS" starttime="20231109 11:24:45.390" endtime="20231109 11:24:46.451"/>
</kw>
<status status="PASS" starttime="20231109 11:24:41.686" endtime="20231109 11:24:46.451"/>
</branch>
<status status="PASS" starttime="20231109 11:24:41.686" endtime="20231109 11:24:46.451"/>
</if>
<status status="PASS" starttime="20231109 11:24:34.538" endtime="20231109 11:24:46.451"/>
</kw>
<kw name="iq09 - confirmacion imeis excel" library="transaccion_iq09">
<kw name="Send Keys" library="RPA.Windows">
<arg>keys=${transaccionIQ09}</arg>
<tag>action</tag>
<tag>keyboard</tag>
<doc>Send keys to desktop, current window or to Control element
defined by given locator.</doc>
<msg timestamp="20231109 11:24:46.454" level="INFO">Sending keys 'IQ09' to element: &lt;module 'uiautomation' from 'C:\\Users\\pinillaj\\AppData\\Local\\Programs\\Python\\Python311\\Lib\\site-packages\\uiautomation\\__init__.py'&gt;</msg>
<status status="PASS" starttime="20231109 11:24:46.453" endtime="20231109 11:24:47.001"/>
</kw>
<kw name="CapturaPantalla" library="Script">
<kw name="Sleep" library="BuiltIn">
<arg>1s</arg>
<doc>Pauses the test executed for the given time.</doc>
<msg timestamp="20231109 11:24:48.003" level="INFO">Slept 1 second</msg>
<status status="PASS" starttime="20231109 11:24:47.002" endtime="20231109 11:24:48.003"/>
</kw>
<kw name="Take Screenshot" library="Screenshot">
<doc>Takes a screenshot in JPEG format and embeds it into the log file.</doc>
<msg timestamp="20231109 11:24:48.059" level="INFO" html="true">&lt;a href="Images/screenshot_6.jpg"&gt;&lt;img src="Images/screenshot_6.jpg" width="800px"&gt;&lt;/a&gt;</msg>
<status status="PASS" starttime="20231109 11:24:48.004" endtime="20231109 11:24:48.060"/>
</kw>
<status status="PASS" starttime="20231109 11:24:47.001" endtime="20231109 11:24:48.060"/>
</kw>
<kw name="Sleep" library="BuiltIn">
<arg>1</arg>
<doc>Pauses the test executed for the given time.</doc>
<msg timestamp="20231109 11:24:49.062" level="INFO">Slept 1 second</msg>
<status status="PASS" starttime="20231109 11:24:48.061" endtime="20231109 11:24:49.062"/>
</kw>
<kw name="Click Element" library="RPA.SAP">
<arg>${btnCheckTransaccion}</arg>
<doc>Performs a single click on a given element. Used only for buttons, tabs and menu items.</doc>
<status status="PASS" starttime="20231109 11:24:49.063" endtime="20231109 11:24:50.084"/>
</kw>
<kw name="Sleep" library="BuiltIn">
<arg>1</arg>
<doc>Pauses the test executed for the given time.</doc>
<msg timestamp="20231109 11:24:51.086" level="INFO">Slept 1 second</msg>
<status status="PASS" starttime="20231109 11:24:50.085" endtime="20231109 11:24:51.086"/>
</kw>
<kw name="Click Element" library="RPA.SAP">
<arg>${btnNumeroSerieIQ09}</arg>
<doc>Performs a single click on a given element. Used only for buttons, tabs and menu items.</doc>
<status status="PASS" starttime="20231109 11:24:51.087" endtime="20231109 11:24:51.727"/>
</kw>
<kw name="Open Workbook" library="RPA.Excel.Files">
<arg>${pathExcel}</arg>
<doc>Open an existing Excel workbook.</doc>
<msg timestamp="20231109 11:24:51.821" level="INFO">Opened workbook: &lt;RPA.Excel.Files.XlsxWorkbook object at 0x00000178F759E5D0&gt;</msg>
<status status="PASS" starttime="20231109 11:24:51.727" endtime="20231109 11:24:51.821"/>
</kw>
<kw name="Read Worksheet" library="RPA.Excel.Files">
<var>${row}</var>
<arg>header=true</arg>
<doc>Read the content of a worksheet into a list of dictionaries.</doc>
<msg timestamp="20231109 11:24:51.823" level="INFO">${row} = [{}, {}, {}]</msg>
<status status="PASS" starttime="20231109 11:24:51.822" endtime="20231109 11:24:51.823"/>
</kw>
<kw name="Find Empty Row" library="RPA.Excel.Files">
<var>${next}</var>
<doc>Find the first empty row after existing content,
and return the row number.</doc>
<msg timestamp="20231109 11:24:51.825" level="INFO">${next} = 5</msg>
<status status="PASS" starttime="20231109 11:24:51.824" endtime="20231109 11:24:51.825"/>
</kw>
<for flavor="IN RANGE">
<var>${counter}</var>
<value>3</value>
<value>${next}</value>
<iter>
<var name="${counter}">3</var>
<kw name="Get Cell Value" library="RPA.Excel.Files">
<var>${column}</var>
<arg>${counter}</arg>
<arg>A</arg>
<doc>Get a cell value in the given worksheet.</doc>
<msg timestamp="20231109 11:24:51.827" level="INFO">${column} = 863268050609451</msg>
<status status="PASS" starttime="20231109 11:24:51.826" endtime="20231109 11:24:51.827"/>
</kw>
<kw name="Input Text" library="RPA.SAP">
<arg>/app/con[0]/ses[0]/wnd[1]/usr/tabsTAB_STRIP/tabpSIVA/ssubSCREEN_HEADER:SAPLALDB:3010/tblSAPLALDBSINGLE/txtRSCSEL_255-SLOW_I[1,${counter-3}]</arg>
<arg>${column}</arg>
<doc>Inserts the given text into the text field identified by locator.
Use keyword `input password` to insert a password in a text field.</doc>
<msg timestamp="20231109 11:24:51.883" level="INFO">Typing text '863268050609451' into text field '/app/con[0]/ses[0]/wnd[1]/usr/tabsTAB_STRIP/tabpSIVA/ssubSCREEN_HEADER:SAPLALDB:3010/tblSAPLALDBSINGLE/txtRSCSEL_255-SLOW_I[1,0]'.</msg>
<status status="PASS" starttime="20231109 11:24:51.827" endtime="20231109 11:24:51.883"/>
</kw>
<status status="PASS" starttime="20231109 11:24:51.826" endtime="20231109 11:24:51.883"/>
</iter>
<iter>
<var name="${counter}">4</var>
<kw name="Get Cell Value" library="RPA.Excel.Files">
<var>${column}</var>
<arg>${counter}</arg>
<arg>A</arg>
<doc>Get a cell value in the given worksheet.</doc>
<msg timestamp="20231109 11:24:51.885" level="INFO">${column} = 863268050609683</msg>
<status status="PASS" starttime="20231109 11:24:51.884" endtime="20231109 11:24:51.885"/>
</kw>
<kw name="Input Text" library="RPA.SAP">
<arg>/app/con[0]/ses[0]/wnd[1]/usr/tabsTAB_STRIP/tabpSIVA/ssubSCREEN_HEADER:SAPLALDB:3010/tblSAPLALDBSINGLE/txtRSCSEL_255-SLOW_I[1,${counter-3}]</arg>
<arg>${column}</arg>
<doc>Inserts the given text into the text field identified by locator.
Use keyword `input password` to insert a password in a text field.</doc>
<msg timestamp="20231109 11:24:51.903" level="INFO">Typing text '863268050609683' into text field '/app/con[0]/ses[0]/wnd[1]/usr/tabsTAB_STRIP/tabpSIVA/ssubSCREEN_HEADER:SAPLALDB:3010/tblSAPLALDBSINGLE/txtRSCSEL_255-SLOW_I[1,1]'.</msg>
<status status="PASS" starttime="20231109 11:24:51.885" endtime="20231109 11:24:51.904"/>
</kw>
<status status="PASS" starttime="20231109 11:24:51.884" endtime="20231109 11:24:51.904"/>
</iter>
<status status="PASS" starttime="20231109 11:24:51.825" endtime="20231109 11:24:51.904"/>
</for>
<kw name="CapturaPantalla" library="Script">
<kw name="Sleep" library="BuiltIn">
<arg>1s</arg>
<doc>Pauses the test executed for the given time.</doc>
<msg timestamp="20231109 11:24:52.906" level="INFO">Slept 1 second</msg>
<status status="PASS" starttime="20231109 11:24:51.905" endtime="20231109 11:24:52.906"/>
</kw>
<kw name="Take Screenshot" library="Screenshot">
<doc>Takes a screenshot in JPEG format and embeds it into the log file.</doc>
<msg timestamp="20231109 11:24:52.955" level="INFO" html="true">&lt;a href="Images/screenshot_7.jpg"&gt;&lt;img src="Images/screenshot_7.jpg" width="800px"&gt;&lt;/a&gt;</msg>
<status status="PASS" starttime="20231109 11:24:52.906" endtime="20231109 11:24:52.955"/>
</kw>
<status status="PASS" starttime="20231109 11:24:51.904" endtime="20231109 11:24:52.955"/>
</kw>
<kw name="Sleep" library="BuiltIn">
<arg>1</arg>
<doc>Pauses the test executed for the given time.</doc>
<msg timestamp="20231109 11:24:53.956" level="INFO">Slept 1 second</msg>
<status status="PASS" starttime="20231109 11:24:52.956" endtime="20231109 11:24:53.956"/>
</kw>
<kw name="Click Element" library="RPA.SAP">
<arg>${btnGuardarNumerosSerieIQ09}</arg>
<doc>Performs a single click on a given element. Used only for buttons, tabs and menu items.</doc>
<status status="PASS" starttime="20231109 11:24:53.957" endtime="20231109 11:24:54.401"/>
</kw>
<kw name="Sleep" library="BuiltIn">
<arg>1</arg>
<doc>Pauses the test executed for the given time.</doc>
<msg timestamp="20231109 11:24:55.403" level="INFO">Slept 1 second</msg>
<status status="PASS" starttime="20231109 11:24:54.401" endtime="20231109 11:24:55.403"/>
</kw>
<kw name="Click Element" library="RPA.SAP">
<arg>${btnValidarStock}</arg>
<doc>Performs a single click on a given element. Used only for buttons, tabs and menu items.</doc>
<status status="PASS" starttime="20231109 11:24:55.403" endtime="20231109 11:24:56.648"/>
</kw>
<kw name="Sleep" library="BuiltIn">
<arg>1</arg>
<doc>Pauses the test executed for the given time.</doc>
<msg timestamp="20231109 11:24:57.650" level="INFO">Slept 1 second</msg>
<status status="PASS" starttime="20231109 11:24:56.649" endtime="20231109 11:24:57.650"/>
</kw>
<kw name="CapturaPantalla" library="Script">
<kw name="Sleep" library="BuiltIn">
<arg>1s</arg>
<doc>Pauses the test executed for the given time.</doc>
<msg timestamp="20231109 11:24:58.653" level="INFO">Slept 1 second</msg>
<status status="PASS" starttime="20231109 11:24:57.651" endtime="20231109 11:24:58.653"/>
</kw>
<kw name="Take Screenshot" library="Screenshot">
<doc>Takes a screenshot in JPEG format and embeds it into the log file.</doc>
<msg timestamp="20231109 11:24:58.711" level="INFO" html="true">&lt;a href="Images/screenshot_8.jpg"&gt;&lt;img src="Images/screenshot_8.jpg" width="800px"&gt;&lt;/a&gt;</msg>
<status status="PASS" starttime="20231109 11:24:58.654" endtime="20231109 11:24:58.712"/>
</kw>
<status status="PASS" starttime="20231109 11:24:57.651" endtime="20231109 11:24:58.712"/>
</kw>
<kw name="CANTIDAD_CLICK_ELEMENTO_RPA_SAP" library="funciones">
<arg>2</arg>
<arg>${btnAtras}</arg>
<for flavor="IN RANGE">
<var>${i}</var>
<value>0</value>
<value>${cantClicks}</value>
<iter>
<var name="${i}">0</var>
<kw name="Click Element" library="RPA.SAP">
<arg>${rutaElemento}</arg>
<doc>Performs a single click on a given element. Used only for buttons, tabs and menu items.</doc>
<status status="PASS" starttime="20231109 11:24:58.715" endtime="20231109 11:24:59.735"/>
</kw>
<kw name="Sleep" library="BuiltIn">
<arg>1s</arg>
<doc>Pauses the test executed for the given time.</doc>
<msg timestamp="20231109 11:25:00.736" level="INFO">Slept 1 second</msg>
<status status="PASS" starttime="20231109 11:24:59.736" endtime="20231109 11:25:00.742"/>
</kw>
<if>
<branch type="IF" condition="${i} == ${CantClicks}">
<break>
<status status="NOT RUN" starttime="20231109 11:25:00.743" endtime="20231109 11:25:00.744"/>
</break>
<status status="NOT RUN" starttime="20231109 11:25:00.743" endtime="20231109 11:25:00.744"/>
</branch>
<status status="PASS" starttime="20231109 11:25:00.743" endtime="20231109 11:25:00.744"/>
</if>
<status status="PASS" starttime="20231109 11:24:58.714" endtime="20231109 11:25:00.744"/>
</iter>
<iter>
<var name="${i}">1</var>
<kw name="Click Element" library="RPA.SAP">
<arg>${rutaElemento}</arg>
<doc>Performs a single click on a given element. Used only for buttons, tabs and menu items.</doc>
<status status="PASS" starttime="20231109 11:25:00.745" endtime="20231109 11:25:01.275"/>
</kw>
<kw name="Sleep" library="BuiltIn">
<arg>1s</arg>
<doc>Pauses the test executed for the given time.</doc>
<msg timestamp="20231109 11:25:02.277" level="INFO">Slept 1 second</msg>
<status status="PASS" starttime="20231109 11:25:01.275" endtime="20231109 11:25:02.277"/>
</kw>
<if>
<branch type="IF" condition="${i} == ${CantClicks}">
<break>
<status status="NOT RUN" starttime="20231109 11:25:02.278" endtime="20231109 11:25:02.279"/>
</break>
<status status="NOT RUN" starttime="20231109 11:25:02.278" endtime="20231109 11:25:02.279"/>
</branch>
<status status="PASS" starttime="20231109 11:25:02.278" endtime="20231109 11:25:02.279"/>
</if>
<status status="PASS" starttime="20231109 11:25:00.745" endtime="20231109 11:25:02.279"/>
</iter>
<status status="PASS" starttime="20231109 11:24:58.713" endtime="20231109 11:25:02.279"/>
</for>
<status status="PASS" starttime="20231109 11:24:58.713" endtime="20231109 11:25:02.279"/>
</kw>
<kw name="CERRAR_APLICATIVO_SAP" library="funciones">
<kw name="Press Keys" library="RPA.Desktop">
<arg>alt</arg>
<arg>F4</arg>
<doc>Press multiple keys down simultaneously.</doc>
<msg timestamp="20231109 11:25:02.281" level="INFO">Pressing keys: Key.alt, Key.f4</msg>
<status status="PASS" starttime="20231109 11:25:02.280" endtime="20231109 11:25:02.284"/>
</kw>
<kw name="Press Keys" library="RPA.Desktop">
<arg>tab</arg>
<doc>Press multiple keys down simultaneously.</doc>
<msg timestamp="20231109 11:25:02.286" level="INFO">Pressing keys: Key.tab</msg>
<status status="PASS" starttime="20231109 11:25:02.284" endtime="20231109 11:25:02.385"/>
</kw>
<kw name="Sleep" library="BuiltIn">
<arg>2s</arg>
<doc>Pauses the test executed for the given time.</doc>
<msg timestamp="20231109 11:25:04.387" level="INFO">Slept 2 seconds</msg>
<status status="PASS" starttime="20231109 11:25:02.386" endtime="20231109 11:25:04.388"/>
</kw>
<kw name="Press Keys" library="RPA.Desktop">
<arg>tab</arg>
<doc>Press multiple keys down simultaneously.</doc>
<msg timestamp="20231109 11:25:04.389" level="INFO">Pressing keys: Key.tab</msg>
<status status="PASS" starttime="20231109 11:25:04.388" endtime="20231109 11:25:04.390"/>
</kw>
<kw name="Press Keys" library="RPA.Desktop">
<arg>enter</arg>
<doc>Press multiple keys down simultaneously.</doc>
<msg timestamp="20231109 11:25:04.392" level="INFO">Pressing keys: Key.enter</msg>
<status status="PASS" starttime="20231109 11:25:04.391" endtime="20231109 11:25:04.492"/>
</kw>
<status status="PASS" starttime="20231109 11:25:02.280" endtime="20231109 11:25:04.493"/>
</kw>
<status status="PASS" starttime="20231109 11:24:46.452" endtime="20231109 11:25:04.494"/>
</kw>
<status status="PASS" starttime="20231109 11:24:29.808" endtime="20231109 11:25:04.495"/>
</test>
<status status="PASS" starttime="20231109 11:24:27.544" endtime="20231109 11:25:04.499"/>
</suite>
<statistics>
<total>
<stat pass="1" fail="0" skip="0">All Tests</stat>
</total>
<tag>
</tag>
<suite>
<stat pass="1" fail="0" skip="0" id="s1" name="Ejecucion Iq09">Ejecucion Iq09</stat>
</suite>
</statistics>
<errors>
</errors>
</robot>
