<?xml version="1.0" encoding="UTF-8"?>
<robot generator="Robot 6.1.1 (Python 3.11.5 on win32)" generated="20230919 09:07:07.631" rpa="false" schemaversion="4">
<suite id="s1" name="SAP" source="d:\proyectos-vc\AutomationSAP\SAP\TestCases\SAP.robot">
<test id="s1-t1" name="PROCESO SAP" line="7">
<kw name="abrir_sap" library="abrirSAP">
<kw name="Windows Run" library="RPA.Windows">
<arg>saplogon.exe</arg>
<tag>window</tag>
<doc>Use Windows Run window to launch an application.</doc>
<msg timestamp="20230919 09:07:09.307" level="INFO">Sending keys '{Win}r' to element: &lt;module 'uiautomation' from 'C:\\Users\\pinillaj\\AppData\\Local\\Programs\\Python\\Python311\\Lib\\site-packages\\uiautomation\\__init__.py'&gt;</msg>
<msg timestamp="20230919 09:07:09.873" level="INFO">Sending keys 'saplogon.exe' to element: &lt;module 'uiautomation' from 'C:\\Users\\pinillaj\\AppData\\Local\\Programs\\Python\\Python311\\Lib\\site-packages\\uiautomation\\__init__.py'&gt;</msg>
<msg timestamp="20230919 09:07:10.506" level="INFO">Sending keys '{Enter}' to element: &lt;module 'uiautomation' from 'C:\\Users\\pinillaj\\AppData\\Local\\Programs\\Python\\Python311\\Lib\\site-packages\\uiautomation\\__init__.py'&gt;</msg>
<status status="PASS" starttime="20230919 09:07:09.307" endtime="20230919 09:07:14.030"/>
</kw>
<status status="PASS" starttime="20230919 09:07:09.307" endtime="20230919 09:07:14.030"/>
</kw>
<kw name="login_sap" library="loginSAP">
<for flavor="IN RANGE">
<var>${Conteo}</var>
<value>0</value>
<value>99999999</value>
<iter>
<var name="${Conteo}">0</var>
<kw name="Run Keyword And Return Status" library="BuiltIn">
<var>${Login}</var>
<arg>RPA.SAP.Connect To Session</arg>
<doc>Runs the given keyword with given arguments and returns the status as a Boolean value.</doc>
<kw name="Connect To Session" library="RPA.SAP">
<doc>Connects to an open session SAP.</doc>
<status status="PASS" starttime="20230919 09:07:15.951" endtime="20230919 09:07:16.018"/>
</kw>
<msg timestamp="20230919 09:07:16.018" level="INFO">${Login} = True</msg>
<status status="PASS" starttime="20230919 09:07:15.951" endtime="20230919 09:07:16.018"/>
</kw>
<kw name="Exit For Loop If" library="BuiltIn">
<arg>${Login}== True</arg>
<doc>Stops executing the enclosing FOR loop if the ``condition`` is true.</doc>
<msg timestamp="20230919 09:07:16.018" level="INFO">Exiting for loop altogether.</msg>
<status status="PASS" starttime="20230919 09:07:16.018" endtime="20230919 09:07:16.032"/>
</kw>
<status status="PASS" starttime="20230919 09:07:15.951" endtime="20230919 09:07:16.032"/>
</iter>
<status status="PASS" starttime="20230919 09:07:14.033" endtime="20230919 09:07:16.032"/>
</for>
<kw name="Open Connection" library="RPA.SAP">
<arg>SAP EQA</arg>
<doc>Opens a connection to the given connection name. Be sure to provide the full connection name, including the bracket part.</doc>
<status status="PASS" starttime="20230919 09:07:16.032" endtime="20230919 09:07:17.733"/>
</kw>
<kw name="Input Text" library="RPA.SAP">
<arg>${nvaLoginSAP}${txtUsuario}</arg>
<arg>${usuarioSAP}</arg>
<doc>Inserts the given text into the text field identified by locator.
Use keyword `input password` to insert a password in a text field.</doc>
<msg timestamp="20230919 09:07:17.799" level="INFO">Typing text 'CO_HITSS' into text field '/app/con[0]/ses[0]/wnd[0]/usr/txtRSYST-BNAME'.</msg>
<status status="PASS" starttime="20230919 09:07:17.733" endtime="20230919 09:07:17.799"/>
</kw>
<kw name="Input Password" library="RPA.SAP">
<arg>${nvaLoginSAP}${txtClave}</arg>
<arg>${claveSAP}</arg>
<doc>Inserts the given password into the text field identified by locator.
The password is not recorded in the log.</doc>
<msg timestamp="20230919 09:07:17.799" level="INFO">Typing password into text field '/app/con[0]/ses[0]/wnd[0]/usr/pwdRSYST-BCODE'.</msg>
<status status="PASS" starttime="20230919 09:07:17.799" endtime="20230919 09:07:17.799"/>
</kw>
<kw name="Click Element" library="RPA.SAP">
<arg>${nvaLoginSAP}${btnLogin}</arg>
<doc>Performs a single click on a given element. Used only for buttons, tabs and menu items.</doc>
<status status="PASS" starttime="20230919 09:07:17.799" endtime="20230919 09:07:18.320"/>
</kw>
<if>
<branch type="IF" condition="${True}">
<kw name="Select Radio Button" library="RPA.SAP">
<arg>${vnaSesionAbierta}${rbtnOpcionDos}</arg>
<doc>Sets radio button to the specified value.</doc>
<status status="PASS" starttime="20230919 09:07:18.320" endtime="20230919 09:07:18.351"/>
</kw>
<kw name="Click Element" library="RPA.SAP">
<arg>${vnaSesionAbierta}${btnCheckOK}</arg>
<doc>Performs a single click on a given element. Used only for buttons, tabs and menu items.</doc>
<status status="PASS" starttime="20230919 09:07:18.351" endtime="20230919 09:07:19.634"/>
</kw>
<status status="PASS" starttime="20230919 09:07:18.320" endtime="20230919 09:07:19.634"/>
</branch>
<branch type="ELSE">
<kw name="Log" library="BuiltIn">
<arg>${mensajeLoginSAP2}</arg>
<arg>console=True</arg>
<doc>Logs the given message with the given level.</doc>
<status status="NOT RUN" starttime="20230919 09:07:19.634" endtime="20230919 09:07:19.634"/>
</kw>
<status status="NOT RUN" starttime="20230919 09:07:19.634" endtime="20230919 09:07:19.634"/>
</branch>
<status status="PASS" starttime="20230919 09:07:18.320" endtime="20230919 09:07:19.634"/>
</if>
<status status="PASS" starttime="20230919 09:07:14.030" endtime="20230919 09:07:19.634"/>
</kw>
<kw name="transaccion_mb52" library="transaction_mb52">
<arg>7005695</arg>
<kw name="Send Keys" library="RPA.Windows">
<arg>keys=${transaccionMB52}</arg>
<tag>action</tag>
<tag>keyboard</tag>
<doc>Send keys to desktop, current window or to Control element
defined by given locator.</doc>
<msg timestamp="20230919 09:07:19.634" level="INFO">Sending keys 'MB52' to element: &lt;module 'uiautomation' from 'C:\\Users\\pinillaj\\AppData\\Local\\Programs\\Python\\Python311\\Lib\\site-packages\\uiautomation\\__init__.py'&gt;</msg>
<status status="PASS" starttime="20230919 09:07:19.634" endtime="20230919 09:07:20.189"/>
</kw>
<kw name="Click Element" library="RPA.SAP">
<arg>${btnCheckTransaccion}</arg>
<doc>Performs a single click on a given element. Used only for buttons, tabs and menu items.</doc>
<status status="PASS" starttime="20230919 09:07:20.189" endtime="20230919 09:07:20.933"/>
</kw>
<kw name="Input Text" library="RPA.SAP">
<arg>${txtMaterialMb52}</arg>
<arg>${codigoMaterial}</arg>
<doc>Inserts the given text into the text field identified by locator.
Use keyword `input password` to insert a password in a text field.</doc>
<msg timestamp="20230919 09:07:21.016" level="INFO">Typing text '7005695' into text field '/app/con[0]/ses[0]/wnd[0]/usr/ctxtMATNR-LOW'.</msg>
<status status="PASS" starttime="20230919 09:07:20.933" endtime="20230919 09:07:21.016"/>
</kw>
<kw name="Click Element" library="RPA.SAP">
<arg>${btnValidarStock}</arg>
<doc>Performs a single click on a given element. Used only for buttons, tabs and menu items.</doc>
<status status="PASS" starttime="20230919 09:07:21.016" endtime="20230919 09:07:22.699"/>
</kw>
<status status="PASS" starttime="20230919 09:07:19.634" endtime="20230919 09:07:22.699"/>
</kw>
<status status="PASS" starttime="20230919 09:07:09.307" endtime="20230919 09:07:22.699"/>
</test>
<status status="PASS" starttime="20230919 09:07:07.642" endtime="20230919 09:07:22.699"/>
</suite>
<statistics>
<total>
<stat pass="1" fail="0" skip="0">All Tests</stat>
</total>
<tag>
</tag>
<suite>
<stat pass="1" fail="0" skip="0" id="s1" name="SAP">SAP</stat>
</suite>
</statistics>
<errors>
<msg timestamp="20230919 09:07:09.223" level="WARN">Environment variable `RC_JAVA_ACCESS_BRIDGE_DLL` needs to be set to absolute path of `WindowsAccessBridge-64.dll`</msg>
</errors>
</robot>
