<?xml version="1.0" encoding="UTF-8"?>
<robot generator="Robot 6.1.1 (Python 3.11.5 on win32)" generated="20231107 14:15:03.334" rpa="false" schemaversion="4">
<suite id="s1" name="Ejecucion Iq09" source="d:\proyectos-vc\AutomationSAP\SAP\TestCases\ejecucion_iq09.robot">
<test id="s1-t1" name="Transaccion IQ09 Confirmación Imeis Excel" line="26">
<kw name="abrir_sap" library="abrirSAP">
<kw name="Windows Run" library="RPA.Windows">
<arg>saplogon.exe</arg>
<tag>window</tag>
<doc>Use Windows Run window to launch an application.</doc>
<msg timestamp="20231107 14:15:06.055" level="INFO">Sending keys '{Win}r' to element: &lt;module 'uiautomation' from 'C:\\Users\\pinillaj\\AppData\\Local\\Programs\\Python\\Python311\\Lib\\site-packages\\uiautomation\\__init__.py'&gt;</msg>
<msg timestamp="20231107 14:15:06.617" level="INFO">Sending keys 'saplogon.exe' to element: &lt;module 'uiautomation' from 'C:\\Users\\pinillaj\\AppData\\Local\\Programs\\Python\\Python311\\Lib\\site-packages\\uiautomation\\__init__.py'&gt;</msg>
<msg timestamp="20231107 14:15:07.252" level="INFO">Sending keys '{Enter}' to element: &lt;module 'uiautomation' from 'C:\\Users\\pinillaj\\AppData\\Local\\Programs\\Python\\Python311\\Lib\\site-packages\\uiautomation\\__init__.py'&gt;</msg>
<status status="PASS" starttime="20231107 14:15:06.054" endtime="20231107 14:15:10.777"/>
</kw>
<status status="PASS" starttime="20231107 14:15:06.053" endtime="20231107 14:15:10.777"/>
</kw>
<kw name="login_sap" library="loginSAP">
<for flavor="IN RANGE">
<var>${Conteo}</var>
<value>0</value>
<value>99999999</value>
<iter>
<var name="${Conteo}">0</var>
<kw name="Run Keyword And Return Status" library="BuiltIn">
<var>${Login}</var>
<arg>RPA.SAP.Connect To Session</arg>
<doc>Runs the given keyword with given arguments and returns the status as a Boolean value.</doc>
<kw name="Connect To Session" library="RPA.SAP">
<doc>Connects to an open session SAP.</doc>
<status status="PASS" starttime="20231107 14:15:12.882" endtime="20231107 14:15:12.944"/>
</kw>
<msg timestamp="20231107 14:15:12.944" level="INFO">${Login} = True</msg>
<status status="PASS" starttime="20231107 14:15:12.882" endtime="20231107 14:15:12.944"/>
</kw>
<if>
<branch type="IF" condition="${Login}== True">
<break>
<status status="PASS" starttime="20231107 14:15:12.945" endtime="20231107 14:15:12.945"/>
</break>
<status status="PASS" starttime="20231107 14:15:12.944" endtime="20231107 14:15:12.945"/>
</branch>
<status status="PASS" starttime="20231107 14:15:12.944" endtime="20231107 14:15:12.945"/>
</if>
<status status="PASS" starttime="20231107 14:15:12.881" endtime="20231107 14:15:12.945"/>
</iter>
<status status="PASS" starttime="20231107 14:15:10.779" endtime="20231107 14:15:12.945"/>
</for>
<kw name="Open Connection" library="RPA.SAP">
<arg>SAP EQA</arg>
<doc>Opens a connection to the given connection name. Be sure to provide the full connection name, including the bracket part.</doc>
<status status="PASS" starttime="20231107 14:15:12.946" endtime="20231107 14:15:14.270"/>
</kw>
<kw name="Input Text" library="RPA.SAP">
<arg>${nvaLoginSAP}${txtUsuario}</arg>
<arg>${usuarioSAP}</arg>
<doc>Inserts the given text into the text field identified by locator.
Use keyword `input password` to insert a password in a text field.</doc>
<msg timestamp="20231107 14:15:14.338" level="INFO">Typing text 'CO_HITSS' into text field '/app/con[0]/ses[0]/wnd[0]/usr/txtRSYST-BNAME'.</msg>
<status status="PASS" starttime="20231107 14:15:14.271" endtime="20231107 14:15:14.340"/>
</kw>
<kw name="CapturaPantalla" library="Script">
<kw name="Sleep" library="BuiltIn">
<arg>1s</arg>
<doc>Pauses the test executed for the given time.</doc>
<msg timestamp="20231107 14:15:15.343" level="INFO">Slept 1 second</msg>
<status status="PASS" starttime="20231107 14:15:14.341" endtime="20231107 14:15:15.348"/>
</kw>
<kw name="Take Screenshot" library="Screenshot">
<doc>Takes a screenshot in JPEG format and embeds it into the log file.</doc>
<msg timestamp="20231107 14:15:17.020" level="INFO" html="true">&lt;a href="Images/screenshot_9.jpg"&gt;&lt;img src="Images/screenshot_9.jpg" width="800px"&gt;&lt;/a&gt;</msg>
<status status="PASS" starttime="20231107 14:15:15.348" endtime="20231107 14:15:17.021"/>
</kw>
<status status="PASS" starttime="20231107 14:15:14.340" endtime="20231107 14:15:17.021"/>
</kw>
<kw name="Input Password" library="RPA.SAP">
<arg>${nvaLoginSAP}${txtClave}</arg>
<arg>${claveSAP}</arg>
<doc>Inserts the given password into the text field identified by locator.
The password is not recorded in the log.</doc>
<msg timestamp="20231107 14:15:17.040" level="INFO">Typing password into text field '/app/con[0]/ses[0]/wnd[0]/usr/pwdRSYST-BCODE'.</msg>
<status status="PASS" starttime="20231107 14:15:17.021" endtime="20231107 14:15:17.041"/>
</kw>
<kw name="CapturaPantalla" library="Script">
<kw name="Sleep" library="BuiltIn">
<arg>1s</arg>
<doc>Pauses the test executed for the given time.</doc>
<msg timestamp="20231107 14:15:18.043" level="INFO">Slept 1 second</msg>
<status status="PASS" starttime="20231107 14:15:17.042" endtime="20231107 14:15:18.043"/>
</kw>
<kw name="Take Screenshot" library="Screenshot">
<doc>Takes a screenshot in JPEG format and embeds it into the log file.</doc>
<msg timestamp="20231107 14:15:18.091" level="INFO" html="true">&lt;a href="Images/screenshot_10.jpg"&gt;&lt;img src="Images/screenshot_10.jpg" width="800px"&gt;&lt;/a&gt;</msg>
<status status="PASS" starttime="20231107 14:15:18.044" endtime="20231107 14:15:18.092"/>
</kw>
<status status="PASS" starttime="20231107 14:15:17.041" endtime="20231107 14:15:18.092"/>
</kw>
<kw name="Click Element" library="RPA.SAP">
<arg>${nvaLoginSAP}${btnLogin}</arg>
<doc>Performs a single click on a given element. Used only for buttons, tabs and menu items.</doc>
<status status="PASS" starttime="20231107 14:15:18.092" endtime="20231107 14:15:18.509"/>
</kw>
<kw name="Run Keyword And Return Status" library="BuiltIn">
<var>${ElementoPresente}</var>
<arg>Element Should Be Present</arg>
<arg>${vnaSesionAbierta}</arg>
<doc>Runs the given keyword with given arguments and returns the status as a Boolean value.</doc>
<kw name="Element Should Be Present" library="RPA.SAP">
<arg>${vnaSesionAbierta}</arg>
<doc>Checks whether an element is present on the screen.</doc>
<status status="PASS" starttime="20231107 14:15:18.511" endtime="20231107 14:15:18.520"/>
</kw>
<msg timestamp="20231107 14:15:18.520" level="INFO">${ElementoPresente} = True</msg>
<status status="PASS" starttime="20231107 14:15:18.510" endtime="20231107 14:15:18.520"/>
</kw>
<if>
<branch type="IF" condition="${ElementoPresente} == $True">
<kw name="CapturaPantalla" library="Script">
<kw name="Sleep" library="BuiltIn">
<arg>1s</arg>
<doc>Pauses the test executed for the given time.</doc>
<msg timestamp="20231107 14:15:19.527" level="INFO">Slept 1 second</msg>
<status status="PASS" starttime="20231107 14:15:18.526" endtime="20231107 14:15:19.528"/>
</kw>
<kw name="Take Screenshot" library="Screenshot">
<doc>Takes a screenshot in JPEG format and embeds it into the log file.</doc>
<msg timestamp="20231107 14:15:19.584" level="INFO" html="true">&lt;a href="Images/screenshot_11.jpg"&gt;&lt;img src="Images/screenshot_11.jpg" width="800px"&gt;&lt;/a&gt;</msg>
<status status="PASS" starttime="20231107 14:15:19.528" endtime="20231107 14:15:19.585"/>
</kw>
<status status="PASS" starttime="20231107 14:15:18.525" endtime="20231107 14:15:19.585"/>
</kw>
<kw name="Select Radio Button" library="RPA.SAP">
<arg>${vnaSesionAbierta}${rbtnOpcionDos}</arg>
<doc>Sets radio button to the specified value.</doc>
<status status="PASS" starttime="20231107 14:15:19.585" endtime="20231107 14:15:19.603"/>
</kw>
<kw name="CapturaPantalla" library="Script">
<kw name="Sleep" library="BuiltIn">
<arg>1s</arg>
<doc>Pauses the test executed for the given time.</doc>
<msg timestamp="20231107 14:15:20.604" level="INFO">Slept 1 second</msg>
<status status="PASS" starttime="20231107 14:15:19.604" endtime="20231107 14:15:20.605"/>
</kw>
<kw name="Take Screenshot" library="Screenshot">
<doc>Takes a screenshot in JPEG format and embeds it into the log file.</doc>
<msg timestamp="20231107 14:15:20.651" level="INFO" html="true">&lt;a href="Images/screenshot_12.jpg"&gt;&lt;img src="Images/screenshot_12.jpg" width="800px"&gt;&lt;/a&gt;</msg>
<status status="PASS" starttime="20231107 14:15:20.606" endtime="20231107 14:15:20.652"/>
</kw>
<status status="PASS" starttime="20231107 14:15:19.603" endtime="20231107 14:15:20.652"/>
</kw>
<kw name="Click Element" library="RPA.SAP">
<arg>${vnaSesionAbierta}${btnCheckOK}</arg>
<doc>Performs a single click on a given element. Used only for buttons, tabs and menu items.</doc>
<status status="PASS" starttime="20231107 14:15:20.653" endtime="20231107 14:15:21.485"/>
</kw>
<kw name="CapturaPantalla" library="Script">
<kw name="Sleep" library="BuiltIn">
<arg>1s</arg>
<doc>Pauses the test executed for the given time.</doc>
<msg timestamp="20231107 14:15:22.487" level="INFO">Slept 1 second</msg>
<status status="PASS" starttime="20231107 14:15:21.486" endtime="20231107 14:15:22.487"/>
</kw>
<kw name="Take Screenshot" library="Screenshot">
<doc>Takes a screenshot in JPEG format and embeds it into the log file.</doc>
<msg timestamp="20231107 14:15:22.535" level="INFO" html="true">&lt;a href="Images/screenshot_13.jpg"&gt;&lt;img src="Images/screenshot_13.jpg" width="800px"&gt;&lt;/a&gt;</msg>
<status status="PASS" starttime="20231107 14:15:22.488" endtime="20231107 14:15:22.535"/>
</kw>
<status status="PASS" starttime="20231107 14:15:21.485" endtime="20231107 14:15:22.536"/>
</kw>
<status status="PASS" starttime="20231107 14:15:18.521" endtime="20231107 14:15:22.536"/>
</branch>
<status status="PASS" starttime="20231107 14:15:18.521" endtime="20231107 14:15:22.536"/>
</if>
<status status="PASS" starttime="20231107 14:15:10.778" endtime="20231107 14:15:22.536"/>
</kw>
<kw name="iq09 - confirmacion imeis excel" library="transaccion_iq09">
<kw name="Send Keys" library="RPA.Windows">
<arg>keys=${transaccionIQ09}</arg>
<tag>action</tag>
<tag>keyboard</tag>
<doc>Send keys to desktop, current window or to Control element
defined by given locator.</doc>
<msg timestamp="20231107 14:15:22.539" level="INFO">Sending keys 'IQ09' to element: &lt;module 'uiautomation' from 'C:\\Users\\pinillaj\\AppData\\Local\\Programs\\Python\\Python311\\Lib\\site-packages\\uiautomation\\__init__.py'&gt;</msg>
<status status="PASS" starttime="20231107 14:15:22.538" endtime="20231107 14:15:23.086"/>
</kw>
<kw name="CapturaPantalla" library="Script">
<kw name="Sleep" library="BuiltIn">
<arg>1s</arg>
<doc>Pauses the test executed for the given time.</doc>
<msg timestamp="20231107 14:15:24.088" level="INFO">Slept 1 second</msg>
<status status="PASS" starttime="20231107 14:15:23.087" endtime="20231107 14:15:24.089"/>
</kw>
<kw name="Take Screenshot" library="Screenshot">
<doc>Takes a screenshot in JPEG format and embeds it into the log file.</doc>
<msg timestamp="20231107 14:15:24.149" level="INFO" html="true">&lt;a href="Images/screenshot_14.jpg"&gt;&lt;img src="Images/screenshot_14.jpg" width="800px"&gt;&lt;/a&gt;</msg>
<status status="PASS" starttime="20231107 14:15:24.089" endtime="20231107 14:15:24.150"/>
</kw>
<status status="PASS" starttime="20231107 14:15:23.087" endtime="20231107 14:15:24.150"/>
</kw>
<kw name="Sleep" library="BuiltIn">
<arg>1</arg>
<doc>Pauses the test executed for the given time.</doc>
<msg timestamp="20231107 14:15:25.151" level="INFO">Slept 1 second</msg>
<status status="PASS" starttime="20231107 14:15:24.150" endtime="20231107 14:15:25.152"/>
</kw>
<kw name="Click Element" library="RPA.SAP">
<arg>${btnCheckTransaccion}</arg>
<doc>Performs a single click on a given element. Used only for buttons, tabs and menu items.</doc>
<status status="PASS" starttime="20231107 14:15:25.152" endtime="20231107 14:15:26.371"/>
</kw>
<kw name="Sleep" library="BuiltIn">
<arg>1</arg>
<doc>Pauses the test executed for the given time.</doc>
<msg timestamp="20231107 14:15:27.373" level="INFO">Slept 1 second</msg>
<status status="PASS" starttime="20231107 14:15:26.371" endtime="20231107 14:15:27.374"/>
</kw>
<kw name="Click Element" library="RPA.SAP">
<arg>${btnNumeroSerieIQ09}</arg>
<doc>Performs a single click on a given element. Used only for buttons, tabs and menu items.</doc>
<status status="PASS" starttime="20231107 14:15:27.374" endtime="20231107 14:15:27.904"/>
</kw>
<kw name="Open Workbook" library="RPA.Excel.Files">
<arg>${pathExcel}</arg>
<doc>Open an existing Excel workbook.</doc>
<msg timestamp="20231107 14:15:27.930" level="INFO">Opened workbook: &lt;RPA.Excel.Files.XlsxWorkbook object at 0x000001CC7FAB64D0&gt;</msg>
<status status="PASS" starttime="20231107 14:15:27.905" endtime="20231107 14:15:27.930"/>
</kw>
<kw name="Read Worksheet" library="RPA.Excel.Files">
<var>${row}</var>
<arg>header=true</arg>
<doc>Read the content of a worksheet into a list of dictionaries.</doc>
<msg timestamp="20231107 14:15:27.932" level="INFO">${row} = [{'Imeis': '863268050609451'}, {'Imeis': '863268050609683'}]</msg>
<status status="PASS" starttime="20231107 14:15:27.931" endtime="20231107 14:15:27.932"/>
</kw>
<kw name="Find Empty Row" library="RPA.Excel.Files">
<var>${next}</var>
<doc>Find the first empty row after existing content,
and return the row number.</doc>
<msg timestamp="20231107 14:15:27.933" level="INFO">${next} = 4</msg>
<status status="PASS" starttime="20231107 14:15:27.933" endtime="20231107 14:15:27.933"/>
</kw>
<kw name="Log" library="BuiltIn">
<arg>${row}</arg>
<arg>console=True</arg>
<doc>Logs the given message with the given level.</doc>
<msg timestamp="20231107 14:15:27.934" level="INFO">[{'Imeis': '863268050609451'}, {'Imeis': '863268050609683'}]</msg>
<status status="PASS" starttime="20231107 14:15:27.934" endtime="20231107 14:15:27.935"/>
</kw>
<for flavor="IN RANGE">
<var>${counter}</var>
<value>2</value>
<value>${next}</value>
<iter>
<var name="${counter}">2</var>
<kw name="Get Cell Value" library="RPA.Excel.Files">
<var>${column}</var>
<arg>${counter}</arg>
<arg>A</arg>
<doc>Get a cell value in the given worksheet.</doc>
<msg timestamp="20231107 14:15:27.938" level="INFO">${column} = 863268050609451</msg>
<status status="PASS" starttime="20231107 14:15:27.937" endtime="20231107 14:15:27.938"/>
</kw>
<kw name="Input Text" library="RPA.SAP">
<arg>/app/con[0]/ses[0]/wnd[1]/usr/tabsTAB_STRIP/tabpSIVA/ssubSCREEN_HEADER:SAPLALDB:3010/tblSAPLALDBSINGLE/txtRSCSEL_255-SLOW_I[1,${counter-2}]</arg>
<arg>${column}</arg>
<doc>Inserts the given text into the text field identified by locator.
Use keyword `input password` to insert a password in a text field.</doc>
<msg timestamp="20231107 14:15:28.066" level="INFO">Typing text '863268050609451' into text field '/app/con[0]/ses[0]/wnd[1]/usr/tabsTAB_STRIP/tabpSIVA/ssubSCREEN_HEADER:SAPLALDB:3010/tblSAPLALDBSINGLE/txtRSCSEL_255-SLOW_I[1,0]'.</msg>
<status status="PASS" starttime="20231107 14:15:27.938" endtime="20231107 14:15:28.067"/>
</kw>
<status status="PASS" starttime="20231107 14:15:27.936" endtime="20231107 14:15:28.067"/>
</iter>
<iter>
<var name="${counter}">3</var>
<kw name="Get Cell Value" library="RPA.Excel.Files">
<var>${column}</var>
<arg>${counter}</arg>
<arg>A</arg>
<doc>Get a cell value in the given worksheet.</doc>
<msg timestamp="20231107 14:15:28.068" level="INFO">${column} = 863268050609683</msg>
<status status="PASS" starttime="20231107 14:15:28.068" endtime="20231107 14:15:28.069"/>
</kw>
<kw name="Input Text" library="RPA.SAP">
<arg>/app/con[0]/ses[0]/wnd[1]/usr/tabsTAB_STRIP/tabpSIVA/ssubSCREEN_HEADER:SAPLALDB:3010/tblSAPLALDBSINGLE/txtRSCSEL_255-SLOW_I[1,${counter-2}]</arg>
<arg>${column}</arg>
<doc>Inserts the given text into the text field identified by locator.
Use keyword `input password` to insert a password in a text field.</doc>
<msg timestamp="20231107 14:15:28.087" level="INFO">Typing text '863268050609683' into text field '/app/con[0]/ses[0]/wnd[1]/usr/tabsTAB_STRIP/tabpSIVA/ssubSCREEN_HEADER:SAPLALDB:3010/tblSAPLALDBSINGLE/txtRSCSEL_255-SLOW_I[1,1]'.</msg>
<status status="PASS" starttime="20231107 14:15:28.069" endtime="20231107 14:15:28.087"/>
</kw>
<status status="PASS" starttime="20231107 14:15:28.067" endtime="20231107 14:15:28.087"/>
</iter>
<status status="PASS" starttime="20231107 14:15:27.935" endtime="20231107 14:15:28.088"/>
</for>
<kw name="CapturaPantalla" library="Script">
<kw name="Sleep" library="BuiltIn">
<arg>1s</arg>
<doc>Pauses the test executed for the given time.</doc>
<msg timestamp="20231107 14:15:29.090" level="INFO">Slept 1 second</msg>
<status status="PASS" starttime="20231107 14:15:28.088" endtime="20231107 14:15:29.090"/>
</kw>
<kw name="Take Screenshot" library="Screenshot">
<doc>Takes a screenshot in JPEG format and embeds it into the log file.</doc>
<msg timestamp="20231107 14:15:29.142" level="INFO" html="true">&lt;a href="Images/screenshot_15.jpg"&gt;&lt;img src="Images/screenshot_15.jpg" width="800px"&gt;&lt;/a&gt;</msg>
<status status="PASS" starttime="20231107 14:15:29.090" endtime="20231107 14:15:29.143"/>
</kw>
<status status="PASS" starttime="20231107 14:15:28.088" endtime="20231107 14:15:29.143"/>
</kw>
<kw name="Sleep" library="BuiltIn">
<arg>1</arg>
<doc>Pauses the test executed for the given time.</doc>
<msg timestamp="20231107 14:15:30.143" level="INFO">Slept 1 second</msg>
<status status="PASS" starttime="20231107 14:15:29.143" endtime="20231107 14:15:30.143"/>
</kw>
<kw name="Click Element" library="RPA.SAP">
<arg>${btnGuardarNumerosSerieIQ09}</arg>
<doc>Performs a single click on a given element. Used only for buttons, tabs and menu items.</doc>
<status status="PASS" starttime="20231107 14:15:30.144" endtime="20231107 14:15:30.536"/>
</kw>
<kw name="Sleep" library="BuiltIn">
<arg>1</arg>
<doc>Pauses the test executed for the given time.</doc>
<msg timestamp="20231107 14:15:31.537" level="INFO">Slept 1 second</msg>
<status status="PASS" starttime="20231107 14:15:30.536" endtime="20231107 14:15:31.537"/>
</kw>
<kw name="Click Element" library="RPA.SAP">
<arg>${btnValidarStock}</arg>
<doc>Performs a single click on a given element. Used only for buttons, tabs and menu items.</doc>
<status status="PASS" starttime="20231107 14:15:31.538" endtime="20231107 14:15:32.970"/>
</kw>
<kw name="Sleep" library="BuiltIn">
<arg>1</arg>
<doc>Pauses the test executed for the given time.</doc>
<msg timestamp="20231107 14:15:33.972" level="INFO">Slept 1 second</msg>
<status status="PASS" starttime="20231107 14:15:32.971" endtime="20231107 14:15:33.972"/>
</kw>
<kw name="CapturaPantalla" library="Script">
<kw name="Sleep" library="BuiltIn">
<arg>1s</arg>
<doc>Pauses the test executed for the given time.</doc>
<msg timestamp="20231107 14:15:34.975" level="INFO">Slept 1 second</msg>
<status status="PASS" starttime="20231107 14:15:33.973" endtime="20231107 14:15:34.976"/>
</kw>
<kw name="Take Screenshot" library="Screenshot">
<doc>Takes a screenshot in JPEG format and embeds it into the log file.</doc>
<msg timestamp="20231107 14:15:35.034" level="INFO" html="true">&lt;a href="Images/screenshot_16.jpg"&gt;&lt;img src="Images/screenshot_16.jpg" width="800px"&gt;&lt;/a&gt;</msg>
<status status="PASS" starttime="20231107 14:15:34.976" endtime="20231107 14:15:35.034"/>
</kw>
<status status="PASS" starttime="20231107 14:15:33.973" endtime="20231107 14:15:35.035"/>
</kw>
<kw name="CANTIDAD_CLICK_ELEMENTO_RPA_SAP" library="funciones">
<arg>2</arg>
<arg>${btnAtras}</arg>
<for flavor="IN RANGE">
<var>${i}</var>
<value>0</value>
<value>${cantClicks}</value>
<iter>
<var name="${i}">0</var>
<kw name="Click Element" library="RPA.SAP">
<arg>${rutaElemento}</arg>
<doc>Performs a single click on a given element. Used only for buttons, tabs and menu items.</doc>
<status status="PASS" starttime="20231107 14:15:35.036" endtime="20231107 14:15:35.759"/>
</kw>
<kw name="Sleep" library="BuiltIn">
<arg>1s</arg>
<doc>Pauses the test executed for the given time.</doc>
<msg timestamp="20231107 14:15:36.761" level="INFO">Slept 1 second</msg>
<status status="PASS" starttime="20231107 14:15:35.759" endtime="20231107 14:15:36.767"/>
</kw>
<if>
<branch type="IF" condition="${i} == ${CantClicks}">
<break>
<status status="NOT RUN" starttime="20231107 14:15:36.768" endtime="20231107 14:15:36.768"/>
</break>
<status status="NOT RUN" starttime="20231107 14:15:36.767" endtime="20231107 14:15:36.768"/>
</branch>
<status status="PASS" starttime="20231107 14:15:36.767" endtime="20231107 14:15:36.768"/>
</if>
<status status="PASS" starttime="20231107 14:15:35.036" endtime="20231107 14:15:36.768"/>
</iter>
<iter>
<var name="${i}">1</var>
<kw name="Click Element" library="RPA.SAP">
<arg>${rutaElemento}</arg>
<doc>Performs a single click on a given element. Used only for buttons, tabs and menu items.</doc>
<status status="PASS" starttime="20231107 14:15:36.769" endtime="20231107 14:15:37.207"/>
</kw>
<kw name="Sleep" library="BuiltIn">
<arg>1s</arg>
<doc>Pauses the test executed for the given time.</doc>
<msg timestamp="20231107 14:15:38.209" level="INFO">Slept 1 second</msg>
<status status="PASS" starttime="20231107 14:15:37.208" endtime="20231107 14:15:38.210"/>
</kw>
<if>
<branch type="IF" condition="${i} == ${CantClicks}">
<break>
<status status="NOT RUN" starttime="20231107 14:15:38.211" endtime="20231107 14:15:38.211"/>
</break>
<status status="NOT RUN" starttime="20231107 14:15:38.210" endtime="20231107 14:15:38.211"/>
</branch>
<status status="PASS" starttime="20231107 14:15:38.210" endtime="20231107 14:15:38.211"/>
</if>
<status status="PASS" starttime="20231107 14:15:36.769" endtime="20231107 14:15:38.211"/>
</iter>
<status status="PASS" starttime="20231107 14:15:35.036" endtime="20231107 14:15:38.211"/>
</for>
<status status="PASS" starttime="20231107 14:15:35.035" endtime="20231107 14:15:38.212"/>
</kw>
<kw name="CERRAR_APLICATIVO_SAP" library="funciones">
<kw name="Press Keys" library="RPA.Desktop">
<arg>alt</arg>
<arg>F4</arg>
<doc>Press multiple keys down simultaneously.</doc>
<msg timestamp="20231107 14:15:38.214" level="INFO">Pressing keys: Key.alt, Key.f4</msg>
<status status="PASS" starttime="20231107 14:15:38.213" endtime="20231107 14:15:38.217"/>
</kw>
<kw name="Press Keys" library="RPA.Desktop">
<arg>tab</arg>
<doc>Press multiple keys down simultaneously.</doc>
<msg timestamp="20231107 14:15:38.219" level="INFO">Pressing keys: Key.tab</msg>
<status status="PASS" starttime="20231107 14:15:38.218" endtime="20231107 14:15:38.318"/>
</kw>
<kw name="Sleep" library="BuiltIn">
<arg>2s</arg>
<doc>Pauses the test executed for the given time.</doc>
<msg timestamp="20231107 14:15:40.319" level="INFO">Slept 2 seconds</msg>
<status status="PASS" starttime="20231107 14:15:38.319" endtime="20231107 14:15:40.319"/>
</kw>
<kw name="Press Keys" library="RPA.Desktop">
<arg>tab</arg>
<doc>Press multiple keys down simultaneously.</doc>
<msg timestamp="20231107 14:15:40.320" level="INFO">Pressing keys: Key.tab</msg>
<status status="PASS" starttime="20231107 14:15:40.320" endtime="20231107 14:15:40.322"/>
</kw>
<kw name="Press Keys" library="RPA.Desktop">
<arg>enter</arg>
<doc>Press multiple keys down simultaneously.</doc>
<msg timestamp="20231107 14:15:40.323" level="INFO">Pressing keys: Key.enter</msg>
<status status="PASS" starttime="20231107 14:15:40.322" endtime="20231107 14:15:40.424"/>
</kw>
<status status="PASS" starttime="20231107 14:15:38.212" endtime="20231107 14:15:40.425"/>
</kw>
<status status="PASS" starttime="20231107 14:15:22.537" endtime="20231107 14:15:40.425"/>
</kw>
<status status="PASS" starttime="20231107 14:15:06.052" endtime="20231107 14:15:40.436"/>
</test>
<status status="PASS" starttime="20231107 14:15:03.350" endtime="20231107 14:15:40.439"/>
</suite>
<statistics>
<total>
<stat pass="1" fail="0" skip="0">All Tests</stat>
</total>
<tag>
</tag>
<suite>
<stat pass="1" fail="0" skip="0" id="s1" name="Ejecucion Iq09">Ejecucion Iq09</stat>
</suite>
</statistics>
<errors>
</errors>
</robot>
