<?xml version="1.0" encoding="UTF-8"?>
<robot generator="Robot 6.1.1 (Python 3.11.5 on win32)" generated="20230919 16:01:10.464" rpa="false" schemaversion="4">
<suite id="s1" name="SAP" source="d:\proyectos-vc\AutomationSAP\SAP\TestCases\SAP.robot">
<test id="s1-t1" name="Transaccion ME21N - Traslado Material SAP" line="13">
<kw name="abrir_sap" library="abrirSAP">
<kw name="Windows Run" library="RPA.Windows">
<arg>saplogon.exe</arg>
<tag>window</tag>
<doc>Use Windows Run window to launch an application.</doc>
<msg timestamp="20230919 16:01:11.367" level="INFO">Sending keys '{Win}r' to element: &lt;module 'uiautomation' from 'C:\\Users\\pinillaj\\AppData\\Local\\Programs\\Python\\Python311\\Lib\\site-packages\\uiautomation\\__init__.py'&gt;</msg>
<msg timestamp="20230919 16:01:11.931" level="INFO">Sending keys 'saplogon.exe' to element: &lt;module 'uiautomation' from 'C:\\Users\\pinillaj\\AppData\\Local\\Programs\\Python\\Python311\\Lib\\site-packages\\uiautomation\\__init__.py'&gt;</msg>
<msg timestamp="20230919 16:01:12.566" level="INFO">Sending keys '{Enter}' to element: &lt;module 'uiautomation' from 'C:\\Users\\pinillaj\\AppData\\Local\\Programs\\Python\\Python311\\Lib\\site-packages\\uiautomation\\__init__.py'&gt;</msg>
<status status="PASS" starttime="20230919 16:01:11.367" endtime="20230919 16:01:16.089"/>
</kw>
<status status="PASS" starttime="20230919 16:01:11.367" endtime="20230919 16:01:16.089"/>
</kw>
<kw name="login_sap" library="loginSAP">
<for flavor="IN RANGE">
<var>${Conteo}</var>
<value>0</value>
<value>99999999</value>
<iter>
<var name="${Conteo}">0</var>
<kw name="Run Keyword And Return Status" library="BuiltIn">
<var>${Login}</var>
<arg>RPA.SAP.Connect To Session</arg>
<doc>Runs the given keyword with given arguments and returns the status as a Boolean value.</doc>
<kw name="Connect To Session" library="RPA.SAP">
<doc>Connects to an open session SAP.</doc>
<status status="PASS" starttime="20230919 16:01:18.681" endtime="20230919 16:01:18.714"/>
</kw>
<msg timestamp="20230919 16:01:18.714" level="INFO">${Login} = True</msg>
<status status="PASS" starttime="20230919 16:01:18.681" endtime="20230919 16:01:18.714"/>
</kw>
<kw name="Exit For Loop If" library="BuiltIn">
<arg>${Login}== True</arg>
<doc>Stops executing the enclosing FOR loop if the ``condition`` is true.</doc>
<msg timestamp="20230919 16:01:18.714" level="INFO">Exiting for loop altogether.</msg>
<status status="PASS" starttime="20230919 16:01:18.714" endtime="20230919 16:01:18.729"/>
</kw>
<status status="PASS" starttime="20230919 16:01:18.048" endtime="20230919 16:01:18.729"/>
</iter>
<status status="PASS" starttime="20230919 16:01:16.089" endtime="20230919 16:01:18.729"/>
</for>
<kw name="Open Connection" library="RPA.SAP">
<arg>SAP EQA</arg>
<doc>Opens a connection to the given connection name. Be sure to provide the full connection name, including the bracket part.</doc>
<status status="PASS" starttime="20230919 16:01:18.731" endtime="20230919 16:01:20.214"/>
</kw>
<kw name="Input Text" library="RPA.SAP">
<arg>${nvaLoginSAP}${txtUsuario}</arg>
<arg>${usuarioSAP}</arg>
<doc>Inserts the given text into the text field identified by locator.
Use keyword `input password` to insert a password in a text field.</doc>
<msg timestamp="20230919 16:01:20.297" level="INFO">Typing text 'CO_HITSS' into text field '/app/con[0]/ses[0]/wnd[0]/usr/txtRSYST-BNAME'.</msg>
<status status="PASS" starttime="20230919 16:01:20.214" endtime="20230919 16:01:20.297"/>
</kw>
<kw name="Input Password" library="RPA.SAP">
<arg>${nvaLoginSAP}${txtClave}</arg>
<arg>${claveSAP}</arg>
<doc>Inserts the given password into the text field identified by locator.
The password is not recorded in the log.</doc>
<msg timestamp="20230919 16:01:20.312" level="INFO">Typing password into text field '/app/con[0]/ses[0]/wnd[0]/usr/pwdRSYST-BCODE'.</msg>
<status status="PASS" starttime="20230919 16:01:20.297" endtime="20230919 16:01:20.312"/>
</kw>
<kw name="Click Element" library="RPA.SAP">
<arg>${nvaLoginSAP}${btnLogin}</arg>
<doc>Performs a single click on a given element. Used only for buttons, tabs and menu items.</doc>
<status status="PASS" starttime="20230919 16:01:20.312" endtime="20230919 16:01:20.814"/>
</kw>
<if>
<branch type="IF" condition="${True}">
<kw name="Select Radio Button" library="RPA.SAP">
<arg>${vnaSesionAbierta}${rbtnOpcionDos}</arg>
<doc>Sets radio button to the specified value.</doc>
<status status="PASS" starttime="20230919 16:01:20.814" endtime="20230919 16:01:20.836"/>
</kw>
<kw name="Click Element" library="RPA.SAP">
<arg>${vnaSesionAbierta}${btnCheckOK}</arg>
<doc>Performs a single click on a given element. Used only for buttons, tabs and menu items.</doc>
<status status="PASS" starttime="20230919 16:01:20.836" endtime="20230919 16:01:22.145"/>
</kw>
<status status="PASS" starttime="20230919 16:01:20.814" endtime="20230919 16:01:22.145"/>
</branch>
<branch type="ELSE">
<kw name="Log" library="BuiltIn">
<arg>No realiza segunda validación autenticación login SAP</arg>
<arg>console=True</arg>
<doc>Logs the given message with the given level.</doc>
<status status="NOT RUN" starttime="20230919 16:01:22.153" endtime="20230919 16:01:22.154"/>
</kw>
<status status="NOT RUN" starttime="20230919 16:01:22.145" endtime="20230919 16:01:22.154"/>
</branch>
<status status="PASS" starttime="20230919 16:01:20.814" endtime="20230919 16:01:22.154"/>
</if>
<status status="PASS" starttime="20230919 16:01:16.089" endtime="20230919 16:01:22.154"/>
</kw>
<kw name="transaccion_me21n" library="transaccion_me21n">
<kw name="Send Keys" library="RPA.Windows">
<arg>keys=${transaccionME21N}</arg>
<tag>action</tag>
<tag>keyboard</tag>
<doc>Send keys to desktop, current window or to Control element
defined by given locator.</doc>
<msg timestamp="20230919 16:01:22.154" level="INFO">Sending keys 'ME21N' to element: &lt;module 'uiautomation' from 'C:\\Users\\pinillaj\\AppData\\Local\\Programs\\Python\\Python311\\Lib\\site-packages\\uiautomation\\__init__.py'&gt;</msg>
<status status="PASS" starttime="20230919 16:01:22.154" endtime="20230919 16:01:22.720"/>
</kw>
<kw name="Click Element" library="RPA.SAP">
<arg>${btnCheckTransaccion}</arg>
<doc>Performs a single click on a given element. Used only for buttons, tabs and menu items.</doc>
<status status="PASS" starttime="20230919 16:01:22.720" endtime="20230919 16:01:24.380"/>
</kw>
<kw name="Click Element" library="RPA.SAP">
<arg>${pedidoTrasladoMe21n}</arg>
<doc>Performs a single click on a given element. Used only for buttons, tabs and menu items.</doc>
<msg timestamp="20230919 16:01:26.217" level="INFO" html="true">&lt;a href="sap-screenshot_23.jpg"&gt;&lt;img src="sap-screenshot_23.jpg" width="800px"&gt;&lt;/a&gt;</msg>
<msg timestamp="20230919 16:01:26.217" level="FAIL">ValueError: Cannot find element with id '/usr/subSUB0:SAPLMEGUI:0013/subSUB0:SAPLMEGUI:0030/subSUB1:SAPLMEGUI:1105/cmbMEPO_TOPLINE-BSART'</msg>
<status status="FAIL" starttime="20230919 16:01:24.380" endtime="20230919 16:01:26.227"/>
</kw>
<status status="FAIL" starttime="20230919 16:01:22.154" endtime="20230919 16:01:26.229"/>
</kw>
<status status="FAIL" starttime="20230919 16:01:11.367" endtime="20230919 16:01:26.229">ValueError: Cannot find element with id '/usr/subSUB0:SAPLMEGUI:0013/subSUB0:SAPLMEGUI:0030/subSUB1:SAPLMEGUI:1105/cmbMEPO_TOPLINE-BSART'</status>
</test>
<status status="FAIL" starttime="20230919 16:01:10.480" endtime="20230919 16:01:26.229"/>
</suite>
<statistics>
<total>
<stat pass="0" fail="1" skip="0">All Tests</stat>
</total>
<tag>
</tag>
<suite>
<stat pass="0" fail="1" skip="0" id="s1" name="SAP">SAP</stat>
</suite>
</statistics>
<errors>
</errors>
</robot>
