<?xml version="1.0" encoding="UTF-8"?>
<robot generator="Robot 6.1.1 (Python 3.11.5 on win32)" generated="20230921 15:51:12.219" rpa="false" schemaversion="4">
<suite id="s1" name="SAP" source="d:\proyectos-vc\AutomationSAP\SAP\TestCases\SAP.robot">
<test id="s1-t1" name="Transaccion ME21N - Traslado Material SAP" line="13">
<kw name="abrir_sap" library="abrirSAP">
<kw name="Windows Run" library="RPA.Windows">
<arg>saplogon.exe</arg>
<tag>window</tag>
<doc>Use Windows Run window to launch an application.</doc>
<msg timestamp="20230921 15:51:13.305" level="INFO">Sending keys '{Win}r' to element: &lt;module 'uiautomation' from 'C:\\Users\\pinillaj\\AppData\\Local\\Programs\\Python\\Python311\\Lib\\site-packages\\uiautomation\\__init__.py'&gt;</msg>
<msg timestamp="20230921 15:51:13.916" level="INFO">Sending keys 'saplogon.exe' to element: &lt;module 'uiautomation' from 'C:\\Users\\pinillaj\\AppData\\Local\\Programs\\Python\\Python311\\Lib\\site-packages\\uiautomation\\__init__.py'&gt;</msg>
<msg timestamp="20230921 15:51:14.557" level="INFO">Sending keys '{Enter}' to element: &lt;module 'uiautomation' from 'C:\\Users\\pinillaj\\AppData\\Local\\Programs\\Python\\Python311\\Lib\\site-packages\\uiautomation\\__init__.py'&gt;</msg>
<status status="PASS" starttime="20230921 15:51:13.305" endtime="20230921 15:51:18.080"/>
</kw>
<status status="PASS" starttime="20230921 15:51:13.305" endtime="20230921 15:51:18.081"/>
</kw>
<kw name="login_sap" library="loginSAP">
<for flavor="IN RANGE">
<var>${Conteo}</var>
<value>0</value>
<value>99999999</value>
<iter>
<var name="${Conteo}">0</var>
<kw name="Run Keyword And Return Status" library="BuiltIn">
<var>${Login}</var>
<arg>RPA.SAP.Connect To Session</arg>
<doc>Runs the given keyword with given arguments and returns the status as a Boolean value.</doc>
<kw name="Connect To Session" library="RPA.SAP">
<doc>Connects to an open session SAP.</doc>
<status status="PASS" starttime="20230921 15:51:20.094" endtime="20230921 15:51:20.144"/>
</kw>
<msg timestamp="20230921 15:51:20.144" level="INFO">${Login} = True</msg>
<status status="PASS" starttime="20230921 15:51:20.094" endtime="20230921 15:51:20.144"/>
</kw>
<kw name="Exit For Loop If" library="BuiltIn">
<arg>${Login}== True</arg>
<doc>Stops executing the enclosing FOR loop if the ``condition`` is true.</doc>
<msg timestamp="20230921 15:51:20.144" level="INFO">Exiting for loop altogether.</msg>
<status status="PASS" starttime="20230921 15:51:20.144" endtime="20230921 15:51:20.144"/>
</kw>
<status status="PASS" starttime="20230921 15:51:20.094" endtime="20230921 15:51:20.144"/>
</iter>
<status status="PASS" starttime="20230921 15:51:18.083" endtime="20230921 15:51:20.144"/>
</for>
<kw name="Open Connection" library="RPA.SAP">
<arg>SAP EQA</arg>
<doc>Opens a connection to the given connection name. Be sure to provide the full connection name, including the bracket part.</doc>
<status status="PASS" starttime="20230921 15:51:20.144" endtime="20230921 15:51:22.377"/>
</kw>
<kw name="Input Text" library="RPA.SAP">
<arg>${nvaLoginSAP}${txtUsuario}</arg>
<arg>${usuarioSAP}</arg>
<doc>Inserts the given text into the text field identified by locator.
Use keyword `input password` to insert a password in a text field.</doc>
<msg timestamp="20230921 15:51:22.460" level="INFO">Typing text 'CO_HITSS' into text field '/app/con[0]/ses[0]/wnd[0]/usr/txtRSYST-BNAME'.</msg>
<status status="PASS" starttime="20230921 15:51:22.377" endtime="20230921 15:51:22.460"/>
</kw>
<kw name="Input Password" library="RPA.SAP">
<arg>${nvaLoginSAP}${txtClave}</arg>
<arg>${claveSAP}</arg>
<doc>Inserts the given password into the text field identified by locator.
The password is not recorded in the log.</doc>
<msg timestamp="20230921 15:51:22.475" level="INFO">Typing password into text field '/app/con[0]/ses[0]/wnd[0]/usr/pwdRSYST-BCODE'.</msg>
<status status="PASS" starttime="20230921 15:51:22.461" endtime="20230921 15:51:22.475"/>
</kw>
<kw name="Click Element" library="RPA.SAP">
<arg>${nvaLoginSAP}${btnLogin}</arg>
<doc>Performs a single click on a given element. Used only for buttons, tabs and menu items.</doc>
<status status="PASS" starttime="20230921 15:51:22.475" endtime="20230921 15:51:22.977"/>
</kw>
<if>
<branch type="IF" condition="${True}">
<kw name="Select Radio Button" library="RPA.SAP">
<arg>${vnaSesionAbierta}${rbtnOpcionDos}</arg>
<doc>Sets radio button to the specified value.</doc>
<status status="PASS" starttime="20230921 15:51:22.992" endtime="20230921 15:51:23.010"/>
</kw>
<kw name="Click Element" library="RPA.SAP">
<arg>${vnaSesionAbierta}${btnCheckOK}</arg>
<doc>Performs a single click on a given element. Used only for buttons, tabs and menu items.</doc>
<status status="PASS" starttime="20230921 15:51:23.010" endtime="20230921 15:51:24.244"/>
</kw>
<status status="PASS" starttime="20230921 15:51:22.992" endtime="20230921 15:51:24.244"/>
</branch>
<branch type="ELSE">
<kw name="Log" library="BuiltIn">
<arg>No realiza segunda validación autenticación login SAP</arg>
<arg>console=True</arg>
<doc>Logs the given message with the given level.</doc>
<status status="NOT RUN" starttime="20230921 15:51:24.244" endtime="20230921 15:51:24.244"/>
</kw>
<status status="NOT RUN" starttime="20230921 15:51:24.244" endtime="20230921 15:51:24.244"/>
</branch>
<status status="PASS" starttime="20230921 15:51:22.992" endtime="20230921 15:51:24.244"/>
</if>
<status status="PASS" starttime="20230921 15:51:18.082" endtime="20230921 15:51:24.244"/>
</kw>
<kw name="transaccion_me21n" library="transaccion_me21n">
<arg>C108</arg>
<arg>CO06</arg>
<arg>T13</arg>
<arg>CO06</arg>
<arg>70047935</arg>
<arg>1</arg>
<arg>C100</arg>
<kw name="Send Keys" library="RPA.Windows">
<arg>keys=${transaccionME21N}</arg>
<tag>action</tag>
<tag>keyboard</tag>
<doc>Send keys to desktop, current window or to Control element
defined by given locator.</doc>
<msg timestamp="20230921 15:51:24.261" level="INFO">Sending keys 'ME21N' to element: &lt;module 'uiautomation' from 'C:\\Users\\pinillaj\\AppData\\Local\\Programs\\Python\\Python311\\Lib\\site-packages\\uiautomation\\__init__.py'&gt;</msg>
<status status="PASS" starttime="20230921 15:51:24.258" endtime="20230921 15:51:24.822"/>
</kw>
<kw name="Click Element" library="RPA.SAP">
<arg>${btnCheckTransaccion}</arg>
<doc>Performs a single click on a given element. Used only for buttons, tabs and menu items.</doc>
<status status="PASS" starttime="20230921 15:51:24.822" endtime="20230921 15:51:27.876"/>
</kw>
<kw name="Sleep" library="BuiltIn">
<arg>2</arg>
<doc>Pauses the test executed for the given time.</doc>
<msg timestamp="20230921 15:51:29.876" level="INFO">Slept 2 seconds</msg>
<status status="PASS" starttime="20230921 15:51:27.876" endtime="20230921 15:51:29.877"/>
</kw>
<kw name="Send Keys" library="RPA.Windows">
<arg>keys={UP}</arg>
<tag>action</tag>
<tag>keyboard</tag>
<doc>Send keys to desktop, current window or to Control element
defined by given locator.</doc>
<msg timestamp="20230921 15:51:29.877" level="INFO">Sending keys '{UP}' to element: &lt;module 'uiautomation' from 'C:\\Users\\pinillaj\\AppData\\Local\\Programs\\Python\\Python311\\Lib\\site-packages\\uiautomation\\__init__.py'&gt;</msg>
<status status="PASS" starttime="20230921 15:51:29.877" endtime="20230921 15:51:30.402"/>
</kw>
<kw name="Send Keys" library="RPA.Windows">
<arg>keys={RIGHT}</arg>
<tag>action</tag>
<tag>keyboard</tag>
<doc>Send keys to desktop, current window or to Control element
defined by given locator.</doc>
<msg timestamp="20230921 15:51:30.402" level="INFO">Sending keys '{RIGHT}' to element: &lt;module 'uiautomation' from 'C:\\Users\\pinillaj\\AppData\\Local\\Programs\\Python\\Python311\\Lib\\site-packages\\uiautomation\\__init__.py'&gt;</msg>
<status status="PASS" starttime="20230921 15:51:30.402" endtime="20230921 15:51:30.927"/>
</kw>
<kw name="Sleep" library="BuiltIn">
<arg>1</arg>
<doc>Pauses the test executed for the given time.</doc>
<msg timestamp="20230921 15:51:31.927" level="INFO">Slept 1 second</msg>
<status status="PASS" starttime="20230921 15:51:30.927" endtime="20230921 15:51:31.927"/>
</kw>
<kw name="Send Keys" library="RPA.Windows">
<arg>keys={UP}</arg>
<tag>action</tag>
<tag>keyboard</tag>
<doc>Send keys to desktop, current window or to Control element
defined by given locator.</doc>
<msg timestamp="20230921 15:51:31.927" level="INFO">Sending keys '{UP}' to element: &lt;module 'uiautomation' from 'C:\\Users\\pinillaj\\AppData\\Local\\Programs\\Python\\Python311\\Lib\\site-packages\\uiautomation\\__init__.py'&gt;</msg>
<status status="PASS" starttime="20230921 15:51:31.927" endtime="20230921 15:51:32.455"/>
</kw>
<kw name="Send Keys" library="RPA.Windows">
<arg>keys={UP}</arg>
<tag>action</tag>
<tag>keyboard</tag>
<doc>Send keys to desktop, current window or to Control element
defined by given locator.</doc>
<msg timestamp="20230921 15:51:32.457" level="INFO">Sending keys '{UP}' to element: &lt;module 'uiautomation' from 'C:\\Users\\pinillaj\\AppData\\Local\\Programs\\Python\\Python311\\Lib\\site-packages\\uiautomation\\__init__.py'&gt;</msg>
<status status="PASS" starttime="20230921 15:51:32.455" endtime="20230921 15:51:33.021"/>
</kw>
<kw name="Send Keys" library="RPA.Windows">
<arg>keys={UP}</arg>
<tag>action</tag>
<tag>keyboard</tag>
<doc>Send keys to desktop, current window or to Control element
defined by given locator.</doc>
<msg timestamp="20230921 15:51:33.023" level="INFO">Sending keys '{UP}' to element: &lt;module 'uiautomation' from 'C:\\Users\\pinillaj\\AppData\\Local\\Programs\\Python\\Python311\\Lib\\site-packages\\uiautomation\\__init__.py'&gt;</msg>
<status status="PASS" starttime="20230921 15:51:33.021" endtime="20230921 15:51:35.652"/>
</kw>
<kw name="Send Keys" library="RPA.Windows">
<arg>keys={UP}</arg>
<tag>action</tag>
<tag>keyboard</tag>
<doc>Send keys to desktop, current window or to Control element
defined by given locator.</doc>
<msg timestamp="20230921 15:51:35.652" level="INFO">Sending keys '{UP}' to element: &lt;module 'uiautomation' from 'C:\\Users\\pinillaj\\AppData\\Local\\Programs\\Python\\Python311\\Lib\\site-packages\\uiautomation\\__init__.py'&gt;</msg>
<status status="PASS" starttime="20230921 15:51:35.652" endtime="20230921 15:51:36.177"/>
</kw>
<kw name="Send Keys" library="RPA.Windows">
<arg>keys={ENTER}</arg>
<tag>action</tag>
<tag>keyboard</tag>
<doc>Send keys to desktop, current window or to Control element
defined by given locator.</doc>
<msg timestamp="20230921 15:51:36.177" level="INFO">Sending keys '{ENTER}' to element: &lt;module 'uiautomation' from 'C:\\Users\\pinillaj\\AppData\\Local\\Programs\\Python\\Python311\\Lib\\site-packages\\uiautomation\\__init__.py'&gt;</msg>
<status status="PASS" starttime="20230921 15:51:36.177" endtime="20230921 15:51:36.703"/>
</kw>
<kw name="Input Text" library="RPA.SAP">
<arg>${centroSuministradoME21N}</arg>
<arg>${centroOrigenMaterial}</arg>
<doc>Inserts the given text into the text field identified by locator.
Use keyword `input password` to insert a password in a text field.</doc>
<msg timestamp="20230921 15:51:36.757" level="INFO">Typing text 'C108' into text field '/app/con[0]/ses[0]/wnd[0]/usr/subSUB0:SAPLMEGUI:0013/subSUB0:SAPLMEGUI:0030/subSUB1:SAPLMEGUI:1105/ctxtMEPO_TOPLINE-SUPERFIELD'.</msg>
<status status="PASS" starttime="20230921 15:51:36.703" endtime="20230921 15:51:36.757"/>
</kw>
<kw name="Send Keys" library="RPA.Windows">
<arg>keys={ENTER}</arg>
<tag>action</tag>
<tag>keyboard</tag>
<doc>Send keys to desktop, current window or to Control element
defined by given locator.</doc>
<msg timestamp="20230921 15:51:36.757" level="INFO">Sending keys '{ENTER}' to element: &lt;module 'uiautomation' from 'C:\\Users\\pinillaj\\AppData\\Local\\Programs\\Python\\Python311\\Lib\\site-packages\\uiautomation\\__init__.py'&gt;</msg>
<status status="PASS" starttime="20230921 15:51:36.757" endtime="20230921 15:51:37.283"/>
</kw>
<kw name="Input Text" library="RPA.SAP">
<arg>${orgCompraME21N}</arg>
<arg>${orgCompras}</arg>
<doc>Inserts the given text into the text field identified by locator.
Use keyword `input password` to insert a password in a text field.</doc>
<msg timestamp="20230921 15:51:37.308" level="INFO">Typing text 'CO06' into text field '/app/con[0]/ses[0]/wnd[0]/usr/subSUB0:SAPLMEGUI:0013/subSUB1:SAPLMEVIEWS:1100/subSUB2:SAPLMEVIEWS:1200/subSUB1:SAPLMEGUI:1102/tabsHEADER_DETAIL/tabpTABHDT9/ssubTABSTRIPCONTROL2SUB:SAPLMEGUI:1221/ctxtMEPO1222-EKORG'.</msg>
<status status="PASS" starttime="20230921 15:51:37.283" endtime="20230921 15:51:37.308"/>
</kw>
<kw name="Sleep" library="BuiltIn">
<arg>1</arg>
<doc>Pauses the test executed for the given time.</doc>
<msg timestamp="20230921 15:51:38.308" level="INFO">Slept 1 second</msg>
<status status="PASS" starttime="20230921 15:51:37.308" endtime="20230921 15:51:38.308"/>
</kw>
<kw name="Input Text" library="RPA.SAP">
<arg>${grupoComprasME21N}</arg>
<arg>${grupoCompras}</arg>
<doc>Inserts the given text into the text field identified by locator.
Use keyword `input password` to insert a password in a text field.</doc>
<msg timestamp="20230921 15:51:38.326" level="INFO">Typing text 'T13' into text field '/app/con[0]/ses[0]/wnd[0]/usr/subSUB0:SAPLMEGUI:0013/subSUB1:SAPLMEVIEWS:1100/subSUB2:SAPLMEVIEWS:1200/subSUB1:SAPLMEGUI:1102/tabsHEADER_DETAIL/tabpTABHDT9/ssubTABSTRIPCONTROL2SUB:SAPLMEGUI:1221/ctxtMEPO1222-EKGRP'.</msg>
<status status="PASS" starttime="20230921 15:51:38.308" endtime="20230921 15:51:38.326"/>
</kw>
<kw name="Sleep" library="BuiltIn">
<arg>1</arg>
<doc>Pauses the test executed for the given time.</doc>
<msg timestamp="20230921 15:51:39.326" level="INFO">Slept 1 second</msg>
<status status="PASS" starttime="20230921 15:51:38.326" endtime="20230921 15:51:39.326"/>
</kw>
<kw name="Input Text" library="RPA.SAP">
<arg>${sociedadME21N}</arg>
<arg>${sociedad}</arg>
<doc>Inserts the given text into the text field identified by locator.
Use keyword `input password` to insert a password in a text field.</doc>
<msg timestamp="20230921 15:51:39.342" level="INFO">Typing text 'CO06' into text field '/app/con[0]/ses[0]/wnd[0]/usr/subSUB0:SAPLMEGUI:0013/subSUB1:SAPLMEVIEWS:1100/subSUB2:SAPLMEVIEWS:1200/subSUB1:SAPLMEGUI:1102/tabsHEADER_DETAIL/tabpTABHDT9/ssubTABSTRIPCONTROL2SUB:SAPLMEGUI:1221/ctxtMEPO1222-BUKRS'.</msg>
<status status="PASS" starttime="20230921 15:51:39.326" endtime="20230921 15:51:39.342"/>
</kw>
<kw name="Send Keys" library="RPA.Windows">
<arg>keys={ENTER}</arg>
<tag>action</tag>
<tag>keyboard</tag>
<doc>Send keys to desktop, current window or to Control element
defined by given locator.</doc>
<msg timestamp="20230921 15:51:39.342" level="INFO">Sending keys '{ENTER}' to element: &lt;module 'uiautomation' from 'C:\\Users\\pinillaj\\AppData\\Local\\Programs\\Python\\Python311\\Lib\\site-packages\\uiautomation\\__init__.py'&gt;</msg>
<status status="PASS" starttime="20230921 15:51:39.342" endtime="20230921 15:51:39.869"/>
</kw>
<kw name="Get Value" library="RPA.SAP">
<var>${textoOrgCompra}</var>
<arg>${valorOrgCompraME21N}</arg>
<doc>Gets the value of the given element. The possible return values depend on the type of element (see Return values).</doc>
<msg timestamp="20230921 15:51:39.907" level="INFO">${textoOrgCompra} = Comunicación Celular</msg>
<status status="PASS" starttime="20230921 15:51:39.869" endtime="20230921 15:51:39.907"/>
</kw>
<kw name="Get Value" library="RPA.SAP">
<var>${textoGrupoCompra}</var>
<arg>${valorGrupoComprasME21N}</arg>
<doc>Gets the value of the given element. The possible return values depend on the type of element (see Return values).</doc>
<msg timestamp="20230921 15:51:39.942" level="INFO">${textoGrupoCompra} = HANDSETS</msg>
<status status="PASS" starttime="20230921 15:51:39.907" endtime="20230921 15:51:39.942"/>
</kw>
<kw name="Get Value" library="RPA.SAP">
<var>${textoSociedad}</var>
<arg>${valorSociedadME21N}</arg>
<doc>Gets the value of the given element. The possible return values depend on the type of element (see Return values).</doc>
<msg timestamp="20230921 15:51:39.990" level="INFO">${textoSociedad} = Comunicación celular S.A</msg>
<status status="PASS" starttime="20230921 15:51:39.942" endtime="20230921 15:51:39.990"/>
</kw>
<kw name="Input Text" library="RPA.SAP">
<arg>${filaCodigoMaterial}</arg>
<arg>${codigoMaterial}</arg>
<doc>Inserts the given text into the text field identified by locator.
Use keyword `input password` to insert a password in a text field.</doc>
<msg timestamp="20230921 15:51:40.073" level="INFO">Typing text '70047935' into text field '/app/con[0]/ses[0]/wnd[0]/usr/subSUB0:SAPLMEGUI:0013/subSUB2:SAPLMEVIEWS:1100/subSUB2:SAPLMEVIEWS:1200/subSUB1:SAPLMEGUI:1211/tblSAPLMEGUITC_1211/ctxtMEPO1211-EMATN[4,0]'.</msg>
<status status="PASS" starttime="20230921 15:51:39.990" endtime="20230921 15:51:40.073"/>
</kw>
<kw name="Input Text" library="RPA.SAP">
<arg>${filaCantidadPedido}</arg>
<arg>${cantidadPedidoMaterial}</arg>
<doc>Inserts the given text into the text field identified by locator.
Use keyword `input password` to insert a password in a text field.</doc>
<msg timestamp="20230921 15:51:40.157" level="INFO">Typing text '1' into text field '/app/con[0]/ses[0]/wnd[0]/usr/subSUB0:SAPLMEGUI:0013/subSUB2:SAPLMEVIEWS:1100/subSUB2:SAPLMEVIEWS:1200/subSUB1:SAPLMEGUI:1211/tblSAPLMEGUITC_1211/txtMEPO1211-MENGE[6,0]'.</msg>
<status status="PASS" starttime="20230921 15:51:40.073" endtime="20230921 15:51:40.157"/>
</kw>
<kw name="Input Text" library="RPA.SAP">
<arg>${filaLote}</arg>
<arg>${lote}</arg>
<doc>Inserts the given text into the text field identified by locator.
Use keyword `input password` to insert a password in a text field.</doc>
<msg timestamp="20230921 15:51:40.272" level="INFO">Typing text 'VALORADO' into text field '/app/con[0]/ses[0]/wnd[0]/usr/subSUB0:SAPLMEGUI:0013/subSUB2:SAPLMEVIEWS:1100/subSUB2:SAPLMEVIEWS:1200/subSUB1:SAPLMEGUI:1211/tblSAPLMEGUITC_1211/ctxtMEPO1211-CHARG[8,0]'.</msg>
<status status="PASS" starttime="20230921 15:51:40.157" endtime="20230921 15:51:40.272"/>
</kw>
<kw name="Input Text" library="RPA.SAP">
<arg>${filaCavDestino}</arg>
<arg>${centroDestinoMaterial}</arg>
<doc>Inserts the given text into the text field identified by locator.
Use keyword `input password` to insert a password in a text field.</doc>
<msg timestamp="20230921 15:51:40.373" level="INFO">Typing text 'C100' into text field '/app/con[0]/ses[0]/wnd[0]/usr/subSUB0:SAPLMEGUI:0013/subSUB2:SAPLMEVIEWS:1100/subSUB2:SAPLMEVIEWS:1200/subSUB1:SAPLMEGUI:1211/tblSAPLMEGUITC_1211/ctxtMEPO1211-NAME1[10,0]'.</msg>
<status status="PASS" starttime="20230921 15:51:40.273" endtime="20230921 15:51:40.373"/>
</kw>
<kw name="Input Text" library="RPA.SAP">
<arg>${filaAlmacen}</arg>
<arg>${almacen}</arg>
<doc>Inserts the given text into the text field identified by locator.
Use keyword `input password` to insert a password in a text field.</doc>
<msg timestamp="20230921 15:51:40.474" level="INFO">Typing text 'H001' into text field '/app/con[0]/ses[0]/wnd[0]/usr/subSUB0:SAPLMEGUI:0013/subSUB2:SAPLMEVIEWS:1100/subSUB2:SAPLMEVIEWS:1200/subSUB1:SAPLMEGUI:1211/tblSAPLMEGUITC_1211/ctxtMEPO1211-LGOBE[11,0]'.</msg>
<status status="PASS" starttime="20230921 15:51:40.373" endtime="20230921 15:51:40.474"/>
</kw>
<kw name="Send Keys" library="RPA.Windows">
<arg>keys={ENTER}</arg>
<tag>action</tag>
<tag>keyboard</tag>
<doc>Send keys to desktop, current window or to Control element
defined by given locator.</doc>
<msg timestamp="20230921 15:51:40.474" level="INFO">Sending keys '{ENTER}' to element: &lt;module 'uiautomation' from 'C:\\Users\\pinillaj\\AppData\\Local\\Programs\\Python\\Python311\\Lib\\site-packages\\uiautomation\\__init__.py'&gt;</msg>
<status status="PASS" starttime="20230921 15:51:40.474" endtime="20230921 15:51:41.008"/>
</kw>
<kw name="Sleep" library="BuiltIn">
<arg>3</arg>
<doc>Pauses the test executed for the given time.</doc>
<msg timestamp="20230921 15:51:44.009" level="INFO">Slept 3 seconds</msg>
<status status="PASS" starttime="20230921 15:51:41.008" endtime="20230921 15:51:44.009"/>
</kw>
<kw name="Get Value" library="RPA.SAP">
<var>${textoCavDestino}</var>
<arg>${filaDireccionCavDestino}</arg>
<doc>Gets the value of the given element. The possible return values depend on the type of element (see Return values).</doc>
<msg timestamp="20230921 15:51:44.037" level="INFO">${textoCavDestino} = CAV BOGOTA CALLE 94</msg>
<status status="PASS" starttime="20230921 15:51:44.009" endtime="20230921 15:51:44.037"/>
</kw>
<kw name="Click Element" library="RPA.SAP">
<arg>${btnGrabarTransaccion}</arg>
<doc>Performs a single click on a given element. Used only for buttons, tabs and menu items.</doc>
<status status="PASS" starttime="20230921 15:51:44.037" endtime="20230921 15:51:44.490"/>
</kw>
<kw name="Send Keys" library="RPA.Windows">
<arg>keys={ENTER}</arg>
<tag>action</tag>
<tag>keyboard</tag>
<doc>Send keys to desktop, current window or to Control element
defined by given locator.</doc>
<msg timestamp="20230921 15:51:44.490" level="INFO">Sending keys '{ENTER}' to element: &lt;module 'uiautomation' from 'C:\\Users\\pinillaj\\AppData\\Local\\Programs\\Python\\Python311\\Lib\\site-packages\\uiautomation\\__init__.py'&gt;</msg>
<status status="PASS" starttime="20230921 15:51:44.490" endtime="20230921 15:51:45.019"/>
</kw>
<kw name="Create File" library="RPA.FileSystem">
<arg>..\\SAP\\Resources\\transaccion_me21n.txt</arg>
<arg>content=Transacción ME21N - Traslado material de un CAV a un punto directo\n\n Centro Origen: ${centroOrigenMaterial}\n Org.Compras: ${orgCompras} - ${textoOrgCompra}\n GrupoCompras: ${grupoCompras} - ${textoGrupoCompra}\n Sociedad: ${sociedad} - ${textoSociedad}\n\n Centro Destino: ${centroDestinoMaterial} - ${textoCavDestino}\n CodigoMaterial: ${codigoMaterial}\n CantidadPedidoMaterial: ${cantidadPedidoMaterial}\n\n Ejecución exitosa</arg>
<arg>encoding=utf-8</arg>
<arg>overwrite=True</arg>
<doc>Creates a new text file, and writes content if any is given.</doc>
<status status="PASS" starttime="20230921 15:51:45.021" endtime="20230921 15:51:45.022"/>
</kw>
<status status="PASS" starttime="20230921 15:51:24.244" endtime="20230921 15:51:45.022"/>
</kw>
<status status="PASS" starttime="20230921 15:51:13.305" endtime="20230921 15:51:45.022"/>
</test>
<status status="PASS" starttime="20230921 15:51:12.237" endtime="20230921 15:51:45.040"/>
</suite>
<statistics>
<total>
<stat pass="1" fail="0" skip="0">All Tests</stat>
</total>
<tag>
</tag>
<suite>
<stat pass="1" fail="0" skip="0" id="s1" name="SAP">SAP</stat>
</suite>
</statistics>
<errors>
</errors>
</robot>
