<?xml version="1.0" encoding="UTF-8"?>
<robot generator="Robot 6.1.1 (Python 3.11.5 on win32)" generated="20231025 12:29:12.737" rpa="false" schemaversion="4">
<suite id="s1" name="SAP" source="d:\proyectos-vc\AutomationSAP\SAP\TestCases\SAP.robot">
<test id="s1-t1" name="Transaccion ME21N - Traslado Material SAP" line="21">
<kw name="abrir_sap" library="abrirSAP">
<kw name="Windows Run" library="RPA.Windows">
<arg>saplogon.exe</arg>
<tag>window</tag>
<doc>Use Windows Run window to launch an application.</doc>
<msg timestamp="20231025 12:29:13.758" level="INFO">Sending keys '{Win}r' to element: &lt;module 'uiautomation' from 'C:\\Users\\pinillaj\\AppData\\Local\\Programs\\Python\\Python311\\Lib\\site-packages\\uiautomation\\__init__.py'&gt;</msg>
<msg timestamp="20231025 12:29:14.309" level="INFO">Sending keys 'saplogon.exe' to element: &lt;module 'uiautomation' from 'C:\\Users\\pinillaj\\AppData\\Local\\Programs\\Python\\Python311\\Lib\\site-packages\\uiautomation\\__init__.py'&gt;</msg>
<msg timestamp="20231025 12:29:14.939" level="INFO">Sending keys '{Enter}' to element: &lt;module 'uiautomation' from 'C:\\Users\\pinillaj\\AppData\\Local\\Programs\\Python\\Python311\\Lib\\site-packages\\uiautomation\\__init__.py'&gt;</msg>
<status status="PASS" starttime="20231025 12:29:13.758" endtime="20231025 12:29:18.463"/>
</kw>
<status status="PASS" starttime="20231025 12:29:13.757" endtime="20231025 12:29:18.464"/>
</kw>
<kw name="login_sap" library="loginSAP">
<for flavor="IN RANGE">
<var>${Conteo}</var>
<value>0</value>
<value>99999999</value>
<iter>
<var name="${Conteo}">0</var>
<kw name="Run Keyword And Return Status" library="BuiltIn">
<var>${Login}</var>
<arg>RPA.SAP.Connect To Session</arg>
<doc>Runs the given keyword with given arguments and returns the status as a Boolean value.</doc>
<kw name="Connect To Session" library="RPA.SAP">
<doc>Connects to an open session SAP.</doc>
<status status="PASS" starttime="20231025 12:29:19.610" endtime="20231025 12:29:19.631"/>
</kw>
<msg timestamp="20231025 12:29:19.632" level="INFO">${Login} = True</msg>
<status status="PASS" starttime="20231025 12:29:19.609" endtime="20231025 12:29:19.632"/>
</kw>
<if>
<branch type="IF" condition="${Login}== True">
<break>
<status status="PASS" starttime="20231025 12:29:19.632" endtime="20231025 12:29:19.632"/>
</break>
<status status="PASS" starttime="20231025 12:29:19.632" endtime="20231025 12:29:19.633"/>
</branch>
<status status="PASS" starttime="20231025 12:29:19.632" endtime="20231025 12:29:19.633"/>
</if>
<status status="PASS" starttime="20231025 12:29:19.609" endtime="20231025 12:29:19.633"/>
</iter>
<status status="PASS" starttime="20231025 12:29:18.465" endtime="20231025 12:29:19.633"/>
</for>
<kw name="Open Connection" library="RPA.SAP">
<arg>SAP EQA</arg>
<doc>Opens a connection to the given connection name. Be sure to provide the full connection name, including the bracket part.</doc>
<status status="PASS" starttime="20231025 12:29:19.633" endtime="20231025 12:29:20.345"/>
</kw>
<kw name="Input Text" library="RPA.SAP">
<arg>${nvaLoginSAP}${txtUsuario}</arg>
<arg>${usuarioSAP}</arg>
<doc>Inserts the given text into the text field identified by locator.
Use keyword `input password` to insert a password in a text field.</doc>
<msg timestamp="20231025 12:29:20.388" level="INFO">Typing text 'CO_HITSS' into text field '/app/con[0]/ses[0]/wnd[0]/usr/txtRSYST-BNAME'.</msg>
<status status="PASS" starttime="20231025 12:29:20.345" endtime="20231025 12:29:20.389"/>
</kw>
<kw name="CapturaPantalla" library="Script">
<kw name="Sleep" library="BuiltIn">
<arg>1s</arg>
<doc>Pauses the test executed for the given time.</doc>
<msg timestamp="20231025 12:29:22.296" level="INFO">Slept 1 second</msg>
<status status="PASS" starttime="20231025 12:29:21.295" endtime="20231025 12:29:22.298"/>
</kw>
<kw name="Take Screenshot" library="Screenshot">
<doc>Takes a screenshot in JPEG format and embeds it into the log file.</doc>
<msg timestamp="20231025 12:29:22.348" level="INFO" html="true">&lt;a href="Images/screenshot_13.jpg"&gt;&lt;img src="Images/screenshot_13.jpg" width="800px"&gt;&lt;/a&gt;</msg>
<status status="PASS" starttime="20231025 12:29:22.299" endtime="20231025 12:29:22.348"/>
</kw>
<status status="PASS" starttime="20231025 12:29:20.390" endtime="20231025 12:29:22.348"/>
</kw>
<kw name="Input Password" library="RPA.SAP">
<arg>${nvaLoginSAP}${txtClave}</arg>
<arg>${claveSAP}</arg>
<doc>Inserts the given password into the text field identified by locator.
The password is not recorded in the log.</doc>
<msg timestamp="20231025 12:29:22.357" level="INFO">Typing password into text field '/app/con[0]/ses[0]/wnd[0]/usr/pwdRSYST-BCODE'.</msg>
<status status="PASS" starttime="20231025 12:29:22.349" endtime="20231025 12:29:22.357"/>
</kw>
<kw name="CapturaPantalla" library="Script">
<kw name="Sleep" library="BuiltIn">
<arg>1s</arg>
<doc>Pauses the test executed for the given time.</doc>
<msg timestamp="20231025 12:29:23.359" level="INFO">Slept 1 second</msg>
<status status="PASS" starttime="20231025 12:29:22.358" endtime="20231025 12:29:23.359"/>
</kw>
<kw name="Take Screenshot" library="Screenshot">
<doc>Takes a screenshot in JPEG format and embeds it into the log file.</doc>
<msg timestamp="20231025 12:29:23.386" level="INFO" html="true">&lt;a href="Images/screenshot_14.jpg"&gt;&lt;img src="Images/screenshot_14.jpg" width="800px"&gt;&lt;/a&gt;</msg>
<status status="PASS" starttime="20231025 12:29:23.359" endtime="20231025 12:29:23.387"/>
</kw>
<status status="PASS" starttime="20231025 12:29:22.357" endtime="20231025 12:29:23.387"/>
</kw>
<kw name="Click Element" library="RPA.SAP">
<arg>${nvaLoginSAP}${btnLogin}</arg>
<doc>Performs a single click on a given element. Used only for buttons, tabs and menu items.</doc>
<status status="PASS" starttime="20231025 12:29:23.387" endtime="20231025 12:29:23.916"/>
</kw>
<kw name="Run Keyword And Return Status" library="BuiltIn">
<var>${ElementoPresente}</var>
<arg>Element Should Be Present</arg>
<arg>${vnaSesionAbierta}</arg>
<doc>Runs the given keyword with given arguments and returns the status as a Boolean value.</doc>
<kw name="Element Should Be Present" library="RPA.SAP">
<arg>${vnaSesionAbierta}</arg>
<doc>Checks whether an element is present on the screen.</doc>
<status status="PASS" starttime="20231025 12:29:23.917" endtime="20231025 12:29:23.921"/>
</kw>
<msg timestamp="20231025 12:29:23.922" level="INFO">${ElementoPresente} = True</msg>
<status status="PASS" starttime="20231025 12:29:23.916" endtime="20231025 12:29:23.922"/>
</kw>
<if>
<branch type="IF" condition="${ElementoPresente} == $True">
<kw name="CapturaPantalla" library="Script">
<kw name="Sleep" library="BuiltIn">
<arg>1s</arg>
<doc>Pauses the test executed for the given time.</doc>
<msg timestamp="20231025 12:29:24.925" level="INFO">Slept 1 second</msg>
<status status="PASS" starttime="20231025 12:29:23.925" endtime="20231025 12:29:24.925"/>
</kw>
<kw name="Take Screenshot" library="Screenshot">
<doc>Takes a screenshot in JPEG format and embeds it into the log file.</doc>
<msg timestamp="20231025 12:29:24.959" level="INFO" html="true">&lt;a href="Images/screenshot_15.jpg"&gt;&lt;img src="Images/screenshot_15.jpg" width="800px"&gt;&lt;/a&gt;</msg>
<status status="PASS" starttime="20231025 12:29:24.926" endtime="20231025 12:29:24.959"/>
</kw>
<status status="PASS" starttime="20231025 12:29:23.924" endtime="20231025 12:29:24.959"/>
</kw>
<kw name="Select Radio Button" library="RPA.SAP">
<arg>${vnaSesionAbierta}${rbtnOpcionDos}</arg>
<doc>Sets radio button to the specified value.</doc>
<status status="PASS" starttime="20231025 12:29:24.960" endtime="20231025 12:29:24.967"/>
</kw>
<kw name="CapturaPantalla" library="Script">
<kw name="Sleep" library="BuiltIn">
<arg>1s</arg>
<doc>Pauses the test executed for the given time.</doc>
<msg timestamp="20231025 12:29:25.968" level="INFO">Slept 1 second</msg>
<status status="PASS" starttime="20231025 12:29:24.968" endtime="20231025 12:29:25.968"/>
</kw>
<kw name="Take Screenshot" library="Screenshot">
<doc>Takes a screenshot in JPEG format and embeds it into the log file.</doc>
<msg timestamp="20231025 12:29:26.004" level="INFO" html="true">&lt;a href="Images/screenshot_16.jpg"&gt;&lt;img src="Images/screenshot_16.jpg" width="800px"&gt;&lt;/a&gt;</msg>
<status status="PASS" starttime="20231025 12:29:25.969" endtime="20231025 12:29:26.005"/>
</kw>
<status status="PASS" starttime="20231025 12:29:24.968" endtime="20231025 12:29:26.005"/>
</kw>
<kw name="Click Element" library="RPA.SAP">
<arg>${vnaSesionAbierta}${btnCheckOK}</arg>
<doc>Performs a single click on a given element. Used only for buttons, tabs and menu items.</doc>
<status status="PASS" starttime="20231025 12:29:26.005" endtime="20231025 12:29:26.621"/>
</kw>
<kw name="CapturaPantalla" library="Script">
<kw name="Sleep" library="BuiltIn">
<arg>1s</arg>
<doc>Pauses the test executed for the given time.</doc>
<msg timestamp="20231025 12:29:27.623" level="INFO">Slept 1 second</msg>
<status status="PASS" starttime="20231025 12:29:26.622" endtime="20231025 12:29:27.623"/>
</kw>
<kw name="Take Screenshot" library="Screenshot">
<doc>Takes a screenshot in JPEG format and embeds it into the log file.</doc>
<msg timestamp="20231025 12:29:27.654" level="INFO" html="true">&lt;a href="Images/screenshot_17.jpg"&gt;&lt;img src="Images/screenshot_17.jpg" width="800px"&gt;&lt;/a&gt;</msg>
<status status="PASS" starttime="20231025 12:29:27.624" endtime="20231025 12:29:27.654"/>
</kw>
<status status="PASS" starttime="20231025 12:29:26.621" endtime="20231025 12:29:27.654"/>
</kw>
<status status="PASS" starttime="20231025 12:29:23.922" endtime="20231025 12:29:27.654"/>
</branch>
<status status="PASS" starttime="20231025 12:29:23.922" endtime="20231025 12:29:27.655"/>
</if>
<status status="PASS" starttime="20231025 12:29:18.465" endtime="20231025 12:29:27.655"/>
</kw>
<kw name="transaccion_me21n" library="transaccion_me21n">
<arg>C108</arg>
<arg>CO06</arg>
<arg>T09</arg>
<arg>CO15</arg>
<arg>70048076</arg>
<arg>1</arg>
<arg>C127</arg>
<kw name="Send Keys" library="RPA.Windows">
<arg>keys=${transaccionME21N}</arg>
<tag>action</tag>
<tag>keyboard</tag>
<doc>Send keys to desktop, current window or to Control element
defined by given locator.</doc>
<msg timestamp="20231025 12:29:27.656" level="INFO">Sending keys 'ME21N' to element: &lt;module 'uiautomation' from 'C:\\Users\\pinillaj\\AppData\\Local\\Programs\\Python\\Python311\\Lib\\site-packages\\uiautomation\\__init__.py'&gt;</msg>
<status status="PASS" starttime="20231025 12:29:27.656" endtime="20231025 12:29:28.213"/>
</kw>
<kw name="Click Element" library="RPA.SAP">
<arg>${btnCheckTransaccion}</arg>
<doc>Performs a single click on a given element. Used only for buttons, tabs and menu items.</doc>
<status status="PASS" starttime="20231025 12:29:28.214" endtime="20231025 12:29:29.052"/>
</kw>
<kw name="CapturaPantalla" library="Script">
<kw name="Sleep" library="BuiltIn">
<arg>1s</arg>
<doc>Pauses the test executed for the given time.</doc>
<msg timestamp="20231025 12:29:30.054" level="INFO">Slept 1 second</msg>
<status status="PASS" starttime="20231025 12:29:29.053" endtime="20231025 12:29:30.054"/>
</kw>
<kw name="Take Screenshot" library="Screenshot">
<doc>Takes a screenshot in JPEG format and embeds it into the log file.</doc>
<msg timestamp="20231025 12:29:30.086" level="INFO" html="true">&lt;a href="Images/screenshot_18.jpg"&gt;&lt;img src="Images/screenshot_18.jpg" width="800px"&gt;&lt;/a&gt;</msg>
<status status="PASS" starttime="20231025 12:29:30.054" endtime="20231025 12:29:30.086"/>
</kw>
<status status="PASS" starttime="20231025 12:29:29.052" endtime="20231025 12:29:30.086"/>
</kw>
<kw name="Sleep" library="BuiltIn">
<arg>2</arg>
<doc>Pauses the test executed for the given time.</doc>
<msg timestamp="20231025 12:29:32.088" level="INFO">Slept 2 seconds</msg>
<status status="PASS" starttime="20231025 12:29:30.087" endtime="20231025 12:29:32.088"/>
</kw>
<kw name="Select From List By Label" library="RPA.SAP">
<arg>${pedidoTrasladoME21N}</arg>
<arg>${pedidoTraslado}</arg>
<doc>Selects the specified option from the selection list.</doc>
<status status="PASS" starttime="20231025 12:29:32.088" endtime="20231025 12:29:32.338"/>
</kw>
<kw name="Input Text" library="RPA.SAP">
<arg>${centroSuministradoME21N}</arg>
<arg>${centroOrigenMaterial}</arg>
<doc>Inserts the given text into the text field identified by locator.
Use keyword `input password` to insert a password in a text field.</doc>
<msg timestamp="20231025 12:29:32.426" level="INFO">Typing text 'C108' into text field '/app/con[0]/ses[0]/wnd[0]/usr/subSUB0:SAPLMEGUI:0013/subSUB0:SAPLMEGUI:0030/subSUB1:SAPLMEGUI:1105/ctxtMEPO_TOPLINE-SUPERFIELD'.</msg>
<status status="PASS" starttime="20231025 12:29:32.339" endtime="20231025 12:29:32.427"/>
</kw>
<kw name="CapturaPantalla" library="Script">
<kw name="Sleep" library="BuiltIn">
<arg>1s</arg>
<doc>Pauses the test executed for the given time.</doc>
<msg timestamp="20231025 12:29:33.427" level="INFO">Slept 1 second</msg>
<status status="PASS" starttime="20231025 12:29:32.427" endtime="20231025 12:29:33.427"/>
</kw>
<kw name="Take Screenshot" library="Screenshot">
<doc>Takes a screenshot in JPEG format and embeds it into the log file.</doc>
<msg timestamp="20231025 12:29:33.452" level="INFO" html="true">&lt;a href="Images/screenshot_19.jpg"&gt;&lt;img src="Images/screenshot_19.jpg" width="800px"&gt;&lt;/a&gt;</msg>
<status status="PASS" starttime="20231025 12:29:33.428" endtime="20231025 12:29:33.452"/>
</kw>
<status status="PASS" starttime="20231025 12:29:32.427" endtime="20231025 12:29:33.452"/>
</kw>
<kw name="Sleep" library="BuiltIn">
<arg>1</arg>
<doc>Pauses the test executed for the given time.</doc>
<msg timestamp="20231025 12:29:34.454" level="INFO">Slept 1 second</msg>
<status status="PASS" starttime="20231025 12:29:33.453" endtime="20231025 12:29:34.454"/>
</kw>
<kw name="Send Keys" library="RPA.Windows">
<arg>keys={ENTER}</arg>
<tag>action</tag>
<tag>keyboard</tag>
<doc>Send keys to desktop, current window or to Control element
defined by given locator.</doc>
<msg timestamp="20231025 12:29:34.456" level="INFO">Sending keys '{ENTER}' to element: &lt;module 'uiautomation' from 'C:\\Users\\pinillaj\\AppData\\Local\\Programs\\Python\\Python311\\Lib\\site-packages\\uiautomation\\__init__.py'&gt;</msg>
<status status="PASS" starttime="20231025 12:29:34.455" endtime="20231025 12:29:34.978"/>
</kw>
<kw name="Input Text" library="RPA.SAP">
<arg>${orgCompraME21N}</arg>
<arg>${orgCompras}</arg>
<doc>Inserts the given text into the text field identified by locator.
Use keyword `input password` to insert a password in a text field.</doc>
<msg timestamp="20231025 12:29:34.992" level="INFO">Typing text 'CO06' into text field '/app/con[0]/ses[0]/wnd[0]/usr/subSUB0:SAPLMEGUI:0013/subSUB1:SAPLMEVIEWS:1100/subSUB2:SAPLMEVIEWS:1200/subSUB1:SAPLMEGUI:1102/tabsHEADER_DETAIL/tabpTABHDT9/ssubTABSTRIPCONTROL2SUB:SAPLMEGUI:1221/ctxtMEPO1222-EKORG'.</msg>
<status status="PASS" starttime="20231025 12:29:34.979" endtime="20231025 12:29:34.993"/>
</kw>
<kw name="Sleep" library="BuiltIn">
<arg>1</arg>
<doc>Pauses the test executed for the given time.</doc>
<msg timestamp="20231025 12:29:35.994" level="INFO">Slept 1 second</msg>
<status status="PASS" starttime="20231025 12:29:34.993" endtime="20231025 12:29:35.994"/>
</kw>
<kw name="Input Text" library="RPA.SAP">
<arg>${grupoComprasME21N}</arg>
<arg>${grupoCompras}</arg>
<doc>Inserts the given text into the text field identified by locator.
Use keyword `input password` to insert a password in a text field.</doc>
<msg timestamp="20231025 12:29:36.005" level="INFO">Typing text 'T09' into text field '/app/con[0]/ses[0]/wnd[0]/usr/subSUB0:SAPLMEGUI:0013/subSUB1:SAPLMEVIEWS:1100/subSUB2:SAPLMEVIEWS:1200/subSUB1:SAPLMEGUI:1102/tabsHEADER_DETAIL/tabpTABHDT9/ssubTABSTRIPCONTROL2SUB:SAPLMEGUI:1221/ctxtMEPO1222-EKGRP'.</msg>
<status status="PASS" starttime="20231025 12:29:35.995" endtime="20231025 12:29:36.005"/>
</kw>
<kw name="Sleep" library="BuiltIn">
<arg>1</arg>
<doc>Pauses the test executed for the given time.</doc>
<msg timestamp="20231025 12:29:37.006" level="INFO">Slept 1 second</msg>
<status status="PASS" starttime="20231025 12:29:36.006" endtime="20231025 12:29:37.006"/>
</kw>
<kw name="Input Text" library="RPA.SAP">
<arg>${sociedadME21N}</arg>
<arg>${sociedad}</arg>
<doc>Inserts the given text into the text field identified by locator.
Use keyword `input password` to insert a password in a text field.</doc>
<msg timestamp="20231025 12:29:37.016" level="INFO">Typing text 'CO15' into text field '/app/con[0]/ses[0]/wnd[0]/usr/subSUB0:SAPLMEGUI:0013/subSUB1:SAPLMEVIEWS:1100/subSUB2:SAPLMEVIEWS:1200/subSUB1:SAPLMEGUI:1102/tabsHEADER_DETAIL/tabpTABHDT9/ssubTABSTRIPCONTROL2SUB:SAPLMEGUI:1221/ctxtMEPO1222-BUKRS'.</msg>
<status status="PASS" starttime="20231025 12:29:37.007" endtime="20231025 12:29:37.017"/>
</kw>
<kw name="Sleep" library="BuiltIn">
<arg>1</arg>
<doc>Pauses the test executed for the given time.</doc>
<msg timestamp="20231025 12:29:38.017" level="INFO">Slept 1 second</msg>
<status status="PASS" starttime="20231025 12:29:37.017" endtime="20231025 12:29:38.017"/>
</kw>
<kw name="Send Keys" library="RPA.Windows">
<arg>keys={ENTER}</arg>
<tag>action</tag>
<tag>keyboard</tag>
<doc>Send keys to desktop, current window or to Control element
defined by given locator.</doc>
<msg timestamp="20231025 12:29:38.018" level="INFO">Sending keys '{ENTER}' to element: &lt;module 'uiautomation' from 'C:\\Users\\pinillaj\\AppData\\Local\\Programs\\Python\\Python311\\Lib\\site-packages\\uiautomation\\__init__.py'&gt;</msg>
<status status="PASS" starttime="20231025 12:29:38.018" endtime="20231025 12:29:38.542"/>
</kw>
<kw name="CapturaPantalla" library="Script">
<kw name="Sleep" library="BuiltIn">
<arg>1s</arg>
<doc>Pauses the test executed for the given time.</doc>
<msg timestamp="20231025 12:29:39.544" level="INFO">Slept 1 second</msg>
<status status="PASS" starttime="20231025 12:29:38.543" endtime="20231025 12:29:39.544"/>
</kw>
<kw name="Take Screenshot" library="Screenshot">
<doc>Takes a screenshot in JPEG format and embeds it into the log file.</doc>
<msg timestamp="20231025 12:29:39.586" level="INFO" html="true">&lt;a href="Images/screenshot_20.jpg"&gt;&lt;img src="Images/screenshot_20.jpg" width="800px"&gt;&lt;/a&gt;</msg>
<status status="PASS" starttime="20231025 12:29:39.545" endtime="20231025 12:29:39.586"/>
</kw>
<status status="PASS" starttime="20231025 12:29:38.542" endtime="20231025 12:29:39.586"/>
</kw>
<kw name="Get Value" library="RPA.SAP">
<var>${textoOrgCompra}</var>
<arg>${valorOrgCompraME21N}</arg>
<doc>Gets the value of the given element. The possible return values depend on the type of element (see Return values).</doc>
<msg timestamp="20231025 12:29:39.614" level="INFO">${textoOrgCompra} = Comunicación Celular</msg>
<status status="PASS" starttime="20231025 12:29:39.586" endtime="20231025 12:29:39.614"/>
</kw>
<kw name="Get Value" library="RPA.SAP">
<var>${textoGrupoCompra}</var>
<arg>${valorGrupoComprasME21N}</arg>
<doc>Gets the value of the given element. The possible return values depend on the type of element (see Return values).</doc>
<msg timestamp="20231025 12:29:39.635" level="INFO">${textoGrupoCompra} = EQUIPO VENTA</msg>
<status status="PASS" starttime="20231025 12:29:39.615" endtime="20231025 12:29:39.635"/>
</kw>
<kw name="Get Value" library="RPA.SAP">
<var>${textoSociedad}</var>
<arg>${valorSociedadME21N}</arg>
<doc>Gets the value of the given element. The possible return values depend on the type of element (see Return values).</doc>
<msg timestamp="20231025 12:29:39.660" level="INFO">${textoSociedad} = Comunicación Celular, S.A</msg>
<status status="PASS" starttime="20231025 12:29:39.636" endtime="20231025 12:29:39.660"/>
</kw>
<kw name="Input Text" library="RPA.SAP">
<arg>${filaCodigoMaterial}</arg>
<arg>${codigoMaterial}</arg>
<doc>Inserts the given text into the text field identified by locator.
Use keyword `input password` to insert a password in a text field.</doc>
<msg timestamp="20231025 12:29:39.705" level="INFO">Typing text '70048076' into text field '/app/con[0]/ses[0]/wnd[0]/usr/subSUB0:SAPLMEGUI:0013/subSUB2:SAPLMEVIEWS:1100/subSUB2:SAPLMEVIEWS:1200/subSUB1:SAPLMEGUI:1211/tblSAPLMEGUITC_1211/ctxtMEPO1211-EMATN[4,0]'.</msg>
<status status="PASS" starttime="20231025 12:29:39.661" endtime="20231025 12:29:39.705"/>
</kw>
<kw name="Sleep" library="BuiltIn">
<arg>1</arg>
<doc>Pauses the test executed for the given time.</doc>
<msg timestamp="20231025 12:29:40.705" level="INFO">Slept 1 second</msg>
<status status="PASS" starttime="20231025 12:29:39.705" endtime="20231025 12:29:40.705"/>
</kw>
<kw name="Input Text" library="RPA.SAP">
<arg>${filaCantidadPedido}</arg>
<arg>${cantidadPedidoMaterial}</arg>
<doc>Inserts the given text into the text field identified by locator.
Use keyword `input password` to insert a password in a text field.</doc>
<msg timestamp="20231025 12:29:40.753" level="INFO">Typing text '1' into text field '/app/con[0]/ses[0]/wnd[0]/usr/subSUB0:SAPLMEGUI:0013/subSUB2:SAPLMEVIEWS:1100/subSUB2:SAPLMEVIEWS:1200/subSUB1:SAPLMEGUI:1211/tblSAPLMEGUITC_1211/txtMEPO1211-MENGE[6,0]'.</msg>
<status status="PASS" starttime="20231025 12:29:40.706" endtime="20231025 12:29:40.754"/>
</kw>
<kw name="Sleep" library="BuiltIn">
<arg>1</arg>
<doc>Pauses the test executed for the given time.</doc>
<msg timestamp="20231025 12:29:41.754" level="INFO">Slept 1 second</msg>
<status status="PASS" starttime="20231025 12:29:40.754" endtime="20231025 12:29:41.754"/>
</kw>
<kw name="Input Text" library="RPA.SAP">
<arg>${filaLote}</arg>
<arg>${lote}</arg>
<doc>Inserts the given text into the text field identified by locator.
Use keyword `input password` to insert a password in a text field.</doc>
<msg timestamp="20231025 12:29:41.821" level="INFO">Typing text 'VALORADO' into text field '/app/con[0]/ses[0]/wnd[0]/usr/subSUB0:SAPLMEGUI:0013/subSUB2:SAPLMEVIEWS:1100/subSUB2:SAPLMEVIEWS:1200/subSUB1:SAPLMEGUI:1211/tblSAPLMEGUITC_1211/ctxtMEPO1211-CHARG[8,0]'.</msg>
<status status="PASS" starttime="20231025 12:29:41.755" endtime="20231025 12:29:41.822"/>
</kw>
<kw name="CapturaPantalla" library="Script">
<kw name="Sleep" library="BuiltIn">
<arg>1s</arg>
<doc>Pauses the test executed for the given time.</doc>
<msg timestamp="20231025 12:29:42.822" level="INFO">Slept 1 second</msg>
<status status="PASS" starttime="20231025 12:29:41.822" endtime="20231025 12:29:42.822"/>
</kw>
<kw name="Take Screenshot" library="Screenshot">
<doc>Takes a screenshot in JPEG format and embeds it into the log file.</doc>
<msg timestamp="20231025 12:29:42.849" level="INFO" html="true">&lt;a href="Images/screenshot_21.jpg"&gt;&lt;img src="Images/screenshot_21.jpg" width="800px"&gt;&lt;/a&gt;</msg>
<status status="PASS" starttime="20231025 12:29:42.824" endtime="20231025 12:29:42.849"/>
</kw>
<status status="PASS" starttime="20231025 12:29:41.822" endtime="20231025 12:29:42.849"/>
</kw>
<kw name="Sleep" library="BuiltIn">
<arg>1</arg>
<doc>Pauses the test executed for the given time.</doc>
<msg timestamp="20231025 12:29:43.850" level="INFO">Slept 1 second</msg>
<status status="PASS" starttime="20231025 12:29:42.849" endtime="20231025 12:29:43.850"/>
</kw>
<kw name="Input Text" library="RPA.SAP">
<arg>${filaCavDestino}</arg>
<arg>${centroDestinoMaterial}</arg>
<doc>Inserts the given text into the text field identified by locator.
Use keyword `input password` to insert a password in a text field.</doc>
<msg timestamp="20231025 12:29:43.911" level="INFO">Typing text 'C127' into text field '/app/con[0]/ses[0]/wnd[0]/usr/subSUB0:SAPLMEGUI:0013/subSUB2:SAPLMEVIEWS:1100/subSUB2:SAPLMEVIEWS:1200/subSUB1:SAPLMEGUI:1211/tblSAPLMEGUITC_1211/ctxtMEPO1211-NAME1[10,0]'.</msg>
<status status="PASS" starttime="20231025 12:29:43.850" endtime="20231025 12:29:43.911"/>
</kw>
<kw name="Sleep" library="BuiltIn">
<arg>1</arg>
<doc>Pauses the test executed for the given time.</doc>
<msg timestamp="20231025 12:29:44.911" level="INFO">Slept 1 second</msg>
<status status="PASS" starttime="20231025 12:29:43.911" endtime="20231025 12:29:44.911"/>
</kw>
<kw name="Input Text" library="RPA.SAP">
<arg>${filaAlmacen}</arg>
<arg>${almacen}</arg>
<doc>Inserts the given text into the text field identified by locator.
Use keyword `input password` to insert a password in a text field.</doc>
<msg timestamp="20231025 12:29:44.975" level="INFO">Typing text 'H001' into text field '/app/con[0]/ses[0]/wnd[0]/usr/subSUB0:SAPLMEGUI:0013/subSUB2:SAPLMEVIEWS:1100/subSUB2:SAPLMEVIEWS:1200/subSUB1:SAPLMEGUI:1211/tblSAPLMEGUITC_1211/ctxtMEPO1211-LGOBE[11,0]'.</msg>
<status status="PASS" starttime="20231025 12:29:44.912" endtime="20231025 12:29:44.975"/>
</kw>
<kw name="Sleep" library="BuiltIn">
<arg>1</arg>
<doc>Pauses the test executed for the given time.</doc>
<msg timestamp="20231025 12:29:45.975" level="INFO">Slept 1 second</msg>
<status status="PASS" starttime="20231025 12:29:44.975" endtime="20231025 12:29:45.975"/>
</kw>
<kw name="Send Keys" library="RPA.Windows">
<arg>keys={ENTER}</arg>
<tag>action</tag>
<tag>keyboard</tag>
<doc>Send keys to desktop, current window or to Control element
defined by given locator.</doc>
<msg timestamp="20231025 12:29:45.977" level="INFO">Sending keys '{ENTER}' to element: &lt;module 'uiautomation' from 'C:\\Users\\pinillaj\\AppData\\Local\\Programs\\Python\\Python311\\Lib\\site-packages\\uiautomation\\__init__.py'&gt;</msg>
<status status="PASS" starttime="20231025 12:29:45.976" endtime="20231025 12:29:46.500"/>
</kw>
<kw name="Sleep" library="BuiltIn">
<arg>2</arg>
<doc>Pauses the test executed for the given time.</doc>
<msg timestamp="20231025 12:29:48.501" level="INFO">Slept 2 seconds</msg>
<status status="PASS" starttime="20231025 12:29:46.500" endtime="20231025 12:29:48.501"/>
</kw>
<kw name="Run Keyword And Return Status" library="BuiltIn">
<var>${ElementoPresente}</var>
<arg>Element Should Be Present</arg>
<arg>${opcionDireccionEntregaME21N}</arg>
<doc>Runs the given keyword with given arguments and returns the status as a Boolean value.</doc>
<kw name="Element Should Be Present" library="RPA.SAP">
<arg>${opcionDireccionEntregaME21N}</arg>
<doc>Checks whether an element is present on the screen.</doc>
<status status="PASS" starttime="20231025 12:29:48.502" endtime="20231025 12:29:48.506"/>
</kw>
<msg timestamp="20231025 12:29:48.506" level="INFO">${ElementoPresente} = True</msg>
<status status="PASS" starttime="20231025 12:29:48.502" endtime="20231025 12:29:48.506"/>
</kw>
<if>
<branch type="IF" condition="${ElementoPresente} == $True">
<kw name="Click Element" library="RPA.SAP">
<arg>${opcionDireccionEntregaME21N}</arg>
<doc>Performs a single click on a given element. Used only for buttons, tabs and menu items.</doc>
<status status="PASS" starttime="20231025 12:29:48.507" endtime="20231025 12:29:48.530"/>
</kw>
<kw name="Get Value" library="RPA.SAP">
<var>${textoCavDestino}</var>
<arg>${filaDireccionCavDestino}</arg>
<doc>Gets the value of the given element. The possible return values depend on the type of element (see Return values).</doc>
<msg timestamp="20231025 12:29:48.544" level="INFO">${textoCavDestino} = CAV SAN ANDRES</msg>
<status status="PASS" starttime="20231025 12:29:48.530" endtime="20231025 12:29:48.544"/>
</kw>
<kw name="CapturaPantalla" library="Script">
<kw name="Sleep" library="BuiltIn">
<arg>1s</arg>
<doc>Pauses the test executed for the given time.</doc>
<msg timestamp="20231025 12:29:49.546" level="INFO">Slept 1 second</msg>
<status status="PASS" starttime="20231025 12:29:48.545" endtime="20231025 12:29:49.546"/>
</kw>
<kw name="Take Screenshot" library="Screenshot">
<doc>Takes a screenshot in JPEG format and embeds it into the log file.</doc>
<msg timestamp="20231025 12:29:49.583" level="INFO" html="true">&lt;a href="Images/screenshot_22.jpg"&gt;&lt;img src="Images/screenshot_22.jpg" width="800px"&gt;&lt;/a&gt;</msg>
<status status="PASS" starttime="20231025 12:29:49.547" endtime="20231025 12:29:49.583"/>
</kw>
<status status="PASS" starttime="20231025 12:29:48.545" endtime="20231025 12:29:49.584"/>
</kw>
<status status="PASS" starttime="20231025 12:29:48.506" endtime="20231025 12:29:49.584"/>
</branch>
<status status="PASS" starttime="20231025 12:29:48.506" endtime="20231025 12:29:49.584"/>
</if>
<kw name="Click Element" library="RPA.SAP">
<arg>${btnGrabarTransaccion}</arg>
<doc>Performs a single click on a given element. Used only for buttons, tabs and menu items.</doc>
<status status="PASS" starttime="20231025 12:29:49.584" endtime="20231025 12:29:49.861"/>
</kw>
<kw name="CapturaPantalla" library="Script">
<kw name="Sleep" library="BuiltIn">
<arg>1s</arg>
<doc>Pauses the test executed for the given time.</doc>
<msg timestamp="20231025 12:29:50.863" level="INFO">Slept 1 second</msg>
<status status="PASS" starttime="20231025 12:29:49.862" endtime="20231025 12:29:50.863"/>
</kw>
<kw name="Take Screenshot" library="Screenshot">
<doc>Takes a screenshot in JPEG format and embeds it into the log file.</doc>
<msg timestamp="20231025 12:29:50.900" level="INFO" html="true">&lt;a href="Images/screenshot_23.jpg"&gt;&lt;img src="Images/screenshot_23.jpg" width="800px"&gt;&lt;/a&gt;</msg>
<status status="PASS" starttime="20231025 12:29:50.864" endtime="20231025 12:29:50.900"/>
</kw>
<status status="PASS" starttime="20231025 12:29:49.862" endtime="20231025 12:29:50.900"/>
</kw>
<kw name="Get Value" library="RPA.SAP">
<var>${nombreBtnGrabar}</var>
<arg>${btnGrabarRetenerME21N}</arg>
<doc>Gets the value of the given element. The possible return values depend on the type of element (see Return values).</doc>
<msg timestamp="20231025 12:29:50.913" level="INFO">${nombreBtnGrabar} = Reten.</msg>
<status status="PASS" starttime="20231025 12:29:50.900" endtime="20231025 12:29:50.913"/>
</kw>
<if>
<branch type="IF" condition="&quot;${nombreBtnGrabar}&quot; == &quot;Reten.&quot;">
<kw name="Click Element" library="RPA.SAP">
<arg>${btnGrabarTratarME21N}</arg>
<doc>Performs a single click on a given element. Used only for buttons, tabs and menu items.</doc>
<status status="PASS" starttime="20231025 12:29:50.913" endtime="20231025 12:29:51.828"/>
</kw>
<kw name="CapturaPantalla" library="Script">
<kw name="Sleep" library="BuiltIn">
<arg>1s</arg>
<doc>Pauses the test executed for the given time.</doc>
<msg timestamp="20231025 12:29:52.828" level="INFO">Slept 1 second</msg>
<status status="PASS" starttime="20231025 12:29:51.828" endtime="20231025 12:29:52.828"/>
</kw>
<kw name="Take Screenshot" library="Screenshot">
<doc>Takes a screenshot in JPEG format and embeds it into the log file.</doc>
<msg timestamp="20231025 12:29:52.867" level="INFO" html="true">&lt;a href="Images/screenshot_24.jpg"&gt;&lt;img src="Images/screenshot_24.jpg" width="800px"&gt;&lt;/a&gt;</msg>
<status status="PASS" starttime="20231025 12:29:52.829" endtime="20231025 12:29:52.868"/>
</kw>
<status status="PASS" starttime="20231025 12:29:51.828" endtime="20231025 12:29:52.868"/>
</kw>
<kw name="Sleep" library="BuiltIn">
<arg>2</arg>
<doc>Pauses the test executed for the given time.</doc>
<msg timestamp="20231025 12:29:54.869" level="INFO">Slept 2 seconds</msg>
<status status="PASS" starttime="20231025 12:29:52.868" endtime="20231025 12:29:54.869"/>
</kw>
<kw name="Click Element" library="RPA.SAP">
<arg>${btnGrabarTratarAceptarME21N}</arg>
<doc>Performs a single click on a given element. Used only for buttons, tabs and menu items.</doc>
<status status="PASS" starttime="20231025 12:29:54.870" endtime="20231025 12:29:55.063"/>
</kw>
<kw name="Sleep" library="BuiltIn">
<arg>1</arg>
<doc>Pauses the test executed for the given time.</doc>
<msg timestamp="20231025 12:29:56.065" level="INFO">Slept 1 second</msg>
<status status="PASS" starttime="20231025 12:29:55.064" endtime="20231025 12:29:56.065"/>
</kw>
<kw name="CapturaPantalla" library="Script">
<kw name="Sleep" library="BuiltIn">
<arg>1s</arg>
<doc>Pauses the test executed for the given time.</doc>
<msg timestamp="20231025 12:29:57.067" level="INFO">Slept 1 second</msg>
<status status="PASS" starttime="20231025 12:29:56.066" endtime="20231025 12:29:57.068"/>
</kw>
<kw name="Take Screenshot" library="Screenshot">
<doc>Takes a screenshot in JPEG format and embeds it into the log file.</doc>
<msg timestamp="20231025 12:29:57.098" level="INFO" html="true">&lt;a href="Images/screenshot_25.jpg"&gt;&lt;img src="Images/screenshot_25.jpg" width="800px"&gt;&lt;/a&gt;</msg>
<status status="PASS" starttime="20231025 12:29:57.068" endtime="20231025 12:29:57.098"/>
</kw>
<status status="PASS" starttime="20231025 12:29:56.065" endtime="20231025 12:29:57.098"/>
</kw>
<kw name="CERRAR_APLICATIVO_SAP" library="funciones">
<kw name="Press Keys" library="RPA.Desktop">
<arg>alt</arg>
<arg>F4</arg>
<doc>Press multiple keys down simultaneously.</doc>
<msg timestamp="20231025 12:29:57.099" level="INFO">Pressing keys: Key.alt, Key.f4</msg>
<status status="PASS" starttime="20231025 12:29:57.099" endtime="20231025 12:29:57.103"/>
</kw>
<kw name="Press Keys" library="RPA.Desktop">
<arg>tab</arg>
<doc>Press multiple keys down simultaneously.</doc>
<msg timestamp="20231025 12:29:57.104" level="INFO">Pressing keys: Key.tab</msg>
<status status="PASS" starttime="20231025 12:29:57.103" endtime="20231025 12:29:57.204"/>
</kw>
<kw name="Sleep" library="BuiltIn">
<arg>2s</arg>
<doc>Pauses the test executed for the given time.</doc>
<msg timestamp="20231025 12:29:59.206" level="INFO">Slept 2 seconds</msg>
<status status="PASS" starttime="20231025 12:29:57.204" endtime="20231025 12:29:59.206"/>
</kw>
<kw name="Press Keys" library="RPA.Desktop">
<arg>tab</arg>
<doc>Press multiple keys down simultaneously.</doc>
<msg timestamp="20231025 12:29:59.207" level="INFO">Pressing keys: Key.tab</msg>
<status status="PASS" starttime="20231025 12:29:59.207" endtime="20231025 12:29:59.208"/>
</kw>
<kw name="Press Keys" library="RPA.Desktop">
<arg>enter</arg>
<doc>Press multiple keys down simultaneously.</doc>
<msg timestamp="20231025 12:29:59.210" level="INFO">Pressing keys: Key.enter</msg>
<status status="PASS" starttime="20231025 12:29:59.209" endtime="20231025 12:29:59.310"/>
</kw>
<status status="PASS" starttime="20231025 12:29:57.099" endtime="20231025 12:29:59.310"/>
</kw>
<kw name="Create File" library="RPA.FileSystem">
<arg>..\\SAP\\Resources\\transaccion_me21n.txt</arg>
<arg>content=Transacción ME21N - Traslado material de un CAV a un punto directo\n\n FALLIDO!</arg>
<arg>encoding=utf-8</arg>
<arg>overwrite=True</arg>
<doc>Creates a new text file, and writes content if any is given.</doc>
<status status="PASS" starttime="20231025 12:29:59.311" endtime="20231025 12:29:59.315"/>
</kw>
<status status="PASS" starttime="20231025 12:29:50.913" endtime="20231025 12:29:59.316"/>
</branch>
<branch type="ELSE">
<kw name="CapturaPantalla" library="Script">
<status status="NOT RUN" starttime="20231025 12:29:59.316" endtime="20231025 12:29:59.316"/>
</kw>
<kw name="Sleep" library="BuiltIn">
<arg>1</arg>
<doc>Pauses the test executed for the given time.</doc>
<status status="NOT RUN" starttime="20231025 12:29:59.317" endtime="20231025 12:29:59.317"/>
</kw>
<kw name="Send Keys" library="RPA.Windows">
<arg>keys={ENTER}</arg>
<tag>action</tag>
<tag>keyboard</tag>
<doc>Send keys to desktop, current window or to Control element
defined by given locator.</doc>
<status status="NOT RUN" starttime="20231025 12:29:59.317" endtime="20231025 12:29:59.318"/>
</kw>
<kw name="CapturaPantalla" library="Script">
<status status="NOT RUN" starttime="20231025 12:29:59.318" endtime="20231025 12:29:59.318"/>
</kw>
<kw name="Sleep" library="BuiltIn">
<arg>2</arg>
<doc>Pauses the test executed for the given time.</doc>
<status status="NOT RUN" starttime="20231025 12:29:59.318" endtime="20231025 12:29:59.318"/>
</kw>
<kw name="Get Value" library="RPA.SAP">
<var>${txtNumeroPedidoSAP}</var>
<arg>${panelNumeroPedidoSAP}</arg>
<doc>Gets the value of the given element. The possible return values depend on the type of element (see Return values).</doc>
<status status="NOT RUN" starttime="20231025 12:29:59.318" endtime="20231025 12:29:59.319"/>
</kw>
<kw name="Press Keys" library="RPA.Desktop">
<arg>shift</arg>
<arg>F5</arg>
<doc>Press multiple keys down simultaneously.</doc>
<status status="NOT RUN" starttime="20231025 12:29:59.319" endtime="20231025 12:29:59.319"/>
</kw>
<kw name="CapturaPantalla" library="Script">
<status status="NOT RUN" starttime="20231025 12:29:59.319" endtime="20231025 12:29:59.319"/>
</kw>
<kw name="Sleep" library="BuiltIn">
<arg>1</arg>
<doc>Pauses the test executed for the given time.</doc>
<status status="NOT RUN" starttime="20231025 12:29:59.319" endtime="20231025 12:29:59.320"/>
</kw>
<kw name="Get Value" library="RPA.SAP">
<var>${txtIdNumeroPedidoSAP}</var>
<arg>${numIdPedidoSAP}</arg>
<doc>Gets the value of the given element. The possible return values depend on the type of element (see Return values).</doc>
<status status="NOT RUN" starttime="20231025 12:29:59.320" endtime="20231025 12:29:59.320"/>
</kw>
<kw name="Log" library="BuiltIn">
<arg>${txtIdNumeroPedidoSAP}</arg>
<arg>console=True</arg>
<doc>Logs the given message with the given level.</doc>
<status status="NOT RUN" starttime="20231025 12:29:59.320" endtime="20231025 12:29:59.320"/>
</kw>
<kw name="Sleep" library="BuiltIn">
<arg>1</arg>
<doc>Pauses the test executed for the given time.</doc>
<status status="NOT RUN" starttime="20231025 12:29:59.320" endtime="20231025 12:29:59.321"/>
</kw>
<kw name="Create File" library="RPA.FileSystem">
<arg>..\\SAP\\Resources\\transaccion_me21n.txt</arg>
<arg>content=Transacción ME21N - Traslado material de un CAV a un punto directo\n\n Centro Origen: ${centroOrigenMaterial}\n Org.Compras: ${orgCompras} - ${textoOrgCompra}\n GrupoCompras: ${grupoCompras} - ${textoGrupoCompra}\n Sociedad: ${sociedad} - ${textoSociedad}\n\n Centro Destino: ${centroDestinoMaterial} - ${textoCavDestino}\n CodigoMaterial: ${codigoMaterial}\n CantidadPedidoMaterial: ${cantidadPedidoMaterial}\n\n Ejecución exitosa!\n\n ${txtNumeroPedidoSAP}</arg>
<arg>encoding=utf-8</arg>
<arg>overwrite=True</arg>
<doc>Creates a new text file, and writes content if any is given.</doc>
<status status="NOT RUN" starttime="20231025 12:29:59.321" endtime="20231025 12:29:59.321"/>
</kw>
<kw name="Press Keys" library="RPA.Desktop">
<arg>alt</arg>
<arg>F4</arg>
<doc>Press multiple keys down simultaneously.</doc>
<status status="NOT RUN" starttime="20231025 12:29:59.321" endtime="20231025 12:29:59.321"/>
</kw>
<kw name="CapturaPantalla" library="Script">
<status status="NOT RUN" starttime="20231025 12:29:59.321" endtime="20231025 12:29:59.322"/>
</kw>
<kw name="Sleep" library="BuiltIn">
<arg>1</arg>
<doc>Pauses the test executed for the given time.</doc>
<status status="NOT RUN" starttime="20231025 12:29:59.322" endtime="20231025 12:29:59.322"/>
</kw>
<kw name="CANTIDAD_CLICK_ELEMENTO" library="funciones">
<arg>2</arg>
<arg>${btnAtras}</arg>
<status status="NOT RUN" starttime="20231025 12:29:59.322" endtime="20231025 12:29:59.322"/>
</kw>
<kw name="CERRAR_APLICATIVO_SAP" library="funciones">
<status status="NOT RUN" starttime="20231025 12:29:59.322" endtime="20231025 12:29:59.323"/>
</kw>
<status status="NOT RUN" starttime="20231025 12:29:59.316" endtime="20231025 12:29:59.323"/>
</branch>
<status status="PASS" starttime="20231025 12:29:50.913" endtime="20231025 12:29:59.323"/>
</if>
<status status="PASS" starttime="20231025 12:29:27.655" endtime="20231025 12:29:59.323"/>
</kw>
<status status="PASS" starttime="20231025 12:29:13.756" endtime="20231025 12:29:59.324"/>
</test>
<status status="PASS" starttime="20231025 12:29:12.745" endtime="20231025 12:29:59.326"/>
</suite>
<statistics>
<total>
<stat pass="1" fail="0" skip="0">All Tests</stat>
</total>
<tag>
</tag>
<suite>
<stat pass="1" fail="0" skip="0" id="s1" name="SAP">SAP</stat>
</suite>
</statistics>
<errors>
</errors>
</robot>
