<?xml version="1.0" encoding="UTF-8"?>
<robot generator="Robot 6.1.1 (Python 3.11.5 on win32)" generated="20230918 16:31:57.529" rpa="false" schemaversion="4">
<suite id="s1" name="SAP" source="d:\proyectos-vc\AutomationSAP\SAP\TestCases\SAP.robot">
<test id="s1-t1" name="PROCESO SAP" line="7">
<kw name="abrir_sap" library="abrirSAP">
<kw name="Windows Run" library="RPA.Windows">
<arg>saplogon.exe</arg>
<tag>window</tag>
<doc>Use Windows Run window to launch an application.</doc>
<msg timestamp="20230918 16:31:59.325" level="INFO">Sending keys '{Win}r' to element: &lt;module 'uiautomation' from 'C:\\Users\\pinillaj\\AppData\\Local\\Programs\\Python\\Python311\\Lib\\site-packages\\uiautomation\\__init__.py'&gt;</msg>
<msg timestamp="20230918 16:31:59.883" level="INFO">Sending keys 'saplogon.exe' to element: &lt;module 'uiautomation' from 'C:\\Users\\pinillaj\\AppData\\Local\\Programs\\Python\\Python311\\Lib\\site-packages\\uiautomation\\__init__.py'&gt;</msg>
<msg timestamp="20230918 16:32:00.515" level="INFO">Sending keys '{Enter}' to element: &lt;module 'uiautomation' from 'C:\\Users\\pinillaj\\AppData\\Local\\Programs\\Python\\Python311\\Lib\\site-packages\\uiautomation\\__init__.py'&gt;</msg>
<status status="PASS" starttime="20230918 16:31:59.325" endtime="20230918 16:32:04.042"/>
</kw>
<status status="PASS" starttime="20230918 16:31:59.325" endtime="20230918 16:32:04.042"/>
</kw>
<kw name="login_sap" library="loginSAP">
<for flavor="IN RANGE">
<var>${Conteo}</var>
<value>0</value>
<value>99999999</value>
<iter>
<var name="${Conteo}">0</var>
<kw name="Run Keyword And Return Status" library="BuiltIn">
<var>${Login}</var>
<arg>RPA.SAP.Connect To Session</arg>
<doc>Runs the given keyword with given arguments and returns the status as a Boolean value.</doc>
<kw name="Connect To Session" library="RPA.SAP">
<doc>Connects to an open session SAP.</doc>
<status status="PASS" starttime="20230918 16:32:05.940" endtime="20230918 16:32:05.973"/>
</kw>
<msg timestamp="20230918 16:32:05.973" level="INFO">${Login} = True</msg>
<status status="PASS" starttime="20230918 16:32:05.940" endtime="20230918 16:32:05.973"/>
</kw>
<kw name="Exit For Loop If" library="BuiltIn">
<arg>${Login}== True</arg>
<doc>Stops executing the enclosing FOR loop if the ``condition`` is true.</doc>
<msg timestamp="20230918 16:32:05.973" level="INFO">Exiting for loop altogether.</msg>
<status status="PASS" starttime="20230918 16:32:05.973" endtime="20230918 16:32:05.987"/>
</kw>
<status status="PASS" starttime="20230918 16:32:05.940" endtime="20230918 16:32:05.989"/>
</iter>
<status status="PASS" starttime="20230918 16:32:04.042" endtime="20230918 16:32:05.989"/>
</for>
<kw name="Open Connection" library="RPA.SAP">
<arg>SAP EQA</arg>
<doc>Opens a connection to the given connection name. Be sure to provide the full connection name, including the bracket part.</doc>
<status status="PASS" starttime="20230918 16:32:05.989" endtime="20230918 16:32:07.439"/>
</kw>
<kw name="Input Text" library="RPA.SAP">
<arg>${nvaLoginSAP}${txtUsuario}</arg>
<arg>${usuarioSAP}</arg>
<doc>Inserts the given text into the text field identified by locator.
Use keyword `input password` to insert a password in a text field.</doc>
<msg timestamp="20230918 16:32:07.522" level="INFO">Typing text 'CO_HITSS' into text field '/app/con[0]/ses[0]/wnd[0]/usr/txtRSYST-BNAME'.</msg>
<status status="PASS" starttime="20230918 16:32:07.439" endtime="20230918 16:32:07.522"/>
</kw>
<kw name="Input Password" library="RPA.SAP">
<arg>${nvaLoginSAP}${txtClave}</arg>
<arg>${claveSAP}</arg>
<doc>Inserts the given password into the text field identified by locator.
The password is not recorded in the log.</doc>
<msg timestamp="20230918 16:32:07.539" level="INFO">Typing password into text field '/app/con[0]/ses[0]/wnd[0]/usr/pwdRSYST-BCODE'.</msg>
<status status="PASS" starttime="20230918 16:32:07.522" endtime="20230918 16:32:07.539"/>
</kw>
<kw name="Click Element" library="RPA.SAP">
<arg>${nvaLoginSAP}${btnLogin}</arg>
<doc>Performs a single click on a given element. Used only for buttons, tabs and menu items.</doc>
<status status="PASS" starttime="20230918 16:32:07.539" endtime="20230918 16:32:08.038"/>
</kw>
<kw name="Select Radio Button" library="RPA.SAP">
<arg>${vnaSesionAbierta}${rbtnOpcionDos}</arg>
<doc>Sets radio button to the specified value.</doc>
<status status="PASS" starttime="20230918 16:32:08.038" endtime="20230918 16:32:08.112"/>
</kw>
<kw name="Click Element" library="RPA.SAP">
<arg>${vnaSesionAbierta}${btnCheckOK}</arg>
<doc>Performs a single click on a given element. Used only for buttons, tabs and menu items.</doc>
<status status="PASS" starttime="20230918 16:32:08.112" endtime="20230918 16:32:09.888"/>
</kw>
<status status="PASS" starttime="20230918 16:32:04.042" endtime="20230918 16:32:09.888"/>
</kw>
<kw name="transaccion_mb52" library="transaction_mb52">
<arg>7005695</arg>
<kw name="Send Keys" library="RPA.Windows">
<arg>keys=${transaccionMB52}</arg>
<tag>action</tag>
<tag>keyboard</tag>
<doc>Send keys to desktop, current window or to Control element
defined by given locator.</doc>
<msg timestamp="20230918 16:32:09.888" level="INFO">Sending keys 'MB52' to element: &lt;module 'uiautomation' from 'C:\\Users\\pinillaj\\AppData\\Local\\Programs\\Python\\Python311\\Lib\\site-packages\\uiautomation\\__init__.py'&gt;</msg>
<status status="PASS" starttime="20230918 16:32:09.888" endtime="20230918 16:32:10.442"/>
</kw>
<kw name="Click Element" library="RPA.SAP">
<arg>${btnCheckTransaccion}</arg>
<doc>Performs a single click on a given element. Used only for buttons, tabs and menu items.</doc>
<status status="PASS" starttime="20230918 16:32:10.442" endtime="20230918 16:32:11.105"/>
</kw>
<kw name="Input Text" library="RPA.SAP">
<arg>${txtMaterialMb52}</arg>
<arg>${codigoMaterial}</arg>
<doc>Inserts the given text into the text field identified by locator.
Use keyword `input password` to insert a password in a text field.</doc>
<msg timestamp="20230918 16:32:11.188" level="INFO">Typing text '7005695' into text field '/app/con[0]/ses[0]/wnd[0]/usr/ctxtMATNR-LOW'.</msg>
<status status="PASS" starttime="20230918 16:32:11.105" endtime="20230918 16:32:11.188"/>
</kw>
<kw name="Click Element" library="RPA.SAP">
<arg>${btnValidarStock}</arg>
<doc>Performs a single click on a given element. Used only for buttons, tabs and menu items.</doc>
<status status="PASS" starttime="20230918 16:32:11.188" endtime="20230918 16:32:11.988"/>
</kw>
<status status="PASS" starttime="20230918 16:32:09.888" endtime="20230918 16:32:11.988"/>
</kw>
<status status="PASS" starttime="20230918 16:31:59.325" endtime="20230918 16:32:11.988"/>
</test>
<status status="PASS" starttime="20230918 16:31:57.539" endtime="20230918 16:32:12.005"/>
</suite>
<statistics>
<total>
<stat pass="1" fail="0" skip="0">All Tests</stat>
</total>
<tag>
</tag>
<suite>
<stat pass="1" fail="0" skip="0" id="s1" name="SAP">SAP</stat>
</suite>
</statistics>
<errors>
<msg timestamp="20230918 16:31:59.250" level="WARN">Environment variable `RC_JAVA_ACCESS_BRIDGE_DLL` needs to be set to absolute path of `WindowsAccessBridge-64.dll`</msg>
</errors>
</robot>
