<?xml version="1.0" encoding="UTF-8"?>
<robot generator="Robot 6.1.1 (Python 3.11.5 on win32)" generated="20231102 12:39:54.803" rpa="false" schemaversion="4">
<suite id="s1" name="Ejecucion Mb52" source="d:\proyectos-vc\AutomationSAP\SAP\TestCases\ejecucion_mb52.robot">
<test id="s1-t1" name="Transaccion MB52 Validacion Stock" line="20">
<kw name="abrir_sap" library="abrirSAP">
<kw name="Windows Run" library="RPA.Windows">
<arg>saplogon.exe</arg>
<tag>window</tag>
<doc>Use Windows Run window to launch an application.</doc>
<msg timestamp="20231102 12:39:57.089" level="INFO">Sending keys '{Win}r' to element: &lt;module 'uiautomation' from 'C:\\Users\\pinillaj\\AppData\\Local\\Programs\\Python\\Python311\\Lib\\site-packages\\uiautomation\\__init__.py'&gt;</msg>
<msg timestamp="20231102 12:39:57.654" level="INFO">Sending keys 'saplogon.exe' to element: &lt;module 'uiautomation' from 'C:\\Users\\pinillaj\\AppData\\Local\\Programs\\Python\\Python311\\Lib\\site-packages\\uiautomation\\__init__.py'&gt;</msg>
<msg timestamp="20231102 12:39:58.289" level="INFO">Sending keys '{Enter}' to element: &lt;module 'uiautomation' from 'C:\\Users\\pinillaj\\AppData\\Local\\Programs\\Python\\Python311\\Lib\\site-packages\\uiautomation\\__init__.py'&gt;</msg>
<status status="PASS" starttime="20231102 12:39:57.088" endtime="20231102 12:40:01.814"/>
</kw>
<status status="PASS" starttime="20231102 12:39:57.087" endtime="20231102 12:40:01.815"/>
</kw>
<kw name="login_sap" library="loginSAP">
<for flavor="IN RANGE">
<var>${Conteo}</var>
<value>0</value>
<value>99999999</value>
<iter>
<var name="${Conteo}">0</var>
<kw name="Run Keyword And Return Status" library="BuiltIn">
<var>${Login}</var>
<arg>RPA.SAP.Connect To Session</arg>
<doc>Runs the given keyword with given arguments and returns the status as a Boolean value.</doc>
<kw name="Connect To Session" library="RPA.SAP">
<doc>Connects to an open session SAP.</doc>
<status status="PASS" starttime="20231102 12:40:04.266" endtime="20231102 12:40:04.323"/>
</kw>
<msg timestamp="20231102 12:40:04.324" level="INFO">${Login} = True</msg>
<status status="PASS" starttime="20231102 12:40:04.264" endtime="20231102 12:40:04.324"/>
</kw>
<if>
<branch type="IF" condition="${Login}== True">
<break>
<status status="PASS" starttime="20231102 12:40:04.325" endtime="20231102 12:40:04.325"/>
</break>
<status status="PASS" starttime="20231102 12:40:04.324" endtime="20231102 12:40:04.325"/>
</branch>
<status status="PASS" starttime="20231102 12:40:04.324" endtime="20231102 12:40:04.326"/>
</if>
<status status="PASS" starttime="20231102 12:40:04.263" endtime="20231102 12:40:04.326"/>
</iter>
<status status="PASS" starttime="20231102 12:40:01.817" endtime="20231102 12:40:04.326"/>
</for>
<kw name="Open Connection" library="RPA.SAP">
<arg>SAP EQA</arg>
<doc>Opens a connection to the given connection name. Be sure to provide the full connection name, including the bracket part.</doc>
<status status="PASS" starttime="20231102 12:40:04.326" endtime="20231102 12:40:06.091"/>
</kw>
<kw name="Input Text" library="RPA.SAP">
<arg>${nvaLoginSAP}${txtUsuario}</arg>
<arg>${usuarioSAP}</arg>
<doc>Inserts the given text into the text field identified by locator.
Use keyword `input password` to insert a password in a text field.</doc>
<msg timestamp="20231102 12:40:07.957" level="INFO">Typing text 'CO_HITSS' into text field '/app/con[0]/ses[0]/wnd[0]/usr/txtRSYST-BNAME'.</msg>
<status status="PASS" starttime="20231102 12:40:06.092" endtime="20231102 12:40:07.959"/>
</kw>
<kw name="CapturaPantalla" library="Script">
<kw name="Sleep" library="BuiltIn">
<arg>1s</arg>
<doc>Pauses the test executed for the given time.</doc>
<msg timestamp="20231102 12:40:08.962" level="INFO">Slept 1 second</msg>
<status status="PASS" starttime="20231102 12:40:07.961" endtime="20231102 12:40:08.968"/>
</kw>
<kw name="Take Screenshot" library="Screenshot">
<doc>Takes a screenshot in JPEG format and embeds it into the log file.</doc>
<msg timestamp="20231102 12:40:09.065" level="INFO" html="true">&lt;a href="Images/screenshot_29.jpg"&gt;&lt;img src="Images/screenshot_29.jpg" width="800px"&gt;&lt;/a&gt;</msg>
<status status="PASS" starttime="20231102 12:40:08.968" endtime="20231102 12:40:09.065"/>
</kw>
<status status="PASS" starttime="20231102 12:40:07.960" endtime="20231102 12:40:09.066"/>
</kw>
<kw name="Input Password" library="RPA.SAP">
<arg>${nvaLoginSAP}${txtClave}</arg>
<arg>${claveSAP}</arg>
<doc>Inserts the given password into the text field identified by locator.
The password is not recorded in the log.</doc>
<msg timestamp="20231102 12:40:09.086" level="INFO">Typing password into text field '/app/con[0]/ses[0]/wnd[0]/usr/pwdRSYST-BCODE'.</msg>
<status status="PASS" starttime="20231102 12:40:09.066" endtime="20231102 12:40:09.087"/>
</kw>
<kw name="CapturaPantalla" library="Script">
<kw name="Sleep" library="BuiltIn">
<arg>1s</arg>
<doc>Pauses the test executed for the given time.</doc>
<msg timestamp="20231102 12:40:10.088" level="INFO">Slept 1 second</msg>
<status status="PASS" starttime="20231102 12:40:09.088" endtime="20231102 12:40:10.089"/>
</kw>
<kw name="Take Screenshot" library="Screenshot">
<doc>Takes a screenshot in JPEG format and embeds it into the log file.</doc>
<msg timestamp="20231102 12:40:10.152" level="INFO" html="true">&lt;a href="Images/screenshot_30.jpg"&gt;&lt;img src="Images/screenshot_30.jpg" width="800px"&gt;&lt;/a&gt;</msg>
<status status="PASS" starttime="20231102 12:40:10.089" endtime="20231102 12:40:10.153"/>
</kw>
<status status="PASS" starttime="20231102 12:40:09.087" endtime="20231102 12:40:10.153"/>
</kw>
<kw name="Click Element" library="RPA.SAP">
<arg>${nvaLoginSAP}${btnLogin}</arg>
<doc>Performs a single click on a given element. Used only for buttons, tabs and menu items.</doc>
<status status="PASS" starttime="20231102 12:40:10.154" endtime="20231102 12:40:11.432"/>
</kw>
<kw name="Run Keyword And Return Status" library="BuiltIn">
<var>${ElementoPresente}</var>
<arg>Element Should Be Present</arg>
<arg>${vnaSesionAbierta}</arg>
<doc>Runs the given keyword with given arguments and returns the status as a Boolean value.</doc>
<kw name="Element Should Be Present" library="RPA.SAP">
<arg>${vnaSesionAbierta}</arg>
<doc>Checks whether an element is present on the screen.</doc>
<status status="PASS" starttime="20231102 12:40:11.434" endtime="20231102 12:40:11.442"/>
</kw>
<msg timestamp="20231102 12:40:11.443" level="INFO">${ElementoPresente} = True</msg>
<status status="PASS" starttime="20231102 12:40:11.433" endtime="20231102 12:40:11.443"/>
</kw>
<if>
<branch type="IF" condition="${ElementoPresente} == $True">
<kw name="CapturaPantalla" library="Script">
<kw name="Sleep" library="BuiltIn">
<arg>1s</arg>
<doc>Pauses the test executed for the given time.</doc>
<msg timestamp="20231102 12:40:12.455" level="INFO">Slept 1 second</msg>
<status status="PASS" starttime="20231102 12:40:11.455" endtime="20231102 12:40:12.455"/>
</kw>
<kw name="Take Screenshot" library="Screenshot">
<doc>Takes a screenshot in JPEG format and embeds it into the log file.</doc>
<msg timestamp="20231102 12:40:12.518" level="INFO" html="true">&lt;a href="Images/screenshot_31.jpg"&gt;&lt;img src="Images/screenshot_31.jpg" width="800px"&gt;&lt;/a&gt;</msg>
<status status="PASS" starttime="20231102 12:40:12.456" endtime="20231102 12:40:12.519"/>
</kw>
<status status="PASS" starttime="20231102 12:40:11.454" endtime="20231102 12:40:12.519"/>
</kw>
<kw name="Select Radio Button" library="RPA.SAP">
<arg>${vnaSesionAbierta}${rbtnOpcionDos}</arg>
<doc>Sets radio button to the specified value.</doc>
<status status="PASS" starttime="20231102 12:40:12.520" endtime="20231102 12:40:12.543"/>
</kw>
<kw name="CapturaPantalla" library="Script">
<kw name="Sleep" library="BuiltIn">
<arg>1s</arg>
<doc>Pauses the test executed for the given time.</doc>
<msg timestamp="20231102 12:40:13.546" level="INFO">Slept 1 second</msg>
<status status="PASS" starttime="20231102 12:40:12.544" endtime="20231102 12:40:13.547"/>
</kw>
<kw name="Take Screenshot" library="Screenshot">
<doc>Takes a screenshot in JPEG format and embeds it into the log file.</doc>
<msg timestamp="20231102 12:40:13.617" level="INFO" html="true">&lt;a href="Images/screenshot_32.jpg"&gt;&lt;img src="Images/screenshot_32.jpg" width="800px"&gt;&lt;/a&gt;</msg>
<status status="PASS" starttime="20231102 12:40:13.547" endtime="20231102 12:40:13.618"/>
</kw>
<status status="PASS" starttime="20231102 12:40:12.543" endtime="20231102 12:40:13.618"/>
</kw>
<kw name="Click Element" library="RPA.SAP">
<arg>${vnaSesionAbierta}${btnCheckOK}</arg>
<doc>Performs a single click on a given element. Used only for buttons, tabs and menu items.</doc>
<status status="PASS" starttime="20231102 12:40:13.619" endtime="20231102 12:40:14.988"/>
</kw>
<kw name="CapturaPantalla" library="Script">
<kw name="Sleep" library="BuiltIn">
<arg>1s</arg>
<doc>Pauses the test executed for the given time.</doc>
<msg timestamp="20231102 12:40:15.991" level="INFO">Slept 1 second</msg>
<status status="PASS" starttime="20231102 12:40:14.989" endtime="20231102 12:40:15.991"/>
</kw>
<kw name="Take Screenshot" library="Screenshot">
<doc>Takes a screenshot in JPEG format and embeds it into the log file.</doc>
<msg timestamp="20231102 12:40:16.046" level="INFO" html="true">&lt;a href="Images/screenshot_33.jpg"&gt;&lt;img src="Images/screenshot_33.jpg" width="800px"&gt;&lt;/a&gt;</msg>
<status status="PASS" starttime="20231102 12:40:15.992" endtime="20231102 12:40:16.047"/>
</kw>
<status status="PASS" starttime="20231102 12:40:14.988" endtime="20231102 12:40:16.047"/>
</kw>
<status status="PASS" starttime="20231102 12:40:11.444" endtime="20231102 12:40:16.048"/>
</branch>
<status status="PASS" starttime="20231102 12:40:11.444" endtime="20231102 12:40:16.048"/>
</if>
<status status="PASS" starttime="20231102 12:40:01.816" endtime="20231102 12:40:16.048"/>
</kw>
<kw name="mb52 - validar stock material" library="transaccion_mb52">
<arg>70048876</arg>
<arg>C108</arg>
<try>
<branch type="TRY">
<kw name="Send Keys" library="RPA.Windows">
<arg>keys=${transaccionMB52}</arg>
<tag>action</tag>
<tag>keyboard</tag>
<doc>Send keys to desktop, current window or to Control element
defined by given locator.</doc>
<msg timestamp="20231102 12:40:16.053" level="INFO">Sending keys 'MB52' to element: &lt;module 'uiautomation' from 'C:\\Users\\pinillaj\\AppData\\Local\\Programs\\Python\\Python311\\Lib\\site-packages\\uiautomation\\__init__.py'&gt;</msg>
<status status="PASS" starttime="20231102 12:40:16.051" endtime="20231102 12:40:16.598"/>
</kw>
<kw name="Sleep" library="BuiltIn">
<arg>1</arg>
<doc>Pauses the test executed for the given time.</doc>
<msg timestamp="20231102 12:40:17.600" level="INFO">Slept 1 second</msg>
<status status="PASS" starttime="20231102 12:40:16.598" endtime="20231102 12:40:17.600"/>
</kw>
<kw name="CapturaPantalla" library="Script">
<kw name="Sleep" library="BuiltIn">
<arg>1s</arg>
<doc>Pauses the test executed for the given time.</doc>
<msg timestamp="20231102 12:40:18.602" level="INFO">Slept 1 second</msg>
<status status="PASS" starttime="20231102 12:40:17.600" endtime="20231102 12:40:18.602"/>
</kw>
<kw name="Take Screenshot" library="Screenshot">
<doc>Takes a screenshot in JPEG format and embeds it into the log file.</doc>
<msg timestamp="20231102 12:40:18.659" level="INFO" html="true">&lt;a href="Images/screenshot_34.jpg"&gt;&lt;img src="Images/screenshot_34.jpg" width="800px"&gt;&lt;/a&gt;</msg>
<status status="PASS" starttime="20231102 12:40:18.603" endtime="20231102 12:40:18.660"/>
</kw>
<status status="PASS" starttime="20231102 12:40:17.600" endtime="20231102 12:40:18.661"/>
</kw>
<kw name="Click Element" library="RPA.SAP">
<arg>${btnCheckTransaccion}</arg>
<doc>Performs a single click on a given element. Used only for buttons, tabs and menu items.</doc>
<status status="PASS" starttime="20231102 12:40:18.661" endtime="20231102 12:40:19.174"/>
</kw>
<kw name="Input Text" library="RPA.SAP">
<arg>${txtMaterialMb52}</arg>
<arg>${codigoMaterial}</arg>
<doc>Inserts the given text into the text field identified by locator.
Use keyword `input password` to insert a password in a text field.</doc>
<msg timestamp="20231102 12:40:19.286" level="INFO">Typing text '70048876' into text field '/app/con[0]/ses[0]/wnd[0]/usr/ctxtMATNR-LOW'.</msg>
<status status="PASS" starttime="20231102 12:40:19.175" endtime="20231102 12:40:19.286"/>
</kw>
<kw name="Sleep" library="BuiltIn">
<arg>1</arg>
<doc>Pauses the test executed for the given time.</doc>
<msg timestamp="20231102 12:40:20.287" level="INFO">Slept 1 second</msg>
<status status="PASS" starttime="20231102 12:40:19.287" endtime="20231102 12:40:20.288"/>
</kw>
<kw name="Input Text" library="RPA.SAP">
<arg>${txtCentroMb52}</arg>
<arg>${centroCAV}</arg>
<doc>Inserts the given text into the text field identified by locator.
Use keyword `input password` to insert a password in a text field.</doc>
<msg timestamp="20231102 12:40:20.315" level="INFO">Typing text 'C108' into text field '/app/con[0]/ses[0]/wnd[0]/usr/ctxtWERKS-LOW'.</msg>
<status status="PASS" starttime="20231102 12:40:20.288" endtime="20231102 12:40:20.315"/>
</kw>
<kw name="CapturaPantalla" library="Script">
<kw name="Sleep" library="BuiltIn">
<arg>1s</arg>
<doc>Pauses the test executed for the given time.</doc>
<msg timestamp="20231102 12:40:21.318" level="INFO">Slept 1 second</msg>
<status status="PASS" starttime="20231102 12:40:20.317" endtime="20231102 12:40:21.318"/>
</kw>
<kw name="Take Screenshot" library="Screenshot">
<doc>Takes a screenshot in JPEG format and embeds it into the log file.</doc>
<msg timestamp="20231102 12:40:21.422" level="INFO" html="true">&lt;a href="Images/screenshot_35.jpg"&gt;&lt;img src="Images/screenshot_35.jpg" width="800px"&gt;&lt;/a&gt;</msg>
<status status="PASS" starttime="20231102 12:40:21.319" endtime="20231102 12:40:21.423"/>
</kw>
<status status="PASS" starttime="20231102 12:40:20.316" endtime="20231102 12:40:21.423"/>
</kw>
<kw name="Sleep" library="BuiltIn">
<arg>1</arg>
<doc>Pauses the test executed for the given time.</doc>
<msg timestamp="20231102 12:40:22.424" level="INFO">Slept 1 second</msg>
<status status="PASS" starttime="20231102 12:40:21.424" endtime="20231102 12:40:22.424"/>
</kw>
<kw name="Click Element" library="RPA.SAP">
<arg>${btnValidarStock}</arg>
<doc>Performs a single click on a given element. Used only for buttons, tabs and menu items.</doc>
<status status="PASS" starttime="20231102 12:40:22.425" endtime="20231102 12:40:22.821"/>
</kw>
<kw name="CapturaPantalla" library="Script">
<kw name="Sleep" library="BuiltIn">
<arg>1s</arg>
<doc>Pauses the test executed for the given time.</doc>
<msg timestamp="20231102 12:40:23.822" level="INFO">Slept 1 second</msg>
<status status="PASS" starttime="20231102 12:40:22.822" endtime="20231102 12:40:23.823"/>
</kw>
<kw name="Take Screenshot" library="Screenshot">
<doc>Takes a screenshot in JPEG format and embeds it into the log file.</doc>
<msg timestamp="20231102 12:40:23.884" level="INFO" html="true">&lt;a href="Images/screenshot_36.jpg"&gt;&lt;img src="Images/screenshot_36.jpg" width="800px"&gt;&lt;/a&gt;</msg>
<status status="PASS" starttime="20231102 12:40:23.823" endtime="20231102 12:40:23.885"/>
</kw>
<status status="PASS" starttime="20231102 12:40:22.821" endtime="20231102 12:40:23.885"/>
</kw>
<kw name="Sleep" library="BuiltIn">
<arg>2</arg>
<doc>Pauses the test executed for the given time.</doc>
<msg timestamp="20231102 12:40:25.886" level="INFO">Slept 2 seconds</msg>
<status status="PASS" starttime="20231102 12:40:23.886" endtime="20231102 12:40:25.887"/>
</kw>
<kw name="Get Value" library="RPA.SAP">
<var>${txtLibreUtilizacion}</var>
<arg>${txtLibreUtilizado}</arg>
<doc>Gets the value of the given element. The possible return values depend on the type of element (see Return values).</doc>
<msg timestamp="20231102 12:40:25.940" level="INFO">${txtLibreUtilizacion} =              7</msg>
<status status="PASS" starttime="20231102 12:40:25.887" endtime="20231102 12:40:25.941"/>
</kw>
<kw name="Create File" library="RPA.FileSystem">
<arg>..\\SAP\\Resources\\transaccion_mb52.txt</arg>
<arg>content=Transacción MB52 - Validación de Stock\n\n CódigoMaterial: ${codigoMaterial}\n CAV: ${centroCAV}\n LibreUtilización: ${txtLibreUtilizacion}</arg>
<arg>encoding=utf-8</arg>
<arg>overwrite=True</arg>
<doc>Creates a new text file, and writes content if any is given.</doc>
<status status="PASS" starttime="20231102 12:40:25.941" endtime="20231102 12:40:25.960"/>
</kw>
<kw name="CANTIDAD_CLICK_ELEMENTO_RPA_SAP" library="funciones">
<arg>2</arg>
<arg>${btnAtras}</arg>
<for flavor="IN RANGE">
<var>${i}</var>
<value>0</value>
<value>${cantClicks}</value>
<iter>
<var name="${i}">0</var>
<kw name="Click Element" library="RPA.SAP">
<arg>${rutaElemento}</arg>
<doc>Performs a single click on a given element. Used only for buttons, tabs and menu items.</doc>
<status status="PASS" starttime="20231102 12:40:25.963" endtime="20231102 12:40:26.472"/>
</kw>
<kw name="Sleep" library="BuiltIn">
<arg>1s</arg>
<doc>Pauses the test executed for the given time.</doc>
<msg timestamp="20231102 12:40:27.476" level="INFO">Slept 1 second</msg>
<status status="PASS" starttime="20231102 12:40:26.473" endtime="20231102 12:40:27.477"/>
</kw>
<if>
<branch type="IF" condition="${i} == ${CantClicks}">
<break>
<status status="NOT RUN" starttime="20231102 12:40:27.478" endtime="20231102 12:40:27.478"/>
</break>
<status status="NOT RUN" starttime="20231102 12:40:27.477" endtime="20231102 12:40:27.478"/>
</branch>
<status status="PASS" starttime="20231102 12:40:27.477" endtime="20231102 12:40:27.479"/>
</if>
<status status="PASS" starttime="20231102 12:40:25.963" endtime="20231102 12:40:27.479"/>
</iter>
<iter>
<var name="${i}">1</var>
<kw name="Click Element" library="RPA.SAP">
<arg>${rutaElemento}</arg>
<doc>Performs a single click on a given element. Used only for buttons, tabs and menu items.</doc>
<status status="PASS" starttime="20231102 12:40:27.480" endtime="20231102 12:40:27.889"/>
</kw>
<kw name="Sleep" library="BuiltIn">
<arg>1s</arg>
<doc>Pauses the test executed for the given time.</doc>
<msg timestamp="20231102 12:40:28.894" level="INFO">Slept 1 second</msg>
<status status="PASS" starttime="20231102 12:40:27.890" endtime="20231102 12:40:28.895"/>
</kw>
<if>
<branch type="IF" condition="${i} == ${CantClicks}">
<break>
<status status="NOT RUN" starttime="20231102 12:40:28.896" endtime="20231102 12:40:28.896"/>
</break>
<status status="NOT RUN" starttime="20231102 12:40:28.895" endtime="20231102 12:40:28.896"/>
</branch>
<status status="PASS" starttime="20231102 12:40:28.895" endtime="20231102 12:40:28.896"/>
</if>
<status status="PASS" starttime="20231102 12:40:27.479" endtime="20231102 12:40:28.896"/>
</iter>
<status status="PASS" starttime="20231102 12:40:25.962" endtime="20231102 12:40:28.897"/>
</for>
<status status="PASS" starttime="20231102 12:40:25.961" endtime="20231102 12:40:28.897"/>
</kw>
<kw name="CERRAR_APLICATIVO_SAP" library="funciones">
<kw name="Press Keys" library="RPA.Desktop">
<arg>alt</arg>
<arg>F4</arg>
<doc>Press multiple keys down simultaneously.</doc>
<msg timestamp="20231102 12:40:28.899" level="INFO">Pressing keys: Key.alt, Key.f4</msg>
<status status="PASS" starttime="20231102 12:40:28.898" endtime="20231102 12:40:28.902"/>
</kw>
<kw name="Press Keys" library="RPA.Desktop">
<arg>tab</arg>
<doc>Press multiple keys down simultaneously.</doc>
<msg timestamp="20231102 12:40:28.905" level="INFO">Pressing keys: Key.tab</msg>
<status status="PASS" starttime="20231102 12:40:28.903" endtime="20231102 12:40:29.004"/>
</kw>
<kw name="Sleep" library="BuiltIn">
<arg>2s</arg>
<doc>Pauses the test executed for the given time.</doc>
<msg timestamp="20231102 12:40:31.006" level="INFO">Slept 2 seconds</msg>
<status status="PASS" starttime="20231102 12:40:29.005" endtime="20231102 12:40:31.006"/>
</kw>
<kw name="Press Keys" library="RPA.Desktop">
<arg>tab</arg>
<doc>Press multiple keys down simultaneously.</doc>
<msg timestamp="20231102 12:40:31.009" level="INFO">Pressing keys: Key.tab</msg>
<status status="PASS" starttime="20231102 12:40:31.007" endtime="20231102 12:40:31.011"/>
</kw>
<kw name="Press Keys" library="RPA.Desktop">
<arg>enter</arg>
<doc>Press multiple keys down simultaneously.</doc>
<msg timestamp="20231102 12:40:31.013" level="INFO">Pressing keys: Key.enter</msg>
<status status="PASS" starttime="20231102 12:40:31.012" endtime="20231102 12:40:31.112"/>
</kw>
<status status="PASS" starttime="20231102 12:40:28.897" endtime="20231102 12:40:31.112"/>
</kw>
<status status="PASS" starttime="20231102 12:40:16.051" endtime="20231102 12:40:31.113"/>
</branch>
<branch type="EXCEPT">
<kw name="Get Value" library="RPA.SAP">
<var>${labelPanelSap}</var>
<arg>${panelNumeroPedidoSAP}</arg>
<doc>Gets the value of the given element. The possible return values depend on the type of element (see Return values).</doc>
<status status="NOT RUN" starttime="20231102 12:40:31.114" endtime="20231102 12:40:31.114"/>
</kw>
<kw name="Create File" library="RPA.FileSystem">
<arg>..\\SAP\\Resources\\transaccion_mb52.txt</arg>
<arg>content=Transacción MB52 - Validación de Stock\n\n Error en la ejecución, ${labelPanelSap}</arg>
<arg>encoding=utf-8</arg>
<arg>overwrite=True</arg>
<doc>Creates a new text file, and writes content if any is given.</doc>
<status status="NOT RUN" starttime="20231102 12:40:31.114" endtime="20231102 12:40:31.115"/>
</kw>
<kw name="CERRAR_APLICATIVO_SAP" library="funciones">
<status status="NOT RUN" starttime="20231102 12:40:31.115" endtime="20231102 12:40:31.115"/>
</kw>
<status status="NOT RUN" starttime="20231102 12:40:31.113" endtime="20231102 12:40:31.115"/>
</branch>
<status status="PASS" starttime="20231102 12:40:16.051" endtime="20231102 12:40:31.116"/>
</try>
<status status="PASS" starttime="20231102 12:40:16.050" endtime="20231102 12:40:31.116"/>
</kw>
<status status="PASS" starttime="20231102 12:39:57.081" endtime="20231102 12:40:31.117"/>
</test>
<status status="PASS" starttime="20231102 12:39:54.823" endtime="20231102 12:40:31.124"/>
</suite>
<statistics>
<total>
<stat pass="1" fail="0" skip="0">All Tests</stat>
</total>
<tag>
</tag>
<suite>
<stat pass="1" fail="0" skip="0" id="s1" name="Ejecucion Mb52">Ejecucion Mb52</stat>
</suite>
</statistics>
<errors>
</errors>
</robot>
