<?xml version="1.0" encoding="UTF-8"?>
<robot generator="Robot 6.1.1 (Python 3.11.5 on win32)" generated="20231024 12:46:21.148" rpa="false" schemaversion="4">
<suite id="s1" name="SAP" source="d:\proyectos-vc\AutomationSAP\SAP\TestCases\SAP.robot">
<test id="s1-t1" name="Ver Imeis" line="33">
<kw name="Crear IMEI" library="funciones">
<arg>4</arg>
<for flavor="IN RANGE">
<var>${i}</var>
<value>0</value>
<value>${cantidadImeis}</value>
<iter>
<var name="${i}">0</var>
<kw name="Generar Imei" library="crear_imei">
<var>${prueba}</var>
<msg timestamp="20231024 12:46:22.133" level="INFO">${prueba} = 650262640654515</msg>
<status status="PASS" starttime="20231024 12:46:22.133" endtime="20231024 12:46:22.140"/>
</kw>
<kw name="Log" library="BuiltIn">
<arg>${prueba}</arg>
<arg>console=True</arg>
<doc>Logs the given message with the given level.</doc>
<msg timestamp="20231024 12:46:22.140" level="INFO">650262640654515</msg>
<status status="PASS" starttime="20231024 12:46:22.140" endtime="20231024 12:46:22.140"/>
</kw>
<kw name="Exit For Loop If" library="BuiltIn">
<arg>${i} == ${cantidadImeis}</arg>
<doc>Stops executing the enclosing FOR loop if the ``condition`` is true.</doc>
<status status="PASS" starttime="20231024 12:46:22.140" endtime="20231024 12:46:22.146"/>
</kw>
<status status="PASS" starttime="20231024 12:46:22.133" endtime="20231024 12:46:22.146"/>
</iter>
<iter>
<var name="${i}">1</var>
<kw name="Generar Imei" library="crear_imei">
<var>${prueba}</var>
<msg timestamp="20231024 12:46:22.146" level="INFO">${prueba} = 754735683418167</msg>
<status status="PASS" starttime="20231024 12:46:22.146" endtime="20231024 12:46:22.146"/>
</kw>
<kw name="Log" library="BuiltIn">
<arg>${prueba}</arg>
<arg>console=True</arg>
<doc>Logs the given message with the given level.</doc>
<msg timestamp="20231024 12:46:22.147" level="INFO">754735683418167</msg>
<status status="PASS" starttime="20231024 12:46:22.147" endtime="20231024 12:46:22.147"/>
</kw>
<kw name="Exit For Loop If" library="BuiltIn">
<arg>${i} == ${cantidadImeis}</arg>
<doc>Stops executing the enclosing FOR loop if the ``condition`` is true.</doc>
<status status="PASS" starttime="20231024 12:46:22.147" endtime="20231024 12:46:22.148"/>
</kw>
<status status="PASS" starttime="20231024 12:46:22.146" endtime="20231024 12:46:22.148"/>
</iter>
<iter>
<var name="${i}">2</var>
<kw name="Generar Imei" library="crear_imei">
<var>${prueba}</var>
<msg timestamp="20231024 12:46:22.148" level="INFO">${prueba} = 124469302256674</msg>
<status status="PASS" starttime="20231024 12:46:22.148" endtime="20231024 12:46:22.149"/>
</kw>
<kw name="Log" library="BuiltIn">
<arg>${prueba}</arg>
<arg>console=True</arg>
<doc>Logs the given message with the given level.</doc>
<msg timestamp="20231024 12:46:22.149" level="INFO">124469302256674</msg>
<status status="PASS" starttime="20231024 12:46:22.149" endtime="20231024 12:46:22.150"/>
</kw>
<kw name="Exit For Loop If" library="BuiltIn">
<arg>${i} == ${cantidadImeis}</arg>
<doc>Stops executing the enclosing FOR loop if the ``condition`` is true.</doc>
<status status="PASS" starttime="20231024 12:46:22.150" endtime="20231024 12:46:22.151"/>
</kw>
<status status="PASS" starttime="20231024 12:46:22.148" endtime="20231024 12:46:22.151"/>
</iter>
<iter>
<var name="${i}">3</var>
<kw name="Generar Imei" library="crear_imei">
<var>${prueba}</var>
<msg timestamp="20231024 12:46:22.152" level="INFO">${prueba} = 178049795031624</msg>
<status status="PASS" starttime="20231024 12:46:22.152" endtime="20231024 12:46:22.152"/>
</kw>
<kw name="Log" library="BuiltIn">
<arg>${prueba}</arg>
<arg>console=True</arg>
<doc>Logs the given message with the given level.</doc>
<msg timestamp="20231024 12:46:22.152" level="INFO">178049795031624</msg>
<status status="PASS" starttime="20231024 12:46:22.152" endtime="20231024 12:46:22.152"/>
</kw>
<kw name="Exit For Loop If" library="BuiltIn">
<arg>${i} == ${cantidadImeis}</arg>
<doc>Stops executing the enclosing FOR loop if the ``condition`` is true.</doc>
<status status="PASS" starttime="20231024 12:46:22.152" endtime="20231024 12:46:22.152"/>
</kw>
<status status="PASS" starttime="20231024 12:46:22.151" endtime="20231024 12:46:22.152"/>
</iter>
<status status="PASS" starttime="20231024 12:46:22.133" endtime="20231024 12:46:22.152"/>
</for>
<status status="PASS" starttime="20231024 12:46:22.133" endtime="20231024 12:46:22.152"/>
</kw>
<status status="PASS" starttime="20231024 12:46:22.133" endtime="20231024 12:46:22.152"/>
</test>
<status status="PASS" starttime="20231024 12:46:21.154" endtime="20231024 12:46:22.152"/>
</suite>
<statistics>
<total>
<stat pass="1" fail="0" skip="0">All Tests</stat>
</total>
<tag>
</tag>
<suite>
<stat pass="1" fail="0" skip="0" id="s1" name="SAP">SAP</stat>
</suite>
</statistics>
<errors>
</errors>
</robot>
