<?xml version="1.0" encoding="UTF-8"?>
<robot generator="Robot 6.1.1 (Python 3.11.5 on win32)" generated="20231023 16:29:41.548" rpa="false" schemaversion="4">
<suite id="s1" name="SAP" source="d:\proyectos-vc\AutomationSAP\SAP\TestCases\SAP.robot">
<test id="s1-t1" name="RPA Validación Stock y Traslado del material" line="32">
<kw name="abrir_sap" library="abrirSAP">
<kw name="Windows Run" library="RPA.Windows">
<arg>saplogon.exe</arg>
<tag>window</tag>
<doc>Use Windows Run window to launch an application.</doc>
<msg timestamp="20231023 16:29:43.299" level="INFO">Sending keys '{Win}r' to element: &lt;module 'uiautomation' from 'C:\\Users\\pinillaj\\AppData\\Local\\Programs\\Python\\Python311\\Lib\\site-packages\\uiautomation\\__init__.py'&gt;</msg>
<msg timestamp="20231023 16:29:43.869" level="INFO">Sending keys 'saplogon.exe' to element: &lt;module 'uiautomation' from 'C:\\Users\\pinillaj\\AppData\\Local\\Programs\\Python\\Python311\\Lib\\site-packages\\uiautomation\\__init__.py'&gt;</msg>
<msg timestamp="20231023 16:29:44.568" level="INFO">Sending keys '{Enter}' to element: &lt;module 'uiautomation' from 'C:\\Users\\pinillaj\\AppData\\Local\\Programs\\Python\\Python311\\Lib\\site-packages\\uiautomation\\__init__.py'&gt;</msg>
<status status="PASS" starttime="20231023 16:29:43.299" endtime="20231023 16:29:48.092"/>
</kw>
<status status="PASS" starttime="20231023 16:29:43.299" endtime="20231023 16:29:48.092"/>
</kw>
<kw name="login_sap" library="loginSAP">
<for flavor="IN RANGE">
<var>${Conteo}</var>
<value>0</value>
<value>99999999</value>
<iter>
<var name="${Conteo}">0</var>
<kw name="Run Keyword And Return Status" library="BuiltIn">
<var>${Login}</var>
<arg>RPA.SAP.Connect To Session</arg>
<doc>Runs the given keyword with given arguments and returns the status as a Boolean value.</doc>
<kw name="Connect To Session" library="RPA.SAP">
<doc>Connects to an open session SAP.</doc>
<status status="PASS" starttime="20231023 16:29:50.099" endtime="20231023 16:29:50.131"/>
</kw>
<msg timestamp="20231023 16:29:50.131" level="INFO">${Login} = True</msg>
<status status="PASS" starttime="20231023 16:29:50.098" endtime="20231023 16:29:50.131"/>
</kw>
<if>
<branch type="IF" condition="${Login}== True">
<break>
<status status="PASS" starttime="20231023 16:29:50.131" endtime="20231023 16:29:50.131"/>
</break>
<status status="PASS" starttime="20231023 16:29:50.131" endtime="20231023 16:29:50.131"/>
</branch>
<status status="PASS" starttime="20231023 16:29:50.131" endtime="20231023 16:29:50.131"/>
</if>
<status status="PASS" starttime="20231023 16:29:50.089" endtime="20231023 16:29:50.131"/>
</iter>
<status status="PASS" starttime="20231023 16:29:48.092" endtime="20231023 16:29:50.131"/>
</for>
<kw name="Open Connection" library="RPA.SAP">
<arg>SAP EQA</arg>
<doc>Opens a connection to the given connection name. Be sure to provide the full connection name, including the bracket part.</doc>
<status status="PASS" starttime="20231023 16:29:50.131" endtime="20231023 16:29:51.432"/>
</kw>
<kw name="Input Text" library="RPA.SAP">
<arg>${nvaLoginSAP}${txtUsuario}</arg>
<arg>${usuarioSAP}</arg>
<doc>Inserts the given text into the text field identified by locator.
Use keyword `input password` to insert a password in a text field.</doc>
<msg timestamp="20231023 16:29:51.498" level="INFO">Typing text 'CO_HITSS' into text field '/app/con[0]/ses[0]/wnd[0]/usr/txtRSYST-BNAME'.</msg>
<status status="PASS" starttime="20231023 16:29:51.432" endtime="20231023 16:29:51.498"/>
</kw>
<kw name="CapturaPantalla" library="Script">
<kw name="Sleep" library="BuiltIn">
<arg>1s</arg>
<doc>Pauses the test executed for the given time.</doc>
<msg timestamp="20231023 16:29:53.849" level="INFO">Slept 1 second</msg>
<status status="PASS" starttime="20231023 16:29:51.508" endtime="20231023 16:29:53.849"/>
</kw>
<kw name="Take Screenshot" library="Screenshot">
<doc>Takes a screenshot in JPEG format and embeds it into the log file.</doc>
<msg timestamp="20231023 16:29:53.996" level="INFO" html="true">&lt;a href="Images/screenshot_333.jpg"&gt;&lt;img src="Images/screenshot_333.jpg" width="800px"&gt;&lt;/a&gt;</msg>
<status status="PASS" starttime="20231023 16:29:53.849" endtime="20231023 16:29:53.996"/>
</kw>
<status status="PASS" starttime="20231023 16:29:51.508" endtime="20231023 16:29:53.996"/>
</kw>
<kw name="Input Password" library="RPA.SAP">
<arg>${nvaLoginSAP}${txtClave}</arg>
<arg>${claveSAP}</arg>
<doc>Inserts the given password into the text field identified by locator.
The password is not recorded in the log.</doc>
<msg timestamp="20231023 16:29:54.013" level="INFO">Typing password into text field '/app/con[0]/ses[0]/wnd[0]/usr/pwdRSYST-BCODE'.</msg>
<status status="PASS" starttime="20231023 16:29:53.998" endtime="20231023 16:29:54.018"/>
</kw>
<kw name="CapturaPantalla" library="Script">
<kw name="Sleep" library="BuiltIn">
<arg>1s</arg>
<doc>Pauses the test executed for the given time.</doc>
<msg timestamp="20231023 16:29:55.018" level="INFO">Slept 1 second</msg>
<status status="PASS" starttime="20231023 16:29:54.018" endtime="20231023 16:29:55.018"/>
</kw>
<kw name="Take Screenshot" library="Screenshot">
<doc>Takes a screenshot in JPEG format and embeds it into the log file.</doc>
<msg timestamp="20231023 16:29:55.146" level="INFO" html="true">&lt;a href="Images/screenshot_334.jpg"&gt;&lt;img src="Images/screenshot_334.jpg" width="800px"&gt;&lt;/a&gt;</msg>
<status status="PASS" starttime="20231023 16:29:55.018" endtime="20231023 16:29:55.148"/>
</kw>
<status status="PASS" starttime="20231023 16:29:54.018" endtime="20231023 16:29:55.148"/>
</kw>
<kw name="Click Element" library="RPA.SAP">
<arg>${nvaLoginSAP}${btnLogin}</arg>
<doc>Performs a single click on a given element. Used only for buttons, tabs and menu items.</doc>
<status status="PASS" starttime="20231023 16:29:55.148" endtime="20231023 16:29:55.964"/>
</kw>
<kw name="Run Keyword And Return Status" library="BuiltIn">
<var>${ElementoPresente}</var>
<arg>Element Should Be Present</arg>
<arg>${vnaSesionAbierta}</arg>
<doc>Runs the given keyword with given arguments and returns the status as a Boolean value.</doc>
<kw name="Element Should Be Present" library="RPA.SAP">
<arg>${vnaSesionAbierta}</arg>
<doc>Checks whether an element is present on the screen.</doc>
<status status="PASS" starttime="20231023 16:29:55.964" endtime="20231023 16:29:55.964"/>
</kw>
<msg timestamp="20231023 16:29:55.964" level="INFO">${ElementoPresente} = True</msg>
<status status="PASS" starttime="20231023 16:29:55.964" endtime="20231023 16:29:55.964"/>
</kw>
<if>
<branch type="IF" condition="${ElementoPresente} == $True">
<kw name="CapturaPantalla" library="Script">
<kw name="Sleep" library="BuiltIn">
<arg>1s</arg>
<doc>Pauses the test executed for the given time.</doc>
<msg timestamp="20231023 16:29:56.982" level="INFO">Slept 1 second</msg>
<status status="PASS" starttime="20231023 16:29:55.981" endtime="20231023 16:29:56.982"/>
</kw>
<kw name="Take Screenshot" library="Screenshot">
<doc>Takes a screenshot in JPEG format and embeds it into the log file.</doc>
<msg timestamp="20231023 16:29:57.097" level="INFO" html="true">&lt;a href="Images/screenshot_335.jpg"&gt;&lt;img src="Images/screenshot_335.jpg" width="800px"&gt;&lt;/a&gt;</msg>
<status status="PASS" starttime="20231023 16:29:56.982" endtime="20231023 16:29:57.097"/>
</kw>
<status status="PASS" starttime="20231023 16:29:55.981" endtime="20231023 16:29:57.097"/>
</kw>
<kw name="Select Radio Button" library="RPA.SAP">
<arg>${vnaSesionAbierta}${rbtnOpcionDos}</arg>
<doc>Sets radio button to the specified value.</doc>
<status status="PASS" starttime="20231023 16:29:57.097" endtime="20231023 16:29:57.117"/>
</kw>
<kw name="CapturaPantalla" library="Script">
<kw name="Sleep" library="BuiltIn">
<arg>1s</arg>
<doc>Pauses the test executed for the given time.</doc>
<msg timestamp="20231023 16:29:58.118" level="INFO">Slept 1 second</msg>
<status status="PASS" starttime="20231023 16:29:57.117" endtime="20231023 16:29:58.118"/>
</kw>
<kw name="Take Screenshot" library="Screenshot">
<doc>Takes a screenshot in JPEG format and embeds it into the log file.</doc>
<msg timestamp="20231023 16:29:58.231" level="INFO" html="true">&lt;a href="Images/screenshot_336.jpg"&gt;&lt;img src="Images/screenshot_336.jpg" width="800px"&gt;&lt;/a&gt;</msg>
<status status="PASS" starttime="20231023 16:29:58.118" endtime="20231023 16:29:58.231"/>
</kw>
<status status="PASS" starttime="20231023 16:29:57.117" endtime="20231023 16:29:58.231"/>
</kw>
<kw name="Click Element" library="RPA.SAP">
<arg>${vnaSesionAbierta}${btnCheckOK}</arg>
<doc>Performs a single click on a given element. Used only for buttons, tabs and menu items.</doc>
<status status="PASS" starttime="20231023 16:29:58.231" endtime="20231023 16:29:59.847"/>
</kw>
<kw name="CapturaPantalla" library="Script">
<kw name="Sleep" library="BuiltIn">
<arg>1s</arg>
<doc>Pauses the test executed for the given time.</doc>
<msg timestamp="20231023 16:30:00.848" level="INFO">Slept 1 second</msg>
<status status="PASS" starttime="20231023 16:29:59.847" endtime="20231023 16:30:00.848"/>
</kw>
<kw name="Take Screenshot" library="Screenshot">
<doc>Takes a screenshot in JPEG format and embeds it into the log file.</doc>
<msg timestamp="20231023 16:30:00.964" level="INFO" html="true">&lt;a href="Images/screenshot_337.jpg"&gt;&lt;img src="Images/screenshot_337.jpg" width="800px"&gt;&lt;/a&gt;</msg>
<status status="PASS" starttime="20231023 16:30:00.848" endtime="20231023 16:30:00.964"/>
</kw>
<status status="PASS" starttime="20231023 16:29:59.847" endtime="20231023 16:30:00.964"/>
</kw>
<status status="PASS" starttime="20231023 16:29:55.979" endtime="20231023 16:30:00.964"/>
</branch>
<status status="PASS" starttime="20231023 16:29:55.979" endtime="20231023 16:30:00.964"/>
</if>
<status status="PASS" starttime="20231023 16:29:48.092" endtime="20231023 16:30:00.964"/>
</kw>
<kw name="RPA Validación y Proceso de traslado del material" library="rpa_validacion_traslado_material">
<arg>70048076</arg>
<arg>C108</arg>
<arg>CO06</arg>
<arg>T09</arg>
<arg>CO15</arg>
<arg>1</arg>
<arg>C127</arg>
<kw name="Send Keys" library="RPA.Windows">
<arg>keys=${transaccionMB52}</arg>
<tag>action</tag>
<tag>keyboard</tag>
<doc>Send keys to desktop, current window or to Control element
defined by given locator.</doc>
<msg timestamp="20231023 16:30:00.964" level="INFO">Sending keys 'MB52' to element: &lt;module 'uiautomation' from 'C:\\Users\\pinillaj\\AppData\\Local\\Programs\\Python\\Python311\\Lib\\site-packages\\uiautomation\\__init__.py'&gt;</msg>
<status status="PASS" starttime="20231023 16:30:00.964" endtime="20231023 16:30:01.518"/>
</kw>
<kw name="Sleep" library="BuiltIn">
<arg>1</arg>
<doc>Pauses the test executed for the given time.</doc>
<msg timestamp="20231023 16:30:02.518" level="INFO">Slept 1 second</msg>
<status status="PASS" starttime="20231023 16:30:01.518" endtime="20231023 16:30:02.518"/>
</kw>
<kw name="Click Element" library="RPA.SAP">
<arg>${btnCheckTransaccion}</arg>
<doc>Performs a single click on a given element. Used only for buttons, tabs and menu items.</doc>
<status status="PASS" starttime="20231023 16:30:02.518" endtime="20231023 16:30:03.130"/>
</kw>
<kw name="CapturaPantalla" library="Script">
<kw name="Sleep" library="BuiltIn">
<arg>1s</arg>
<doc>Pauses the test executed for the given time.</doc>
<msg timestamp="20231023 16:30:04.131" level="INFO">Slept 1 second</msg>
<status status="PASS" starttime="20231023 16:30:03.130" endtime="20231023 16:30:04.131"/>
</kw>
<kw name="Take Screenshot" library="Screenshot">
<doc>Takes a screenshot in JPEG format and embeds it into the log file.</doc>
<msg timestamp="20231023 16:30:04.247" level="INFO" html="true">&lt;a href="Images/screenshot_338.jpg"&gt;&lt;img src="Images/screenshot_338.jpg" width="800px"&gt;&lt;/a&gt;</msg>
<status status="PASS" starttime="20231023 16:30:04.131" endtime="20231023 16:30:04.247"/>
</kw>
<status status="PASS" starttime="20231023 16:30:03.130" endtime="20231023 16:30:04.247"/>
</kw>
<kw name="Input Text" library="RPA.SAP">
<arg>${txtMaterialMb52}</arg>
<arg>${codigoMaterial}</arg>
<doc>Inserts the given text into the text field identified by locator.
Use keyword `input password` to insert a password in a text field.</doc>
<msg timestamp="20231023 16:30:04.265" level="INFO">Typing text '70048076' into text field '/app/con[0]/ses[0]/wnd[0]/usr/ctxtMATNR-LOW'.</msg>
<status status="PASS" starttime="20231023 16:30:04.247" endtime="20231023 16:30:04.265"/>
</kw>
<kw name="Sleep" library="BuiltIn">
<arg>1</arg>
<doc>Pauses the test executed for the given time.</doc>
<msg timestamp="20231023 16:30:05.266" level="INFO">Slept 1 second</msg>
<status status="PASS" starttime="20231023 16:30:04.265" endtime="20231023 16:30:05.266"/>
</kw>
<kw name="Input Text" library="RPA.SAP">
<arg>${txtCentroMb52}</arg>
<arg>${centroOrigenMaterial}</arg>
<doc>Inserts the given text into the text field identified by locator.
Use keyword `input password` to insert a password in a text field.</doc>
<msg timestamp="20231023 16:30:05.281" level="INFO">Typing text 'C108' into text field '/app/con[0]/ses[0]/wnd[0]/usr/ctxtWERKS-LOW'.</msg>
<status status="PASS" starttime="20231023 16:30:05.266" endtime="20231023 16:30:05.281"/>
</kw>
<kw name="Sleep" library="BuiltIn">
<arg>1</arg>
<doc>Pauses the test executed for the given time.</doc>
<msg timestamp="20231023 16:30:06.282" level="INFO">Slept 1 second</msg>
<status status="PASS" starttime="20231023 16:30:05.281" endtime="20231023 16:30:06.282"/>
</kw>
<kw name="Click Element" library="RPA.SAP">
<arg>${btnValidarStock}</arg>
<doc>Performs a single click on a given element. Used only for buttons, tabs and menu items.</doc>
<status status="PASS" starttime="20231023 16:30:06.282" endtime="20231023 16:30:06.857"/>
</kw>
<kw name="CapturaPantalla" library="Script">
<kw name="Sleep" library="BuiltIn">
<arg>1s</arg>
<doc>Pauses the test executed for the given time.</doc>
<msg timestamp="20231023 16:30:07.857" level="INFO">Slept 1 second</msg>
<status status="PASS" starttime="20231023 16:30:06.857" endtime="20231023 16:30:07.858"/>
</kw>
<kw name="Take Screenshot" library="Screenshot">
<doc>Takes a screenshot in JPEG format and embeds it into the log file.</doc>
<msg timestamp="20231023 16:30:07.978" level="INFO" html="true">&lt;a href="Images/screenshot_339.jpg"&gt;&lt;img src="Images/screenshot_339.jpg" width="800px"&gt;&lt;/a&gt;</msg>
<status status="PASS" starttime="20231023 16:30:07.858" endtime="20231023 16:30:07.978"/>
</kw>
<status status="PASS" starttime="20231023 16:30:06.857" endtime="20231023 16:30:07.978"/>
</kw>
<kw name="Sleep" library="BuiltIn">
<arg>1</arg>
<doc>Pauses the test executed for the given time.</doc>
<msg timestamp="20231023 16:30:08.978" level="INFO">Slept 1 second</msg>
<status status="PASS" starttime="20231023 16:30:07.978" endtime="20231023 16:30:08.978"/>
</kw>
<kw name="Get Value" library="RPA.SAP">
<var>${txtLibreUtilizacion}</var>
<arg>${txtLibreUtilizado}</arg>
<doc>Gets the value of the given element. The possible return values depend on the type of element (see Return values).</doc>
<msg timestamp="20231023 16:30:09.013" level="INFO">${txtLibreUtilizacion} =             13</msg>
<status status="PASS" starttime="20231023 16:30:08.978" endtime="20231023 16:30:09.013"/>
</kw>
<if>
<branch type="IF" condition="${txtLibreUtilizacion} != &quot;0&quot;">
<kw name="CANTIDAD_CLICK_ELEMENTO" library="funciones">
<arg>2</arg>
<arg>${btnAtras}</arg>
<for flavor="IN RANGE">
<var>${i}</var>
<value>0</value>
<value>${cantClicks}</value>
<iter>
<var name="${i}">0</var>
<kw name="Click Element" library="RPA.SAP">
<arg>${rutaElemento}</arg>
<doc>Performs a single click on a given element. Used only for buttons, tabs and menu items.</doc>
<status status="PASS" starttime="20231023 16:30:09.013" endtime="20231023 16:30:09.841"/>
</kw>
<kw name="Sleep" library="BuiltIn">
<arg>1s</arg>
<doc>Pauses the test executed for the given time.</doc>
<msg timestamp="20231023 16:30:10.842" level="INFO">Slept 1 second</msg>
<status status="PASS" starttime="20231023 16:30:09.841" endtime="20231023 16:30:10.844"/>
</kw>
<kw name="Exit For Loop If" library="BuiltIn">
<arg>${i} == ${CantClicks}</arg>
<doc>Stops executing the enclosing FOR loop if the ``condition`` is true.</doc>
<status status="PASS" starttime="20231023 16:30:10.844" endtime="20231023 16:30:10.844"/>
</kw>
<status status="PASS" starttime="20231023 16:30:09.013" endtime="20231023 16:30:10.844"/>
</iter>
<iter>
<var name="${i}">1</var>
<kw name="Click Element" library="RPA.SAP">
<arg>${rutaElemento}</arg>
<doc>Performs a single click on a given element. Used only for buttons, tabs and menu items.</doc>
<status status="PASS" starttime="20231023 16:30:10.844" endtime="20231023 16:30:12.119"/>
</kw>
<kw name="Sleep" library="BuiltIn">
<arg>1s</arg>
<doc>Pauses the test executed for the given time.</doc>
<msg timestamp="20231023 16:30:13.120" level="INFO">Slept 1 second</msg>
<status status="PASS" starttime="20231023 16:30:12.119" endtime="20231023 16:30:13.120"/>
</kw>
<kw name="Exit For Loop If" library="BuiltIn">
<arg>${i} == ${CantClicks}</arg>
<doc>Stops executing the enclosing FOR loop if the ``condition`` is true.</doc>
<status status="PASS" starttime="20231023 16:30:13.120" endtime="20231023 16:30:13.120"/>
</kw>
<status status="PASS" starttime="20231023 16:30:10.844" endtime="20231023 16:30:13.120"/>
</iter>
<status status="PASS" starttime="20231023 16:30:09.013" endtime="20231023 16:30:13.120"/>
</for>
<status status="PASS" starttime="20231023 16:30:09.013" endtime="20231023 16:30:13.120"/>
</kw>
<kw name="Send Keys" library="RPA.Windows">
<arg>keys=${transaccionME21N}</arg>
<tag>action</tag>
<tag>keyboard</tag>
<doc>Send keys to desktop, current window or to Control element
defined by given locator.</doc>
<msg timestamp="20231023 16:30:13.120" level="INFO">Sending keys 'ME21N' to element: &lt;module 'uiautomation' from 'C:\\Users\\pinillaj\\AppData\\Local\\Programs\\Python\\Python311\\Lib\\site-packages\\uiautomation\\__init__.py'&gt;</msg>
<status status="PASS" starttime="20231023 16:30:13.120" endtime="20231023 16:30:13.679"/>
</kw>
<kw name="Click Element" library="RPA.SAP">
<arg>${btnCheckTransaccion}</arg>
<doc>Performs a single click on a given element. Used only for buttons, tabs and menu items.</doc>
<status status="PASS" starttime="20231023 16:30:13.679" endtime="20231023 16:30:25.757"/>
</kw>
<kw name="CapturaPantalla" library="Script">
<kw name="Sleep" library="BuiltIn">
<arg>1s</arg>
<doc>Pauses the test executed for the given time.</doc>
<msg timestamp="20231023 16:30:26.757" level="INFO">Slept 1 second</msg>
<status status="PASS" starttime="20231023 16:30:25.757" endtime="20231023 16:30:26.759"/>
</kw>
<kw name="Take Screenshot" library="Screenshot">
<doc>Takes a screenshot in JPEG format and embeds it into the log file.</doc>
<msg timestamp="20231023 16:30:26.892" level="INFO" html="true">&lt;a href="Images/screenshot_340.jpg"&gt;&lt;img src="Images/screenshot_340.jpg" width="800px"&gt;&lt;/a&gt;</msg>
<status status="PASS" starttime="20231023 16:30:26.759" endtime="20231023 16:30:26.892"/>
</kw>
<status status="PASS" starttime="20231023 16:30:25.757" endtime="20231023 16:30:26.892"/>
</kw>
<kw name="Sleep" library="BuiltIn">
<arg>2</arg>
<doc>Pauses the test executed for the given time.</doc>
<msg timestamp="20231023 16:30:28.892" level="INFO">Slept 2 seconds</msg>
<status status="PASS" starttime="20231023 16:30:26.892" endtime="20231023 16:30:28.892"/>
</kw>
<kw name="Select From List By Label" library="RPA.SAP">
<arg>${pedidoTrasladoME21N}</arg>
<arg>${pedidoTraslado}</arg>
<doc>Selects the specified option from the selection list.</doc>
<status status="PASS" starttime="20231023 16:30:28.892" endtime="20231023 16:30:29.511"/>
</kw>
<kw name="Sleep" library="BuiltIn">
<arg>1</arg>
<doc>Pauses the test executed for the given time.</doc>
<msg timestamp="20231023 16:30:30.511" level="INFO">Slept 1 second</msg>
<status status="PASS" starttime="20231023 16:30:29.511" endtime="20231023 16:30:30.511"/>
</kw>
<kw name="Input Text" library="RPA.SAP">
<arg>${centroSuministradoME21N}</arg>
<arg>${centroOrigenMaterial}</arg>
<doc>Inserts the given text into the text field identified by locator.
Use keyword `input password` to insert a password in a text field.</doc>
<msg timestamp="20231023 16:30:30.527" level="INFO">Typing text 'C108' into text field '/app/con[0]/ses[0]/wnd[0]/usr/subSUB0:SAPLMEGUI:0013/subSUB0:SAPLMEGUI:0030/subSUB1:SAPLMEGUI:1105/ctxtMEPO_TOPLINE-SUPERFIELD'.</msg>
<status status="PASS" starttime="20231023 16:30:30.511" endtime="20231023 16:30:30.527"/>
</kw>
<kw name="Send Keys" library="RPA.Windows">
<arg>keys={ENTER}</arg>
<tag>action</tag>
<tag>keyboard</tag>
<doc>Send keys to desktop, current window or to Control element
defined by given locator.</doc>
<msg timestamp="20231023 16:30:30.527" level="INFO">Sending keys '{ENTER}' to element: &lt;module 'uiautomation' from 'C:\\Users\\pinillaj\\AppData\\Local\\Programs\\Python\\Python311\\Lib\\site-packages\\uiautomation\\__init__.py'&gt;</msg>
<status status="PASS" starttime="20231023 16:30:30.527" endtime="20231023 16:30:31.053"/>
</kw>
<kw name="CapturaPantalla" library="Script">
<kw name="Sleep" library="BuiltIn">
<arg>1s</arg>
<doc>Pauses the test executed for the given time.</doc>
<msg timestamp="20231023 16:30:32.053" level="INFO">Slept 1 second</msg>
<status status="PASS" starttime="20231023 16:30:31.053" endtime="20231023 16:30:32.053"/>
</kw>
<kw name="Take Screenshot" library="Screenshot">
<doc>Takes a screenshot in JPEG format and embeds it into the log file.</doc>
<msg timestamp="20231023 16:30:32.175" level="INFO" html="true">&lt;a href="Images/screenshot_341.jpg"&gt;&lt;img src="Images/screenshot_341.jpg" width="800px"&gt;&lt;/a&gt;</msg>
<status status="PASS" starttime="20231023 16:30:32.053" endtime="20231023 16:30:32.175"/>
</kw>
<status status="PASS" starttime="20231023 16:30:31.053" endtime="20231023 16:30:32.175"/>
</kw>
<kw name="Sleep" library="BuiltIn">
<arg>1</arg>
<doc>Pauses the test executed for the given time.</doc>
<msg timestamp="20231023 16:30:33.176" level="INFO">Slept 1 second</msg>
<status status="PASS" starttime="20231023 16:30:32.175" endtime="20231023 16:30:33.176"/>
</kw>
<kw name="Input Text" library="RPA.SAP">
<arg>${orgCompraME21N}</arg>
<arg>${orgCompras}</arg>
<doc>Inserts the given text into the text field identified by locator.
Use keyword `input password` to insert a password in a text field.</doc>
<msg timestamp="20231023 16:30:33.193" level="INFO">Typing text 'CO06' into text field '/app/con[0]/ses[0]/wnd[0]/usr/subSUB0:SAPLMEGUI:0013/subSUB1:SAPLMEVIEWS:1100/subSUB2:SAPLMEVIEWS:1200/subSUB1:SAPLMEGUI:1102/tabsHEADER_DETAIL/tabpTABHDT9/ssubTABSTRIPCONTROL2SUB:SAPLMEGUI:1221/ctxtMEPO1222-EKORG'.</msg>
<status status="PASS" starttime="20231023 16:30:33.176" endtime="20231023 16:30:33.193"/>
</kw>
<kw name="Sleep" library="BuiltIn">
<arg>1</arg>
<doc>Pauses the test executed for the given time.</doc>
<msg timestamp="20231023 16:30:34.193" level="INFO">Slept 1 second</msg>
<status status="PASS" starttime="20231023 16:30:33.193" endtime="20231023 16:30:34.193"/>
</kw>
<kw name="Input Text" library="RPA.SAP">
<arg>${grupoComprasME21N}</arg>
<arg>${grupoCompras}</arg>
<doc>Inserts the given text into the text field identified by locator.
Use keyword `input password` to insert a password in a text field.</doc>
<msg timestamp="20231023 16:30:34.210" level="INFO">Typing text 'T09' into text field '/app/con[0]/ses[0]/wnd[0]/usr/subSUB0:SAPLMEGUI:0013/subSUB1:SAPLMEVIEWS:1100/subSUB2:SAPLMEVIEWS:1200/subSUB1:SAPLMEGUI:1102/tabsHEADER_DETAIL/tabpTABHDT9/ssubTABSTRIPCONTROL2SUB:SAPLMEGUI:1221/ctxtMEPO1222-EKGRP'.</msg>
<status status="PASS" starttime="20231023 16:30:34.193" endtime="20231023 16:30:34.210"/>
</kw>
<kw name="Sleep" library="BuiltIn">
<arg>1</arg>
<doc>Pauses the test executed for the given time.</doc>
<msg timestamp="20231023 16:30:35.211" level="INFO">Slept 1 second</msg>
<status status="PASS" starttime="20231023 16:30:34.210" endtime="20231023 16:30:35.211"/>
</kw>
<kw name="Input Text" library="RPA.SAP">
<arg>${sociedadME21N}</arg>
<arg>${sociedad}</arg>
<doc>Inserts the given text into the text field identified by locator.
Use keyword `input password` to insert a password in a text field.</doc>
<msg timestamp="20231023 16:30:35.225" level="INFO">Typing text 'CO15' into text field '/app/con[0]/ses[0]/wnd[0]/usr/subSUB0:SAPLMEGUI:0013/subSUB1:SAPLMEVIEWS:1100/subSUB2:SAPLMEVIEWS:1200/subSUB1:SAPLMEGUI:1102/tabsHEADER_DETAIL/tabpTABHDT9/ssubTABSTRIPCONTROL2SUB:SAPLMEGUI:1221/ctxtMEPO1222-BUKRS'.</msg>
<status status="PASS" starttime="20231023 16:30:35.211" endtime="20231023 16:30:35.225"/>
</kw>
<kw name="Sleep" library="BuiltIn">
<arg>1</arg>
<doc>Pauses the test executed for the given time.</doc>
<msg timestamp="20231023 16:30:36.226" level="INFO">Slept 1 second</msg>
<status status="PASS" starttime="20231023 16:30:35.225" endtime="20231023 16:30:36.226"/>
</kw>
<kw name="Send Keys" library="RPA.Windows">
<arg>keys={ENTER}</arg>
<tag>action</tag>
<tag>keyboard</tag>
<doc>Send keys to desktop, current window or to Control element
defined by given locator.</doc>
<msg timestamp="20231023 16:30:36.226" level="INFO">Sending keys '{ENTER}' to element: &lt;module 'uiautomation' from 'C:\\Users\\pinillaj\\AppData\\Local\\Programs\\Python\\Python311\\Lib\\site-packages\\uiautomation\\__init__.py'&gt;</msg>
<status status="PASS" starttime="20231023 16:30:36.226" endtime="20231023 16:30:36.752"/>
</kw>
<kw name="CapturaPantalla" library="Script">
<kw name="Sleep" library="BuiltIn">
<arg>1s</arg>
<doc>Pauses the test executed for the given time.</doc>
<msg timestamp="20231023 16:30:37.753" level="INFO">Slept 1 second</msg>
<status status="PASS" starttime="20231023 16:30:36.752" endtime="20231023 16:30:37.753"/>
</kw>
<kw name="Take Screenshot" library="Screenshot">
<doc>Takes a screenshot in JPEG format and embeds it into the log file.</doc>
<msg timestamp="20231023 16:30:37.873" level="INFO" html="true">&lt;a href="Images/screenshot_342.jpg"&gt;&lt;img src="Images/screenshot_342.jpg" width="800px"&gt;&lt;/a&gt;</msg>
<status status="PASS" starttime="20231023 16:30:37.753" endtime="20231023 16:30:37.873"/>
</kw>
<status status="PASS" starttime="20231023 16:30:36.752" endtime="20231023 16:30:37.873"/>
</kw>
<kw name="Get Value" library="RPA.SAP">
<var>${textoOrgCompra}</var>
<arg>${valorOrgCompraME21N}</arg>
<doc>Gets the value of the given element. The possible return values depend on the type of element (see Return values).</doc>
<msg timestamp="20231023 16:30:44.808" level="INFO">${textoOrgCompra} = Comunicación Celular</msg>
<status status="PASS" starttime="20231023 16:30:37.873" endtime="20231023 16:30:44.808"/>
</kw>
<kw name="Get Value" library="RPA.SAP">
<var>${textoGrupoCompra}</var>
<arg>${valorGrupoComprasME21N}</arg>
<doc>Gets the value of the given element. The possible return values depend on the type of element (see Return values).</doc>
<msg timestamp="20231023 16:30:44.846" level="INFO">${textoGrupoCompra} = EQUIPO VENTA</msg>
<status status="PASS" starttime="20231023 16:30:44.808" endtime="20231023 16:30:44.846"/>
</kw>
<kw name="Get Value" library="RPA.SAP">
<var>${textoSociedad}</var>
<arg>${valorSociedadME21N}</arg>
<doc>Gets the value of the given element. The possible return values depend on the type of element (see Return values).</doc>
<msg timestamp="20231023 16:30:44.894" level="INFO">${textoSociedad} = Comunicación Celular, S.A</msg>
<status status="PASS" starttime="20231023 16:30:44.846" endtime="20231023 16:30:44.894"/>
</kw>
<kw name="Input Text" library="RPA.SAP">
<arg>${filaCodigoMaterial}</arg>
<arg>${codigoMaterial}</arg>
<doc>Inserts the given text into the text field identified by locator.
Use keyword `input password` to insert a password in a text field.</doc>
<msg timestamp="20231023 16:30:44.962" level="INFO">Typing text '70048076' into text field '/app/con[0]/ses[0]/wnd[0]/usr/subSUB0:SAPLMEGUI:0013/subSUB2:SAPLMEVIEWS:1100/subSUB2:SAPLMEVIEWS:1200/subSUB1:SAPLMEGUI:1211/tblSAPLMEGUITC_1211/ctxtMEPO1211-EMATN[4,0]'.</msg>
<status status="PASS" starttime="20231023 16:30:44.894" endtime="20231023 16:30:44.962"/>
</kw>
<kw name="Sleep" library="BuiltIn">
<arg>1</arg>
<doc>Pauses the test executed for the given time.</doc>
<msg timestamp="20231023 16:30:45.962" level="INFO">Slept 1 second</msg>
<status status="PASS" starttime="20231023 16:30:44.962" endtime="20231023 16:30:45.962"/>
</kw>
<kw name="Input Text" library="RPA.SAP">
<arg>${filaCantidadPedido}</arg>
<arg>${cantidadPedidoMaterial}</arg>
<doc>Inserts the given text into the text field identified by locator.
Use keyword `input password` to insert a password in a text field.</doc>
<msg timestamp="20231023 16:30:46.036" level="INFO">Typing text '1' into text field '/app/con[0]/ses[0]/wnd[0]/usr/subSUB0:SAPLMEGUI:0013/subSUB2:SAPLMEVIEWS:1100/subSUB2:SAPLMEVIEWS:1200/subSUB1:SAPLMEGUI:1211/tblSAPLMEGUITC_1211/txtMEPO1211-MENGE[6,0]'.</msg>
<status status="PASS" starttime="20231023 16:30:45.962" endtime="20231023 16:30:46.036"/>
</kw>
<kw name="Sleep" library="BuiltIn">
<arg>1</arg>
<doc>Pauses the test executed for the given time.</doc>
<msg timestamp="20231023 16:30:47.036" level="INFO">Slept 1 second</msg>
<status status="PASS" starttime="20231023 16:30:46.036" endtime="20231023 16:30:47.037"/>
</kw>
<kw name="Input Text" library="RPA.SAP">
<arg>${filaLote}</arg>
<arg>${lote}</arg>
<doc>Inserts the given text into the text field identified by locator.
Use keyword `input password` to insert a password in a text field.</doc>
<msg timestamp="20231023 16:30:47.137" level="INFO">Typing text 'VALORADO' into text field '/app/con[0]/ses[0]/wnd[0]/usr/subSUB0:SAPLMEGUI:0013/subSUB2:SAPLMEVIEWS:1100/subSUB2:SAPLMEVIEWS:1200/subSUB1:SAPLMEGUI:1211/tblSAPLMEGUITC_1211/ctxtMEPO1211-CHARG[8,0]'.</msg>
<status status="PASS" starttime="20231023 16:30:47.037" endtime="20231023 16:30:47.137"/>
</kw>
<kw name="Sleep" library="BuiltIn">
<arg>1</arg>
<doc>Pauses the test executed for the given time.</doc>
<msg timestamp="20231023 16:30:48.137" level="INFO">Slept 1 second</msg>
<status status="PASS" starttime="20231023 16:30:47.137" endtime="20231023 16:30:48.137"/>
</kw>
<kw name="Input Text" library="RPA.SAP">
<arg>${filaCavDestino}</arg>
<arg>${centroDestinoMaterial}</arg>
<doc>Inserts the given text into the text field identified by locator.
Use keyword `input password` to insert a password in a text field.</doc>
<msg timestamp="20231023 16:30:48.255" level="INFO">Typing text 'C127' into text field '/app/con[0]/ses[0]/wnd[0]/usr/subSUB0:SAPLMEGUI:0013/subSUB2:SAPLMEVIEWS:1100/subSUB2:SAPLMEVIEWS:1200/subSUB1:SAPLMEGUI:1211/tblSAPLMEGUITC_1211/ctxtMEPO1211-NAME1[10,0]'.</msg>
<status status="PASS" starttime="20231023 16:30:48.137" endtime="20231023 16:30:48.255"/>
</kw>
<kw name="Sleep" library="BuiltIn">
<arg>1</arg>
<doc>Pauses the test executed for the given time.</doc>
<msg timestamp="20231023 16:30:49.255" level="INFO">Slept 1 second</msg>
<status status="PASS" starttime="20231023 16:30:48.255" endtime="20231023 16:30:49.255"/>
</kw>
<kw name="Input Text" library="RPA.SAP">
<arg>${filaAlmacen}</arg>
<arg>${almacen}</arg>
<doc>Inserts the given text into the text field identified by locator.
Use keyword `input password` to insert a password in a text field.</doc>
<msg timestamp="20231023 16:30:49.357" level="INFO">Typing text 'H001' into text field '/app/con[0]/ses[0]/wnd[0]/usr/subSUB0:SAPLMEGUI:0013/subSUB2:SAPLMEVIEWS:1100/subSUB2:SAPLMEVIEWS:1200/subSUB1:SAPLMEGUI:1211/tblSAPLMEGUITC_1211/ctxtMEPO1211-LGOBE[11,0]'.</msg>
<status status="PASS" starttime="20231023 16:30:49.255" endtime="20231023 16:30:49.357"/>
</kw>
<kw name="Sleep" library="BuiltIn">
<arg>1</arg>
<doc>Pauses the test executed for the given time.</doc>
<msg timestamp="20231023 16:30:50.357" level="INFO">Slept 1 second</msg>
<status status="PASS" starttime="20231023 16:30:49.357" endtime="20231023 16:30:50.357"/>
</kw>
<kw name="Send Keys" library="RPA.Windows">
<arg>keys={ENTER}</arg>
<tag>action</tag>
<tag>keyboard</tag>
<doc>Send keys to desktop, current window or to Control element
defined by given locator.</doc>
<msg timestamp="20231023 16:30:50.357" level="INFO">Sending keys '{ENTER}' to element: &lt;module 'uiautomation' from 'C:\\Users\\pinillaj\\AppData\\Local\\Programs\\Python\\Python311\\Lib\\site-packages\\uiautomation\\__init__.py'&gt;</msg>
<status status="PASS" starttime="20231023 16:30:50.357" endtime="20231023 16:30:50.882"/>
</kw>
<kw name="CapturaPantalla" library="Script">
<kw name="Sleep" library="BuiltIn">
<arg>1s</arg>
<doc>Pauses the test executed for the given time.</doc>
<msg timestamp="20231023 16:30:51.882" level="INFO">Slept 1 second</msg>
<status status="PASS" starttime="20231023 16:30:50.882" endtime="20231023 16:30:51.882"/>
</kw>
<kw name="Take Screenshot" library="Screenshot">
<doc>Takes a screenshot in JPEG format and embeds it into the log file.</doc>
<msg timestamp="20231023 16:30:51.996" level="INFO" html="true">&lt;a href="Images/screenshot_343.jpg"&gt;&lt;img src="Images/screenshot_343.jpg" width="800px"&gt;&lt;/a&gt;</msg>
<status status="PASS" starttime="20231023 16:30:51.882" endtime="20231023 16:30:51.996"/>
</kw>
<status status="PASS" starttime="20231023 16:30:50.882" endtime="20231023 16:30:51.996"/>
</kw>
<kw name="Sleep" library="BuiltIn">
<arg>2</arg>
<doc>Pauses the test executed for the given time.</doc>
<msg timestamp="20231023 16:30:53.997" level="INFO">Slept 2 seconds</msg>
<status status="PASS" starttime="20231023 16:30:51.996" endtime="20231023 16:30:53.997"/>
</kw>
<kw name="Get Value" library="RPA.SAP">
<var>${textoCavDestino}</var>
<arg>${filaDireccionCavDestino}</arg>
<doc>Gets the value of the given element. The possible return values depend on the type of element (see Return values).</doc>
<msg timestamp="20231023 16:30:59.156" level="INFO">${textoCavDestino} = CAV SAN ANDRES</msg>
<status status="PASS" starttime="20231023 16:30:53.997" endtime="20231023 16:30:59.156"/>
</kw>
<kw name="Click Element" library="RPA.SAP">
<arg>${btnGrabarTransaccion}</arg>
<doc>Performs a single click on a given element. Used only for buttons, tabs and menu items.</doc>
<status status="PASS" starttime="20231023 16:30:59.156" endtime="20231023 16:30:59.604"/>
</kw>
<kw name="CapturaPantalla" library="Script">
<kw name="Sleep" library="BuiltIn">
<arg>1s</arg>
<doc>Pauses the test executed for the given time.</doc>
<msg timestamp="20231023 16:31:00.604" level="INFO">Slept 1 second</msg>
<status status="PASS" starttime="20231023 16:30:59.604" endtime="20231023 16:31:00.604"/>
</kw>
<kw name="Take Screenshot" library="Screenshot">
<doc>Takes a screenshot in JPEG format and embeds it into the log file.</doc>
<msg timestamp="20231023 16:31:00.722" level="INFO" html="true">&lt;a href="Images/screenshot_344.jpg"&gt;&lt;img src="Images/screenshot_344.jpg" width="800px"&gt;&lt;/a&gt;</msg>
<status status="PASS" starttime="20231023 16:31:00.604" endtime="20231023 16:31:00.722"/>
</kw>
<status status="PASS" starttime="20231023 16:30:59.604" endtime="20231023 16:31:00.722"/>
</kw>
<kw name="Send Keys" library="RPA.Windows">
<arg>keys={ENTER}</arg>
<tag>action</tag>
<tag>keyboard</tag>
<doc>Send keys to desktop, current window or to Control element
defined by given locator.</doc>
<msg timestamp="20231023 16:31:00.722" level="INFO">Sending keys '{ENTER}' to element: &lt;module 'uiautomation' from 'C:\\Users\\pinillaj\\AppData\\Local\\Programs\\Python\\Python311\\Lib\\site-packages\\uiautomation\\__init__.py'&gt;</msg>
<status status="PASS" starttime="20231023 16:31:00.722" endtime="20231023 16:31:01.248"/>
</kw>
<kw name="Sleep" library="BuiltIn">
<arg>2</arg>
<doc>Pauses the test executed for the given time.</doc>
<msg timestamp="20231023 16:31:03.249" level="INFO">Slept 2 seconds</msg>
<status status="PASS" starttime="20231023 16:31:01.248" endtime="20231023 16:31:03.249"/>
</kw>
<kw name="Get Value" library="RPA.SAP">
<var>${txtNumeroPedidoSAP}</var>
<arg>${panelNumeroPedidoSAP}</arg>
<doc>Gets the value of the given element. The possible return values depend on the type of element (see Return values).</doc>
<msg timestamp="20231023 16:31:05.999" level="INFO">${txtNumeroPedidoSAP} = PEDIDO DE TRASLADO creado bajo el número 4201367427</msg>
<status status="PASS" starttime="20231023 16:31:03.249" endtime="20231023 16:31:05.999"/>
</kw>
<kw name="Press Keys" library="RPA.Desktop">
<arg>shift</arg>
<arg>F5</arg>
<doc>Press multiple keys down simultaneously.</doc>
<msg timestamp="20231023 16:31:05.999" level="INFO">Pressing keys: Key.shift, Key.f5</msg>
<status status="PASS" starttime="20231023 16:31:05.999" endtime="20231023 16:31:05.999"/>
</kw>
<kw name="CapturaPantalla" library="Script">
<kw name="Sleep" library="BuiltIn">
<arg>1s</arg>
<doc>Pauses the test executed for the given time.</doc>
<msg timestamp="20231023 16:31:06.999" level="INFO">Slept 1 second</msg>
<status status="PASS" starttime="20231023 16:31:05.999" endtime="20231023 16:31:06.999"/>
</kw>
<kw name="Take Screenshot" library="Screenshot">
<doc>Takes a screenshot in JPEG format and embeds it into the log file.</doc>
<msg timestamp="20231023 16:31:07.115" level="INFO" html="true">&lt;a href="Images/screenshot_345.jpg"&gt;&lt;img src="Images/screenshot_345.jpg" width="800px"&gt;&lt;/a&gt;</msg>
<status status="PASS" starttime="20231023 16:31:06.999" endtime="20231023 16:31:07.115"/>
</kw>
<status status="PASS" starttime="20231023 16:31:05.999" endtime="20231023 16:31:07.115"/>
</kw>
<kw name="Sleep" library="BuiltIn">
<arg>2</arg>
<doc>Pauses the test executed for the given time.</doc>
<msg timestamp="20231023 16:31:09.116" level="INFO">Slept 2 seconds</msg>
<status status="PASS" starttime="20231023 16:31:07.115" endtime="20231023 16:31:09.116"/>
</kw>
<kw name="Get Value" library="RPA.SAP">
<var>${txtIdNumeroPedidoSAPME21N}</var>
<arg>${numIdPedidoSAP}</arg>
<doc>Gets the value of the given element. The possible return values depend on the type of element (see Return values).</doc>
<msg timestamp="20231023 16:31:09.138" level="INFO">${txtIdNumeroPedidoSAPME21N} = 4201367427</msg>
<status status="PASS" starttime="20231023 16:31:09.116" endtime="20231023 16:31:09.138"/>
</kw>
<kw name="Press Keys" library="RPA.Desktop">
<arg>alt</arg>
<arg>F4</arg>
<doc>Press multiple keys down simultaneously.</doc>
<msg timestamp="20231023 16:31:09.138" level="INFO">Pressing keys: Key.alt, Key.f4</msg>
<status status="PASS" starttime="20231023 16:31:09.138" endtime="20231023 16:31:09.138"/>
</kw>
<kw name="Sleep" library="BuiltIn">
<arg>1</arg>
<doc>Pauses the test executed for the given time.</doc>
<msg timestamp="20231023 16:31:10.139" level="INFO">Slept 1 second</msg>
<status status="PASS" starttime="20231023 16:31:09.138" endtime="20231023 16:31:10.139"/>
</kw>
<kw name="CANTIDAD_CLICK_ELEMENTO" library="funciones">
<arg>2</arg>
<arg>${btnAtras}</arg>
<for flavor="IN RANGE">
<var>${i}</var>
<value>0</value>
<value>${cantClicks}</value>
<iter>
<var name="${i}">0</var>
<kw name="Click Element" library="RPA.SAP">
<arg>${rutaElemento}</arg>
<doc>Performs a single click on a given element. Used only for buttons, tabs and menu items.</doc>
<status status="PASS" starttime="20231023 16:31:10.140" endtime="20231023 16:31:10.688"/>
</kw>
<kw name="Sleep" library="BuiltIn">
<arg>1s</arg>
<doc>Pauses the test executed for the given time.</doc>
<msg timestamp="20231023 16:31:11.689" level="INFO">Slept 1 second</msg>
<status status="PASS" starttime="20231023 16:31:10.688" endtime="20231023 16:31:11.689"/>
</kw>
<kw name="Exit For Loop If" library="BuiltIn">
<arg>${i} == ${CantClicks}</arg>
<doc>Stops executing the enclosing FOR loop if the ``condition`` is true.</doc>
<status status="PASS" starttime="20231023 16:31:11.689" endtime="20231023 16:31:11.689"/>
</kw>
<status status="PASS" starttime="20231023 16:31:10.140" endtime="20231023 16:31:11.689"/>
</iter>
<iter>
<var name="${i}">1</var>
<kw name="Click Element" library="RPA.SAP">
<arg>${rutaElemento}</arg>
<doc>Performs a single click on a given element. Used only for buttons, tabs and menu items.</doc>
<status status="PASS" starttime="20231023 16:31:11.689" endtime="20231023 16:31:11.699"/>
</kw>
<kw name="Sleep" library="BuiltIn">
<arg>1s</arg>
<doc>Pauses the test executed for the given time.</doc>
<msg timestamp="20231023 16:31:12.699" level="INFO">Slept 1 second</msg>
<status status="PASS" starttime="20231023 16:31:11.699" endtime="20231023 16:31:12.699"/>
</kw>
<kw name="Exit For Loop If" library="BuiltIn">
<arg>${i} == ${CantClicks}</arg>
<doc>Stops executing the enclosing FOR loop if the ``condition`` is true.</doc>
<status status="PASS" starttime="20231023 16:31:12.699" endtime="20231023 16:31:12.699"/>
</kw>
<status status="PASS" starttime="20231023 16:31:11.689" endtime="20231023 16:31:12.699"/>
</iter>
<status status="PASS" starttime="20231023 16:31:10.140" endtime="20231023 16:31:12.699"/>
</for>
<status status="PASS" starttime="20231023 16:31:10.139" endtime="20231023 16:31:12.699"/>
</kw>
<kw name="Send Keys" library="RPA.Windows">
<arg>keys=${transaccionVL10B}</arg>
<tag>action</tag>
<tag>keyboard</tag>
<doc>Send keys to desktop, current window or to Control element
defined by given locator.</doc>
<msg timestamp="20231023 16:31:12.699" level="INFO">Sending keys 'VL10B' to element: &lt;module 'uiautomation' from 'C:\\Users\\pinillaj\\AppData\\Local\\Programs\\Python\\Python311\\Lib\\site-packages\\uiautomation\\__init__.py'&gt;</msg>
<status status="PASS" starttime="20231023 16:31:12.699" endtime="20231023 16:31:13.257"/>
</kw>
<kw name="Sleep" library="BuiltIn">
<arg>1</arg>
<doc>Pauses the test executed for the given time.</doc>
<msg timestamp="20231023 16:31:14.257" level="INFO">Slept 1 second</msg>
<status status="PASS" starttime="20231023 16:31:13.257" endtime="20231023 16:31:14.257"/>
</kw>
<kw name="Click Element" library="RPA.SAP">
<arg>${btnCheckTransaccion}</arg>
<doc>Performs a single click on a given element. Used only for buttons, tabs and menu items.</doc>
<status status="PASS" starttime="20231023 16:31:14.257" endtime="20231023 16:31:16.157"/>
</kw>
<kw name="Input Text" library="RPA.SAP">
<arg>${txtPtoExpedicPtoRecepcionVL10B}</arg>
<arg>${centroOrigenMaterial}</arg>
<doc>Inserts the given text into the text field identified by locator.
Use keyword `input password` to insert a password in a text field.</doc>
<msg timestamp="20231023 16:31:16.244" level="INFO">Typing text 'C108' into text field '/app/con[0]/ses[0]/wnd[0]/usr/ctxtST_VSTEL-LOW'.</msg>
<status status="PASS" starttime="20231023 16:31:16.157" endtime="20231023 16:31:16.244"/>
</kw>
<kw name="Sleep" library="BuiltIn">
<arg>1</arg>
<doc>Pauses the test executed for the given time.</doc>
<msg timestamp="20231023 16:31:17.244" level="INFO">Slept 1 second</msg>
<status status="PASS" starttime="20231023 16:31:16.244" endtime="20231023 16:31:17.244"/>
</kw>
<kw name="Click Element" library="RPA.SAP">
<arg>${tablaPedidosComprasVL10B}</arg>
<doc>Performs a single click on a given element. Used only for buttons, tabs and menu items.</doc>
<status status="PASS" starttime="20231023 16:31:17.244" endtime="20231023 16:31:17.760"/>
</kw>
<kw name="Sleep" library="BuiltIn">
<arg>1</arg>
<doc>Pauses the test executed for the given time.</doc>
<msg timestamp="20231023 16:31:18.761" level="INFO">Slept 1 second</msg>
<status status="PASS" starttime="20231023 16:31:17.760" endtime="20231023 16:31:18.761"/>
</kw>
<kw name="Input Text" library="RPA.SAP">
<arg>${txtDocumentoComprasVL10B}</arg>
<arg>${txtIdNumeroPedidoSAPME21N}</arg>
<doc>Inserts the given text into the text field identified by locator.
Use keyword `input password` to insert a password in a text field.</doc>
<msg timestamp="20231023 16:31:18.779" level="INFO">Typing text '4201367427' into text field '/app/con[0]/ses[0]/wnd[0]/usr/tabsTABSTRIP_ORDER_CRITERIA/tabpS0S_TAB5/ssub%_SUBSCREEN_ORDER_CRITERIA:RVV50R10C:1030/ctxtST_EBELN-LOW'.</msg>
<status status="PASS" starttime="20231023 16:31:18.763" endtime="20231023 16:31:18.781"/>
</kw>
<kw name="Click Element" library="RPA.SAP">
<arg>${btnValidarStock}</arg>
<doc>Performs a single click on a given element. Used only for buttons, tabs and menu items.</doc>
<status status="PASS" starttime="20231023 16:31:18.781" endtime="20231023 16:31:22.334"/>
</kw>
<kw name="Sleep" library="BuiltIn">
<arg>1</arg>
<doc>Pauses the test executed for the given time.</doc>
<msg timestamp="20231023 16:31:23.335" level="INFO">Slept 1 second</msg>
<status status="PASS" starttime="20231023 16:31:22.334" endtime="20231023 16:31:23.335"/>
</kw>
<kw name="Click" library="RPA.Desktop">
<arg>coordinates:27,179</arg>
<arg>click</arg>
<doc>Click at the element indicated by locator.</doc>
<msg timestamp="20231023 16:31:23.335" level="INFO">Resolving locator: coordinates:27,179</msg>
<msg timestamp="20231023 16:31:23.335" level="INFO">Moving mouse to (27, 179)</msg>
<msg timestamp="20231023 16:31:23.436" level="INFO">Performing mouse action: Action.click</msg>
<status status="PASS" starttime="20231023 16:31:23.335" endtime="20231023 16:31:23.445"/>
</kw>
<kw name="Click Element" library="RPA.SAP">
<arg>${btnFondoVL10B}</arg>
<doc>Performs a single click on a given element. Used only for buttons, tabs and menu items.</doc>
<status status="PASS" starttime="20231023 16:31:23.449" endtime="20231023 16:31:26.584"/>
</kw>
<kw name="Sleep" library="BuiltIn">
<arg>2</arg>
<doc>Pauses the test executed for the given time.</doc>
<msg timestamp="20231023 16:31:28.584" level="INFO">Slept 2 seconds</msg>
<status status="PASS" starttime="20231023 16:31:26.584" endtime="20231023 16:31:28.584"/>
</kw>
<kw name="Press Keys" library="RPA.Desktop">
<arg>alt</arg>
<arg>F4</arg>
<doc>Press multiple keys down simultaneously.</doc>
<msg timestamp="20231023 16:31:28.584" level="INFO">Pressing keys: Key.alt, Key.f4</msg>
<status status="PASS" starttime="20231023 16:31:28.584" endtime="20231023 16:31:28.590"/>
</kw>
<kw name="Click Element" library="RPA.SAP">
<arg>${btnVisualizarSuprimirEntregasVL10B}</arg>
<doc>Performs a single click on a given element. Used only for buttons, tabs and menu items.</doc>
<status status="PASS" starttime="20231023 16:31:28.590" endtime="20231023 16:31:31.533"/>
</kw>
<kw name="Sleep" library="BuiltIn">
<arg>2</arg>
<doc>Pauses the test executed for the given time.</doc>
<msg timestamp="20231023 16:31:33.534" level="INFO">Slept 2 seconds</msg>
<status status="PASS" starttime="20231023 16:31:31.533" endtime="20231023 16:31:33.534"/>
</kw>
<kw name="Click" library="RPA.Desktop">
<arg>coordinates:598,179</arg>
<arg>click</arg>
<doc>Click at the element indicated by locator.</doc>
<msg timestamp="20231023 16:31:33.534" level="INFO">Resolving locator: coordinates:598,179</msg>
<msg timestamp="20231023 16:31:33.534" level="INFO">Moving mouse to (598, 179)</msg>
<msg timestamp="20231023 16:31:33.634" level="INFO">Performing mouse action: Action.click</msg>
<status status="PASS" starttime="20231023 16:31:33.534" endtime="20231023 16:31:33.643"/>
</kw>
<kw name="Sleep" library="BuiltIn">
<arg>1</arg>
<doc>Pauses the test executed for the given time.</doc>
<msg timestamp="20231023 16:31:34.647" level="INFO">Slept 1 second</msg>
<status status="PASS" starttime="20231023 16:31:33.643" endtime="20231023 16:31:34.647"/>
</kw>
<kw name="Get Value" library="RPA.SAP">
<var>${obtenerIdNumeroVL10B}</var>
<arg>${idTransaccionVL10B}</arg>
<doc>Gets the value of the given element. The possible return values depend on the type of element (see Return values).</doc>
<msg timestamp="20231023 16:31:34.680" level="INFO">${obtenerIdNumeroVL10B} = 2101621235</msg>
<status status="PASS" starttime="20231023 16:31:34.647" endtime="20231023 16:31:34.680"/>
</kw>
<kw name="CANTIDAD_CLICK_ELEMENTO" library="funciones">
<arg>3</arg>
<arg>${btnAtras}</arg>
<for flavor="IN RANGE">
<var>${i}</var>
<value>0</value>
<value>${cantClicks}</value>
<iter>
<var name="${i}">0</var>
<kw name="Click Element" library="RPA.SAP">
<arg>${rutaElemento}</arg>
<doc>Performs a single click on a given element. Used only for buttons, tabs and menu items.</doc>
<status status="PASS" starttime="20231023 16:31:34.680" endtime="20231023 16:31:35.463"/>
</kw>
<kw name="Sleep" library="BuiltIn">
<arg>1s</arg>
<doc>Pauses the test executed for the given time.</doc>
<msg timestamp="20231023 16:31:36.463" level="INFO">Slept 1 second</msg>
<status status="PASS" starttime="20231023 16:31:35.463" endtime="20231023 16:31:36.463"/>
</kw>
<kw name="Exit For Loop If" library="BuiltIn">
<arg>${i} == ${CantClicks}</arg>
<doc>Stops executing the enclosing FOR loop if the ``condition`` is true.</doc>
<status status="PASS" starttime="20231023 16:31:36.463" endtime="20231023 16:31:36.463"/>
</kw>
<status status="PASS" starttime="20231023 16:31:34.680" endtime="20231023 16:31:36.463"/>
</iter>
<iter>
<var name="${i}">1</var>
<kw name="Click Element" library="RPA.SAP">
<arg>${rutaElemento}</arg>
<doc>Performs a single click on a given element. Used only for buttons, tabs and menu items.</doc>
<status status="PASS" starttime="20231023 16:31:36.463" endtime="20231023 16:31:37.132"/>
</kw>
<kw name="Sleep" library="BuiltIn">
<arg>1s</arg>
<doc>Pauses the test executed for the given time.</doc>
<msg timestamp="20231023 16:31:38.133" level="INFO">Slept 1 second</msg>
<status status="PASS" starttime="20231023 16:31:37.132" endtime="20231023 16:31:38.133"/>
</kw>
<kw name="Exit For Loop If" library="BuiltIn">
<arg>${i} == ${CantClicks}</arg>
<doc>Stops executing the enclosing FOR loop if the ``condition`` is true.</doc>
<status status="PASS" starttime="20231023 16:31:38.133" endtime="20231023 16:31:38.133"/>
</kw>
<status status="PASS" starttime="20231023 16:31:36.463" endtime="20231023 16:31:38.133"/>
</iter>
<iter>
<var name="${i}">2</var>
<kw name="Click Element" library="RPA.SAP">
<arg>${rutaElemento}</arg>
<doc>Performs a single click on a given element. Used only for buttons, tabs and menu items.</doc>
<status status="PASS" starttime="20231023 16:31:38.133" endtime="20231023 16:31:38.505"/>
</kw>
<kw name="Sleep" library="BuiltIn">
<arg>1s</arg>
<doc>Pauses the test executed for the given time.</doc>
<msg timestamp="20231023 16:31:39.505" level="INFO">Slept 1 second</msg>
<status status="PASS" starttime="20231023 16:31:38.505" endtime="20231023 16:31:39.505"/>
</kw>
<kw name="Exit For Loop If" library="BuiltIn">
<arg>${i} == ${CantClicks}</arg>
<doc>Stops executing the enclosing FOR loop if the ``condition`` is true.</doc>
<status status="PASS" starttime="20231023 16:31:39.505" endtime="20231023 16:31:39.505"/>
</kw>
<status status="PASS" starttime="20231023 16:31:38.133" endtime="20231023 16:31:39.505"/>
</iter>
<status status="PASS" starttime="20231023 16:31:34.680" endtime="20231023 16:31:39.505"/>
</for>
<status status="PASS" starttime="20231023 16:31:34.680" endtime="20231023 16:31:39.505"/>
</kw>
<kw name="Send Keys" library="RPA.Windows">
<arg>keys=${transaccionVL02N}</arg>
<tag>action</tag>
<tag>keyboard</tag>
<doc>Send keys to desktop, current window or to Control element
defined by given locator.</doc>
<msg timestamp="20231023 16:31:39.505" level="INFO">Sending keys 'VL02N' to element: &lt;module 'uiautomation' from 'C:\\Users\\pinillaj\\AppData\\Local\\Programs\\Python\\Python311\\Lib\\site-packages\\uiautomation\\__init__.py'&gt;</msg>
<status status="PASS" starttime="20231023 16:31:39.505" endtime="20231023 16:31:40.065"/>
</kw>
<kw name="Sleep" library="BuiltIn">
<arg>1</arg>
<doc>Pauses the test executed for the given time.</doc>
<msg timestamp="20231023 16:31:41.065" level="INFO">Slept 1 second</msg>
<status status="PASS" starttime="20231023 16:31:40.065" endtime="20231023 16:31:41.065"/>
</kw>
<kw name="Click Element" library="RPA.SAP">
<arg>${btnCheckTransaccion}</arg>
<doc>Performs a single click on a given element. Used only for buttons, tabs and menu items.</doc>
<status status="PASS" starttime="20231023 16:31:41.065" endtime="20231023 16:31:41.641"/>
</kw>
<kw name="Input Text" library="RPA.SAP">
<arg>${txtEntregaSalidaVL02N}</arg>
<arg>${obtenerIdNumeroVL10B}</arg>
<doc>Inserts the given text into the text field identified by locator.
Use keyword `input password` to insert a password in a text field.</doc>
<msg timestamp="20231023 16:31:41.716" level="INFO">Typing text '2101621235' into text field '/app/con[0]/ses[0]/wnd[0]/usr/ctxtLIKP-VBELN'.</msg>
<status status="PASS" starttime="20231023 16:31:41.641" endtime="20231023 16:31:41.716"/>
</kw>
<kw name="Send Keys" library="RPA.Windows">
<arg>keys={ENTER}</arg>
<tag>action</tag>
<tag>keyboard</tag>
<doc>Send keys to desktop, current window or to Control element
defined by given locator.</doc>
<msg timestamp="20231023 16:31:41.732" level="INFO">Sending keys '{ENTER}' to element: &lt;module 'uiautomation' from 'C:\\Users\\pinillaj\\AppData\\Local\\Programs\\Python\\Python311\\Lib\\site-packages\\uiautomation\\__init__.py'&gt;</msg>
<status status="PASS" starttime="20231023 16:31:41.732" endtime="20231023 16:31:42.256"/>
</kw>
<kw name="Create File" library="RPA.FileSystem">
<arg>..\\SAP\\Resources\\rpa_validacion_traslado.txt</arg>
<arg>content=Validación Stock traslado - ${transaccionMB52}\n CódigoMaterial: ${codigoMaterial}\n CAV: ${centroOrigenMaterial}\n LibreUtilización: ${txtLibreUtilizacion}\n\n\nInicio traslado material - ${transaccionME21N}\n Centro Origen: ${centroOrigenMaterial}\n Org.Compras: ${orgCompras} - ${textoOrgCompra}\n GrupoCompras: ${grupoCompras} - ${textoGrupoCompra}\n Sociedad: ${sociedad} - ${textoSociedad}\n\n Centro Destino: ${centroDestinoMaterial} - ${textoCavDestino}\n CodigoMaterial: ${codigoMaterial}\n CantidadPedidoMaterial: ${cantidadPedidoMaterial}\n\n ${txtNumeroPedidoSAP}\n\n\n Inicio Pedidos De Compras - ${transaccionVL10B}\n Pto.expedic/Pto.recepción: ${centroOrigenMaterial}\n DocumentoCompra: ${txtIdNumeroPedidoSAPME21N}\n\n NÚMERO DOCUMENTO COMERCIAL: ${obtenerIdNumeroVL10B}\n\n\n Entr.Traslado ${obtenerIdNumeroVL10B} - ${transaccionVL02N}</arg>
<arg>encoding=utf-8</arg>
<arg>overwrite=True</arg>
<doc>Creates a new text file, and writes content if any is given.</doc>
<status status="PASS" starttime="20231023 16:31:42.256" endtime="20231023 16:31:42.271"/>
</kw>
<status status="PASS" starttime="20231023 16:30:09.013" endtime="20231023 16:31:42.271"/>
</branch>
<branch type="ELSE">
<kw name="Create File" library="RPA.FileSystem">
<arg>..\\SAP\\Resources\\rpa_validacion_traslado.txt</arg>
<arg>content=Validación Stock traslado - ${transaccionMB52}\n CódigoMaterial: ${codigoMaterial}\n CAV: ${centroOrigenMaterial}\n LibreUtilización: ${txtLibreUtilizacion}\n\nMaterial sin STOCK!</arg>
<arg>encoding=utf-8</arg>
<arg>overwrite=True</arg>
<doc>Creates a new text file, and writes content if any is given.</doc>
<status status="NOT RUN" starttime="20231023 16:31:42.271" endtime="20231023 16:31:42.271"/>
</kw>
<kw name="CERRAR_APLICATIVO_SAP" library="funciones">
<status status="NOT RUN" starttime="20231023 16:31:42.271" endtime="20231023 16:31:42.271"/>
</kw>
<kw name="Sleep" library="BuiltIn">
<arg>1</arg>
<doc>Pauses the test executed for the given time.</doc>
<status status="NOT RUN" starttime="20231023 16:31:42.271" endtime="20231023 16:31:42.271"/>
</kw>
<status status="NOT RUN" starttime="20231023 16:31:42.271" endtime="20231023 16:31:42.271"/>
</branch>
<status status="PASS" starttime="20231023 16:30:09.013" endtime="20231023 16:31:42.271"/>
</if>
<status status="PASS" starttime="20231023 16:30:00.964" endtime="20231023 16:31:42.271"/>
</kw>
<status status="PASS" starttime="20231023 16:29:43.299" endtime="20231023 16:31:42.271"/>
</test>
<status status="PASS" starttime="20231023 16:29:41.568" endtime="20231023 16:31:42.282"/>
</suite>
<statistics>
<total>
<stat pass="1" fail="0" skip="0">All Tests</stat>
</total>
<tag>
</tag>
<suite>
<stat pass="1" fail="0" skip="0" id="s1" name="SAP">SAP</stat>
</suite>
</statistics>
<errors>
</errors>
</robot>
