<?xml version="1.0" encoding="UTF-8"?>
<robot generator="Robot 6.1.1 (Python 3.11.5 on win32)" generated="20231102 12:10:50.651" rpa="false" schemaversion="4">
<suite id="s1" name="Ejecucion Me21N" source="d:\proyectos-vc\AutomationSAP\SAP\TestCases\ejecucion_me21n.robot">
<test id="s1-t1" name="Transaccion ME21N Inicio Traslado Material" line="25">
<kw name="abrir_sap" library="abrirSAP">
<kw name="Windows Run" library="RPA.Windows">
<arg>saplogon.exe</arg>
<tag>window</tag>
<doc>Use Windows Run window to launch an application.</doc>
<msg timestamp="20231102 12:10:52.286" level="INFO">Sending keys '{Win}r' to element: &lt;module 'uiautomation' from 'C:\\Users\\pinillaj\\AppData\\Local\\Programs\\Python\\Python311\\Lib\\site-packages\\uiautomation\\__init__.py'&gt;</msg>
<msg timestamp="20231102 12:10:52.844" level="INFO">Sending keys 'saplogon.exe' to element: &lt;module 'uiautomation' from 'C:\\Users\\pinillaj\\AppData\\Local\\Programs\\Python\\Python311\\Lib\\site-packages\\uiautomation\\__init__.py'&gt;</msg>
<msg timestamp="20231102 12:10:53.479" level="INFO">Sending keys '{Enter}' to element: &lt;module 'uiautomation' from 'C:\\Users\\pinillaj\\AppData\\Local\\Programs\\Python\\Python311\\Lib\\site-packages\\uiautomation\\__init__.py'&gt;</msg>
<status status="PASS" starttime="20231102 12:10:52.285" endtime="20231102 12:10:57.005"/>
</kw>
<status status="PASS" starttime="20231102 12:10:52.284" endtime="20231102 12:10:57.006"/>
</kw>
<kw name="login_sap" library="loginSAP">
<for flavor="IN RANGE">
<var>${Conteo}</var>
<value>0</value>
<value>99999999</value>
<iter>
<var name="${Conteo}">0</var>
<kw name="Run Keyword And Return Status" library="BuiltIn">
<var>${Login}</var>
<arg>RPA.SAP.Connect To Session</arg>
<doc>Runs the given keyword with given arguments and returns the status as a Boolean value.</doc>
<kw name="Connect To Session" library="RPA.SAP">
<doc>Connects to an open session SAP.</doc>
<status status="PASS" starttime="20231102 12:10:58.822" endtime="20231102 12:10:59.458"/>
</kw>
<msg timestamp="20231102 12:10:59.458" level="INFO">${Login} = True</msg>
<status status="PASS" starttime="20231102 12:10:58.822" endtime="20231102 12:10:59.458"/>
</kw>
<if>
<branch type="IF" condition="${Login}== True">
<break>
<status status="PASS" starttime="20231102 12:10:59.459" endtime="20231102 12:10:59.459"/>
</break>
<status status="PASS" starttime="20231102 12:10:59.458" endtime="20231102 12:10:59.459"/>
</branch>
<status status="PASS" starttime="20231102 12:10:59.458" endtime="20231102 12:10:59.460"/>
</if>
<status status="PASS" starttime="20231102 12:10:58.821" endtime="20231102 12:10:59.460"/>
</iter>
<status status="PASS" starttime="20231102 12:10:57.008" endtime="20231102 12:10:59.460"/>
</for>
<kw name="Open Connection" library="RPA.SAP">
<arg>SAP EQA</arg>
<doc>Opens a connection to the given connection name. Be sure to provide the full connection name, including the bracket part.</doc>
<status status="PASS" starttime="20231102 12:10:59.460" endtime="20231102 12:11:00.845"/>
</kw>
<kw name="Input Text" library="RPA.SAP">
<arg>${nvaLoginSAP}${txtUsuario}</arg>
<arg>${usuarioSAP}</arg>
<doc>Inserts the given text into the text field identified by locator.
Use keyword `input password` to insert a password in a text field.</doc>
<msg timestamp="20231102 12:11:00.910" level="INFO">Typing text 'CO_HITSS' into text field '/app/con[0]/ses[0]/wnd[0]/usr/txtRSYST-BNAME'.</msg>
<status status="PASS" starttime="20231102 12:11:00.846" endtime="20231102 12:11:00.912"/>
</kw>
<kw name="CapturaPantalla" library="Script">
<kw name="Sleep" library="BuiltIn">
<arg>1s</arg>
<doc>Pauses the test executed for the given time.</doc>
<msg timestamp="20231102 12:11:01.914" level="INFO">Slept 1 second</msg>
<status status="PASS" starttime="20231102 12:11:00.913" endtime="20231102 12:11:01.918"/>
</kw>
<kw name="Take Screenshot" library="Screenshot">
<doc>Takes a screenshot in JPEG format and embeds it into the log file.</doc>
<msg timestamp="20231102 12:11:03.116" level="INFO" html="true">&lt;a href="Images/screenshot_16.jpg"&gt;&lt;img src="Images/screenshot_16.jpg" width="800px"&gt;&lt;/a&gt;</msg>
<status status="PASS" starttime="20231102 12:11:01.918" endtime="20231102 12:11:03.117"/>
</kw>
<status status="PASS" starttime="20231102 12:11:00.912" endtime="20231102 12:11:03.117"/>
</kw>
<kw name="Input Password" library="RPA.SAP">
<arg>${nvaLoginSAP}${txtClave}</arg>
<arg>${claveSAP}</arg>
<doc>Inserts the given password into the text field identified by locator.
The password is not recorded in the log.</doc>
<msg timestamp="20231102 12:11:03.135" level="INFO">Typing password into text field '/app/con[0]/ses[0]/wnd[0]/usr/pwdRSYST-BCODE'.</msg>
<status status="PASS" starttime="20231102 12:11:03.117" endtime="20231102 12:11:03.136"/>
</kw>
<kw name="CapturaPantalla" library="Script">
<kw name="Sleep" library="BuiltIn">
<arg>1s</arg>
<doc>Pauses the test executed for the given time.</doc>
<msg timestamp="20231102 12:11:04.138" level="INFO">Slept 1 second</msg>
<status status="PASS" starttime="20231102 12:11:03.137" endtime="20231102 12:11:04.138"/>
</kw>
<kw name="Take Screenshot" library="Screenshot">
<doc>Takes a screenshot in JPEG format and embeds it into the log file.</doc>
<msg timestamp="20231102 12:11:04.180" level="INFO" html="true">&lt;a href="Images/screenshot_17.jpg"&gt;&lt;img src="Images/screenshot_17.jpg" width="800px"&gt;&lt;/a&gt;</msg>
<status status="PASS" starttime="20231102 12:11:04.139" endtime="20231102 12:11:04.180"/>
</kw>
<status status="PASS" starttime="20231102 12:11:03.136" endtime="20231102 12:11:04.180"/>
</kw>
<kw name="Click Element" library="RPA.SAP">
<arg>${nvaLoginSAP}${btnLogin}</arg>
<doc>Performs a single click on a given element. Used only for buttons, tabs and menu items.</doc>
<status status="PASS" starttime="20231102 12:11:04.181" endtime="20231102 12:11:05.172"/>
</kw>
<kw name="Run Keyword And Return Status" library="BuiltIn">
<var>${ElementoPresente}</var>
<arg>Element Should Be Present</arg>
<arg>${vnaSesionAbierta}</arg>
<doc>Runs the given keyword with given arguments and returns the status as a Boolean value.</doc>
<kw name="Element Should Be Present" library="RPA.SAP">
<arg>${vnaSesionAbierta}</arg>
<doc>Checks whether an element is present on the screen.</doc>
<status status="PASS" starttime="20231102 12:11:05.173" endtime="20231102 12:11:05.184"/>
</kw>
<msg timestamp="20231102 12:11:05.185" level="INFO">${ElementoPresente} = True</msg>
<status status="PASS" starttime="20231102 12:11:05.173" endtime="20231102 12:11:05.185"/>
</kw>
<if>
<branch type="IF" condition="${ElementoPresente} == $True">
<kw name="CapturaPantalla" library="Script">
<kw name="Sleep" library="BuiltIn">
<arg>1s</arg>
<doc>Pauses the test executed for the given time.</doc>
<msg timestamp="20231102 12:11:06.192" level="INFO">Slept 1 second</msg>
<status status="PASS" starttime="20231102 12:11:05.190" endtime="20231102 12:11:06.192"/>
</kw>
<kw name="Take Screenshot" library="Screenshot">
<doc>Takes a screenshot in JPEG format and embeds it into the log file.</doc>
<msg timestamp="20231102 12:11:06.247" level="INFO" html="true">&lt;a href="Images/screenshot_18.jpg"&gt;&lt;img src="Images/screenshot_18.jpg" width="800px"&gt;&lt;/a&gt;</msg>
<status status="PASS" starttime="20231102 12:11:06.192" endtime="20231102 12:11:06.247"/>
</kw>
<status status="PASS" starttime="20231102 12:11:05.190" endtime="20231102 12:11:06.248"/>
</kw>
<kw name="Select Radio Button" library="RPA.SAP">
<arg>${vnaSesionAbierta}${rbtnOpcionDos}</arg>
<doc>Sets radio button to the specified value.</doc>
<status status="PASS" starttime="20231102 12:11:06.248" endtime="20231102 12:11:06.266"/>
</kw>
<kw name="CapturaPantalla" library="Script">
<kw name="Sleep" library="BuiltIn">
<arg>1s</arg>
<doc>Pauses the test executed for the given time.</doc>
<msg timestamp="20231102 12:11:07.268" level="INFO">Slept 1 second</msg>
<status status="PASS" starttime="20231102 12:11:06.267" endtime="20231102 12:11:07.268"/>
</kw>
<kw name="Take Screenshot" library="Screenshot">
<doc>Takes a screenshot in JPEG format and embeds it into the log file.</doc>
<msg timestamp="20231102 12:11:07.313" level="INFO" html="true">&lt;a href="Images/screenshot_19.jpg"&gt;&lt;img src="Images/screenshot_19.jpg" width="800px"&gt;&lt;/a&gt;</msg>
<status status="PASS" starttime="20231102 12:11:07.269" endtime="20231102 12:11:07.313"/>
</kw>
<status status="PASS" starttime="20231102 12:11:06.266" endtime="20231102 12:11:07.313"/>
</kw>
<kw name="Click Element" library="RPA.SAP">
<arg>${vnaSesionAbierta}${btnCheckOK}</arg>
<doc>Performs a single click on a given element. Used only for buttons, tabs and menu items.</doc>
<status status="PASS" starttime="20231102 12:11:07.314" endtime="20231102 12:11:08.389"/>
</kw>
<kw name="CapturaPantalla" library="Script">
<kw name="Sleep" library="BuiltIn">
<arg>1s</arg>
<doc>Pauses the test executed for the given time.</doc>
<msg timestamp="20231102 12:11:09.393" level="INFO">Slept 1 second</msg>
<status status="PASS" starttime="20231102 12:11:08.391" endtime="20231102 12:11:09.393"/>
</kw>
<kw name="Take Screenshot" library="Screenshot">
<doc>Takes a screenshot in JPEG format and embeds it into the log file.</doc>
<msg timestamp="20231102 12:11:09.446" level="INFO" html="true">&lt;a href="Images/screenshot_20.jpg"&gt;&lt;img src="Images/screenshot_20.jpg" width="800px"&gt;&lt;/a&gt;</msg>
<status status="PASS" starttime="20231102 12:11:09.394" endtime="20231102 12:11:09.447"/>
</kw>
<status status="PASS" starttime="20231102 12:11:08.390" endtime="20231102 12:11:09.447"/>
</kw>
<status status="PASS" starttime="20231102 12:11:05.186" endtime="20231102 12:11:09.447"/>
</branch>
<status status="PASS" starttime="20231102 12:11:05.186" endtime="20231102 12:11:09.448"/>
</if>
<status status="PASS" starttime="20231102 12:10:57.007" endtime="20231102 12:11:09.448"/>
</kw>
<kw name="me21n - inicio traslado material" library="transaccion_me21n">
<arg>C108</arg>
<arg>CO06</arg>
<arg>T09</arg>
<arg>CO15</arg>
<arg>70048076</arg>
<arg>1</arg>
<arg>C127</arg>
<kw name="Send Keys" library="RPA.Windows">
<arg>keys=${transaccionME21N}</arg>
<tag>action</tag>
<tag>keyboard</tag>
<doc>Send keys to desktop, current window or to Control element
defined by given locator.</doc>
<msg timestamp="20231102 12:11:09.451" level="INFO">Sending keys 'ME21N' to element: &lt;module 'uiautomation' from 'C:\\Users\\pinillaj\\AppData\\Local\\Programs\\Python\\Python311\\Lib\\site-packages\\uiautomation\\__init__.py'&gt;</msg>
<status status="PASS" starttime="20231102 12:11:09.450" endtime="20231102 12:11:10.009"/>
</kw>
<kw name="Click Element" library="RPA.SAP">
<arg>${btnCheckTransaccion}</arg>
<doc>Performs a single click on a given element. Used only for buttons, tabs and menu items.</doc>
<status status="PASS" starttime="20231102 12:11:10.010" endtime="20231102 12:11:13.230"/>
</kw>
<kw name="CapturaPantalla" library="Script">
<kw name="Sleep" library="BuiltIn">
<arg>1s</arg>
<doc>Pauses the test executed for the given time.</doc>
<msg timestamp="20231102 12:11:14.233" level="INFO">Slept 1 second</msg>
<status status="PASS" starttime="20231102 12:11:13.232" endtime="20231102 12:11:14.234"/>
</kw>
<kw name="Take Screenshot" library="Screenshot">
<doc>Takes a screenshot in JPEG format and embeds it into the log file.</doc>
<msg timestamp="20231102 12:11:14.284" level="INFO" html="true">&lt;a href="Images/screenshot_21.jpg"&gt;&lt;img src="Images/screenshot_21.jpg" width="800px"&gt;&lt;/a&gt;</msg>
<status status="PASS" starttime="20231102 12:11:14.234" endtime="20231102 12:11:14.285"/>
</kw>
<status status="PASS" starttime="20231102 12:11:13.231" endtime="20231102 12:11:14.285"/>
</kw>
<kw name="Sleep" library="BuiltIn">
<arg>2</arg>
<doc>Pauses the test executed for the given time.</doc>
<msg timestamp="20231102 12:11:16.286" level="INFO">Slept 2 seconds</msg>
<status status="PASS" starttime="20231102 12:11:14.286" endtime="20231102 12:11:16.287"/>
</kw>
<kw name="Select From List By Label" library="RPA.SAP">
<arg>${pedidoTrasladoME21N}</arg>
<arg>${pedidoTraslado}</arg>
<doc>Selects the specified option from the selection list.</doc>
<status status="PASS" starttime="20231102 12:11:16.287" endtime="20231102 12:11:17.890"/>
</kw>
<kw name="Input Text" library="RPA.SAP">
<arg>${centroSuministradoME21N}</arg>
<arg>${centroOrigenMaterial}</arg>
<doc>Inserts the given text into the text field identified by locator.
Use keyword `input password` to insert a password in a text field.</doc>
<msg timestamp="20231102 12:11:18.042" level="INFO">Typing text 'C108' into text field '/app/con[0]/ses[0]/wnd[0]/usr/subSUB0:SAPLMEGUI:0013/subSUB0:SAPLMEGUI:0030/subSUB1:SAPLMEGUI:1105/ctxtMEPO_TOPLINE-SUPERFIELD'.</msg>
<status status="PASS" starttime="20231102 12:11:17.890" endtime="20231102 12:11:18.042"/>
</kw>
<kw name="CapturaPantalla" library="Script">
<kw name="Sleep" library="BuiltIn">
<arg>1s</arg>
<doc>Pauses the test executed for the given time.</doc>
<msg timestamp="20231102 12:11:19.044" level="INFO">Slept 1 second</msg>
<status status="PASS" starttime="20231102 12:11:18.043" endtime="20231102 12:11:19.044"/>
</kw>
<kw name="Take Screenshot" library="Screenshot">
<doc>Takes a screenshot in JPEG format and embeds it into the log file.</doc>
<msg timestamp="20231102 12:11:19.100" level="INFO" html="true">&lt;a href="Images/screenshot_22.jpg"&gt;&lt;img src="Images/screenshot_22.jpg" width="800px"&gt;&lt;/a&gt;</msg>
<status status="PASS" starttime="20231102 12:11:19.044" endtime="20231102 12:11:19.100"/>
</kw>
<status status="PASS" starttime="20231102 12:11:18.043" endtime="20231102 12:11:19.101"/>
</kw>
<kw name="Sleep" library="BuiltIn">
<arg>1</arg>
<doc>Pauses the test executed for the given time.</doc>
<msg timestamp="20231102 12:11:20.103" level="INFO">Slept 1 second</msg>
<status status="PASS" starttime="20231102 12:11:19.102" endtime="20231102 12:11:20.103"/>
</kw>
<kw name="Send Keys" library="RPA.Windows">
<arg>keys={ENTER}</arg>
<tag>action</tag>
<tag>keyboard</tag>
<doc>Send keys to desktop, current window or to Control element
defined by given locator.</doc>
<msg timestamp="20231102 12:11:20.105" level="INFO">Sending keys '{ENTER}' to element: &lt;module 'uiautomation' from 'C:\\Users\\pinillaj\\AppData\\Local\\Programs\\Python\\Python311\\Lib\\site-packages\\uiautomation\\__init__.py'&gt;</msg>
<status status="PASS" starttime="20231102 12:11:20.104" endtime="20231102 12:11:20.629"/>
</kw>
<kw name="Input Text" library="RPA.SAP">
<arg>${orgCompraME21N}</arg>
<arg>${orgCompras}</arg>
<doc>Inserts the given text into the text field identified by locator.
Use keyword `input password` to insert a password in a text field.</doc>
<msg timestamp="20231102 12:11:20.653" level="INFO">Typing text 'CO06' into text field '/app/con[0]/ses[0]/wnd[0]/usr/subSUB0:SAPLMEGUI:0013/subSUB1:SAPLMEVIEWS:1100/subSUB2:SAPLMEVIEWS:1200/subSUB1:SAPLMEGUI:1102/tabsHEADER_DETAIL/tabpTABHDT9/ssubTABSTRIPCONTROL2SUB:SAPLMEGUI:1221/ctxtMEPO1222-EKORG'.</msg>
<status status="PASS" starttime="20231102 12:11:20.630" endtime="20231102 12:11:20.653"/>
</kw>
<kw name="Sleep" library="BuiltIn">
<arg>1</arg>
<doc>Pauses the test executed for the given time.</doc>
<msg timestamp="20231102 12:11:21.655" level="INFO">Slept 1 second</msg>
<status status="PASS" starttime="20231102 12:11:20.653" endtime="20231102 12:11:21.656"/>
</kw>
<kw name="Input Text" library="RPA.SAP">
<arg>${grupoComprasME21N}</arg>
<arg>${grupoCompras}</arg>
<doc>Inserts the given text into the text field identified by locator.
Use keyword `input password` to insert a password in a text field.</doc>
<msg timestamp="20231102 12:11:21.675" level="INFO">Typing text 'T09' into text field '/app/con[0]/ses[0]/wnd[0]/usr/subSUB0:SAPLMEGUI:0013/subSUB1:SAPLMEVIEWS:1100/subSUB2:SAPLMEVIEWS:1200/subSUB1:SAPLMEGUI:1102/tabsHEADER_DETAIL/tabpTABHDT9/ssubTABSTRIPCONTROL2SUB:SAPLMEGUI:1221/ctxtMEPO1222-EKGRP'.</msg>
<status status="PASS" starttime="20231102 12:11:21.656" endtime="20231102 12:11:21.676"/>
</kw>
<kw name="Sleep" library="BuiltIn">
<arg>1</arg>
<doc>Pauses the test executed for the given time.</doc>
<msg timestamp="20231102 12:11:22.678" level="INFO">Slept 1 second</msg>
<status status="PASS" starttime="20231102 12:11:21.676" endtime="20231102 12:11:22.679"/>
</kw>
<kw name="Input Text" library="RPA.SAP">
<arg>${sociedadME21N}</arg>
<arg>${sociedad}</arg>
<doc>Inserts the given text into the text field identified by locator.
Use keyword `input password` to insert a password in a text field.</doc>
<msg timestamp="20231102 12:11:22.698" level="INFO">Typing text 'CO15' into text field '/app/con[0]/ses[0]/wnd[0]/usr/subSUB0:SAPLMEGUI:0013/subSUB1:SAPLMEVIEWS:1100/subSUB2:SAPLMEVIEWS:1200/subSUB1:SAPLMEGUI:1102/tabsHEADER_DETAIL/tabpTABHDT9/ssubTABSTRIPCONTROL2SUB:SAPLMEGUI:1221/ctxtMEPO1222-BUKRS'.</msg>
<status status="PASS" starttime="20231102 12:11:22.680" endtime="20231102 12:11:22.699"/>
</kw>
<kw name="Sleep" library="BuiltIn">
<arg>1</arg>
<doc>Pauses the test executed for the given time.</doc>
<msg timestamp="20231102 12:11:23.700" level="INFO">Slept 1 second</msg>
<status status="PASS" starttime="20231102 12:11:22.700" endtime="20231102 12:11:23.700"/>
</kw>
<kw name="Send Keys" library="RPA.Windows">
<arg>keys={ENTER}</arg>
<tag>action</tag>
<tag>keyboard</tag>
<doc>Send keys to desktop, current window or to Control element
defined by given locator.</doc>
<msg timestamp="20231102 12:11:23.702" level="INFO">Sending keys '{ENTER}' to element: &lt;module 'uiautomation' from 'C:\\Users\\pinillaj\\AppData\\Local\\Programs\\Python\\Python311\\Lib\\site-packages\\uiautomation\\__init__.py'&gt;</msg>
<status status="PASS" starttime="20231102 12:11:23.701" endtime="20231102 12:11:24.225"/>
</kw>
<kw name="CapturaPantalla" library="Script">
<kw name="Sleep" library="BuiltIn">
<arg>1s</arg>
<doc>Pauses the test executed for the given time.</doc>
<msg timestamp="20231102 12:11:25.228" level="INFO">Slept 1 second</msg>
<status status="PASS" starttime="20231102 12:11:24.227" endtime="20231102 12:11:25.229"/>
</kw>
<kw name="Take Screenshot" library="Screenshot">
<doc>Takes a screenshot in JPEG format and embeds it into the log file.</doc>
<msg timestamp="20231102 12:11:25.283" level="INFO" html="true">&lt;a href="Images/screenshot_23.jpg"&gt;&lt;img src="Images/screenshot_23.jpg" width="800px"&gt;&lt;/a&gt;</msg>
<status status="PASS" starttime="20231102 12:11:25.229" endtime="20231102 12:11:25.284"/>
</kw>
<status status="PASS" starttime="20231102 12:11:24.226" endtime="20231102 12:11:25.284"/>
</kw>
<kw name="Get Value" library="RPA.SAP">
<var>${textoOrgCompra}</var>
<arg>${valorOrgCompraME21N}</arg>
<doc>Gets the value of the given element. The possible return values depend on the type of element (see Return values).</doc>
<msg timestamp="20231102 12:11:25.353" level="INFO">${textoOrgCompra} = Comunicación Celular</msg>
<status status="PASS" starttime="20231102 12:11:25.285" endtime="20231102 12:11:25.354"/>
</kw>
<kw name="Get Value" library="RPA.SAP">
<var>${textoGrupoCompra}</var>
<arg>${valorGrupoComprasME21N}</arg>
<doc>Gets the value of the given element. The possible return values depend on the type of element (see Return values).</doc>
<msg timestamp="20231102 12:11:25.399" level="INFO">${textoGrupoCompra} = EQUIPO VENTA</msg>
<status status="PASS" starttime="20231102 12:11:25.354" endtime="20231102 12:11:25.399"/>
</kw>
<kw name="Get Value" library="RPA.SAP">
<var>${textoSociedad}</var>
<arg>${valorSociedadME21N}</arg>
<doc>Gets the value of the given element. The possible return values depend on the type of element (see Return values).</doc>
<msg timestamp="20231102 12:11:25.444" level="INFO">${textoSociedad} = Comunicación Celular, S.A</msg>
<status status="PASS" starttime="20231102 12:11:25.400" endtime="20231102 12:11:25.444"/>
</kw>
<kw name="Input Text" library="RPA.SAP">
<arg>${filaCodigoMaterial}</arg>
<arg>${codigoMaterial}</arg>
<doc>Inserts the given text into the text field identified by locator.
Use keyword `input password` to insert a password in a text field.</doc>
<msg timestamp="20231102 12:11:25.517" level="INFO">Typing text '70048076' into text field '/app/con[0]/ses[0]/wnd[0]/usr/subSUB0:SAPLMEGUI:0013/subSUB2:SAPLMEVIEWS:1100/subSUB2:SAPLMEVIEWS:1200/subSUB1:SAPLMEGUI:1211/tblSAPLMEGUITC_1211/ctxtMEPO1211-EMATN[4,0]'.</msg>
<status status="PASS" starttime="20231102 12:11:25.445" endtime="20231102 12:11:25.519"/>
</kw>
<kw name="Sleep" library="BuiltIn">
<arg>1</arg>
<doc>Pauses the test executed for the given time.</doc>
<msg timestamp="20231102 12:11:26.520" level="INFO">Slept 1 second</msg>
<status status="PASS" starttime="20231102 12:11:25.520" endtime="20231102 12:11:26.521"/>
</kw>
<kw name="Input Text" library="RPA.SAP">
<arg>${filaCantidadPedido}</arg>
<arg>${cantidadPedidoMaterial}</arg>
<doc>Inserts the given text into the text field identified by locator.
Use keyword `input password` to insert a password in a text field.</doc>
<msg timestamp="20231102 12:11:26.602" level="INFO">Typing text '1' into text field '/app/con[0]/ses[0]/wnd[0]/usr/subSUB0:SAPLMEGUI:0013/subSUB2:SAPLMEVIEWS:1100/subSUB2:SAPLMEVIEWS:1200/subSUB1:SAPLMEGUI:1211/tblSAPLMEGUITC_1211/txtMEPO1211-MENGE[6,0]'.</msg>
<status status="PASS" starttime="20231102 12:11:26.521" endtime="20231102 12:11:26.602"/>
</kw>
<kw name="Sleep" library="BuiltIn">
<arg>1</arg>
<doc>Pauses the test executed for the given time.</doc>
<msg timestamp="20231102 12:11:27.603" level="INFO">Slept 1 second</msg>
<status status="PASS" starttime="20231102 12:11:26.602" endtime="20231102 12:11:27.603"/>
</kw>
<kw name="Input Text" library="RPA.SAP">
<arg>${filaLote}</arg>
<arg>${lote}</arg>
<doc>Inserts the given text into the text field identified by locator.
Use keyword `input password` to insert a password in a text field.</doc>
<msg timestamp="20231102 12:11:27.722" level="INFO">Typing text 'VALORADO' into text field '/app/con[0]/ses[0]/wnd[0]/usr/subSUB0:SAPLMEGUI:0013/subSUB2:SAPLMEVIEWS:1100/subSUB2:SAPLMEVIEWS:1200/subSUB1:SAPLMEGUI:1211/tblSAPLMEGUITC_1211/ctxtMEPO1211-CHARG[8,0]'.</msg>
<status status="PASS" starttime="20231102 12:11:27.604" endtime="20231102 12:11:27.723"/>
</kw>
<kw name="CapturaPantalla" library="Script">
<kw name="Sleep" library="BuiltIn">
<arg>1s</arg>
<doc>Pauses the test executed for the given time.</doc>
<msg timestamp="20231102 12:11:28.725" level="INFO">Slept 1 second</msg>
<status status="PASS" starttime="20231102 12:11:27.723" endtime="20231102 12:11:28.725"/>
</kw>
<kw name="Take Screenshot" library="Screenshot">
<doc>Takes a screenshot in JPEG format and embeds it into the log file.</doc>
<msg timestamp="20231102 12:11:28.773" level="INFO" html="true">&lt;a href="Images/screenshot_24.jpg"&gt;&lt;img src="Images/screenshot_24.jpg" width="800px"&gt;&lt;/a&gt;</msg>
<status status="PASS" starttime="20231102 12:11:28.725" endtime="20231102 12:11:28.774"/>
</kw>
<status status="PASS" starttime="20231102 12:11:27.723" endtime="20231102 12:11:28.774"/>
</kw>
<kw name="Sleep" library="BuiltIn">
<arg>1</arg>
<doc>Pauses the test executed for the given time.</doc>
<msg timestamp="20231102 12:11:29.776" level="INFO">Slept 1 second</msg>
<status status="PASS" starttime="20231102 12:11:28.774" endtime="20231102 12:11:29.776"/>
</kw>
<kw name="Input Text" library="RPA.SAP">
<arg>${filaCavDestino}</arg>
<arg>${centroDestinoMaterial}</arg>
<doc>Inserts the given text into the text field identified by locator.
Use keyword `input password` to insert a password in a text field.</doc>
<msg timestamp="20231102 12:11:29.878" level="INFO">Typing text 'C127' into text field '/app/con[0]/ses[0]/wnd[0]/usr/subSUB0:SAPLMEGUI:0013/subSUB2:SAPLMEVIEWS:1100/subSUB2:SAPLMEVIEWS:1200/subSUB1:SAPLMEGUI:1211/tblSAPLMEGUITC_1211/ctxtMEPO1211-NAME1[10,0]'.</msg>
<status status="PASS" starttime="20231102 12:11:29.776" endtime="20231102 12:11:29.878"/>
</kw>
<kw name="Sleep" library="BuiltIn">
<arg>1</arg>
<doc>Pauses the test executed for the given time.</doc>
<msg timestamp="20231102 12:11:30.879" level="INFO">Slept 1 second</msg>
<status status="PASS" starttime="20231102 12:11:29.878" endtime="20231102 12:11:30.880"/>
</kw>
<kw name="Input Text" library="RPA.SAP">
<arg>${filaAlmacen}</arg>
<arg>${almacen}</arg>
<doc>Inserts the given text into the text field identified by locator.
Use keyword `input password` to insert a password in a text field.</doc>
<msg timestamp="20231102 12:11:30.985" level="INFO">Typing text 'H001' into text field '/app/con[0]/ses[0]/wnd[0]/usr/subSUB0:SAPLMEGUI:0013/subSUB2:SAPLMEVIEWS:1100/subSUB2:SAPLMEVIEWS:1200/subSUB1:SAPLMEGUI:1211/tblSAPLMEGUITC_1211/ctxtMEPO1211-LGOBE[11,0]'.</msg>
<status status="PASS" starttime="20231102 12:11:30.881" endtime="20231102 12:11:30.985"/>
</kw>
<kw name="Sleep" library="BuiltIn">
<arg>1</arg>
<doc>Pauses the test executed for the given time.</doc>
<msg timestamp="20231102 12:11:31.986" level="INFO">Slept 1 second</msg>
<status status="PASS" starttime="20231102 12:11:30.986" endtime="20231102 12:11:31.986"/>
</kw>
<kw name="Send Keys" library="RPA.Windows">
<arg>keys={ENTER}</arg>
<tag>action</tag>
<tag>keyboard</tag>
<doc>Send keys to desktop, current window or to Control element
defined by given locator.</doc>
<msg timestamp="20231102 12:11:31.988" level="INFO">Sending keys '{ENTER}' to element: &lt;module 'uiautomation' from 'C:\\Users\\pinillaj\\AppData\\Local\\Programs\\Python\\Python311\\Lib\\site-packages\\uiautomation\\__init__.py'&gt;</msg>
<status status="PASS" starttime="20231102 12:11:31.987" endtime="20231102 12:11:32.511"/>
</kw>
<kw name="Sleep" library="BuiltIn">
<arg>2</arg>
<doc>Pauses the test executed for the given time.</doc>
<msg timestamp="20231102 12:11:34.512" level="INFO">Slept 2 seconds</msg>
<status status="PASS" starttime="20231102 12:11:32.511" endtime="20231102 12:11:34.512"/>
</kw>
<kw name="Run Keyword And Return Status" library="BuiltIn">
<var>${ElementoPresente}</var>
<arg>Element Should Be Present</arg>
<arg>${opcionDireccionEntregaME21N}</arg>
<doc>Runs the given keyword with given arguments and returns the status as a Boolean value.</doc>
<kw name="Element Should Be Present" library="RPA.SAP">
<arg>${opcionDireccionEntregaME21N}</arg>
<doc>Checks whether an element is present on the screen.</doc>
<status status="PASS" starttime="20231102 12:11:34.513" endtime="20231102 12:11:34.521"/>
</kw>
<msg timestamp="20231102 12:11:34.521" level="INFO">${ElementoPresente} = True</msg>
<status status="PASS" starttime="20231102 12:11:34.512" endtime="20231102 12:11:34.522"/>
</kw>
<if>
<branch type="IF" condition="${ElementoPresente} == $True">
<kw name="Click Element" library="RPA.SAP">
<arg>${opcionDireccionEntregaME21N}</arg>
<doc>Performs a single click on a given element. Used only for buttons, tabs and menu items.</doc>
<status status="PASS" starttime="20231102 12:11:34.523" endtime="20231102 12:11:34.561"/>
</kw>
<kw name="Get Value" library="RPA.SAP">
<var>${textoCavDestino}</var>
<arg>${filaDireccionCavDestino}</arg>
<doc>Gets the value of the given element. The possible return values depend on the type of element (see Return values).</doc>
<msg timestamp="20231102 12:11:34.588" level="INFO">${textoCavDestino} = CAV SAN ANDRES</msg>
<status status="PASS" starttime="20231102 12:11:34.562" endtime="20231102 12:11:34.588"/>
</kw>
<kw name="CapturaPantalla" library="Script">
<kw name="Sleep" library="BuiltIn">
<arg>1s</arg>
<doc>Pauses the test executed for the given time.</doc>
<msg timestamp="20231102 12:11:35.590" level="INFO">Slept 1 second</msg>
<status status="PASS" starttime="20231102 12:11:34.589" endtime="20231102 12:11:35.590"/>
</kw>
<kw name="Take Screenshot" library="Screenshot">
<doc>Takes a screenshot in JPEG format and embeds it into the log file.</doc>
<msg timestamp="20231102 12:11:35.648" level="INFO" html="true">&lt;a href="Images/screenshot_25.jpg"&gt;&lt;img src="Images/screenshot_25.jpg" width="800px"&gt;&lt;/a&gt;</msg>
<status status="PASS" starttime="20231102 12:11:35.591" endtime="20231102 12:11:35.649"/>
</kw>
<status status="PASS" starttime="20231102 12:11:34.588" endtime="20231102 12:11:35.649"/>
</kw>
<status status="PASS" starttime="20231102 12:11:34.522" endtime="20231102 12:11:35.649"/>
</branch>
<status status="PASS" starttime="20231102 12:11:34.522" endtime="20231102 12:11:35.650"/>
</if>
<kw name="Click Element" library="RPA.SAP">
<arg>${btnGrabarTransaccion}</arg>
<doc>Performs a single click on a given element. Used only for buttons, tabs and menu items.</doc>
<status status="PASS" starttime="20231102 12:11:35.650" endtime="20231102 12:11:36.958"/>
</kw>
<kw name="CapturaPantalla" library="Script">
<kw name="Sleep" library="BuiltIn">
<arg>1s</arg>
<doc>Pauses the test executed for the given time.</doc>
<msg timestamp="20231102 12:11:37.960" level="INFO">Slept 1 second</msg>
<status status="PASS" starttime="20231102 12:11:36.959" endtime="20231102 12:11:37.960"/>
</kw>
<kw name="Take Screenshot" library="Screenshot">
<doc>Takes a screenshot in JPEG format and embeds it into the log file.</doc>
<msg timestamp="20231102 12:11:38.012" level="INFO" html="true">&lt;a href="Images/screenshot_26.jpg"&gt;&lt;img src="Images/screenshot_26.jpg" width="800px"&gt;&lt;/a&gt;</msg>
<status status="PASS" starttime="20231102 12:11:37.961" endtime="20231102 12:11:38.013"/>
</kw>
<status status="PASS" starttime="20231102 12:11:36.959" endtime="20231102 12:11:38.014"/>
</kw>
<kw name="Get Value" library="RPA.SAP">
<var>${nombreBtnGrabar}</var>
<arg>${btnGrabarRetenerME21N}</arg>
<doc>Gets the value of the given element. The possible return values depend on the type of element (see Return values).</doc>
<msg timestamp="20231102 12:11:38.047" level="INFO">${nombreBtnGrabar} = Reten.</msg>
<status status="PASS" starttime="20231102 12:11:38.015" endtime="20231102 12:11:38.048"/>
</kw>
<if>
<branch type="IF" condition="&quot;${nombreBtnGrabar}&quot; == &quot;Reten.&quot;">
<kw name="Click Element" library="RPA.SAP">
<arg>${btnGrabarTratarME21N}</arg>
<doc>Performs a single click on a given element. Used only for buttons, tabs and menu items.</doc>
<status status="PASS" starttime="20231102 12:11:38.049" endtime="20231102 12:11:39.447"/>
</kw>
<kw name="CapturaPantalla" library="Script">
<kw name="Sleep" library="BuiltIn">
<arg>1s</arg>
<doc>Pauses the test executed for the given time.</doc>
<msg timestamp="20231102 12:11:40.449" level="INFO">Slept 1 second</msg>
<status status="PASS" starttime="20231102 12:11:39.449" endtime="20231102 12:11:40.449"/>
</kw>
<kw name="Take Screenshot" library="Screenshot">
<doc>Takes a screenshot in JPEG format and embeds it into the log file.</doc>
<msg timestamp="20231102 12:11:40.499" level="INFO" html="true">&lt;a href="Images/screenshot_27.jpg"&gt;&lt;img src="Images/screenshot_27.jpg" width="800px"&gt;&lt;/a&gt;</msg>
<status status="PASS" starttime="20231102 12:11:40.450" endtime="20231102 12:11:40.500"/>
</kw>
<status status="PASS" starttime="20231102 12:11:39.448" endtime="20231102 12:11:40.500"/>
</kw>
<kw name="Sleep" library="BuiltIn">
<arg>2</arg>
<doc>Pauses the test executed for the given time.</doc>
<msg timestamp="20231102 12:11:42.501" level="INFO">Slept 2 seconds</msg>
<status status="PASS" starttime="20231102 12:11:40.501" endtime="20231102 12:11:42.501"/>
</kw>
<kw name="Click Element" library="RPA.SAP">
<arg>${btnGrabarTratarAceptarME21N}</arg>
<doc>Performs a single click on a given element. Used only for buttons, tabs and menu items.</doc>
<status status="PASS" starttime="20231102 12:11:42.502" endtime="20231102 12:11:42.876"/>
</kw>
<kw name="Sleep" library="BuiltIn">
<arg>1</arg>
<doc>Pauses the test executed for the given time.</doc>
<msg timestamp="20231102 12:11:43.879" level="INFO">Slept 1 second</msg>
<status status="PASS" starttime="20231102 12:11:42.876" endtime="20231102 12:11:43.879"/>
</kw>
<kw name="CapturaPantalla" library="Script">
<kw name="Sleep" library="BuiltIn">
<arg>1s</arg>
<doc>Pauses the test executed for the given time.</doc>
<msg timestamp="20231102 12:11:44.882" level="INFO">Slept 1 second</msg>
<status status="PASS" starttime="20231102 12:11:43.880" endtime="20231102 12:11:44.883"/>
</kw>
<kw name="Take Screenshot" library="Screenshot">
<doc>Takes a screenshot in JPEG format and embeds it into the log file.</doc>
<msg timestamp="20231102 12:11:44.944" level="INFO" html="true">&lt;a href="Images/screenshot_28.jpg"&gt;&lt;img src="Images/screenshot_28.jpg" width="800px"&gt;&lt;/a&gt;</msg>
<status status="PASS" starttime="20231102 12:11:44.884" endtime="20231102 12:11:44.944"/>
</kw>
<status status="PASS" starttime="20231102 12:11:43.880" endtime="20231102 12:11:44.945"/>
</kw>
<kw name="CERRAR_APLICATIVO_SAP" library="funciones">
<kw name="Press Keys" library="RPA.Desktop">
<arg>alt</arg>
<arg>F4</arg>
<doc>Press multiple keys down simultaneously.</doc>
<msg timestamp="20231102 12:11:44.947" level="INFO">Pressing keys: Key.alt, Key.f4</msg>
<status status="PASS" starttime="20231102 12:11:44.946" endtime="20231102 12:11:44.956"/>
</kw>
<kw name="Press Keys" library="RPA.Desktop">
<arg>tab</arg>
<doc>Press multiple keys down simultaneously.</doc>
<msg timestamp="20231102 12:11:44.959" level="INFO">Pressing keys: Key.tab</msg>
<status status="PASS" starttime="20231102 12:11:44.957" endtime="20231102 12:11:45.058"/>
</kw>
<kw name="Sleep" library="BuiltIn">
<arg>2s</arg>
<doc>Pauses the test executed for the given time.</doc>
<msg timestamp="20231102 12:11:47.059" level="INFO">Slept 2 seconds</msg>
<status status="PASS" starttime="20231102 12:11:45.059" endtime="20231102 12:11:47.060"/>
</kw>
<kw name="Press Keys" library="RPA.Desktop">
<arg>tab</arg>
<doc>Press multiple keys down simultaneously.</doc>
<msg timestamp="20231102 12:11:47.061" level="INFO">Pressing keys: Key.tab</msg>
<status status="PASS" starttime="20231102 12:11:47.060" endtime="20231102 12:11:47.063"/>
</kw>
<kw name="Press Keys" library="RPA.Desktop">
<arg>enter</arg>
<doc>Press multiple keys down simultaneously.</doc>
<msg timestamp="20231102 12:11:47.065" level="INFO">Pressing keys: Key.enter</msg>
<status status="PASS" starttime="20231102 12:11:47.064" endtime="20231102 12:11:47.165"/>
</kw>
<status status="PASS" starttime="20231102 12:11:44.945" endtime="20231102 12:11:47.165"/>
</kw>
<kw name="Create File" library="RPA.FileSystem">
<arg>..\\SAP\\Resources\\transaccion_me21n.txt</arg>
<arg>content=Transacción ME21N - Traslado material de un CAV a un punto directo\n\n FALLIDO!</arg>
<arg>encoding=utf-8</arg>
<arg>overwrite=True</arg>
<doc>Creates a new text file, and writes content if any is given.</doc>
<status status="PASS" starttime="20231102 12:11:47.166" endtime="20231102 12:11:47.184"/>
</kw>
<status status="PASS" starttime="20231102 12:11:38.049" endtime="20231102 12:11:47.184"/>
</branch>
<branch type="ELSE">
<kw name="CapturaPantalla" library="Script">
<status status="NOT RUN" starttime="20231102 12:11:47.185" endtime="20231102 12:11:47.185"/>
</kw>
<kw name="Sleep" library="BuiltIn">
<arg>1</arg>
<doc>Pauses the test executed for the given time.</doc>
<status status="NOT RUN" starttime="20231102 12:11:47.185" endtime="20231102 12:11:47.185"/>
</kw>
<kw name="Send Keys" library="RPA.Windows">
<arg>keys={ENTER}</arg>
<tag>action</tag>
<tag>keyboard</tag>
<doc>Send keys to desktop, current window or to Control element
defined by given locator.</doc>
<status status="NOT RUN" starttime="20231102 12:11:47.186" endtime="20231102 12:11:47.186"/>
</kw>
<kw name="CapturaPantalla" library="Script">
<status status="NOT RUN" starttime="20231102 12:11:47.186" endtime="20231102 12:11:47.186"/>
</kw>
<kw name="Sleep" library="BuiltIn">
<arg>2</arg>
<doc>Pauses the test executed for the given time.</doc>
<status status="NOT RUN" starttime="20231102 12:11:47.187" endtime="20231102 12:11:47.187"/>
</kw>
<kw name="Get Value" library="RPA.SAP">
<var>${txtNumeroPedidoSAP}</var>
<arg>${panelNumeroPedidoSAP}</arg>
<doc>Gets the value of the given element. The possible return values depend on the type of element (see Return values).</doc>
<status status="NOT RUN" starttime="20231102 12:11:47.187" endtime="20231102 12:11:47.188"/>
</kw>
<kw name="Press Keys" library="RPA.Desktop">
<arg>shift</arg>
<arg>F5</arg>
<doc>Press multiple keys down simultaneously.</doc>
<status status="NOT RUN" starttime="20231102 12:11:47.188" endtime="20231102 12:11:47.188"/>
</kw>
<kw name="CapturaPantalla" library="Script">
<status status="NOT RUN" starttime="20231102 12:11:47.188" endtime="20231102 12:11:47.188"/>
</kw>
<kw name="Sleep" library="BuiltIn">
<arg>1</arg>
<doc>Pauses the test executed for the given time.</doc>
<status status="NOT RUN" starttime="20231102 12:11:47.189" endtime="20231102 12:11:47.189"/>
</kw>
<kw name="Get Value" library="RPA.SAP">
<var>${txtIdNumeroPedidoSAP}</var>
<arg>${numIdPedidoSAP}</arg>
<doc>Gets the value of the given element. The possible return values depend on the type of element (see Return values).</doc>
<status status="NOT RUN" starttime="20231102 12:11:47.190" endtime="20231102 12:11:47.190"/>
</kw>
<kw name="Log" library="BuiltIn">
<arg>${txtIdNumeroPedidoSAP}</arg>
<arg>console=True</arg>
<doc>Logs the given message with the given level.</doc>
<status status="NOT RUN" starttime="20231102 12:11:47.190" endtime="20231102 12:11:47.190"/>
</kw>
<kw name="Sleep" library="BuiltIn">
<arg>1</arg>
<doc>Pauses the test executed for the given time.</doc>
<status status="NOT RUN" starttime="20231102 12:11:47.191" endtime="20231102 12:11:47.191"/>
</kw>
<kw name="Create File" library="RPA.FileSystem">
<arg>..\\SAP\\Resources\\transaccion_me21n.txt</arg>
<arg>content=Transacción ME21N - Traslado material de un CAV a un punto directo\n\n Centro Origen: ${centroOrigenMaterial}\n Org.Compras: ${orgCompras} - ${textoOrgCompra}\n GrupoCompras: ${grupoCompras} - ${textoGrupoCompra}\n Sociedad: ${sociedad} - ${textoSociedad}\n\n Centro Destino: ${centroDestinoMaterial} - ${textoCavDestino}\n CodigoMaterial: ${codigoMaterial}\n CantidadPedidoMaterial: ${cantidadPedidoMaterial}\n\n Ejecución exitosa!\n\n ${txtNumeroPedidoSAP}</arg>
<arg>encoding=utf-8</arg>
<arg>overwrite=True</arg>
<doc>Creates a new text file, and writes content if any is given.</doc>
<status status="NOT RUN" starttime="20231102 12:11:47.191" endtime="20231102 12:11:47.192"/>
</kw>
<kw name="Press Keys" library="RPA.Desktop">
<arg>alt</arg>
<arg>F4</arg>
<doc>Press multiple keys down simultaneously.</doc>
<status status="NOT RUN" starttime="20231102 12:11:47.192" endtime="20231102 12:11:47.192"/>
</kw>
<kw name="CapturaPantalla" library="Script">
<status status="NOT RUN" starttime="20231102 12:11:47.192" endtime="20231102 12:11:47.193"/>
</kw>
<kw name="Sleep" library="BuiltIn">
<arg>1</arg>
<doc>Pauses the test executed for the given time.</doc>
<status status="NOT RUN" starttime="20231102 12:11:47.193" endtime="20231102 12:11:47.193"/>
</kw>
<kw name="CANTIDAD_CLICK_ELEMENTO_RPA_SAP" library="funciones">
<arg>2</arg>
<arg>${btnAtras}</arg>
<status status="NOT RUN" starttime="20231102 12:11:47.193" endtime="20231102 12:11:47.193"/>
</kw>
<kw name="CERRAR_APLICATIVO_SAP" library="funciones">
<status status="NOT RUN" starttime="20231102 12:11:47.194" endtime="20231102 12:11:47.194"/>
</kw>
<status status="NOT RUN" starttime="20231102 12:11:47.184" endtime="20231102 12:11:47.194"/>
</branch>
<status status="PASS" starttime="20231102 12:11:38.048" endtime="20231102 12:11:47.195"/>
</if>
<status status="PASS" starttime="20231102 12:11:09.449" endtime="20231102 12:11:47.195"/>
</kw>
<status status="PASS" starttime="20231102 12:10:52.283" endtime="20231102 12:11:47.196"/>
</test>
<status status="PASS" starttime="20231102 12:10:50.665" endtime="20231102 12:11:47.199"/>
</suite>
<statistics>
<total>
<stat pass="1" fail="0" skip="0">All Tests</stat>
</total>
<tag>
</tag>
<suite>
<stat pass="1" fail="0" skip="0" id="s1" name="Ejecucion Me21N">Ejecucion Me21N</stat>
</suite>
</statistics>
<errors>
</errors>
</robot>
