<?xml version="1.0" encoding="UTF-8"?>
<robot generator="Robot 6.1.1 (Python 3.11.5 on win32)" generated="20231030 17:17:43.193" rpa="false" schemaversion="4">
<suite id="s1" name="SAP" source="d:\proyectos-vc\AutomationSAP\SAP\TestCases\SAP.robot">
<test id="s1-t1" name="Transaccion IQ09 prueba" line="44">
<kw name="abrir_sap" library="abrirSAP">
<kw name="Windows Run" library="RPA.Windows">
<arg>saplogon.exe</arg>
<tag>window</tag>
<doc>Use Windows Run window to launch an application.</doc>
<msg timestamp="20231030 17:17:45.006" level="INFO">Sending keys '{Win}r' to element: &lt;module 'uiautomation' from 'C:\\Users\\pinillaj\\AppData\\Local\\Programs\\Python\\Python311\\Lib\\site-packages\\uiautomation\\__init__.py'&gt;</msg>
<msg timestamp="20231030 17:17:45.575" level="INFO">Sending keys 'saplogon.exe' to element: &lt;module 'uiautomation' from 'C:\\Users\\pinillaj\\AppData\\Local\\Programs\\Python\\Python311\\Lib\\site-packages\\uiautomation\\__init__.py'&gt;</msg>
<msg timestamp="20231030 17:17:46.211" level="INFO">Sending keys '{Enter}' to element: &lt;module 'uiautomation' from 'C:\\Users\\pinillaj\\AppData\\Local\\Programs\\Python\\Python311\\Lib\\site-packages\\uiautomation\\__init__.py'&gt;</msg>
<status status="PASS" starttime="20231030 17:17:45.005" endtime="20231030 17:17:49.740"/>
</kw>
<status status="PASS" starttime="20231030 17:17:45.004" endtime="20231030 17:17:49.741"/>
</kw>
<kw name="login_sap" library="loginSAP">
<for flavor="IN RANGE">
<var>${Conteo}</var>
<value>0</value>
<value>99999999</value>
<iter>
<var name="${Conteo}">0</var>
<kw name="Run Keyword And Return Status" library="BuiltIn">
<var>${Login}</var>
<arg>RPA.SAP.Connect To Session</arg>
<doc>Runs the given keyword with given arguments and returns the status as a Boolean value.</doc>
<kw name="Connect To Session" library="RPA.SAP">
<doc>Connects to an open session SAP.</doc>
<status status="PASS" starttime="20231030 17:17:51.669" endtime="20231030 17:17:51.708"/>
</kw>
<msg timestamp="20231030 17:17:51.709" level="INFO">${Login} = True</msg>
<status status="PASS" starttime="20231030 17:17:51.668" endtime="20231030 17:17:51.709"/>
</kw>
<if>
<branch type="IF" condition="${Login}== True">
<break>
<status status="PASS" starttime="20231030 17:17:51.711" endtime="20231030 17:17:51.711"/>
</break>
<status status="PASS" starttime="20231030 17:17:51.710" endtime="20231030 17:17:51.712"/>
</branch>
<status status="PASS" starttime="20231030 17:17:51.710" endtime="20231030 17:17:51.713"/>
</if>
<status status="PASS" starttime="20231030 17:17:51.667" endtime="20231030 17:17:51.713"/>
</iter>
<status status="PASS" starttime="20231030 17:17:49.743" endtime="20231030 17:17:51.713"/>
</for>
<kw name="Open Connection" library="RPA.SAP">
<arg>SAP EQA</arg>
<doc>Opens a connection to the given connection name. Be sure to provide the full connection name, including the bracket part.</doc>
<status status="PASS" starttime="20231030 17:17:51.714" endtime="20231030 17:17:53.454"/>
</kw>
<kw name="Input Text" library="RPA.SAP">
<arg>${nvaLoginSAP}${txtUsuario}</arg>
<arg>${usuarioSAP}</arg>
<doc>Inserts the given text into the text field identified by locator.
Use keyword `input password` to insert a password in a text field.</doc>
<msg timestamp="20231030 17:17:53.556" level="INFO">Typing text 'CO_HITSS' into text field '/app/con[0]/ses[0]/wnd[0]/usr/txtRSYST-BNAME'.</msg>
<status status="PASS" starttime="20231030 17:17:53.455" endtime="20231030 17:17:53.558"/>
</kw>
<kw name="CapturaPantalla" library="Script">
<kw name="Sleep" library="BuiltIn">
<arg>1s</arg>
<doc>Pauses the test executed for the given time.</doc>
<msg timestamp="20231030 17:17:56.115" level="INFO">Slept 1 second</msg>
<status status="PASS" starttime="20231030 17:17:53.560" endtime="20231030 17:17:56.120"/>
</kw>
<kw name="Take Screenshot" library="Screenshot">
<doc>Takes a screenshot in JPEG format and embeds it into the log file.</doc>
<msg timestamp="20231030 17:17:56.212" level="INFO" html="true">&lt;a href="Images/screenshot_99.jpg"&gt;&lt;img src="Images/screenshot_99.jpg" width="800px"&gt;&lt;/a&gt;</msg>
<status status="PASS" starttime="20231030 17:17:56.120" endtime="20231030 17:17:56.213"/>
</kw>
<status status="PASS" starttime="20231030 17:17:53.559" endtime="20231030 17:17:56.213"/>
</kw>
<kw name="Input Password" library="RPA.SAP">
<arg>${nvaLoginSAP}${txtClave}</arg>
<arg>${claveSAP}</arg>
<doc>Inserts the given password into the text field identified by locator.
The password is not recorded in the log.</doc>
<msg timestamp="20231030 17:17:56.233" level="INFO">Typing password into text field '/app/con[0]/ses[0]/wnd[0]/usr/pwdRSYST-BCODE'.</msg>
<status status="PASS" starttime="20231030 17:17:56.213" endtime="20231030 17:17:56.233"/>
</kw>
<kw name="CapturaPantalla" library="Script">
<kw name="Sleep" library="BuiltIn">
<arg>1s</arg>
<doc>Pauses the test executed for the given time.</doc>
<msg timestamp="20231030 17:17:57.236" level="INFO">Slept 1 second</msg>
<status status="PASS" starttime="20231030 17:17:56.234" endtime="20231030 17:17:57.236"/>
</kw>
<kw name="Take Screenshot" library="Screenshot">
<doc>Takes a screenshot in JPEG format and embeds it into the log file.</doc>
<msg timestamp="20231030 17:17:57.309" level="INFO" html="true">&lt;a href="Images/screenshot_100.jpg"&gt;&lt;img src="Images/screenshot_100.jpg" width="800px"&gt;&lt;/a&gt;</msg>
<status status="PASS" starttime="20231030 17:17:57.237" endtime="20231030 17:17:57.309"/>
</kw>
<status status="PASS" starttime="20231030 17:17:56.234" endtime="20231030 17:17:57.309"/>
</kw>
<kw name="Click Element" library="RPA.SAP">
<arg>${nvaLoginSAP}${btnLogin}</arg>
<doc>Performs a single click on a given element. Used only for buttons, tabs and menu items.</doc>
<status status="PASS" starttime="20231030 17:17:57.309" endtime="20231030 17:17:57.948"/>
</kw>
<kw name="Run Keyword And Return Status" library="BuiltIn">
<var>${ElementoPresente}</var>
<arg>Element Should Be Present</arg>
<arg>${vnaSesionAbierta}</arg>
<doc>Runs the given keyword with given arguments and returns the status as a Boolean value.</doc>
<kw name="Element Should Be Present" library="RPA.SAP">
<arg>${vnaSesionAbierta}</arg>
<doc>Checks whether an element is present on the screen.</doc>
<status status="PASS" starttime="20231030 17:17:57.949" endtime="20231030 17:17:57.959"/>
</kw>
<msg timestamp="20231030 17:17:57.959" level="INFO">${ElementoPresente} = True</msg>
<status status="PASS" starttime="20231030 17:17:57.948" endtime="20231030 17:17:57.960"/>
</kw>
<if>
<branch type="IF" condition="${ElementoPresente} == $True">
<kw name="CapturaPantalla" library="Script">
<kw name="Sleep" library="BuiltIn">
<arg>1s</arg>
<doc>Pauses the test executed for the given time.</doc>
<msg timestamp="20231030 17:17:58.969" level="INFO">Slept 1 second</msg>
<status status="PASS" starttime="20231030 17:17:57.968" endtime="20231030 17:17:58.969"/>
</kw>
<kw name="Take Screenshot" library="Screenshot">
<doc>Takes a screenshot in JPEG format and embeds it into the log file.</doc>
<msg timestamp="20231030 17:17:59.046" level="INFO" html="true">&lt;a href="Images/screenshot_101.jpg"&gt;&lt;img src="Images/screenshot_101.jpg" width="800px"&gt;&lt;/a&gt;</msg>
<status status="PASS" starttime="20231030 17:17:58.970" endtime="20231030 17:17:59.046"/>
</kw>
<status status="PASS" starttime="20231030 17:17:57.967" endtime="20231030 17:17:59.047"/>
</kw>
<kw name="Select Radio Button" library="RPA.SAP">
<arg>${vnaSesionAbierta}${rbtnOpcionDos}</arg>
<doc>Sets radio button to the specified value.</doc>
<status status="PASS" starttime="20231030 17:17:59.047" endtime="20231030 17:17:59.067"/>
</kw>
<kw name="CapturaPantalla" library="Script">
<kw name="Sleep" library="BuiltIn">
<arg>1s</arg>
<doc>Pauses the test executed for the given time.</doc>
<msg timestamp="20231030 17:18:00.070" level="INFO">Slept 1 second</msg>
<status status="PASS" starttime="20231030 17:17:59.068" endtime="20231030 17:18:00.070"/>
</kw>
<kw name="Take Screenshot" library="Screenshot">
<doc>Takes a screenshot in JPEG format and embeds it into the log file.</doc>
<msg timestamp="20231030 17:18:00.142" level="INFO" html="true">&lt;a href="Images/screenshot_102.jpg"&gt;&lt;img src="Images/screenshot_102.jpg" width="800px"&gt;&lt;/a&gt;</msg>
<status status="PASS" starttime="20231030 17:18:00.071" endtime="20231030 17:18:00.143"/>
</kw>
<status status="PASS" starttime="20231030 17:17:59.068" endtime="20231030 17:18:00.143"/>
</kw>
<kw name="Click Element" library="RPA.SAP">
<arg>${vnaSesionAbierta}${btnCheckOK}</arg>
<doc>Performs a single click on a given element. Used only for buttons, tabs and menu items.</doc>
<status status="PASS" starttime="20231030 17:18:00.144" endtime="20231030 17:18:02.350"/>
</kw>
<kw name="CapturaPantalla" library="Script">
<kw name="Sleep" library="BuiltIn">
<arg>1s</arg>
<doc>Pauses the test executed for the given time.</doc>
<msg timestamp="20231030 17:18:03.353" level="INFO">Slept 1 second</msg>
<status status="PASS" starttime="20231030 17:18:02.352" endtime="20231030 17:18:03.353"/>
</kw>
<kw name="Take Screenshot" library="Screenshot">
<doc>Takes a screenshot in JPEG format and embeds it into the log file.</doc>
<msg timestamp="20231030 17:18:03.429" level="INFO" html="true">&lt;a href="Images/screenshot_103.jpg"&gt;&lt;img src="Images/screenshot_103.jpg" width="800px"&gt;&lt;/a&gt;</msg>
<status status="PASS" starttime="20231030 17:18:03.354" endtime="20231030 17:18:03.430"/>
</kw>
<status status="PASS" starttime="20231030 17:18:02.350" endtime="20231030 17:18:03.430"/>
</kw>
<status status="PASS" starttime="20231030 17:17:57.961" endtime="20231030 17:18:03.430"/>
</branch>
<status status="PASS" starttime="20231030 17:17:57.961" endtime="20231030 17:18:03.431"/>
</if>
<status status="PASS" starttime="20231030 17:17:49.742" endtime="20231030 17:18:03.431"/>
</kw>
<kw name="transaccion_iq09" library="transaccion_iq09">
<kw name="Send Keys" library="RPA.Windows">
<arg>keys=${transaccionIQ09}</arg>
<tag>action</tag>
<tag>keyboard</tag>
<doc>Send keys to desktop, current window or to Control element
defined by given locator.</doc>
<msg timestamp="20231030 17:18:03.435" level="INFO">Sending keys 'IQ09' to element: &lt;module 'uiautomation' from 'C:\\Users\\pinillaj\\AppData\\Local\\Programs\\Python\\Python311\\Lib\\site-packages\\uiautomation\\__init__.py'&gt;</msg>
<status status="PASS" starttime="20231030 17:18:03.433" endtime="20231030 17:18:03.980"/>
</kw>
<kw name="Sleep" library="BuiltIn">
<arg>1</arg>
<doc>Pauses the test executed for the given time.</doc>
<msg timestamp="20231030 17:18:04.981" level="INFO">Slept 1 second</msg>
<status status="PASS" starttime="20231030 17:18:03.981" endtime="20231030 17:18:04.981"/>
</kw>
<kw name="Click Element" library="RPA.SAP">
<arg>${btnCheckTransaccion}</arg>
<doc>Performs a single click on a given element. Used only for buttons, tabs and menu items.</doc>
<status status="PASS" starttime="20231030 17:18:04.982" endtime="20231030 17:18:05.900"/>
</kw>
<kw name="CapturaPantalla" library="Script">
<kw name="Sleep" library="BuiltIn">
<arg>1s</arg>
<doc>Pauses the test executed for the given time.</doc>
<msg timestamp="20231030 17:18:06.902" level="INFO">Slept 1 second</msg>
<status status="PASS" starttime="20231030 17:18:05.902" endtime="20231030 17:18:06.903"/>
</kw>
<kw name="Take Screenshot" library="Screenshot">
<doc>Takes a screenshot in JPEG format and embeds it into the log file.</doc>
<msg timestamp="20231030 17:18:06.975" level="INFO" html="true">&lt;a href="Images/screenshot_104.jpg"&gt;&lt;img src="Images/screenshot_104.jpg" width="800px"&gt;&lt;/a&gt;</msg>
<status status="PASS" starttime="20231030 17:18:06.903" endtime="20231030 17:18:06.975"/>
</kw>
<status status="PASS" starttime="20231030 17:18:05.901" endtime="20231030 17:18:06.975"/>
</kw>
<kw name="Sleep" library="BuiltIn">
<arg>1</arg>
<doc>Pauses the test executed for the given time.</doc>
<msg timestamp="20231030 17:18:07.977" level="INFO">Slept 1 second</msg>
<status status="PASS" starttime="20231030 17:18:06.976" endtime="20231030 17:18:07.977"/>
</kw>
<kw name="Input Text" library="RPA.SAP">
<arg>${materialIq09}</arg>
<arg>70048876</arg>
<doc>Inserts the given text into the text field identified by locator.
Use keyword `input password` to insert a password in a text field.</doc>
<msg timestamp="20231030 17:18:08.082" level="INFO">Typing text '70048876' into text field '/app/con[0]/ses[0]/wnd[0]/usr/ctxtMATNR-LOW'.</msg>
<status status="PASS" starttime="20231030 17:18:07.978" endtime="20231030 17:18:08.083"/>
</kw>
<kw name="Input Text" library="RPA.SAP">
<arg>${txtStatusInclusivoIq09}</arg>
<arg>${statusInclusivoIsq09}</arg>
<doc>Inserts the given text into the text field identified by locator.
Use keyword `input password` to insert a password in a text field.</doc>
<msg timestamp="20231030 17:18:08.412" level="INFO">Typing text 'ALMA' into text field '/app/con[0]/ses[0]/wnd[0]/usr/ctxtSTAI1-LOW'.</msg>
<status status="PASS" starttime="20231030 17:18:08.083" endtime="20231030 17:18:08.412"/>
</kw>
<kw name="Input Text" library="RPA.SAP">
<arg>${txtCentroIq09}</arg>
<arg>C108</arg>
<doc>Inserts the given text into the text field identified by locator.
Use keyword `input password` to insert a password in a text field.</doc>
<msg timestamp="20231030 17:18:08.785" level="INFO">Typing text 'C108' into text field '/app/con[0]/ses[0]/wnd[0]/usr/ctxtWERK-LOW'.</msg>
<status status="PASS" starttime="20231030 17:18:08.413" endtime="20231030 17:18:08.785"/>
</kw>
<kw name="Input Text" library="RPA.SAP">
<arg>${txtAlmacenIq09}</arg>
<arg>H001</arg>
<doc>Inserts the given text into the text field identified by locator.
Use keyword `input password` to insert a password in a text field.</doc>
<msg timestamp="20231030 17:18:09.178" level="INFO">Typing text 'H001' into text field '/app/con[0]/ses[0]/wnd[0]/usr/ctxtLAGER-LOW'.</msg>
<status status="PASS" starttime="20231030 17:18:08.786" endtime="20231030 17:18:09.179"/>
</kw>
<kw name="Click Element" library="RPA.SAP">
<arg>${btnValidarStock}</arg>
<doc>Performs a single click on a given element. Used only for buttons, tabs and menu items.</doc>
<status status="PASS" starttime="20231030 17:18:09.179" endtime="20231030 17:18:10.695"/>
</kw>
<kw name="CapturaPantalla" library="Script">
<kw name="Sleep" library="BuiltIn">
<arg>1s</arg>
<doc>Pauses the test executed for the given time.</doc>
<msg timestamp="20231030 17:18:11.700" level="INFO">Slept 1 second</msg>
<status status="PASS" starttime="20231030 17:18:10.698" endtime="20231030 17:18:11.700"/>
</kw>
<kw name="Take Screenshot" library="Screenshot">
<doc>Takes a screenshot in JPEG format and embeds it into the log file.</doc>
<msg timestamp="20231030 17:18:11.776" level="INFO" html="true">&lt;a href="Images/screenshot_105.jpg"&gt;&lt;img src="Images/screenshot_105.jpg" width="800px"&gt;&lt;/a&gt;</msg>
<status status="PASS" starttime="20231030 17:18:11.701" endtime="20231030 17:18:11.776"/>
</kw>
<status status="PASS" starttime="20231030 17:18:10.696" endtime="20231030 17:18:11.776"/>
</kw>
<kw name="Sleep" library="BuiltIn">
<arg>1</arg>
<doc>Pauses the test executed for the given time.</doc>
<msg timestamp="20231030 17:18:12.778" level="INFO">Slept 1 second</msg>
<status status="PASS" starttime="20231030 17:18:11.777" endtime="20231030 17:18:12.778"/>
</kw>
<kw name="Get Row Count" library="RPA.SAP">
<var>${cantidadElemento}</var>
<arg>${tablaIdIq09}</arg>
<doc>Returns the number of rows found in the specified table.</doc>
<msg timestamp="20231030 17:18:12.807" level="INFO">${cantidadElemento} = 9</msg>
<status status="PASS" starttime="20231030 17:18:12.779" endtime="20231030 17:18:12.807"/>
</kw>
<kw name="Log" library="BuiltIn">
<arg>${cantidadElemento}</arg>
<arg>console=True</arg>
<doc>Logs the given message with the given level.</doc>
<msg timestamp="20231030 17:18:12.809" level="INFO">9</msg>
<status status="PASS" starttime="20231030 17:18:12.808" endtime="20231030 17:18:12.809"/>
</kw>
<kw name="Get Cell Value" library="RPA.SAP">
<var>${numeroDeSerieDos}</var>
<arg>${tablaIdIq09}</arg>
<arg>2</arg>
<arg>${tablaIdIq09}/Número de serie</arg>
<doc>Returns the cell value for the specified cell.</doc>
<msg timestamp="20231030 17:18:12.830" level="FAIL">AttributeError: &lt;unknown&gt;.getCell</msg>
<status status="FAIL" starttime="20231030 17:18:12.810" endtime="20231030 17:18:12.841"/>
</kw>
<kw name="Log" library="BuiltIn">
<arg>${numeroDeSerieDos}</arg>
<arg>console=True</arg>
<doc>Logs the given message with the given level.</doc>
<status status="NOT RUN" starttime="20231030 17:18:12.842" endtime="20231030 17:18:12.842"/>
</kw>
<status status="FAIL" starttime="20231030 17:18:03.432" endtime="20231030 17:18:12.843"/>
</kw>
<status status="FAIL" starttime="20231030 17:17:45.002" endtime="20231030 17:18:12.844">AttributeError: &lt;unknown&gt;.getCell</status>
</test>
<status status="FAIL" starttime="20231030 17:17:43.208" endtime="20231030 17:18:12.848"/>
</suite>
<statistics>
<total>
<stat pass="0" fail="1" skip="0">All Tests</stat>
</total>
<tag>
</tag>
<suite>
<stat pass="0" fail="1" skip="0" id="s1" name="SAP">SAP</stat>
</suite>
</statistics>
<errors>
</errors>
</robot>
