<?xml version="1.0" encoding="UTF-8"?>
<robot generator="Robot 6.1.1 (Python 3.11.5 on win32)" generated="20230922 12:09:10.925" rpa="false" schemaversion="4">
<suite id="s1" name="SAP" source="d:\proyectos-vc\AutomationSAP\SAP\TestCases\SAP.robot">
<test id="s1-t1" name="Transaccion MB52 - Validar Stock SAP" line="8">
<kw name="abrir_sap" library="abrirSAP">
<kw name="Windows Run" library="RPA.Windows">
<arg>saplogon.exe</arg>
<tag>window</tag>
<doc>Use Windows Run window to launch an application.</doc>
<msg timestamp="20230922 12:09:11.572" level="INFO">Sending keys '{Win}r' to element: &lt;module 'uiautomation' from 'C:\\Users\\pinillaj\\AppData\\Local\\Programs\\Python\\Python311\\Lib\\site-packages\\uiautomation\\__init__.py'&gt;</msg>
<msg timestamp="20230922 12:09:12.124" level="INFO">Sending keys 'saplogon.exe' to element: &lt;module 'uiautomation' from 'C:\\Users\\pinillaj\\AppData\\Local\\Programs\\Python\\Python311\\Lib\\site-packages\\uiautomation\\__init__.py'&gt;</msg>
<msg timestamp="20230922 12:09:12.754" level="INFO">Sending keys '{Enter}' to element: &lt;module 'uiautomation' from 'C:\\Users\\pinillaj\\AppData\\Local\\Programs\\Python\\Python311\\Lib\\site-packages\\uiautomation\\__init__.py'&gt;</msg>
<status status="PASS" starttime="20230922 12:09:11.572" endtime="20230922 12:09:16.278"/>
</kw>
<status status="PASS" starttime="20230922 12:09:11.571" endtime="20230922 12:09:16.278"/>
</kw>
<kw name="login_sap" library="loginSAP">
<for flavor="IN RANGE">
<var>${Conteo}</var>
<value>0</value>
<value>99999999</value>
<iter>
<var name="${Conteo}">0</var>
<kw name="Run Keyword And Return Status" library="BuiltIn">
<var>${Login}</var>
<arg>RPA.SAP.Connect To Session</arg>
<doc>Runs the given keyword with given arguments and returns the status as a Boolean value.</doc>
<kw name="Connect To Session" library="RPA.SAP">
<doc>Connects to an open session SAP.</doc>
<status status="PASS" starttime="20230922 12:09:17.407" endtime="20230922 12:09:17.433"/>
</kw>
<msg timestamp="20230922 12:09:17.433" level="INFO">${Login} = True</msg>
<status status="PASS" starttime="20230922 12:09:17.406" endtime="20230922 12:09:17.433"/>
</kw>
<kw name="Exit For Loop If" library="BuiltIn">
<arg>${Login}== True</arg>
<doc>Stops executing the enclosing FOR loop if the ``condition`` is true.</doc>
<msg timestamp="20230922 12:09:17.434" level="INFO">Exiting for loop altogether.</msg>
<status status="PASS" starttime="20230922 12:09:17.433" endtime="20230922 12:09:17.434"/>
</kw>
<status status="PASS" starttime="20230922 12:09:17.405" endtime="20230922 12:09:17.434"/>
</iter>
<status status="PASS" starttime="20230922 12:09:16.280" endtime="20230922 12:09:17.435"/>
</for>
<kw name="Open Connection" library="RPA.SAP">
<arg>SAP EQA</arg>
<doc>Opens a connection to the given connection name. Be sure to provide the full connection name, including the bracket part.</doc>
<status status="PASS" starttime="20230922 12:09:17.435" endtime="20230922 12:09:19.559"/>
</kw>
<kw name="Input Text" library="RPA.SAP">
<arg>${nvaLoginSAP}${txtUsuario}</arg>
<arg>${usuarioSAP}</arg>
<doc>Inserts the given text into the text field identified by locator.
Use keyword `input password` to insert a password in a text field.</doc>
<msg timestamp="20230922 12:09:19.597" level="INFO">Typing text 'CO_HITSS' into text field '/app/con[0]/ses[0]/wnd[0]/usr/txtRSYST-BNAME'.</msg>
<status status="PASS" starttime="20230922 12:09:19.560" endtime="20230922 12:09:19.598"/>
</kw>
<kw name="Input Password" library="RPA.SAP">
<arg>${nvaLoginSAP}${txtClave}</arg>
<arg>${claveSAP}</arg>
<doc>Inserts the given password into the text field identified by locator.
The password is not recorded in the log.</doc>
<msg timestamp="20230922 12:09:19.606" level="INFO">Typing password into text field '/app/con[0]/ses[0]/wnd[0]/usr/pwdRSYST-BCODE'.</msg>
<status status="PASS" starttime="20230922 12:09:19.598" endtime="20230922 12:09:19.606"/>
</kw>
<kw name="Click Element" library="RPA.SAP">
<arg>${nvaLoginSAP}${btnLogin}</arg>
<doc>Performs a single click on a given element. Used only for buttons, tabs and menu items.</doc>
<status status="PASS" starttime="20230922 12:09:19.607" endtime="20230922 12:09:20.875"/>
</kw>
<if>
<branch type="IF" condition="${True}">
<kw name="Select Radio Button" library="RPA.SAP">
<arg>${vnaSesionAbierta}${rbtnOpcionDos}</arg>
<doc>Sets radio button to the specified value.</doc>
<status status="PASS" starttime="20230922 12:09:20.875" endtime="20230922 12:09:20.884"/>
</kw>
<kw name="Click Element" library="RPA.SAP">
<arg>${vnaSesionAbierta}${btnCheckOK}</arg>
<doc>Performs a single click on a given element. Used only for buttons, tabs and menu items.</doc>
<status status="PASS" starttime="20230922 12:09:20.884" endtime="20230922 12:09:22.655"/>
</kw>
<status status="PASS" starttime="20230922 12:09:20.875" endtime="20230922 12:09:22.655"/>
</branch>
<branch type="ELSE">
<kw name="Log" library="BuiltIn">
<arg>No realiza segunda validación autenticación login SAP</arg>
<arg>console=True</arg>
<doc>Logs the given message with the given level.</doc>
<status status="NOT RUN" starttime="20230922 12:09:22.656" endtime="20230922 12:09:22.656"/>
</kw>
<status status="NOT RUN" starttime="20230922 12:09:22.656" endtime="20230922 12:09:22.656"/>
</branch>
<status status="PASS" starttime="20230922 12:09:20.875" endtime="20230922 12:09:22.656"/>
</if>
<status status="PASS" starttime="20230922 12:09:16.279" endtime="20230922 12:09:22.656"/>
</kw>
<kw name="transaccion_mb52" library="transaction_mb52">
<arg>70038158</arg>
<arg>C127</arg>
<kw name="Send Keys" library="RPA.Windows">
<arg>keys=${transaccionMB52}</arg>
<tag>action</tag>
<tag>keyboard</tag>
<doc>Send keys to desktop, current window or to Control element
defined by given locator.</doc>
<msg timestamp="20230922 12:09:22.658" level="INFO">Sending keys 'MB52' to element: &lt;module 'uiautomation' from 'C:\\Users\\pinillaj\\AppData\\Local\\Programs\\Python\\Python311\\Lib\\site-packages\\uiautomation\\__init__.py'&gt;</msg>
<status status="PASS" starttime="20230922 12:09:22.658" endtime="20230922 12:09:23.205"/>
</kw>
<kw name="Click Element" library="RPA.SAP">
<arg>${btnCheckTransaccion}</arg>
<doc>Performs a single click on a given element. Used only for buttons, tabs and menu items.</doc>
<status status="PASS" starttime="20230922 12:09:23.205" endtime="20230922 12:09:23.539"/>
</kw>
<kw name="Input Text" library="RPA.SAP">
<arg>${txtMaterialMb52}</arg>
<arg>${codigoMaterial}</arg>
<doc>Inserts the given text into the text field identified by locator.
Use keyword `input password` to insert a password in a text field.</doc>
<msg timestamp="20230922 12:09:23.578" level="INFO">Typing text '70038158' into text field '/app/con[0]/ses[0]/wnd[0]/usr/ctxtMATNR-LOW'.</msg>
<status status="PASS" starttime="20230922 12:09:23.539" endtime="20230922 12:09:23.578"/>
</kw>
<kw name="Input Text" library="RPA.SAP">
<arg>${txtCentroMb52}</arg>
<arg>${centroCAV}</arg>
<doc>Inserts the given text into the text field identified by locator.
Use keyword `input password` to insert a password in a text field.</doc>
<msg timestamp="20230922 12:09:23.592" level="INFO">Typing text 'C127' into text field '/app/con[0]/ses[0]/wnd[0]/usr/ctxtWERKS-LOW'.</msg>
<status status="PASS" starttime="20230922 12:09:23.578" endtime="20230922 12:09:23.592"/>
</kw>
<kw name="Click Element" library="RPA.SAP">
<arg>${btnValidarStock}</arg>
<doc>Performs a single click on a given element. Used only for buttons, tabs and menu items.</doc>
<status status="PASS" starttime="20230922 12:09:23.593" endtime="20230922 12:09:24.138"/>
</kw>
<kw name="Sleep" library="BuiltIn">
<arg>2</arg>
<doc>Pauses the test executed for the given time.</doc>
<msg timestamp="20230922 12:09:26.140" level="INFO">Slept 2 seconds</msg>
<status status="PASS" starttime="20230922 12:09:24.138" endtime="20230922 12:09:26.140"/>
</kw>
<kw name="Get Value" library="RPA.SAP">
<var>${txtLibreUtilizacion}</var>
<arg>${txtLibreUtilizado}</arg>
<doc>Gets the value of the given element. The possible return values depend on the type of element (see Return values).</doc>
<msg timestamp="20230922 12:09:26.162" level="INFO">${txtLibreUtilizacion} =              5</msg>
<status status="PASS" starttime="20230922 12:09:26.141" endtime="20230922 12:09:26.162"/>
</kw>
<kw name="Create File" library="RPA.FileSystem">
<arg>..\\SAP\\Resources\\transaccion_mb52.txt</arg>
<arg>content=Transacción Mb52 - Validación de Stock\n\n CódigoMaterial: ${codigoMaterial}\n CAV: ${centroCAV}\n LibreUtilización: ${txtLibreUtilizacion}</arg>
<arg>encoding=utf-8</arg>
<arg>overwrite=True</arg>
<doc>Creates a new text file, and writes content if any is given.</doc>
<status status="PASS" starttime="20230922 12:09:26.162" endtime="20230922 12:09:26.172"/>
</kw>
<kw name="Close Current Window" library="RPA.Windows">
<tag>window</tag>
<doc>Closes current active window or logs a warning message.</doc>
<msg timestamp="20230922 12:09:26.173" level="WARN">There is no active window!</msg>
<status status="PASS" starttime="20230922 12:09:26.173" endtime="20230922 12:09:26.174"/>
</kw>
<status status="PASS" starttime="20230922 12:09:22.657" endtime="20230922 12:09:26.175"/>
</kw>
<status status="PASS" starttime="20230922 12:09:11.570" endtime="20230922 12:09:26.175"/>
</test>
<status status="PASS" starttime="20230922 12:09:10.935" endtime="20230922 12:09:26.177"/>
</suite>
<statistics>
<total>
<stat pass="1" fail="0" skip="0">All Tests</stat>
</total>
<tag>
</tag>
<suite>
<stat pass="1" fail="0" skip="0" id="s1" name="SAP">SAP</stat>
</suite>
</statistics>
<errors>
<msg timestamp="20230922 12:09:26.173" level="WARN">There is no active window!</msg>
</errors>
</robot>
