<?xml version="1.0" encoding="UTF-8"?>
<robot generator="Robot 6.1.1 (Python 3.11.5 on win32)" generated="20231025 16:51:32.730" rpa="false" schemaversion="4">
<suite id="s1" name="SAP" source="d:\proyectos-vc\AutomationSAP\SAP\TestCases\SAP.robot">
<test id="s1-t1" name="Crear Imeis" line="33">
<kw name="Crear IMEI" library="funciones">
<arg>1</arg>
<for flavor="IN RANGE">
<var>${i}</var>
<value>0</value>
<value>${cantidadImeis}</value>
<iter>
<var name="${i}">0</var>
<kw name="Generar Imei" library="crear_imei">
<var>${totalImeis}</var>
<msg timestamp="20231025 16:51:34.394" level="INFO">${totalImeis} = 871684203625157</msg>
<status status="PASS" starttime="20231025 16:51:34.394" endtime="20231025 16:51:34.409"/>
</kw>
<kw name="Log" library="BuiltIn">
<arg>${totalImeis}</arg>
<arg>console=True</arg>
<doc>Logs the given message with the given level.</doc>
<msg timestamp="20231025 16:51:34.411" level="INFO">871684203625157</msg>
<status status="PASS" starttime="20231025 16:51:34.410" endtime="20231025 16:51:34.411"/>
</kw>
<status status="PASS" starttime="20231025 16:51:34.393" endtime="20231025 16:51:34.412"/>
</iter>
<status status="PASS" starttime="20231025 16:51:34.393" endtime="20231025 16:51:34.412"/>
</for>
<status status="PASS" starttime="20231025 16:51:34.392" endtime="20231025 16:51:34.413"/>
</kw>
<status status="PASS" starttime="20231025 16:51:34.391" endtime="20231025 16:51:34.415"/>
</test>
<status status="PASS" starttime="20231025 16:51:32.747" endtime="20231025 16:51:34.419"/>
</suite>
<statistics>
<total>
<stat pass="1" fail="0" skip="0">All Tests</stat>
</total>
<tag>
</tag>
<suite>
<stat pass="1" fail="0" skip="0" id="s1" name="SAP">SAP</stat>
</suite>
</statistics>
<errors>
</errors>
</robot>
