<?xml version="1.0" encoding="UTF-8"?>
<robot generator="Robot 6.1.1 (Python 3.11.5 on win32)" generated="20231102 11:50:22.806" rpa="false" schemaversion="4">
<suite id="s1" name="Ejecucion Iq09" source="d:\proyectos-vc\AutomationSAP\SAP\TestCases\ejecucion_iq09.robot">
<test id="s1-t1" name="Transaccion IQ09 Confirmación Imeis Excel" line="23">
<kw name="abrir_sap" library="abrirSAP">
<kw name="Windows Run" library="RPA.Windows">
<arg>saplogon.exe</arg>
<tag>window</tag>
<doc>Use Windows Run window to launch an application.</doc>
<msg timestamp="20231102 11:50:24.819" level="INFO">Sending keys '{Win}r' to element: &lt;module 'uiautomation' from 'C:\\Users\\pinillaj\\AppData\\Local\\Programs\\Python\\Python311\\Lib\\site-packages\\uiautomation\\__init__.py'&gt;</msg>
<msg timestamp="20231102 11:50:25.375" level="INFO">Sending keys 'saplogon.exe' to element: &lt;module 'uiautomation' from 'C:\\Users\\pinillaj\\AppData\\Local\\Programs\\Python\\Python311\\Lib\\site-packages\\uiautomation\\__init__.py'&gt;</msg>
<msg timestamp="20231102 11:50:26.008" level="INFO">Sending keys '{Enter}' to element: &lt;module 'uiautomation' from 'C:\\Users\\pinillaj\\AppData\\Local\\Programs\\Python\\Python311\\Lib\\site-packages\\uiautomation\\__init__.py'&gt;</msg>
<status status="PASS" starttime="20231102 11:50:24.818" endtime="20231102 11:50:29.533"/>
</kw>
<status status="PASS" starttime="20231102 11:50:24.817" endtime="20231102 11:50:29.533"/>
</kw>
<kw name="login_sap" library="loginSAP">
<for flavor="IN RANGE">
<var>${Conteo}</var>
<value>0</value>
<value>99999999</value>
<iter>
<var name="${Conteo}">0</var>
<kw name="Run Keyword And Return Status" library="BuiltIn">
<var>${Login}</var>
<arg>RPA.SAP.Connect To Session</arg>
<doc>Runs the given keyword with given arguments and returns the status as a Boolean value.</doc>
<kw name="Connect To Session" library="RPA.SAP">
<doc>Connects to an open session SAP.</doc>
<status status="PASS" starttime="20231102 11:50:31.968" endtime="20231102 11:50:32.015"/>
</kw>
<msg timestamp="20231102 11:50:32.016" level="INFO">${Login} = True</msg>
<status status="PASS" starttime="20231102 11:50:31.360" endtime="20231102 11:50:32.016"/>
</kw>
<if>
<branch type="IF" condition="${Login}== True">
<break>
<status status="PASS" starttime="20231102 11:50:32.017" endtime="20231102 11:50:32.017"/>
</break>
<status status="PASS" starttime="20231102 11:50:32.016" endtime="20231102 11:50:32.017"/>
</branch>
<status status="PASS" starttime="20231102 11:50:32.016" endtime="20231102 11:50:32.017"/>
</if>
<status status="PASS" starttime="20231102 11:50:31.360" endtime="20231102 11:50:32.017"/>
</iter>
<status status="PASS" starttime="20231102 11:50:29.535" endtime="20231102 11:50:32.017"/>
</for>
<kw name="Open Connection" library="RPA.SAP">
<arg>SAP EQA</arg>
<doc>Opens a connection to the given connection name. Be sure to provide the full connection name, including the bracket part.</doc>
<status status="PASS" starttime="20231102 11:50:32.018" endtime="20231102 11:50:33.192"/>
</kw>
<kw name="Input Text" library="RPA.SAP">
<arg>${nvaLoginSAP}${txtUsuario}</arg>
<arg>${usuarioSAP}</arg>
<doc>Inserts the given text into the text field identified by locator.
Use keyword `input password` to insert a password in a text field.</doc>
<msg timestamp="20231102 11:50:33.279" level="INFO">Typing text 'CO_HITSS' into text field '/app/con[0]/ses[0]/wnd[0]/usr/txtRSYST-BNAME'.</msg>
<status status="PASS" starttime="20231102 11:50:33.193" endtime="20231102 11:50:33.280"/>
</kw>
<kw name="CapturaPantalla" library="Script">
<kw name="Sleep" library="BuiltIn">
<arg>1s</arg>
<doc>Pauses the test executed for the given time.</doc>
<msg timestamp="20231102 11:50:34.281" level="INFO">Slept 1 second</msg>
<status status="PASS" starttime="20231102 11:50:33.281" endtime="20231102 11:50:34.285"/>
</kw>
<kw name="Take Screenshot" library="Screenshot">
<doc>Takes a screenshot in JPEG format and embeds it into the log file.</doc>
<msg timestamp="20231102 11:50:35.497" level="INFO" html="true">&lt;a href="Images/screenshot_8.jpg"&gt;&lt;img src="Images/screenshot_8.jpg" width="800px"&gt;&lt;/a&gt;</msg>
<status status="PASS" starttime="20231102 11:50:34.286" endtime="20231102 11:50:35.497"/>
</kw>
<status status="PASS" starttime="20231102 11:50:33.280" endtime="20231102 11:50:35.498"/>
</kw>
<kw name="Input Password" library="RPA.SAP">
<arg>${nvaLoginSAP}${txtClave}</arg>
<arg>${claveSAP}</arg>
<doc>Inserts the given password into the text field identified by locator.
The password is not recorded in the log.</doc>
<msg timestamp="20231102 11:50:35.514" level="INFO">Typing password into text field '/app/con[0]/ses[0]/wnd[0]/usr/pwdRSYST-BCODE'.</msg>
<status status="PASS" starttime="20231102 11:50:35.498" endtime="20231102 11:50:35.514"/>
</kw>
<kw name="CapturaPantalla" library="Script">
<kw name="Sleep" library="BuiltIn">
<arg>1s</arg>
<doc>Pauses the test executed for the given time.</doc>
<msg timestamp="20231102 11:50:36.516" level="INFO">Slept 1 second</msg>
<status status="PASS" starttime="20231102 11:50:35.515" endtime="20231102 11:50:36.516"/>
</kw>
<kw name="Take Screenshot" library="Screenshot">
<doc>Takes a screenshot in JPEG format and embeds it into the log file.</doc>
<msg timestamp="20231102 11:50:36.563" level="INFO" html="true">&lt;a href="Images/screenshot_9.jpg"&gt;&lt;img src="Images/screenshot_9.jpg" width="800px"&gt;&lt;/a&gt;</msg>
<status status="PASS" starttime="20231102 11:50:36.517" endtime="20231102 11:50:36.563"/>
</kw>
<status status="PASS" starttime="20231102 11:50:35.514" endtime="20231102 11:50:36.564"/>
</kw>
<kw name="Click Element" library="RPA.SAP">
<arg>${nvaLoginSAP}${btnLogin}</arg>
<doc>Performs a single click on a given element. Used only for buttons, tabs and menu items.</doc>
<status status="PASS" starttime="20231102 11:50:36.564" endtime="20231102 11:50:37.080"/>
</kw>
<kw name="Run Keyword And Return Status" library="BuiltIn">
<var>${ElementoPresente}</var>
<arg>Element Should Be Present</arg>
<arg>${vnaSesionAbierta}</arg>
<doc>Runs the given keyword with given arguments and returns the status as a Boolean value.</doc>
<kw name="Element Should Be Present" library="RPA.SAP">
<arg>${vnaSesionAbierta}</arg>
<doc>Checks whether an element is present on the screen.</doc>
<status status="PASS" starttime="20231102 11:50:37.082" endtime="20231102 11:50:37.089"/>
</kw>
<msg timestamp="20231102 11:50:37.090" level="INFO">${ElementoPresente} = True</msg>
<status status="PASS" starttime="20231102 11:50:37.081" endtime="20231102 11:50:37.090"/>
</kw>
<if>
<branch type="IF" condition="${ElementoPresente} == $True">
<kw name="CapturaPantalla" library="Script">
<kw name="Sleep" library="BuiltIn">
<arg>1s</arg>
<doc>Pauses the test executed for the given time.</doc>
<msg timestamp="20231102 11:50:38.097" level="INFO">Slept 1 second</msg>
<status status="PASS" starttime="20231102 11:50:37.097" endtime="20231102 11:50:38.097"/>
</kw>
<kw name="Take Screenshot" library="Screenshot">
<doc>Takes a screenshot in JPEG format and embeds it into the log file.</doc>
<msg timestamp="20231102 11:50:38.149" level="INFO" html="true">&lt;a href="Images/screenshot_10.jpg"&gt;&lt;img src="Images/screenshot_10.jpg" width="800px"&gt;&lt;/a&gt;</msg>
<status status="PASS" starttime="20231102 11:50:38.098" endtime="20231102 11:50:38.149"/>
</kw>
<status status="PASS" starttime="20231102 11:50:37.096" endtime="20231102 11:50:38.150"/>
</kw>
<kw name="Select Radio Button" library="RPA.SAP">
<arg>${vnaSesionAbierta}${rbtnOpcionDos}</arg>
<doc>Sets radio button to the specified value.</doc>
<status status="PASS" starttime="20231102 11:50:38.150" endtime="20231102 11:50:38.172"/>
</kw>
<kw name="CapturaPantalla" library="Script">
<kw name="Sleep" library="BuiltIn">
<arg>1s</arg>
<doc>Pauses the test executed for the given time.</doc>
<msg timestamp="20231102 11:50:39.174" level="INFO">Slept 1 second</msg>
<status status="PASS" starttime="20231102 11:50:38.174" endtime="20231102 11:50:39.174"/>
</kw>
<kw name="Take Screenshot" library="Screenshot">
<doc>Takes a screenshot in JPEG format and embeds it into the log file.</doc>
<msg timestamp="20231102 11:50:39.214" level="INFO" html="true">&lt;a href="Images/screenshot_11.jpg"&gt;&lt;img src="Images/screenshot_11.jpg" width="800px"&gt;&lt;/a&gt;</msg>
<status status="PASS" starttime="20231102 11:50:39.174" endtime="20231102 11:50:39.215"/>
</kw>
<status status="PASS" starttime="20231102 11:50:38.173" endtime="20231102 11:50:39.215"/>
</kw>
<kw name="Click Element" library="RPA.SAP">
<arg>${vnaSesionAbierta}${btnCheckOK}</arg>
<doc>Performs a single click on a given element. Used only for buttons, tabs and menu items.</doc>
<status status="PASS" starttime="20231102 11:50:39.215" endtime="20231102 11:50:40.818"/>
</kw>
<kw name="CapturaPantalla" library="Script">
<kw name="Sleep" library="BuiltIn">
<arg>1s</arg>
<doc>Pauses the test executed for the given time.</doc>
<msg timestamp="20231102 11:50:41.822" level="INFO">Slept 1 second</msg>
<status status="PASS" starttime="20231102 11:50:40.821" endtime="20231102 11:50:41.822"/>
</kw>
<kw name="Take Screenshot" library="Screenshot">
<doc>Takes a screenshot in JPEG format and embeds it into the log file.</doc>
<msg timestamp="20231102 11:50:41.866" level="INFO" html="true">&lt;a href="Images/screenshot_12.jpg"&gt;&lt;img src="Images/screenshot_12.jpg" width="800px"&gt;&lt;/a&gt;</msg>
<status status="PASS" starttime="20231102 11:50:41.822" endtime="20231102 11:50:41.867"/>
</kw>
<status status="PASS" starttime="20231102 11:50:40.820" endtime="20231102 11:50:41.867"/>
</kw>
<status status="PASS" starttime="20231102 11:50:37.091" endtime="20231102 11:50:41.867"/>
</branch>
<status status="PASS" starttime="20231102 11:50:37.091" endtime="20231102 11:50:41.867"/>
</if>
<status status="PASS" starttime="20231102 11:50:29.535" endtime="20231102 11:50:41.867"/>
</kw>
<kw name="iq09 - confirmacion imeis excel" library="transaccion_iq09">
<kw name="Send Keys" library="RPA.Windows">
<arg>keys=${transaccionIQ09}</arg>
<tag>action</tag>
<tag>keyboard</tag>
<doc>Send keys to desktop, current window or to Control element
defined by given locator.</doc>
<msg timestamp="20231102 11:50:41.871" level="INFO">Sending keys 'IQ09' to element: &lt;module 'uiautomation' from 'C:\\Users\\pinillaj\\AppData\\Local\\Programs\\Python\\Python311\\Lib\\site-packages\\uiautomation\\__init__.py'&gt;</msg>
<status status="PASS" starttime="20231102 11:50:41.869" endtime="20231102 11:50:42.418"/>
</kw>
<kw name="CapturaPantalla" library="Script">
<kw name="Sleep" library="BuiltIn">
<arg>1s</arg>
<doc>Pauses the test executed for the given time.</doc>
<msg timestamp="20231102 11:50:43.420" level="INFO">Slept 1 second</msg>
<status status="PASS" starttime="20231102 11:50:42.420" endtime="20231102 11:50:43.421"/>
</kw>
<kw name="Take Screenshot" library="Screenshot">
<doc>Takes a screenshot in JPEG format and embeds it into the log file.</doc>
<msg timestamp="20231102 11:50:43.463" level="INFO" html="true">&lt;a href="Images/screenshot_13.jpg"&gt;&lt;img src="Images/screenshot_13.jpg" width="800px"&gt;&lt;/a&gt;</msg>
<status status="PASS" starttime="20231102 11:50:43.421" endtime="20231102 11:50:43.463"/>
</kw>
<status status="PASS" starttime="20231102 11:50:42.419" endtime="20231102 11:50:43.463"/>
</kw>
<kw name="Sleep" library="BuiltIn">
<arg>1</arg>
<doc>Pauses the test executed for the given time.</doc>
<msg timestamp="20231102 11:50:44.465" level="INFO">Slept 1 second</msg>
<status status="PASS" starttime="20231102 11:50:43.464" endtime="20231102 11:50:44.465"/>
</kw>
<kw name="Click Element" library="RPA.SAP">
<arg>${btnCheckTransaccion}</arg>
<doc>Performs a single click on a given element. Used only for buttons, tabs and menu items.</doc>
<status status="PASS" starttime="20231102 11:50:44.466" endtime="20231102 11:50:46.538"/>
</kw>
<kw name="Sleep" library="BuiltIn">
<arg>1</arg>
<doc>Pauses the test executed for the given time.</doc>
<msg timestamp="20231102 11:50:47.539" level="INFO">Slept 1 second</msg>
<status status="PASS" starttime="20231102 11:50:46.538" endtime="20231102 11:50:47.539"/>
</kw>
<kw name="Click Element" library="RPA.SAP">
<arg>${btnNumeroSerieIQ09}</arg>
<doc>Performs a single click on a given element. Used only for buttons, tabs and menu items.</doc>
<status status="PASS" starttime="20231102 11:50:47.540" endtime="20231102 11:50:48.620"/>
</kw>
<kw name="Open Workbook" library="RPA.Excel.Files">
<arg>${pathExcel}</arg>
<doc>Open an existing Excel workbook.</doc>
<msg timestamp="20231102 11:50:48.646" level="INFO">Opened workbook: &lt;RPA.Excel.Files.XlsxWorkbook object at 0x00000213D0FC4850&gt;</msg>
<status status="PASS" starttime="20231102 11:50:48.621" endtime="20231102 11:50:48.646"/>
</kw>
<kw name="Read Worksheet" library="RPA.Excel.Files">
<var>${row}</var>
<arg>header=true</arg>
<doc>Read the content of a worksheet into a list of dictionaries.</doc>
<msg timestamp="20231102 11:50:48.648" level="INFO">${row} = [{'Imeis': '863268050609451'}, {'Imeis': '863268050609683'}]</msg>
<status status="PASS" starttime="20231102 11:50:48.647" endtime="20231102 11:50:48.648"/>
</kw>
<kw name="Find Empty Row" library="RPA.Excel.Files">
<var>${next}</var>
<doc>Find the first empty row after existing content,
and return the row number.</doc>
<msg timestamp="20231102 11:50:48.649" level="INFO">${next} = 4</msg>
<status status="PASS" starttime="20231102 11:50:48.648" endtime="20231102 11:50:48.649"/>
</kw>
<kw name="Log" library="BuiltIn">
<arg>${row}</arg>
<arg>console=True</arg>
<doc>Logs the given message with the given level.</doc>
<msg timestamp="20231102 11:50:48.649" level="INFO">[{'Imeis': '863268050609451'}, {'Imeis': '863268050609683'}]</msg>
<status status="PASS" starttime="20231102 11:50:48.649" endtime="20231102 11:50:48.650"/>
</kw>
<for flavor="IN RANGE">
<var>${counter}</var>
<value>2</value>
<value>${next}</value>
<iter>
<var name="${counter}">2</var>
<kw name="Get Cell Value" library="RPA.Excel.Files">
<var>${column}</var>
<arg>${counter}</arg>
<arg>A</arg>
<doc>Get a cell value in the given worksheet.</doc>
<msg timestamp="20231102 11:50:48.655" level="INFO">${column} = 863268050609451</msg>
<status status="PASS" starttime="20231102 11:50:48.653" endtime="20231102 11:50:48.655"/>
</kw>
<kw name="Input Text" library="RPA.SAP">
<arg>/app/con[0]/ses[0]/wnd[1]/usr/tabsTAB_STRIP/tabpSIVA/ssubSCREEN_HEADER:SAPLALDB:3010/tblSAPLALDBSINGLE/txtRSCSEL_255-SLOW_I[1,${counter-2}]</arg>
<arg>${column}</arg>
<doc>Inserts the given text into the text field identified by locator.
Use keyword `input password` to insert a password in a text field.</doc>
<msg timestamp="20231102 11:50:48.766" level="INFO">Typing text '863268050609451' into text field '/app/con[0]/ses[0]/wnd[1]/usr/tabsTAB_STRIP/tabpSIVA/ssubSCREEN_HEADER:SAPLALDB:3010/tblSAPLALDBSINGLE/txtRSCSEL_255-SLOW_I[1,0]'.</msg>
<status status="PASS" starttime="20231102 11:50:48.655" endtime="20231102 11:50:48.766"/>
</kw>
<status status="PASS" starttime="20231102 11:50:48.652" endtime="20231102 11:50:48.767"/>
</iter>
<iter>
<var name="${counter}">3</var>
<kw name="Get Cell Value" library="RPA.Excel.Files">
<var>${column}</var>
<arg>${counter}</arg>
<arg>A</arg>
<doc>Get a cell value in the given worksheet.</doc>
<msg timestamp="20231102 11:50:48.769" level="INFO">${column} = 863268050609683</msg>
<status status="PASS" starttime="20231102 11:50:48.768" endtime="20231102 11:50:48.769"/>
</kw>
<kw name="Input Text" library="RPA.SAP">
<arg>/app/con[0]/ses[0]/wnd[1]/usr/tabsTAB_STRIP/tabpSIVA/ssubSCREEN_HEADER:SAPLALDB:3010/tblSAPLALDBSINGLE/txtRSCSEL_255-SLOW_I[1,${counter-2}]</arg>
<arg>${column}</arg>
<doc>Inserts the given text into the text field identified by locator.
Use keyword `input password` to insert a password in a text field.</doc>
<msg timestamp="20231102 11:50:48.787" level="INFO">Typing text '863268050609683' into text field '/app/con[0]/ses[0]/wnd[1]/usr/tabsTAB_STRIP/tabpSIVA/ssubSCREEN_HEADER:SAPLALDB:3010/tblSAPLALDBSINGLE/txtRSCSEL_255-SLOW_I[1,1]'.</msg>
<status status="PASS" starttime="20231102 11:50:48.770" endtime="20231102 11:50:48.788"/>
</kw>
<status status="PASS" starttime="20231102 11:50:48.767" endtime="20231102 11:50:48.788"/>
</iter>
<status status="PASS" starttime="20231102 11:50:48.651" endtime="20231102 11:50:48.788"/>
</for>
<kw name="CapturaPantalla" library="Script">
<kw name="Sleep" library="BuiltIn">
<arg>1s</arg>
<doc>Pauses the test executed for the given time.</doc>
<msg timestamp="20231102 11:50:49.791" level="INFO">Slept 1 second</msg>
<status status="PASS" starttime="20231102 11:50:48.789" endtime="20231102 11:50:49.791"/>
</kw>
<kw name="Take Screenshot" library="Screenshot">
<doc>Takes a screenshot in JPEG format and embeds it into the log file.</doc>
<msg timestamp="20231102 11:50:49.839" level="INFO" html="true">&lt;a href="Images/screenshot_14.jpg"&gt;&lt;img src="Images/screenshot_14.jpg" width="800px"&gt;&lt;/a&gt;</msg>
<status status="PASS" starttime="20231102 11:50:49.791" endtime="20231102 11:50:49.839"/>
</kw>
<status status="PASS" starttime="20231102 11:50:48.789" endtime="20231102 11:50:49.840"/>
</kw>
<kw name="Sleep" library="BuiltIn">
<arg>1</arg>
<doc>Pauses the test executed for the given time.</doc>
<msg timestamp="20231102 11:50:50.841" level="INFO">Slept 1 second</msg>
<status status="PASS" starttime="20231102 11:50:49.841" endtime="20231102 11:50:50.842"/>
</kw>
<kw name="Click Element" library="RPA.SAP">
<arg>${btnGuardarNumerosSerieIQ09}</arg>
<doc>Performs a single click on a given element. Used only for buttons, tabs and menu items.</doc>
<status status="PASS" starttime="20231102 11:50:50.842" endtime="20231102 11:50:54.381"/>
</kw>
<kw name="Sleep" library="BuiltIn">
<arg>1</arg>
<doc>Pauses the test executed for the given time.</doc>
<msg timestamp="20231102 11:50:55.383" level="INFO">Slept 1 second</msg>
<status status="PASS" starttime="20231102 11:50:54.381" endtime="20231102 11:50:55.384"/>
</kw>
<kw name="Click Element" library="RPA.SAP">
<arg>${btnValidarStock}</arg>
<doc>Performs a single click on a given element. Used only for buttons, tabs and menu items.</doc>
<status status="PASS" starttime="20231102 11:50:55.385" endtime="20231102 11:50:56.958"/>
</kw>
<kw name="Sleep" library="BuiltIn">
<arg>1</arg>
<doc>Pauses the test executed for the given time.</doc>
<msg timestamp="20231102 11:50:57.961" level="INFO">Slept 1 second</msg>
<status status="PASS" starttime="20231102 11:50:56.959" endtime="20231102 11:50:57.962"/>
</kw>
<kw name="CapturaPantalla" library="Script">
<kw name="Sleep" library="BuiltIn">
<arg>1s</arg>
<doc>Pauses the test executed for the given time.</doc>
<msg timestamp="20231102 11:50:58.963" level="INFO">Slept 1 second</msg>
<status status="PASS" starttime="20231102 11:50:57.963" endtime="20231102 11:50:58.964"/>
</kw>
<kw name="Take Screenshot" library="Screenshot">
<doc>Takes a screenshot in JPEG format and embeds it into the log file.</doc>
<msg timestamp="20231102 11:50:59.020" level="INFO" html="true">&lt;a href="Images/screenshot_15.jpg"&gt;&lt;img src="Images/screenshot_15.jpg" width="800px"&gt;&lt;/a&gt;</msg>
<status status="PASS" starttime="20231102 11:50:58.964" endtime="20231102 11:50:59.021"/>
</kw>
<status status="PASS" starttime="20231102 11:50:57.962" endtime="20231102 11:50:59.021"/>
</kw>
<kw name="CANTIDAD_CLICK_ELEMENTO_RPA_SAP" library="funciones">
<arg>2</arg>
<arg>${btnAtras}</arg>
<for flavor="IN RANGE">
<var>${i}</var>
<value>0</value>
<value>${cantClicks}</value>
<iter>
<var name="${i}">0</var>
<kw name="Click Element" library="RPA.SAP">
<arg>${rutaElemento}</arg>
<doc>Performs a single click on a given element. Used only for buttons, tabs and menu items.</doc>
<status status="PASS" starttime="20231102 11:50:59.023" endtime="20231102 11:51:00.587"/>
</kw>
<kw name="Sleep" library="BuiltIn">
<arg>1s</arg>
<doc>Pauses the test executed for the given time.</doc>
<msg timestamp="20231102 11:51:01.589" level="INFO">Slept 1 second</msg>
<status status="PASS" starttime="20231102 11:51:00.588" endtime="20231102 11:51:01.594"/>
</kw>
<if>
<branch type="IF" condition="${i} == ${CantClicks}">
<break>
<status status="NOT RUN" starttime="20231102 11:51:01.595" endtime="20231102 11:51:01.595"/>
</break>
<status status="NOT RUN" starttime="20231102 11:51:01.595" endtime="20231102 11:51:01.595"/>
</branch>
<status status="PASS" starttime="20231102 11:51:01.595" endtime="20231102 11:51:01.596"/>
</if>
<status status="PASS" starttime="20231102 11:50:59.023" endtime="20231102 11:51:01.596"/>
</iter>
<iter>
<var name="${i}">1</var>
<kw name="Click Element" library="RPA.SAP">
<arg>${rutaElemento}</arg>
<doc>Performs a single click on a given element. Used only for buttons, tabs and menu items.</doc>
<status status="PASS" starttime="20231102 11:51:01.596" endtime="20231102 11:51:01.986"/>
</kw>
<kw name="Sleep" library="BuiltIn">
<arg>1s</arg>
<doc>Pauses the test executed for the given time.</doc>
<msg timestamp="20231102 11:51:02.989" level="INFO">Slept 1 second</msg>
<status status="PASS" starttime="20231102 11:51:01.987" endtime="20231102 11:51:02.989"/>
</kw>
<if>
<branch type="IF" condition="${i} == ${CantClicks}">
<break>
<status status="NOT RUN" starttime="20231102 11:51:02.990" endtime="20231102 11:51:02.991"/>
</break>
<status status="NOT RUN" starttime="20231102 11:51:02.990" endtime="20231102 11:51:02.991"/>
</branch>
<status status="PASS" starttime="20231102 11:51:02.990" endtime="20231102 11:51:02.991"/>
</if>
<status status="PASS" starttime="20231102 11:51:01.596" endtime="20231102 11:51:02.991"/>
</iter>
<status status="PASS" starttime="20231102 11:50:59.022" endtime="20231102 11:51:02.991"/>
</for>
<status status="PASS" starttime="20231102 11:50:59.022" endtime="20231102 11:51:02.991"/>
</kw>
<kw name="CERRAR_APLICATIVO_SAP" library="funciones">
<kw name="Press Keys" library="RPA.Desktop">
<arg>alt</arg>
<arg>F4</arg>
<doc>Press multiple keys down simultaneously.</doc>
<msg timestamp="20231102 11:51:02.992" level="INFO">Pressing keys: Key.alt, Key.f4</msg>
<status status="PASS" starttime="20231102 11:51:02.992" endtime="20231102 11:51:02.995"/>
</kw>
<kw name="Press Keys" library="RPA.Desktop">
<arg>tab</arg>
<doc>Press multiple keys down simultaneously.</doc>
<msg timestamp="20231102 11:51:02.997" level="INFO">Pressing keys: Key.tab</msg>
<status status="PASS" starttime="20231102 11:51:02.996" endtime="20231102 11:51:03.097"/>
</kw>
<kw name="Sleep" library="BuiltIn">
<arg>2s</arg>
<doc>Pauses the test executed for the given time.</doc>
<msg timestamp="20231102 11:51:05.099" level="INFO">Slept 2 seconds</msg>
<status status="PASS" starttime="20231102 11:51:03.098" endtime="20231102 11:51:05.099"/>
</kw>
<kw name="Press Keys" library="RPA.Desktop">
<arg>tab</arg>
<doc>Press multiple keys down simultaneously.</doc>
<msg timestamp="20231102 11:51:05.100" level="INFO">Pressing keys: Key.tab</msg>
<status status="PASS" starttime="20231102 11:51:05.100" endtime="20231102 11:51:05.102"/>
</kw>
<kw name="Press Keys" library="RPA.Desktop">
<arg>enter</arg>
<doc>Press multiple keys down simultaneously.</doc>
<msg timestamp="20231102 11:51:05.104" level="INFO">Pressing keys: Key.enter</msg>
<status status="PASS" starttime="20231102 11:51:05.103" endtime="20231102 11:51:05.203"/>
</kw>
<status status="PASS" starttime="20231102 11:51:02.992" endtime="20231102 11:51:05.204"/>
</kw>
<status status="PASS" starttime="20231102 11:50:41.868" endtime="20231102 11:51:05.204"/>
</kw>
<status status="PASS" starttime="20231102 11:50:24.816" endtime="20231102 11:51:05.206"/>
</test>
<status status="PASS" starttime="20231102 11:50:22.819" endtime="20231102 11:51:05.211"/>
</suite>
<statistics>
<total>
<stat pass="1" fail="0" skip="0">All Tests</stat>
</total>
<tag>
</tag>
<suite>
<stat pass="1" fail="0" skip="0" id="s1" name="Ejecucion Iq09">Ejecucion Iq09</stat>
</suite>
</statistics>
<errors>
</errors>
</robot>
